5.7 
4.4 
4.1 
3.8 
3.6 
4.0 
3.8 
3.9 
3.8 
3.8 
3.7 
3.7 
4.4 
3.6 
4.7 
5.1 
3.9 
3.8 
4.1 
5.1 
3.9 
3.8 
3.9 
3.8 
4.6 
4.1 
4.0 
5.0 
4.5 
4.7 
4.5 
4.6 
5.9 
4.6 
4.5 
3.5 
4.6 
4.9 
4.9 
4.3 
4.8 
5.3 
5.1 
5.0 
5.8 
5.9 
6.0 
5.3 
5.8 
5.6 
6.0 
5.1 
6.5 
5.5 
5.6 
5.4 
5.7 
5.6 
4.8 
4.8 
5.1 
5.4 
5.5 
5.7 
5.4 
4.5 
4.0 
4.5 
4.9 
5.0 
5.1 
4.9 
5.5 
5.2 
4.6 
4.8 
5.2 
4.8 
4.7 
5.0 
4.8 
5.3 
5.4 
4.6 
4.1 
4.7 
4.2 
4.5 
4.9 
5.5 
4.5 
5.0 
5.1 
4.9 
5.1 
5.6 
5.1 
4.8 
4.8 
4.5 
4.9 
4.6 
4.6 
4.7 
4.9 
5.5 
4.9 
4.3 
4.0 
4.0 
5.3 
4.6 
4.7 
4.8 
3.5 
4.4 
4.9 
5.2 
4.4 
4.3 
4.9 
4.9 
4.5 
5.3 
4.2 
4.0 
3.9 
3.7 
4.1 
4.4 
4.7 
