53.1 
53.8 
53.7 
53.6 
53.6 
53.7 
43.0 
53.6 
53.5 
53.7 
53.6 
45.1 
53.6 
53.7 
53.6 
53.6 
53.7 
53.6 
53.6 
53.8 
53.7 
53.6 
53.6 
53.6 
53.6 
53.5 
53.6 
53.7 
53.5 
53.6 
53.6 
53.8 
53.5 
53.6 
53.6 
53.5 
53.6 
53.6 
42.8 
53.8 
53.6 
53.6 
51.1 
53.8 
53.7 
53.7 
53.6 
53.6 
53.6 
53.5 
53.6 
53.7 
53.5 
53.6 
53.6 
53.5 
53.7 
53.7 
53.5 
53.6 
53.6 
48.9 
53.6 
53.6 
53.6 
53.6 
53.6 
53.6 
53.6 
54.1 
53.6 
53.6 
53.5 
53.6 
53.6 
53.5 
53.7 
53.6 
53.7 
53.4 
53.5 
53.6 
53.8 
53.7 
53.5 
53.6 
53.6 
53.6 
53.6 
53.6 
53.6 
53.6 
53.5 
53.6 
53.0 
53.7 
53.6 
53.6 
53.6 
53.6 
53.7 
53.6 
53.7 
38.5 
50.4 
54.1 
53.6 
49.8 
50.8 
53.5 
53.6 
53.6 
53.5 
53.6 
53.5 
53.6 
53.7 
53.6 
53.6 
53.6 
53.6 
53.7 
53.6 
53.6 
51.0 
