52.0 
53.0 
55.2 
55.4 
57.1 
54.5 
54.1 
53.7 
53.9 
53.6 
53.7 
53.6 
54.4 
54.0 
53.7 
54.1 
53.7 
53.9 
53.8 
54.3 
56.0 
56.1 
53.6 
54.5 
55.0 
53.6 
56.2 
56.0 
56.2 
56.0 
54.5 
53.8 
53.8 
56.8 
54.8 
53.9 
53.7 
56.1 
56.0 
54.3 
54.5 
54.6 
53.6 
53.9 
53.8 
53.9 
53.9 
53.9 
55.7 
54.1 
54.5 
54.4 
54.0 
54.0 
53.7 
56.2 
57.1 
57.1 
57.0 
57.1 
57.2 
57.1 
56.6 
56.7 
57.1 
57.3 
56.1 
56.0 
56.1 
54.3 
54.3 
53.9 
53.7 
53.0 
53.9 
56.0 
53.5 
53.6 
54.1 
57.1 
57.1 
53.9 
56.3 
56.2 
55.3 
53.7 
54.4 
53.6 
54.0 
54.0 
57.1 
53.7 
54.5 
53.5 
54.2 
54.5 
53.7 
53.9 
56.4 
52.6 
54.0 
54.4 
53.7 
56.1 
56.0 
56.8 
53.8 
54.4 
53.1 
56.0 
53.7 
56.1 
56.0 
56.9 
54.7 
56.0 
55.9 
53.9 
53.3 
54.2 
56.2 
53.7 
54.5 
53.7 
55.0 
56.0 
53.9 
56.2 
53.7 
56.0 
55.9 
56.9 
54.5 
53.5 
53.7 
53.8 
53.8 
53.5 
56.8 
54.2 
53.6 
53.8 
53.9 
56.2 
56.0 
53.9 
54.0 
56.2 
54.2 
53.7 
53.7 
53.9 
53.6 
53.6 
53.7 
