52.7 
53.7 
46.4 
46.1 
47.7 
43.1 
45.4 
46.1 
46.0 
44.7 
47.5 
44.9 
45.0 
44.4 
47.4 
45.2 
44.8 
44.3 
45.1 
41.1 
44.9 
44.9 
44.9 
43.6 
46.1 
43.4 
44.2 
44.9 
44.7 
41.4 
43.1 
45.1 
42.6 
46.7 
48.1 
45.4 
43.5 
42.5 
47.4 
46.0 
46.9 
48.4 
48.1 
47.7 
46.3 
46.2 
44.9 
45.0 
45.1 
45.0 
44.9 
44.8 
44.8 
45.0 
45.0 
44.2 
46.0 
45.4 
41.6 
44.9 
40.9 
46.3 
48.3 
49.6 
48.7 
44.7 
45.1 
45.3 
44.6 
46.0 
44.5 
44.7 
43.8 
45.7 
46.9 
44.6 
47.5 
45.4 
47.6 
45.1 
45.5 
45.1 
42.1 
43.3 
40.4 
44.8 
43.4 
44.5 
44.7 
41.0 
43.1 
44.7 
46.1 
45.4 
46.4 
45.5 
45.1 
44.7 
47.0 
47.2 
45.5 
41.7 
48.7 
45.2 
44.9 
45.3 
46.3 
45.4 
46.5 
48.4 
