51.7 
53.7 
53.0 
48.1 
50.8 
48.8 
54.1 
54.3 
54.8 
53.7 
53.8 
52.1 
48.0 
54.3 
53.5 
50.3 
56.0 
49.6 
53.6 
53.3 
55.0 
54.4 
57.0 
53.5 
53.8 
54.4 
53.3 
53.4 
53.9 
53.9 
53.7 
53.5 
53.7 
54.3 
53.8 
54.3 
54.4 
53.9 
56.3 
53.7 
53.7 
53.1 
54.4 
54.3 
53.9 
53.6 
53.9 
50.4 
52.2 
51.3 
52.6 
55.6 
53.7 
53.6 
49.9 
52.2 
52.1 
51.8 
53.7 
53.6 
53.8 
53.8 
53.6 
53.1 
53.8 
53.8 
53.9 
53.6 
53.7 
53.7 
53.6 
53.6 
53.6 
53.9 
49.4 
53.2 
53.7 
53.6 
53.7 
53.5 
53.7 
53.6 
53.6 
53.7 
53.6 
53.5 
53.8 
53.7 
52.8 
53.5 
53.4 
53.6 
56.9 
54.5 
53.4 
50.8 
53.6 
49.8 
52.5 
48.9 
51.8 
55.3 
53.8 
53.7 
49.5 
52.4 
53.5 
53.3 
53.6 
49.5 
52.5 
53.1 
52.8 
53.9 
53.6 
53.6 
49.3 
52.2 
53.3 
53.6 
53.7 
53.4 
53.6 
54.2 
53.5 
53.6 
54.0 
53.6 
53.8 
53.5 
48.5 
46.1 
53.0 
54.2 
56.0 
53.6 
53.5 
53.2 
53.7 
48.9 
54.1 
51.7 
53.5 
53.6 
31.6 
56.2 
53.7 
53.7 
53.8 
54.3 
53.8 
53.7 
53.7 
53.7 
53.7 
53.2 
56.0 
53.8 
54.5 
53.7 
53.8 
53.6 
53.2 
54.1 
53.9 
53.6 
53.7 
49.9 
52.3 
53.5 
53.5 
53.5 
49.2 
53.6 
49.5 
52.1 
53.1 
54.1 
53.7 
53.6 
53.7 
49.2 
50.4 
53.6 
53.7 
53.6 
49.3 
54.5 
53.2 
53.5 
53.6 
54.0 
52.0 
53.0 
54.2 
53.9 
54.6 
49.2 
53.9 
54.4 
53.7 
54.3 
55.8 
53.4 
53.6 
51.2 
53.8 
53.9 
54.6 
53.6 
53.7 
56.1 
54.4 
53.7 
56.0 
53.7 
56.0 
49.8 
53.3 
54.0 
53.8 
53.7 
54.9 
53.5 
53.5 
53.6 
53.7 
54.0 
49.0 
52.1 
52.8 
53.9 
53.7 
50.4 
53.5 
48.8 
54.8 
54.4 
54.3 
53.6 
56.6 
53.6 
53.9 
53.7 
52.9 
54.1 
56.0 
53.9 
57.1 
56.3 
51.6 
53.0 
56.3 
54.0 
53.9 
53.8 
56.1 
54.5 
53.4 
53.4 
52.7 
