26.1 
21.7 
24.4 
31.5 
25.5 
29.3 
26.4 
28.3 
23.1 
25.1 
30.3 
23.8 
27.2 
27.9 
24.7 
22.4 
28.5 
27.9 
27.5 
30.5 
30.9 
25.7 
22.9 
29.9 
23.2 
24.2 
29.0 
27.6 
31.4 
30.1 
28.9 
25.8 
21.9 
22.6 
25.7 
28.1 
27.2 
24.6 
31.7 
26.6 
30.9 
32.5 
29.4 
33.2 
26.5 
31.0 
24.4 
26.0 
23.0 
23.8 
19.9 
29.0 
31.8 
21.4 
23.7 
25.2 
26.8 
25.2 
27.7 
30.2 
32.0 
32.3 
26.9 
30.0 
29.0 
29.2 
27.9 
27.3 
25.1 
19.2 
27.3 
28.2 
31.7 
27.8 
19.4 
26.5 
22.7 
21.5 
28.4 
26.8 
23.3 
30.5 
25.8 
26.8 
26.1 
28.1 
23.6 
21.9 
30.5 
28.1 
24.9 
30.0 
31.2 
26.3 
27.3 
25.7 
30.9 
24.7 
23.9 
28.1 
29.5 
25.0 
28.9 
30.1 
31.1 
28.2 
28.8 
29.4 
29.4 
32.7 
31.0 
23.6 
29.4 
31.3 
29.7 
31.9 
25.1 
28.3 
24.6 
21.3 
26.5 
29.4 
23.6 
28.7 
26.5 
30.5 
29.5 
25.3 
17.7 
29.8 
31.3 
29.0 
21.6 
26.9 
27.8 
27.4 
27.5 
28.8 
29.9 
24.1 
28.1 
33.4 
28.7 
28.1 
28.9 
25.4 
25.5 
25.1 
25.4 
30.4 
24.8 
23.4 
33.5 
20.2 
24.2 
23.3 
23.5 
28.0 
22.8 
27.7 
25.4 
28.1 
26.2 
28.9 
27.6 
27.9 
30.9 
29.2 
22.5 
25.9 
26.3 
32.1 
22.5 
23.5 
22.5 
29.2 
30.2 
28.5 
24.8 
28.1 
22.5 
29.9 
29.4 
22.1 
