41.9 
51.0 
40.3 
49.4 
41.2 
52.3 
46.9 
52.0 
55.3 
53.0 
49.0 
52.1 
53.8 
46.9 
50.6 
40.9 
51.9 
46.0 
50.9 
53.8 
53.5 
53.6 
53.9 
53.1 
45.5 
50.8 
52.3 
53.2 
43.3 
52.1 
56.5 
49.4 
53.4 
53.7 
50.4 
47.0 
49.0 
50.4 
52.3 
52.6 
48.4 
52.9 
45.6 
52.6 
52.5 
53.4 
53.8 
50.1 
52.4 
47.3 
52.0 
48.6 
51.9 
47.3 
51.4 
52.7 
49.9 
51.2 
53.5 
53.5 
46.6 
45.4 
51.5 
53.0 
52.7 
47.8 
52.3 
43.7 
49.4 
47.0 
50.7 
55.8 
48.3 
53.8 
57.5 
53.6 
50.2 
53.6 
44.1 
48.4 
38.3 
51.7 
44.6 
50.6 
44.8 
52.8 
50.8 
48.9 
51.6 
48.3 
53.8 
39.2 
53.7 
41.4 
51.0 
47.0 
47.3 
51.3 
50.3 
53.6 
51.3 
50.9 
40.5 
50.9 
49.3 
54.7 
52.6 
53.6 
55.5 
43.9 
52.9 
47.6 
52.4 
52.9 
49.4 
48.2 
49.8 
51.4 
54.0 
49.0 
51.5 
53.6 
42.5 
51.5 
44.4 
50.5 
49.2 
51.7 
53.4 
53.6 
52.5 
50.5 
53.4 
43.4 
50.5 
46.5 
51.4 
52.4 
53.6 
53.8 
52.7 
55.0 
51.4 
51.5 
45.4 
49.4 
53.2 
49.7 
54.0 
50.5 
53.7 
49.2 
52.7 
48.7 
52.9 
52.8 
42.1 
49.0 
52.7 
50.2 
