12.6 
13.1 
13.3 
13.2 
11.8 
13.3 
9.0 
11.0 
11.8 
14.0 
10.5 
13.0 
11.0 
12.8 
13.0 
9.6 
10.8 
6.8 
6.4 
12.8 
14.6 
12.5 
15.4 
12.3 
15.5 
11.9 
16.8 
12.4 
10.8 
11.5 
10.3 
10.4 
11.1 
11.3 
11.6 
12.4 
11.5 
11.2 
13.8 
15.7 
12.2 
13.8 
12.8 
14.0 
14.0 
12.5 
16.0 
16.8 
9.9 
12.7 
10.9 
13.3 
9.9 
10.6 
12.0 
13.7 
11.4 
10.4 
11.3 
10.4 
8.2 
12.6 
12.2 
11.3 
12.5 
13.5 
10.5 
10.7 
9.4 
9.8 
11.6 
12.3 
9.2 
8.5 
9.1 
7.6 
5.2 
4.4 
4.2 
3.3 
4.7 
4.9 
6.5 
17.9 
13.8 
14.6 
15.5 
12.1 
12.0 
15.6 
11.1 
12.0 
10.1 
9.9 
11.2 
10.3 
11.4 
12.6 
10.2 
11.5 
11.2 
13.1 
12.8 
13.1 
13.6 
14.5 
18.7 
15.1 
16.2 
12.8 
10.8 
13.9 
13.9 
10.1 
10.0 
9.8 
11.2 
10.9 
12.1 
14.2 
12.1 
11.4 
9.5 
7.8 
6.1 
10.7 
10.9 
11.0 
12.3 
14.8 
14.3 
16.1 
14.9 
16.3 
12.8 
16.6 
14.3 
12.5 
10.5 
10.6 
14.5 
13.9 
13.9 
17.6 
11.5 
12.2 
9.4 
11.5 
12.6 
15.6 
15.6 
12.2 
15.1 
12.5 
13.4 
16.4 
16.0 
12.0 
17.8 
17.3 
14.2 
12.6 
11.4 
11.0 
11.8 
12.7 
12.4 
10.5 
11.0 
12.5 
14.0 
15.0 
12.3 
15.5 
17.1 
