6.5 
4.9 
4.3 
3.4 
3.9 
3.9 
3.9 
3.8 
3.8 
3.8 
3.8 
3.9 
3.9 
3.8 
4.3 
4.0 
3.9 
3.9 
3.2 
3.6 
4.0 
3.2 
4.0 
3.6 
3.7 
2.8 
2.5 
2.3 
2.9 
2.5 
2.9 
2.9 
2.5 
2.5 
2.5 
2.5 
3.1 
2.6 
3.0 
3.1 
2.6 
3.1 
3.1 
2.6 
3.1 
3.2 
2.5 
2.9 
2.4 
2.3 
2.3 
2.8 
2.8 
2.3 
2.8 
2.0 
2.0 
2.3 
2.3 
2.7 
2.3 
2.4 
2.3 
2.3 
2.3 
2.9 
2.4 
2.9 
2.4 
2.4 
2.3 
2.9 
2.8 
2.9 
2.5 
3.1 
2.5 
2.6 
2.1 
2.5 
2.5 
2.6 
3.0 
2.9 
2.6 
3.1 
3.1 
2.5 
2.6 
2.6 
2.6 
2.6 
2.6 
2.5 
2.6 
3.1 
2.5 
2.9 
2.6 
2.6 
3.1 
2.6 
3.1 
3.1 
3.1 
2.5 
3.0 
2.5 
3.0 
3.0 
3.0 
2.5 
2.6 
2.6 
2.1 
2.5 
2.5 
2.5 
2.5 
3.0 
2.5 
2.5 
2.5 
2.5 
2.5 
2.5 
2.5 
3.0 
2.5 
2.4 
2.5 
2.5 
2.5 
3.0 
2.5 
3.0 
