56.4 
59.9 
59.9 
59.9 
59.6 
59.9 
59.4 
59.9 
59.9 
60.0 
59.9 
59.9 
60.0 
58.2 
60.0 
60.0 
60.0 
60.0 
60.0 
60.0 
60.0 
60.0 
60.0 
60.0 
60.0 
57.2 
59.9 
60.0 
60.0 
60.0 
59.8 
60.0 
60.0 
59.9 
59.8 
60.0 
60.1 
60.0 
60.0 
60.0 
60.0 
60.0 
59.9 
60.0 
59.9 
60.0 
60.0 
59.8 
60.0 
60.0 
59.8 
60.0 
60.0 
59.4 
57.8 
60.0 
60.0 
60.0 
60.0 
60.0 
60.0 
60.0 
59.9 
60.0 
60.0 
60.0 
59.9 
59.8 
60.0 
60.0 
60.0 
60.0 
59.9 
60.0 
60.0 
60.0 
60.0 
60.0 
57.8 
57.3 
57.1 
57.3 
57.1 
57.3 
59.8 
60.0 
60.0 
55.8 
57.1 
57.1 
57.0 
57.1 
57.0 
57.1 
57.1 
57.1 
57.2 
59.8 
60.0 
59.8 
59.9 
59.9 
59.2 
59.9 
60.0 
59.8 
59.9 
