53.1 
54.5 
54.1 
56.3 
56.0 
54.3 
54.4 
46.9 
53.9 
53.9 
53.6 
53.7 
55.8 
56.0 
53.6 
53.7 
53.8 
53.9 
53.9 
53.6 
56.3 
53.7 
53.6 
54.4 
52.2 
54.6 
54.5 
56.0 
53.7 
52.9 
56.1 
56.0 
56.8 
53.7 
54.7 
56.2 
54.8 
56.1 
56.3 
54.0 
53.9 
53.9 
53.9 
53.7 
56.9 
56.8 
56.3 
53.7 
53.7 
56.3 
57.0 
57.0 
57.0 
56.3 
53.6 
53.7 
56.7 
53.7 
53.9 
54.4 
54.4 
56.7 
51.1 
53.6 
56.0 
56.0 
56.0 
53.7 
53.7 
53.7 
53.6 
53.6 
54.0 
53.7 
56.2 
56.3 
53.9 
56.3 
55.9 
56.1 
55.8 
54.4 
53.6 
54.7 
53.6 
56.2 
56.9 
56.0 
56.0 
55.9 
56.8 
56.1 
53.6 
54.4 
53.9 
56.6 
53.9 
54.0 
53.9 
53.9 
53.6 
54.0 
54.4 
56.1 
54.7 
54.4 
53.6 
53.7 
54.1 
57.2 
56.0 
56.1 
53.6 
53.6 
53.6 
54.0 
53.8 
54.0 
53.9 
53.9 
53.9 
53.9 
53.9 
53.7 
56.7 
54.4 
54.4 
54.0 
53.9 
53.9 
56.2 
53.5 
53.6 
56.1 
56.0 
54.0 
53.9 
53.7 
53.9 
56.2 
56.3 
53.7 
56.0 
56.1 
56.0 
56.8 
53.7 
53.6 
54.6 
53.9 
53.9 
53.9 
53.5 
54.5 
56.0 
56.8 
53.7 
54.4 
54.4 
54.5 
53.5 
54.5 
56.7 
54.7 
56.0 
56.1 
53.7 
54.5 
54.0 
54.6 
53.9 
54.1 
53.6 
54.0 
53.9 
