54.9 
56.8 
56.5 
54.2 
57.0 
56.9 
53.9 
54.0 
56.3 
53.7 
53.5 
57.1 
57.1 
57.3 
57.1 
56.4 
57.0 
56.9 
57.1 
57.0 
57.0 
57.0 
57.2 
57.1 
57.1 
56.6 
57.1 
57.1 
57.0 
57.1 
57.2 
54.1 
56.1 
54.8 
56.1 
54.0 
53.9 
56.1 
53.7 
57.0 
57.1 
57.1 
57.0 
57.1 
57.1 
57.1 
57.1 
56.7 
56.8 
57.1 
56.7 
57.1 
57.1 
57.1 
57.1 
57.0 
57.1 
57.1 
57.1 
57.1 
57.1 
57.0 
57.1 
56.4 
56.0 
56.0 
56.9 
56.8 
57.1 
57.1 
57.1 
57.1 
56.9 
57.1 
57.2 
56.5 
55.3 
57.1 
57.1 
57.0 
57.1 
57.1 
57.2 
57.1 
53.8 
54.3 
56.3 
57.1 
57.1 
57.1 
57.0 
57.1 
57.1 
57.1 
57.1 
56.9 
57.1 
53.7 
53.7 
57.0 
54.3 
57.0 
57.1 
57.0 
53.7 
57.2 
57.1 
57.1 
54.7 
56.3 
57.1 
57.1 
57.1 
57.1 
57.1 
57.0 
55.9 
54.5 
54.5 
56.7 
53.8 
57.1 
57.1 
57.1 
57.1 
57.1 
57.1 
56.9 
57.1 
57.1 
