55.1 
53.7 
56.4 
54.0 
53.9 
55.9 
56.0 
56.3 
54.6 
53.5 
54.2 
54.0 
57.1 
52.9 
54.0 
56.2 
54.6 
53.9 
54.6 
56.1 
56.0 
56.1 
56.1 
54.0 
54.4 
54.4 
54.6 
57.1 
54.6 
53.5 
57.1 
56.1 
56.8 
54.0 
54.3 
54.4 
54.4 
53.7 
54.0 
56.3 
57.1 
57.1 
57.1 
54.8 
54.4 
54.1 
56.0 
57.1 
56.1 
56.3 
57.0 
54.6 
57.0 
57.1 
57.2 
56.7 
57.1 
56.1 
57.1 
53.2 
56.7 
56.8 
56.2 
56.8 
57.1 
57.0 
57.1 
57.1 
54.4 
57.1 
56.3 
57.2 
57.1 
57.1 
56.3 
57.0 
57.2 
54.8 
57.0 
57.1 
57.1 
57.4 
57.1 
57.1 
57.0 
56.7 
56.1 
56.8 
56.4 
57.0 
57.2 
57.1 
54.6 
54.8 
57.1 
57.1 
56.3 
53.9 
53.9 
56.0 
56.3 
53.7 
53.8 
56.2 
54.3 
53.1 
54.0 
54.9 
54.0 
54.6 
57.0 
53.6 
54.5 
49.1 
54.5 
54.0 
56.2 
54.0 
56.3 
54.0 
57.2 
53.6 
54.0 
56.7 
56.1 
57.0 
54.7 
54.8 
54.5 
54.0 
53.5 
56.2 
57.0 
57.1 
57.0 
53.9 
54.3 
53.9 
55.9 
54.4 
55.9 
53.6 
53.5 
56.1 
56.2 
54.3 
56.0 
57.0 
54.5 
53.6 
53.6 
53.7 
53.7 
