31.2 
32.4 
29.0 
37.4 
30.1 
32.4 
32.1 
33.1 
35.1 
32.8 
38.3 
29.4 
40.0 
35.9 
33.4 
28.8 
33.5 
36.2 
36.8 
29.5 
36.6 
34.5 
33.5 
28.5 
30.5 
30.7 
31.0 
35.8 
34.8 
37.5 
40.2 
38.6 
36.4 
38.3 
38.3 
36.8 
32.8 
35.4 
27.0 
31.7 
35.0 
37.1 
35.0 
38.6 
34.2 
34.9 
35.5 
37.5 
37.4 
32.8 
29.9 
31.8 
34.5 
33.7 
32.8 
40.1 
36.3 
37.6 
33.2 
33.6 
31.4 
37.2 
30.5 
30.0 
31.4 
35.0 
35.2 
37.7 
40.9 
40.2 
37.5 
37.0 
36.7 
37.9 
26.7 
32.7 
39.7 
30.6 
35.4 
39.4 
37.1 
38.5 
33.7 
37.1 
35.8 
38.4 
34.7 
35.8 
36.7 
35.2 
37.8 
35.3 
35.2 
32.0 
38.6 
34.5 
37.6 
36.0 
36.5 
33.2 
36.8 
38.1 
34.8 
37.9 
36.2 
34.9 
35.0 
32.6 
40.6 
30.6 
36.6 
33.5 
37.7 
35.2 
28.6 
35.7 
36.3 
40.0 
35.3 
31.8 
34.0 
36.3 
39.2 
37.6 
37.5 
37.6 
37.3 
33.9 
37.5 
36.2 
32.4 
38.0 
35.5 
35.2 
38.5 
39.3 
35.8 
37.0 
29.7 
33.9 
34.8 
34.2 
38.8 
37.0 
37.2 
35.9 
37.3 
37.4 
38.1 
36.7 
38.0 
36.7 
37.6 
35.6 
28.6 
27.8 
40.2 
36.4 
34.9 
38.7 
39.9 
