38.4 
33.0 
40.5 
41.8 
40.5 
42.2 
34.9 
44.8 
44.6 
41.8 
45.4 
42.9 
45.0 
45.0 
45.9 
45.0 
43.3 
41.4 
36.1 
45.7 
33.8 
45.5 
41.6 
45.9 
46.0 
44.8 
44.7 
45.0 
45.0 
41.9 
45.8 
45.4 
42.6 
43.8 
44.9 
43.9 
43.9 
43.4 
42.7 
45.4 
45.1 
44.7 
44.2 
44.9 
44.8 
42.0 
45.8 
44.8 
44.5 
44.3 
44.9 
44.7 
44.9 
42.1 
30.0 
41.3 
34.2 
45.4 
41.0 
43.0 
42.9 
44.6 
45.6 
44.9 
43.2 
42.4 
36.3 
46.1 
43.3 
45.3 
44.7 
40.6 
42.8 
45.3 
41.4 
44.4 
44.4 
43.6 
44.8 
35.5 
43.0 
42.6 
42.0 
43.3 
44.1 
42.4 
41.0 
45.0 
42.7 
46.1 
43.7 
41.4 
42.5 
40.9 
45.0 
41.0 
40.4 
37.6 
44.7 
46.0 
45.4 
41.5 
45.0 
42.9 
44.4 
45.3 
43.6 
32.8 
44.8 
43.1 
42.8 
32.2 
44.4 
37.4 
44.9 
45.4 
34.1 
44.2 
45.5 
32.3 
45.0 
39.4 
41.7 
43.6 
43.3 
42.8 
45.6 
43.3 
40.5 
43.8 
45.9 
38.1 
43.9 
31.2 
41.5 
45.8 
45.2 
45.9 
31.5 
45.2 
45.2 
43.8 
43.8 
40.7 
45.7 
45.4 
43.8 
32.8 
41.2 
42.1 
45.2 
42.5 
41.1 
41.7 
44.4 
42.3 
44.7 
42.6 
43.3 
32.6 
45.3 
44.8 
36.3 
30.2 
45.4 
40.9 
45.3 
