49.3 
48.3 
49.9 
51.8 
46.6 
51.9 
51.1 
52.7 
52.7 
50.2 
46.5 
53.2 
48.6 
50.8 
51.4 
49.8 
48.9 
38.5 
49.5 
50.1 
53.9 
45.6 
52.2 
52.5 
53.2 
51.6 
51.8 
50.9 
50.1 
49.6 
50.5 
53.4 
52.7 
49.2 
52.1 
53.3 
50.7 
53.1 
53.4 
53.5 
52.2 
53.0 
48.8 
46.8 
50.8 
49.9 
52.7 
52.2 
49.5 
46.3 
53.9 
46.8 
53.3 
52.0 
42.1 
45.4 
47.7 
51.6 
51.3 
51.1 
50.5 
49.5 
51.7 
51.4 
51.2 
52.7 
54.0 
51.1 
50.5 
49.9 
50.5 
50.8 
49.2 
49.3 
53.2 
53.4 
52.6 
49.3 
50.2 
49.9 
52.6 
51.0 
52.5 
53.3 
54.1 
46.9 
50.4 
49.5 
50.8 
47.1 
48.0 
52.3 
52.8 
53.9 
51.2 
50.7 
53.7 
53.3 
47.0 
50.5 
48.5 
50.2 
47.1 
52.3 
50.5 
52.4 
50.8 
50.6 
50.7 
50.9 
51.1 
53.2 
50.6 
50.2 
50.9 
51.3 
49.9 
53.5 
50.9 
50.7 
43.1 
50.0 
53.6 
51.3 
49.7 
53.6 
50.9 
52.3 
50.8 
48.3 
53.0 
49.5 
50.4 
50.5 
53.7 
53.5 
40.4 
49.6 
51.2 
52.5 
50.7 
50.5 
53.6 
53.5 
51.4 
50.5 
50.3 
50.3 
53.8 
52.0 
53.5 
54.2 
51.4 
48.3 
50.3 
43.0 
49.2 
51.1 
52.7 
53.7 
53.9 
50.9 
51.8 
50.6 
49.6 
45.2 
50.7 
53.3 
53.7 
53.7 
53.5 
50.5 
51.4 
51.9 
52.6 
51.3 
53.3 
