49.4 
38.3 
50.1 
31.7 
46.7 
49.3 
43.2 
50.5 
56.0 
53.5 
48.4 
50.7 
47.2 
52.2 
53.0 
54.3 
54.6 
51.9 
53.1 
54.0 
52.6 
56.3 
48.6 
53.7 
52.6 
47.8 
53.8 
49.6 
48.3 
56.1 
56.0 
55.4 
57.1 
54.4 
53.3 
55.3 
56.7 
56.8 
53.9 
56.2 
43.7 
56.3 
48.6 
50.2 
51.5 
55.7 
57.2 
54.5 
53.8 
56.0 
53.0 
51.7 
53.2 
50.3 
51.9 
56.2 
46.8 
53.6 
53.7 
53.2 
49.8 
53.6 
46.3 
53.4 
56.8 
55.2 
52.8 
33.4 
57.2 
57.2 
56.4 
48.2 
50.7 
43.0 
56.1 
51.1 
54.0 
53.4 
53.3 
53.7 
53.9 
53.3 
54.5 
53.2 
53.7 
53.5 
42.7 
45.0 
50.6 
47.7 
53.9 
49.8 
38.2 
55.6 
56.2 
53.3 
53.1 
52.3 
53.8 
43.8 
53.3 
46.3 
49.4 
39.5 
50.3 
52.7 
50.7 
42.8 
49.0 
54.3 
55.7 
47.1 
52.4 
46.1 
53.5 
53.9 
44.3 
48.0 
54.9 
51.4 
38.6 
52.3 
49.0 
54.4 
46.0 
49.1 
54.1 
47.1 
53.3 
43.8 
53.0 
55.1 
55.8 
55.6 
30.4 
51.0 
51.9 
39.1 
42.4 
51.7 
51.1 
50.2 
53.7 
40.6 
49.5 
54.7 
52.5 
50.5 
55.6 
51.6 
53.3 
55.1 
54.6 
55.8 
48.7 
56.5 
55.8 
54.1 
56.4 
50.2 
56.1 
53.1 
48.7 
51.1 
50.3 
55.5 
37.3 
55.6 
46.7 
49.4 
53.7 
48.0 
54.0 
39.8 
41.5 
56.7 
50.5 
36.1 
47.2 
53.5 
51.8 
33.1 
51.1 
43.1 
54.2 
53.3 
52.9 
35.3 
52.7 
50.2 
36.8 
54.1 
