39.1 
42.5 
39.0 
39.5 
41.6 
43.7 
45.2 
45.5 
44.9 
43.5 
45.1 
41.6 
45.9 
43.5 
46.0 
46.2 
44.2 
42.4 
33.0 
41.7 
42.9 
41.4 
45.5 
43.6 
45.2 
44.9 
46.2 
45.9 
45.3 
43.1 
44.1 
42.5 
45.3 
46.5 
44.5 
41.3 
44.3 
42.1 
44.0 
44.9 
44.7 
45.4 
41.7 
41.7 
42.5 
46.0 
43.7 
43.6 
44.5 
42.6 
43.2 
45.3 
41.8 
40.8 
45.4 
45.2 
46.6 
44.9 
44.2 
42.7 
45.3 
45.0 
34.0 
45.6 
45.4 
43.4 
45.0 
42.3 
43.3 
41.1 
41.6 
43.4 
45.9 
42.0 
41.2 
44.1 
46.1 
45.2 
41.0 
44.2 
41.9 
44.5 
44.6 
43.7 
46.4 
33.7 
40.7 
41.5 
44.6 
46.5 
35.8 
42.7 
46.0 
44.8 
45.2 
42.2 
42.1 
45.9 
44.1 
45.7 
45.8 
37.7 
40.5 
45.6 
46.0 
45.0 
45.3 
40.9 
38.8 
40.9 
43.3 
44.6 
36.0 
41.4 
38.8 
41.4 
43.8 
40.6 
45.3 
46.4 
45.0 
45.0 
44.3 
44.9 
43.4 
46.0 
45.6 
44.2 
44.9 
43.3 
46.1 
38.9 
45.1 
44.9 
44.6 
35.1 
42.5 
44.1 
44.6 
45.2 
44.3 
45.3 
45.0 
44.2 
41.8 
43.2 
45.5 
46.2 
43.2 
32.8 
44.2 
46.0 
42.1 
