51.1 
52.6 
49.9 
52.8 
50.8 
39.8 
49.2 
49.8 
52.9 
50.7 
48.1 
52.3 
52.3 
45.7 
45.5 
52.6 
50.7 
53.2 
54.0 
50.7 
53.0 
44.2 
48.3 
50.2 
48.3 
50.6 
52.0 
52.6 
52.4 
53.5 
49.2 
50.9 
52.0 
51.3 
52.7 
52.6 
50.4 
44.3 
52.2 
48.7 
50.8 
49.8 
53.6 
51.8 
52.2 
53.9 
52.7 
50.5 
52.0 
49.1 
49.8 
49.2 
53.3 
49.3 
53.5 
51.5 
50.9 
52.9 
37.6 
49.7 
49.1 
50.3 
52.0 
52.4 
52.5 
52.8 
51.1 
50.1 
49.9 
49.9 
48.2 
51.5 
49.9 
51.3 
53.3 
52.7 
47.6 
52.5 
53.5 
49.4 
50.7 
51.3 
53.6 
51.1 
53.4 
46.3 
50.3 
53.6 
52.2 
45.4 
52.2 
53.7 
50.4 
54.0 
53.7 
53.4 
53.3 
46.4 
42.1 
38.6 
53.5 
53.6 
48.2 
53.7 
53.8 
54.0 
53.3 
52.9 
52.9 
52.9 
51.5 
53.9 
53.7 
51.0 
50.1 
53.1 
53.7 
52.8 
52.5 
43.0 
43.2 
40.4 
44.4 
50.6 
45.2 
53.0 
49.8 
51.3 
52.9 
53.8 
53.2 
51.0 
53.3 
52.7 
44.1 
53.3 
52.0 
49.4 
51.6 
52.9 
52.5 
51.6 
50.7 
50.2 
49.6 
53.0 
50.6 
53.4 
53.2 
52.3 
54.1 
52.6 
51.4 
53.2 
52.9 
53.0 
51.3 
50.5 
45.2 
53.0 
52.6 
53.1 
50.8 
47.4 
52.3 
50.6 
45.5 
51.0 
51.0 
51.5 
51.1 
50.1 
49.6 
53.3 
48.8 
45.4 
51.3 
50.0 
49.4 
51.4 
47.9 
50.4 
46.1 
48.7 
50.7 
54.1 
53.7 
51.3 
51.0 
48.9 
50.3 
50.5 
50.8 
49.3 
48.4 
52.4 
53.2 
53.0 
50.6 
47.1 
48.9 
51.6 
53.4 
51.0 
50.7 
51.1 
51.5 
52.4 
53.2 
51.4 
51.2 
50.7 
53.0 
51.3 
52.5 
52.8 
48.9 
44.7 
47.8 
53.7 
50.7 
50.4 
53.0 
49.5 
52.0 
53.8 
53.5 
50.7 
50.6 
51.2 
