49.3 
51.0 
41.9 
48.6 
40.9 
37.6 
47.8 
48.1 
46.3 
47.8 
39.9 
50.8 
45.2 
51.1 
50.5 
50.6 
53.3 
50.6 
38.4 
52.0 
51.2 
45.5 
42.1 
49.6 
50.2 
49.8 
52.6 
45.4 
46.8 
52.5 
43.5 
52.1 
49.5 
50.7 
50.3 
52.3 
51.8 
50.7 
50.3 
42.9 
48.8 
53.5 
52.3 
49.7 
50.6 
53.5 
46.7 
50.3 
51.4 
49.6 
34.3 
48.5 
48.6 
35.1 
51.8 
44.1 
50.0 
38.7 
34.4 
43.3 
50.4 
44.2 
44.5 
49.2 
50.2 
45.0 
49.8 
47.0 
48.2 
50.9 
51.6 
37.4 
46.4 
50.2 
50.0 
49.4 
49.3 
47.4 
49.6 
45.5 
50.1 
51.2 
52.8 
52.8 
53.3 
50.4 
52.3 
49.5 
53.0 
47.0 
49.5 
50.8 
49.4 
49.8 
52.0 
44.0 
50.9 
44.1 
45.1 
53.1 
53.4 
46.7 
51.8 
47.8 
49.9 
46.2 
50.6 
50.5 
50.7 
49.9 
46.0 
50.9 
50.3 
45.0 
50.9 
50.0 
51.2 
49.1 
50.5 
50.0 
49.9 
50.7 
51.3 
48.8 
52.2 
48.9 
51.1 
46.8 
35.4 
47.9 
43.9 
48.6 
50.8 
35.2 
52.0 
52.6 
52.2 
50.0 
50.9 
49.6 
48.8 
51.5 
47.5 
50.5 
52.5 
51.8 
50.5 
51.2 
53.6 
50.7 
46.0 
51.0 
51.7 
51.5 
49.9 
50.8 
52.5 
50.7 
52.4 
50.6 
50.6 
53.5 
49.4 
51.8 
41.4 
34.3 
46.3 
51.8 
49.9 
35.4 
52.2 
53.5 
43.3 
53.2 
37.2 
50.1 
54.1 
51.5 
48.4 
46.0 
53.2 
48.7 
50.6 
53.3 
44.6 
52.4 
45.5 
47.4 
49.9 
45.3 
50.2 
47.9 
50.4 
49.4 
