50.0 
47.4 
46.2 
50.3 
53.6 
49.7 
53.1 
50.1 
51.1 
47.4 
54.1 
50.1 
54.0 
53.5 
51.3 
53.8 
53.8 
51.9 
52.8 
49.4 
53.0 
53.4 
53.4 
53.9 
53.6 
54.0 
50.5 
47.9 
53.0 
53.5 
53.0 
54.2 
53.2 
53.2 
54.2 
53.5 
51.9 
52.8 
53.4 
53.0 
53.7 
52.3 
53.3 
49.3 
52.6 
52.2 
53.4 
53.3 
48.8 
52.6 
53.3 
54.1 
49.1 
49.8 
54.1 
53.2 
53.3 
52.9 
50.6 
50.9 
49.0 
54.0 
51.4 
54.4 
53.0 
51.6 
50.9 
46.6 
53.0 
52.1 
53.2 
50.8 
53.2 
53.0 
53.8 
53.6 
51.0 
50.7 
52.8 
53.1 
53.0 
41.5 
52.5 
49.5 
51.1 
49.9 
49.8 
52.2 
53.3 
50.3 
54.2 
52.2 
53.3 
50.7 
50.2 
51.1 
52.6 
52.8 
53.8 
50.3 
51.1 
53.8 
53.9 
52.4 
52.2 
51.5 
53.0 
54.5 
53.3 
52.2 
49.1 
54.0 
53.1 
53.2 
53.3 
53.4 
53.9 
52.7 
48.6 
50.2 
54.2 
53.9 
51.9 
52.1 
53.3 
53.2 
50.8 
40.9 
43.2 
50.8 
53.7 
53.0 
53.1 
53.2 
52.2 
48.3 
53.6 
53.3 
53.4 
53.9 
53.0 
52.7 
53.5 
53.8 
53.7 
53.5 
52.6 
52.4 
53.2 
49.2 
52.6 
53.7 
53.9 
54.0 
53.5 
52.8 
52.3 
53.6 
53.4 
52.8 
