49.2 
40.9 
38.3 
45.3 
43.5 
22.8 
40.6 
38.1 
30.9 
44.1 
30.0 
43.9 
45.1 
45.0 
42.1 
45.2 
41.8 
42.5 
45.1 
45.3 
45.8 
42.6 
39.4 
44.4 
39.8 
33.3 
26.2 
41.4 
41.8 
45.7 
45.1 
42.0 
43.8 
45.4 
44.6 
41.7 
44.4 
45.7 
43.8 
45.8 
44.9 
46.3 
41.5 
41.4 
37.8 
43.7 
43.8 
45.0 
33.9 
45.1 
44.9 
45.5 
44.5 
40.8 
35.0 
42.0 
44.9 
37.4 
41.3 
42.3 
43.3 
44.8 
45.7 
41.6 
44.9 
38.8 
45.5 
45.2 
45.6 
45.9 
30.7 
44.8 
46.2 
45.0 
29.5 
44.7 
44.5 
42.4 
45.1 
45.3 
42.4 
44.8 
45.4 
45.4 
42.8 
46.0 
45.7 
42.4 
44.8 
44.8 
45.0 
44.9 
44.8 
45.3 
44.4 
39.4 
43.6 
39.6 
45.9 
44.8 
44.9 
45.1 
44.5 
43.4 
45.9 
40.5 
45.1 
35.0 
45.6 
45.3 
44.5 
40.0 
33.4 
44.3 
45.4 
37.0 
44.7 
42.3 
40.0 
44.8 
43.9 
44.3 
38.5 
45.3 
37.4 
44.8 
46.5 
38.6 
44.4 
40.6 
35.2 
42.4 
46.6 
41.0 
42.6 
44.9 
44.1 
26.9 
42.2 
42.3 
42.6 
39.7 
34.6 
43.9 
45.7 
44.6 
45.2 
40.6 
45.6 
43.4 
44.6 
44.9 
41.8 
46.0 
45.1 
44.8 
41.6 
43.8 
44.6 
41.8 
39.7 
45.3 
41.3 
44.9 
45.4 
40.5 
44.0 
45.4 
46.9 
43.3 
46.1 
44.8 
41.2 
44.6 
41.8 
43.5 
38.2 
42.5 
41.6 
44.3 
32.6 
41.7 
42.2 
45.2 
39.4 
44.7 
