45.1 
43.5 
45.2 
25.3 
31.8 
44.9 
36.8 
45.1 
35.3 
44.0 
43.9 
43.5 
41.1 
44.6 
42.6 
44.7 
45.1 
44.9 
43.8 
44.6 
34.7 
44.6 
42.2 
41.8 
44.9 
43.6 
46.0 
46.2 
41.2 
42.5 
45.4 
40.2 
45.4 
45.1 
43.4 
45.1 
46.0 
45.7 
43.3 
45.0 
45.2 
44.9 
43.0 
46.0 
40.9 
44.8 
46.0 
44.9 
45.4 
46.0 
45.2 
45.0 
45.9 
45.1 
45.0 
45.8 
30.4 
44.6 
41.5 
45.4 
44.3 
39.0 
41.8 
45.6 
45.7 
37.9 
46.2 
42.1 
35.2 
43.9 
43.0 
46.1 
43.4 
45.4 
43.5 
45.3 
45.2 
42.9 
42.5 
45.6 
42.3 
45.9 
44.0 
46.1 
45.5 
46.0 
45.1 
46.5 
40.6 
45.5 
44.7 
45.6 
44.9 
45.4 
42.5 
37.9 
45.4 
45.0 
41.6 
44.6 
38.8 
39.7 
45.3 
44.7 
44.2 
44.9 
44.4 
45.2 
44.8 
37.7 
45.0 
38.4 
43.7 
33.1 
45.4 
46.1 
44.9 
38.7 
37.7 
43.1 
45.3 
45.1 
45.7 
45.0 
46.0 
45.3 
45.3 
45.2 
44.9 
46.1 
46.2 
40.2 
42.8 
44.3 
45.4 
44.7 
35.4 
41.9 
42.8 
43.6 
46.7 
38.6 
43.5 
45.0 
41.4 
42.7 
42.6 
43.6 
43.2 
44.5 
41.9 
42.8 
41.2 
34.9 
32.2 
41.6 
38.7 
43.5 
45.2 
42.5 
44.7 
45.9 
45.4 
44.9 
