50.9 
52.2 
50.6 
50.4 
41.5 
49.5 
53.2 
50.7 
53.8 
53.3 
41.8 
52.2 
53.5 
47.0 
53.3 
53.7 
53.2 
50.2 
54.0 
49.2 
52.7 
53.4 
53.8 
53.0 
53.7 
52.2 
53.2 
50.9 
53.4 
50.2 
53.8 
54.0 
53.6 
49.6 
50.2 
50.5 
51.9 
54.1 
53.4 
54.2 
53.3 
53.3 
53.0 
48.4 
52.1 
53.7 
51.0 
53.6 
54.0 
49.8 
46.2 
53.6 
53.4 
53.0 
49.5 
51.7 
53.6 
53.7 
53.9 
54.2 
51.4 
50.5 
53.7 
53.6 
53.7 
52.5 
53.6 
52.8 
51.3 
54.3 
51.9 
54.1 
53.3 
54.5 
54.0 
54.2 
52.9 
53.8 
53.8 
50.6 
53.9 
53.3 
53.0 
51.1 
53.6 
53.9 
53.9 
49.7 
51.3 
53.8 
52.7 
52.9 
52.5 
53.8 
53.9 
53.5 
53.1 
49.4 
28.9 
52.5 
53.8 
53.5 
50.3 
53.5 
53.7 
54.0 
53.7 
53.5 
53.3 
51.3 
51.6 
53.5 
53.9 
53.2 
53.7 
53.5 
53.5 
52.0 
49.9 
53.9 
47.3 
52.6 
52.6 
43.9 
53.5 
52.8 
53.0 
52.7 
51.5 
54.1 
53.2 
53.5 
47.3 
53.1 
52.9 
54.0 
53.6 
51.0 
53.2 
53.8 
53.3 
52.6 
53.8 
52.4 
54.3 
49.1 
53.6 
53.6 
53.3 
54.1 
53.9 
49.8 
33.3 
48.9 
53.8 
53.6 
53.2 
53.1 
51.6 
52.9 
52.9 
53.3 
52.9 
53.9 
53.6 
53.6 
50.4 
54.0 
53.5 
50.2 
51.8 
54.1 
49.8 
52.7 
53.7 
54.0 
46.6 
53.3 
47.9 
43.0 
47.9 
41.3 
50.8 
51.4 
53.5 
49.1 
49.3 
52.6 
53.2 
52.9 
49.5 
54.0 
47.9 
53.7 
53.8 
51.4 
53.2 
50.8 
54.1 
54.0 
53.3 
53.5 
53.8 
53.7 
50.5 
52.9 
53.4 
49.7 
52.6 
49.4 
52.7 
52.3 
53.6 
53.9 
53.3 
52.4 
53.1 
53.5 
49.4 
49.2 
36.4 
52.7 
50.8 
53.5 
53.0 
47.1 
51.5 
52.7 
53.2 
53.7 
53.5 
51.8 
49.9 
49.8 
54.3 
51.0 
51.6 
53.6 
50.2 
53.0 
53.5 
53.1 
53.6 
53.3 
50.4 
50.8 
48.2 
52.9 
53.0 
54.0 
53.9 
54.4 
53.4 
46.9 
53.3 
53.1 
50.8 
52.1 
49.6 
49.8 
52.5 
49.0 
45.4 
49.0 
53.0 
51.0 
53.4 
54.1 
49.5 
52.4 
52.5 
53.2 
53.3 
51.9 
51.6 
