42.5 
39.6 
48.5 
44.9 
45.4 
45.2 
39.3 
42.8 
47.4 
52.2 
43.6 
45.3 
40.4 
39.4 
45.8 
45.5 
49.0 
47.6 
48.0 
52.0 
46.9 
48.3 
43.9 
39.6 
50.3 
45.5 
47.9 
46.5 
48.4 
49.5 
44.4 
39.9 
46.8 
41.4 
48.1 
40.1 
46.8 
48.5 
47.1 
45.3 
41.5 
47.5 
50.4 
49.5 
31.5 
44.8 
46.4 
43.2 
47.1 
37.6 
47.5 
47.2 
45.9 
42.8 
49.0 
47.0 
46.1 
47.1 
50.2 
51.5 
50.6 
51.1 
50.1 
50.6 
49.1 
50.1 
48.1 
44.0 
44.1 
49.9 
50.0 
48.9 
46.6 
46.7 
48.2 
49.3 
47.4 
46.2 
42.2 
50.0 
51.0 
41.9 
47.6 
50.2 
49.4 
47.6 
50.9 
45.9 
46.6 
47.8 
45.1 
45.2 
49.5 
50.5 
51.8 
50.6 
49.8 
36.5 
46.2 
45.4 
46.6 
48.5 
47.9 
43.0 
49.6 
46.7 
46.7 
49.1 
41.2 
46.3 
45.4 
42.6 
49.6 
50.2 
41.4 
40.5 
45.7 
45.3 
46.8 
49.9 
49.9 
48.0 
48.2 
45.0 
49.7 
42.3 
40.7 
46.1 
46.9 
46.9 
49.8 
50.0 
49.6 
46.7 
38.6 
40.3 
49.2 
46.9 
44.8 
49.4 
50.4 
48.3 
45.7 
43.5 
42.4 
52.8 
52.7 
49.8 
44.8 
44.3 
46.8 
41.4 
49.0 
47.9 
46.9 
46.9 
45.0 
33.0 
47.7 
43.4 
46.0 
50.9 
50.6 
47.3 
49.2 
44.5 
46.9 
37.1 
48.7 
44.6 
50.9 
42.8 
48.8 
48.9 
43.9 
47.1 
51.3 
49.0 
48.0 
49.6 
49.7 
49.6 
49.4 
45.5 
