31.0 
27.8 
38.9 
44.2 
42.9 
42.6 
42.2 
46.5 
46.1 
32.6 
44.1 
42.3 
42.7 
45.0 
45.5 
46.1 
46.6 
44.9 
44.9 
44.2 
46.2 
45.6 
37.6 
40.3 
45.7 
41.2 
41.1 
46.3 
46.0 
44.2 
43.9 
44.9 
44.7 
42.0 
45.6 
45.8 
44.8 
42.0 
45.2 
46.2 
47.8 
48.2 
45.6 
45.8 
41.9 
43.8 
44.7 
39.4 
43.2 
43.9 
46.0 
47.0 
46.4 
44.9 
43.0 
42.5 
39.1 
46.1 
44.1 
45.5 
45.9 
44.8 
46.5 
47.3 
42.4 
45.2 
45.7 
44.3 
44.1 
36.2 
43.6 
41.3 
40.0 
46.2 
45.1 
39.2 
50.0 
45.1 
46.1 
46.4 
45.4 
44.8 
37.0 
36.5 
41.0 
44.8 
40.0 
45.0 
46.2 
46.1 
45.3 
43.3 
45.4 
46.4 
41.7 
41.5 
43.8 
43.8 
44.8 
37.8 
44.2 
31.5 
45.3 
42.3 
44.9 
44.4 
46.0 
38.0 
45.0 
45.2 
45.2 
45.7 
37.0 
42.2 
43.3 
43.5 
38.9 
44.0 
30.7 
49.5 
45.6 
34.3 
42.5 
43.8 
34.6 
40.8 
40.3 
41.7 
37.5 
45.3 
35.4 
40.3 
45.7 
46.6 
45.2 
45.2 
44.9 
42.0 
41.7 
43.5 
45.5 
46.0 
43.3 
45.2 
44.4 
41.5 
45.3 
45.0 
30.8 
32.8 
46.5 
42.1 
41.1 
42.9 
48.6 
38.4 
39.7 
27.4 
43.7 
45.7 
42.8 
41.8 
42.4 
36.0 
44.0 
43.7 
44.4 
44.7 
44.4 
42.8 
43.2 
45.0 
46.0 
42.4 
45.1 
46.5 
30.8 
38.8 
41.2 
40.2 
31.2 
44.6 
45.1 
42.6 
31.1 
43.0 
44.5 
42.6 
43.4 
45.2 
45.2 
44.3 
43.5 
43.5 
45.2 
45.8 
45.1 
38.2 
43.4 
42.9 
