46.1 
49.2 
40.2 
47.4 
53.4 
51.8 
51.2 
53.2 
53.4 
52.6 
52.5 
50.1 
53.8 
51.3 
53.5 
53.3 
50.0 
51.7 
53.5 
53.8 
50.9 
48.9 
51.9 
44.1 
52.7 
50.5 
50.7 
44.1 
53.6 
53.2 
42.7 
51.2 
45.9 
51.4 
51.6 
52.9 
53.4 
46.3 
49.9 
53.0 
52.9 
54.0 
53.6 
53.3 
53.7 
43.1 
53.9 
53.4 
52.9 
54.2 
47.4 
53.6 
52.9 
46.0 
50.7 
53.9 
51.3 
53.6 
53.0 
50.1 
53.6 
49.2 
52.5 
50.1 
49.2 
50.1 
54.1 
53.8 
53.8 
51.5 
46.5 
53.1 
52.8 
53.4 
50.5 
50.4 
52.5 
51.7 
52.4 
52.9 
51.2 
51.4 
51.6 
49.7 
53.2 
53.0 
53.6 
51.7 
51.2 
52.2 
53.9 
53.0 
48.1 
53.2 
53.8 
51.3 
53.1 
53.2 
48.0 
48.6 
53.3 
52.4 
53.5 
52.9 
54.2 
48.0 
54.1 
54.4 
52.3 
50.0 
49.2 
49.5 
54.2 
50.7 
53.7 
49.6 
53.4 
48.9 
46.1 
47.3 
54.4 
53.2 
51.4 
53.8 
52.9 
52.9 
53.6 
50.8 
48.2 
52.2 
53.4 
54.2 
53.3 
52.4 
49.7 
51.3 
53.4 
51.8 
50.7 
48.0 
53.1 
53.0 
52.8 
53.7 
50.0 
48.8 
53.9 
50.5 
49.6 
54.0 
53.2 
53.4 
50.7 
53.8 
53.9 
51.3 
54.0 
51.8 
53.5 
53.0 
46.8 
51.9 
