45.5 
44.5 
43.4 
42.0 
29.1 
45.5 
42.0 
42.5 
39.3 
41.7 
44.9 
41.9 
45.9 
41.1 
44.6 
41.6 
38.9 
40.7 
44.0 
45.2 
44.5 
42.3 
43.3 
45.1 
35.3 
43.5 
39.0 
38.6 
37.5 
46.1 
44.0 
45.8 
45.4 
44.9 
44.5 
41.0 
43.4 
44.2 
42.1 
43.8 
45.6 
46.2 
45.0 
44.9 
43.1 
43.2 
42.4 
45.2 
45.1 
42.4 
42.6 
44.7 
43.0 
44.7 
42.4 
44.7 
45.8 
45.4 
45.5 
41.1 
44.6 
46.0 
38.9 
44.9 
30.7 
43.1 
45.1 
41.7 
44.9 
44.7 
43.3 
45.2 
46.5 
45.6 
44.0 
44.5 
45.9 
45.0 
34.3 
44.7 
46.1 
45.8 
45.4 
44.6 
40.6 
40.6 
42.3 
44.4 
43.9 
41.5 
43.9 
45.6 
44.4 
44.7 
45.6 
45.1 
45.0 
36.8 
45.5 
43.3 
43.4 
44.8 
45.3 
45.2 
40.6 
44.4 
45.4 
44.1 
41.8 
44.6 
44.7 
45.2 
40.1 
39.6 
44.8 
45.6 
44.2 
45.2 
44.5 
44.2 
39.2 
44.1 
45.0 
43.8 
44.5 
42.6 
44.4 
44.7 
41.7 
32.5 
45.9 
35.0 
36.4 
46.1 
42.0 
45.7 
41.9 
37.9 
40.9 
44.8 
39.7 
44.6 
46.0 
44.4 
45.4 
42.8 
45.2 
38.3 
45.1 
42.4 
45.9 
45.9 
45.7 
46.5 
45.3 
46.3 
43.3 
43.9 
45.8 
34.3 
44.7 
46.0 
43.3 
45.9 
46.4 
21.3 
45.3 
44.4 
45.5 
43.8 
43.4 
40.1 
30.1 
40.5 
42.1 
39.7 
43.5 
39.8 
44.8 
