49.5 
45.8 
52.6 
30.9 
53.0 
51.6 
52.4 
53.5 
43.2 
50.9 
53.7 
49.9 
53.6 
47.8 
50.8 
53.5 
53.5 
53.6 
52.7 
54.2 
52.4 
53.9 
43.2 
53.7 
52.0 
53.8 
53.5 
54.0 
49.7 
53.2 
48.9 
52.2 
53.6 
53.0 
45.4 
49.2 
45.8 
53.2 
53.5 
53.2 
53.4 
54.0 
51.0 
52.1 
49.0 
50.3 
51.5 
49.7 
53.3 
53.4 
52.4 
54.0 
49.5 
53.3 
53.3 
44.4 
53.8 
41.8 
52.4 
53.0 
49.3 
53.0 
52.6 
53.2 
51.0 
52.7 
52.1 
51.6 
54.1 
53.5 
54.1 
48.4 
54.1 
53.3 
49.1 
49.5 
52.7 
50.2 
49.5 
51.9 
53.3 
45.6 
52.8 
53.8 
53.7 
53.0 
52.8 
51.4 
53.1 
53.5 
53.4 
54.0 
53.6 
54.4 
52.7 
53.9 
53.2 
53.0 
53.0 
51.1 
51.4 
50.7 
53.4 
53.8 
45.7 
52.4 
53.6 
50.9 
52.9 
53.4 
48.5 
53.4 
44.7 
51.0 
50.6 
53.8 
53.7 
53.1 
51.0 
53.6 
53.2 
49.4 
50.6 
47.1 
46.1 
49.9 
53.6 
53.7 
54.0 
53.3 
53.5 
53.4 
52.7 
51.3 
53.6 
53.0 
53.9 
53.2 
53.4 
53.2 
53.5 
52.4 
53.4 
50.5 
52.0 
53.6 
52.8 
50.0 
43.7 
41.3 
53.1 
53.4 
51.1 
53.6 
53.3 
53.9 
54.0 
52.8 
53.6 
50.3 
53.8 
54.2 
50.7 
49.2 
53.8 
53.6 
48.9 
51.0 
50.4 
53.6 
53.4 
54.5 
48.5 
53.8 
53.8 
53.4 
53.3 
53.0 
53.2 
51.2 
52.3 
46.8 
53.1 
52.8 
47.4 
40.3 
46.7 
51.6 
51.5 
50.4 
52.6 
53.3 
53.6 
52.9 
50.8 
48.8 
53.8 
52.0 
51.8 
54.0 
49.9 
51.7 
53.9 
53.6 
51.1 
52.6 
53.4 
53.4 
51.2 
50.6 
