40.5 
39.1 
41.4 
38.4 
34.5 
40.8 
45.1 
44.6 
40.9 
41.6 
43.5 
45.1 
44.1 
45.9 
44.9 
44.3 
38.8 
39.9 
38.9 
42.6 
46.0 
44.6 
42.2 
42.4 
40.7 
44.4 
45.9 
37.0 
45.6 
41.2 
42.1 
44.9 
42.7 
45.3 
39.9 
43.3 
42.2 
42.0 
44.9 
45.2 
46.0 
42.1 
45.0 
44.1 
45.4 
41.5 
41.8 
45.2 
45.8 
44.2 
45.5 
42.2 
44.8 
19.4 
32.0 
44.3 
39.7 
30.1 
46.0 
42.0 
45.0 
44.6 
36.9 
45.2 
43.6 
46.3 
39.8 
44.9 
35.6 
45.2 
44.4 
44.9 
44.9 
45.4 
44.4 
42.0 
45.3 
44.7 
39.1 
42.3 
40.5 
45.2 
46.1 
43.3 
43.3 
46.1 
45.2 
44.8 
45.4 
45.4 
45.7 
45.0 
39.2 
42.3 
44.8 
45.9 
42.4 
43.9 
41.4 
45.4 
42.1 
45.1 
43.2 
44.5 
40.2 
45.4 
44.4 
38.5 
45.7 
44.6 
46.2 
45.8 
44.5 
40.2 
39.9 
38.6 
46.0 
35.6 
44.5 
43.9 
43.6 
45.2 
45.1 
44.1 
43.6 
45.8 
41.8 
46.0 
46.1 
44.8 
43.8 
42.3 
43.1 
41.5 
40.6 
40.7 
44.2 
45.3 
46.0 
40.4 
42.6 
42.3 
41.9 
42.2 
46.0 
42.2 
46.2 
43.0 
44.5 
