21.5 
31.7 
31.2 
31.9 
38.0 
39.6 
32.5 
34.8 
41.4 
39.4 
40.9 
40.3 
42.2 
40.8 
40.4 
34.3 
30.4 
35.6 
29.0 
41.2 
34.9 
40.9 
39.9 
39.1 
39.0 
36.0 
40.2 
35.3 
33.8 
39.2 
41.2 
28.1 
37.1 
41.1 
38.0 
40.5 
40.8 
40.5 
37.1 
37.3 
33.3 
41.0 
41.5 
43.2 
40.6 
40.5 
36.8 
39.8 
40.8 
44.2 
39.1 
45.1 
43.3 
42.9 
40.4 
35.4 
41.6 
38.7 
33.5 
36.0 
39.8 
40.2 
31.4 
36.6 
34.2 
39.0 
37.0 
39.8 
37.3 
40.0 
40.3 
36.1 
43.1 
30.0 
40.5 
39.3 
40.9 
42.6 
38.2 
39.1 
36.5 
30.1 
39.2 
36.3 
40.2 
34.3 
42.5 
43.0 
37.1 
39.3 
39.0 
39.4 
43.2 
31.3 
38.6 
40.6 
42.0 
38.8 
40.1 
28.7 
31.7 
42.0 
31.4 
31.2 
43.5 
41.7 
31.6 
32.9 
37.8 
41.2 
38.9 
37.6 
37.2 
40.7 
44.5 
43.3 
40.6 
35.1 
40.0 
30.0 
37.3 
36.8 
37.8 
41.8 
39.1 
45.6 
44.5 
39.0 
30.1 
34.7 
39.4 
34.8 
42.5 
40.6 
45.7 
39.0 
37.6 
41.4 
33.7 
42.3 
34.4 
34.2 
40.0 
38.8 
44.6 
42.8 
39.3 
38.5 
41.8 
34.4 
33.6 
39.0 
40.9 
46.0 
42.5 
41.1 
42.5 
37.8 
34.5 
34.5 
43.5 
40.0 
40.1 
41.8 
38.8 
42.6 
36.8 
34.9 
35.4 
41.3 
38.5 
39.2 
38.2 
40.5 
38.8 
31.1 
41.0 
33.0 
35.3 
39.7 
40.8 
40.2 
41.1 
39.6 
43.4 
28.4 
38.6 
32.4 
36.7 
35.6 
