27.5 
28.0 
25.1 
23.7 
23.9 
23.7 
22.0 
24.0 
22.4 
23.8 
27.4 
26.9 
26.8 
24.2 
23.6 
26.0 
25.8 
24.2 
25.0 
26.3 
25.7 
21.1 
23.0 
25.9 
26.2 
23.3 
23.8 
25.6 
25.4 
26.2 
29.2 
26.1 
27.8 
22.9 
23.5 
22.0 
23.7 
24.0 
26.1 
28.6 
24.5 
26.3 
28.2 
26.5 
23.8 
22.4 
24.9 
25.7 
23.9 
24.2 
23.4 
24.7 
23.3 
24.7 
25.2 
24.8 
24.8 
24.1 
25.8 
24.9 
23.9 
26.3 
25.7 
25.5 
25.0 
23.2 
23.6 
27.5 
25.8 
22.8 
14.5 
13.8 
15.7 
25.1 
28.8 
27.0 
27.7 
22.9 
22.5 
26.3 
23.6 
24.3 
24.5 
25.1 
27.0 
25.9 
25.6 
23.9 
27.5 
23.8 
27.3 
25.8 
29.0 
27.5 
24.9 
23.0 
24.5 
24.3 
27.3 
26.8 
27.9 
32.8 
29.1 
29.9 
23.6 
24.7 
27.0 
25.4 
28.2 
23.9 
24.7 
27.5 
28.4 
24.1 
29.2 
25.2 
27.9 
24.6 
23.8 
24.6 
26.1 
22.3 
27.2 
29.1 
31.8 
22.8 
26.2 
25.7 
27.8 
24.3 
23.9 
19.2 
23.3 
22.6 
26.2 
