26.6 
23.9 
20.2 
24.7 
24.8 
20.4 
24.0 
29.5 
24.6 
27.0 
23.0 
24.5 
25.2 
25.5 
24.8 
25.4 
26.1 
24.7 
24.0 
29.3 
25.2 
26.9 
28.1 
26.6 
24.9 
25.9 
25.6 
25.0 
23.0 
25.6 
25.9 
27.3 
26.1 
25.2 
25.3 
27.8 
25.9 
25.4 
29.8 
25.3 
23.2 
24.2 
27.6 
26.2 
28.1 
29.2 
23.7 
24.3 
25.3 
25.1 
25.6 
26.5 
25.6 
26.7 
25.8 
23.6 
23.9 
25.0 
24.9 
27.3 
22.9 
25.3 
24.2 
24.2 
23.0 
25.4 
29.1 
27.7 
29.2 
27.1 
28.5 
32.0 
26.0 
25.1 
23.6 
27.0 
24.4 
26.3 
25.0 
30.8 
29.5 
28.3 
27.4 
28.2 
23.6 
25.8 
26.4 
24.4 
24.6 
24.0 
23.7 
24.6 
29.0 
28.5 
32.3 
29.8 
26.3 
29.1 
24.6 
25.1 
26.2 
25.5 
25.6 
28.9 
27.6 
26.7 
27.5 
25.8 
23.8 
25.3 
24.9 
32.4 
31.6 
25.8 
27.6 
28.5 
26.3 
24.5 
28.9 
28.4 
25.4 
31.8 
24.6 
28.3 
28.1 
27.3 
26.9 
24.5 
25.4 
29.2 
28.6 
25.8 
32.7 
31.5 
26.6 
