19.4 
18.4 
20.6 
18.2 
14.4 
22.7 
18.4 
20.2 
20.7 
17.9 
24.3 
22.2 
22.3 
21.8 
23.4 
25.2 
22.8 
22.0 
19.5 
22.2 
24.1 
23.9 
21.3 
23.9 
26.5 
26.7 
22.1 
23.4 
21.2 
24.8 
25.8 
20.9 
23.3 
23.9 
26.7 
27.1 
24.3 
23.6 
25.2 
22.8 
25.7 
24.2 
23.0 
22.0 
21.0 
22.4 
22.6 
29.5 
27.7 
26.0 
26.7 
23.5 
26.7 
22.4 
20.7 
21.3 
22.1 
24.5 
23.4 
22.3 
26.7 
26.8 
24.6 
24.6 
26.1 
23.6 
21.2 
21.2 
23.2 
22.3 
23.1 
21.4 
25.7 
28.5 
31.4 
30.4 
35.1 
25.6 
20.5 
23.1 
22.5 
19.6 
18.9 
23.2 
21.3 
21.2 
22.8 
24.8 
26.7 
24.9 
29.3 
28.3 
21.0 
22.6 
22.9 
23.2 
24.7 
22.2 
23.5 
23.1 
23.9 
25.9 
24.8 
26.5 
28.8 
22.9 
29.0 
21.9 
22.7 
25.4 
24.7 
21.7 
25.6 
24.5 
27.1 
23.7 
26.0 
26.8 
22.6 
20.7 
23.6 
24.0 
21.5 
23.1 
24.3 
20.1 
31.6 
26.4 
27.6 
27.1 
27.9 
24.7 
22.7 
21.1 
22.0 
23.3 
21.2 
24.4 
24.6 
24.2 
27.3 
24.7 
22.6 
23.3 
22.6 
23.8 
26.5 
23.2 
22.2 
27.5 
28.3 
23.9 
30.1 
27.0 
27.4 
27.0 
27.6 
23.4 
26.0 
24.6 
23.6 
23.7 
23.4 
23.6 
25.9 
24.1 
21.2 
25.2 
30.8 
24.4 
30.9 
26.0 
23.8 
23.6 
23.3 
23.4 
25.5 
20.9 
24.6 
20.9 
25.3 
27.5 
27.5 
29.4 
27.3 
27.8 
22.0 
24.3 
20.7 
21.9 
22.9 
23.8 
27.9 
23.2 
23.0 
23.6 
27.0 
23.1 
