17.6 
23.6 
22.1 
23.3 
20.1 
20.4 
19.6 
17.4 
18.4 
19.8 
19.7 
15.6 
19.4 
20.2 
19.5 
19.4 
21.7 
21.9 
25.1 
23.8 
24.7 
23.4 
22.6 
20.6 
22.8 
20.5 
22.8 
21.6 
21.4 
21.2 
21.4 
20.2 
25.2 
24.5 
24.2 
25.1 
22.6 
19.0 
20.6 
21.0 
21.7 
21.2 
21.2 
21.9 
19.3 
20.7 
22.4 
21.5 
23.9 
21.0 
24.5 
25.1 
20.7 
18.1 
21.6 
21.7 
20.0 
21.5 
21.8 
21.6 
20.3 
26.8 
21.6 
22.9 
25.2 
24.0 
22.1 
21.3 
19.8 
20.3 
20.4 
22.4 
20.7 
22.1 
23.6 
19.7 
23.0 
22.6 
25.5 
23.3 
22.7 
21.5 
19.8 
18.6 
20.8 
20.5 
22.3 
22.9 
21.9 
21.8 
26.1 
23.3 
26.7 
24.3 
23.7 
22.9 
22.6 
20.8 
20.5 
22.3 
21.8 
20.9 
22.5 
23.9 
23.3 
24.1 
22.2 
20.9 
20.7 
22.2 
22.8 
22.3 
20.7 
21.9 
22.5 
23.0 
21.7 
20.4 
24.8 
22.5 
22.6 
22.4 
24.4 
19.6 
23.5 
20.7 
21.8 
22.2 
22.9 
22.1 
22.3 
22.5 
23.9 
21.3 
22.7 
20.6 
