21.1 
19.1 
20.5 
23.4 
19.0 
21.5 
17.0 
20.7 
19.0 
22.2 
20.3 
19.5 
25.8 
21.9 
21.3 
22.3 
17.9 
20.1 
20.4 
18.4 
21.8 
23.9 
26.5 
24.8 
22.6 
19.0 
20.8 
23.2 
18.7 
21.5 
25.4 
23.4 
20.2 
21.8 
24.2 
24.4 
26.2 
22.1 
27.9 
26.7 
22.9 
22.9 
22.8 
19.6 
18.8 
19.6 
21.5 
22.2 
23.1 
24.4 
27.1 
24.1 
24.5 
22.6 
25.1 
18.4 
22.1 
24.4 
21.7 
21.3 
22.1 
21.1 
21.1 
22.0 
20.4 
24.1 
26.5 
25.2 
20.2 
24.3 
22.1 
21.4 
22.9 
21.8 
22.4 
21.1 
20.4 
23.0 
23.0 
25.5 
25.6 
24.6 
20.9 
20.7 
21.7 
23.7 
21.4 
21.5 
22.8 
21.7 
21.9 
21.2 
22.2 
26.3 
25.5 
29.1 
21.0 
24.1 
22.2 
21.7 
19.5 
22.4 
26.9 
22.9 
21.7 
24.5 
18.4 
24.0 
19.1 
25.7 
23.7 
23.7 
22.9 
20.0 
22.1 
23.6 
26.2 
23.5 
21.7 
23.1 
24.2 
23.4 
26.2 
26.4 
21.4 
23.9 
27.5 
20.9 
23.7 
21.4 
20.4 
20.6 
21.5 
20.4 
24.2 
23.5 
22.0 
22.2 
25.1 
28.7 
27.9 
27.1 
26.6 
23.5 
22.9 
22.4 
25.0 
22.3 
23.4 
23.3 
23.4 
23.3 
23.7 
27.2 
32.0 
25.1 
21.6 
18.6 
21.7 
22.3 
21.3 
22.2 
13.1 
19.4 
19.3 
22.4 
24.4 
25.8 
30.9 
24.0 
21.4 
23.5 
23.3 
22.7 
22.0 
23.0 
21.6 
23.7 
28.4 
25.7 
24.6 
23.9 
27.8 
27.0 
19.7 
22.3 
21.2 
22.1 
18.0 
21.6 
23.5 
22.5 
28.0 
23.7 
24.3 
28.7 
26.7 
23.6 
