24.9 
25.7 
25.2 
21.7 
24.7 
23.3 
20.2 
24.7 
32.5 
26.2 
23.5 
29.7 
28.6 
23.6 
28.5 
25.8 
24.6 
23.8 
23.8 
24.4 
28.7 
25.8 
28.3 
29.2 
26.5 
29.5 
25.7 
25.3 
25.8 
23.7 
24.6 
25.8 
24.7 
25.3 
26.1 
30.8 
29.5 
28.3 
28.6 
27.2 
32.3 
24.4 
24.9 
24.4 
23.1 
24.9 
22.5 
24.5 
28.4 
25.6 
30.0 
28.5 
24.7 
24.9 
25.3 
25.1 
24.8 
26.9 
25.4 
25.2 
24.9 
30.7 
30.2 
26.9 
28.4 
26.7 
27.4 
25.3 
29.5 
26.1 
27.5 
28.8 
26.5 
27.3 
29.1 
29.6 
25.7 
25.7 
29.2 
23.0 
28.6 
27.1 
24.4 
27.4 
28.7 
25.6 
24.6 
25.4 
26.7 
24.1 
29.2 
25.1 
27.3 
25.8 
27.0 
25.3 
25.2 
26.6 
25.6 
27.8 
26.4 
27.0 
26.8 
27.1 
25.9 
23.1 
28.0 
30.1 
28.0 
26.8 
27.2 
27.0 
27.9 
24.3 
24.6 
27.2 
26.3 
28.3 
27.2 
27.7 
29.2 
26.0 
26.2 
25.5 
25.3 
31.3 
28.4 
29.8 
27.8 
29.7 
26.3 
25.6 
26.3 
26.0 
25.4 
25.1 
26.2 
27.3 
28.5 
30.7 
29.6 
31.2 
29.0 
27.5 
27.5 
26.4 
26.7 
29.6 
28.2 
29.5 
26.9 
25.1 
22.4 
23.8 
24.6 
26.6 
27.0 
25.5 
25.3 
25.9 
26.6 
26.7 
25.4 
32.3 
31.6 
24.0 
26.1 
28.7 
28.3 
30.5 
25.9 
29.1 
25.4 
19.8 
25.9 
26.9 
26.4 
28.0 
26.3 
26.8 
28.9 
24.2 
26.5 
22.5 
27.8 
25.0 
27.2 
27.9 
27.8 
26.4 
25.4 
24.2 
26.2 
27.0 
27.7 
27.0 
24.0 
22.7 
25.6 
24.8 
26.6 
26.0 
28.8 
28.5 
24.0 
31.6 
25.8 
27.2 
26.3 
26.1 
24.4 
24.4 
26.6 
27.1 
25.1 
28.2 
26.2 
27.9 
27.2 
