24.3 
21.1 
20.6 
18.5 
20.8 
20.8 
20.1 
20.6 
21.3 
21.5 
24.1 
21.6 
20.5 
22.2 
26.3 
24.2 
23.5 
23.3 
23.5 
21.8 
22.4 
19.8 
20.9 
22.6 
20.3 
21.9 
21.1 
20.3 
22.3 
19.8 
22.4 
26.7 
17.9 
22.7 
23.2 
23.3 
18.4 
21.5 
23.1 
20.8 
23.8 
24.2 
27.5 
24.8 
24.7 
30.4 
21.3 
22.1 
21.2 
21.1 
21.0 
20.6 
20.4 
19.5 
21.0 
21.8 
21.4 
23.9 
20.5 
23.8 
28.0 
23.6 
22.0 
19.7 
23.8 
22.3 
20.8 
19.4 
20.7 
26.7 
25.2 
23.7 
22.7 
27.5 
28.7 
24.4 
25.0 
17.5 
25.0 
23.6 
22.4 
24.3 
21.0 
23.1 
28.9 
25.5 
26.0 
22.5 
24.7 
24.5 
20.9 
20.1 
26.2 
19.4 
21.6 
21.6 
21.9 
25.7 
22.4 
22.9 
21.6 
23.4 
22.5 
20.3 
22.7 
23.9 
25.3 
19.1 
22.6 
27.8 
27.6 
22.4 
21.1 
18.7 
24.4 
22.2 
21.9 
22.4 
21.8 
19.7 
24.6 
25.5 
25.2 
22.8 
23.6 
25.0 
25.5 
21.0 
21.6 
24.4 
21.7 
22.6 
24.4 
24.8 
25.1 
25.9 
24.7 
27.2 
29.3 
21.3 
21.6 
22.9 
21.5 
24.0 
22.7 
21.5 
23.6 
22.5 
21.5 
23.6 
23.0 
24.5 
23.4 
22.6 
22.3 
22.8 
19.4 
24.3 
23.7 
28.1 
25.6 
22.2 
24.2 
25.9 
23.3 
25.4 
11.3 
14.9 
18.8 
17.5 
21.0 
19.6 
