24.9 
21.7 
25.1 
21.0 
21.4 
23.8 
26.9 
24.5 
26.7 
26.4 
22.0 
27.3 
32.3 
28.2 
31.9 
32.2 
25.6 
27.2 
27.8 
25.1 
23.6 
22.1 
25.2 
25.8 
25.0 
24.4 
29.1 
32.6 
31.4 
29.1 
31.6 
24.6 
24.8 
26.0 
23.8 
25.6 
24.3 
24.1 
25.1 
22.1 
31.2 
25.8 
30.0 
33.4 
26.3 
25.0 
26.3 
26.6 
26.2 
25.7 
26.0 
24.2 
25.4 
25.7 
29.1 
24.6 
28.2 
29.5 
27.0 
25.3 
26.0 
25.1 
24.2 
24.9 
27.8 
24.7 
28.8 
27.0 
25.8 
24.9 
25.6 
28.4 
25.9 
27.4 
25.5 
27.7 
27.5 
28.6 
29.9 
26.5 
25.1 
32.7 
27.6 
24.2 
24.4 
24.9 
26.1 
22.6 
23.3 
27.9 
26.8 
23.1 
27.6 
25.8 
23.9 
26.2 
30.6 
24.3 
24.2 
24.5 
28.3 
27.2 
25.9 
27.0 
27.6 
24.8 
21.7 
29.6 
27.5 
25.5 
28.9 
30.9 
25.4 
28.1 
27.7 
23.7 
26.9 
26.6 
29.4 
25.9 
24.6 
24.2 
28.1 
27.2 
25.2 
28.5 
24.1 
24.8 
31.7 
24.7 
28.9 
22.6 
23.9 
23.6 
29.0 
25.5 
29.2 
29.4 
26.8 
25.4 
29.3 
26.2 
25.3 
25.2 
26.8 
24.3 
25.4 
25.0 
25.5 
29.7 
24.3 
25.4 
27.1 
27.5 
23.2 
27.0 
22.5 
24.9 
27.2 
27.9 
26.4 
26.8 
32.9 
24.7 
29.2 
27.3 
23.0 
27.1 
27.4 
25.0 
24.5 
25.2 
26.9 
29.2 
24.0 
27.0 
28.0 
23.3 
25.6 
26.8 
28.3 
28.5 
26.7 
24.8 
31.1 
30.7 
30.2 
30.8 
27.0 
25.6 
26.9 
25.2 
25.3 
27.2 
30.4 
35.0 
27.8 
29.5 
26.0 
31.0 
25.9 
22.9 
24.2 
25.7 
25.1 
26.3 
28.3 
26.4 
24.9 
28.9 
31.6 
28.0 
26.6 
23.9 
22.9 
28.0 
21.8 
26.1 
25.9 
28.0 
28.1 
29.7 
29.1 
24.0 
29.0 
26.1 
24.0 
25.3 
23.6 
26.1 
17.8 
24.8 
25.7 
27.7 
26.5 
27.0 
24.6 
35.8 
29.9 
28.5 
22.2 
24.2 
24.9 
25.3 
22.5 
29.6 
26.7 
26.3 
28.1 
28.8 
27.2 
28.3 
28.4 
26.9 
22.9 
23.2 
25.3 
26.3 
26.0 
24.8 
26.8 
26.2 
28.9 
25.6 
29.5 
24.3 
23.3 
26.9 
26.1 
25.6 
26.5 
24.2 
25.7 
25.4 
22.4 
24.4 
26.8 
32.1 
27.4 
26.6 
26.3 
29.1 
25.5 
24.6 
25.8 
24.4 
26.0 
26.3 
31.3 
28.9 
26.2 
33.2 
25.1 
25.6 
26.1 
15.5 
26.8 
