21.1 
27.2 
24.4 
17.1 
22.1 
21.8 
22.6 
23.7 
22.1 
23.8 
23.8 
22.1 
24.9 
24.1 
24.4 
21.9 
24.3 
27.0 
26.4 
23.6 
24.1 
24.9 
26.1 
25.3 
23.3 
22.2 
22.5 
22.9 
23.2 
21.9 
24.5 
23.0 
25.4 
25.2 
24.7 
25.4 
24.6 
24.7 
24.6 
22.6 
22.6 
23.2 
23.5 
25.2 
24.3 
27.1 
27.7 
24.6 
26.2 
23.6 
23.6 
21.5 
25.4 
23.6 
23.6 
24.6 
23.4 
26.3 
25.7 
25.9 
25.4 
26.5 
26.4 
24.6 
22.2 
22.7 
24.9 
24.9 
23.5 
25.6 
26.4 
28.1 
24.4 
23.7 
24.5 
22.2 
24.5 
22.7 
21.0 
24.8 
26.7 
24.4 
23.4 
24.4 
27.2 
24.9 
23.8 
25.7 
23.4 
23.2 
24.5 
23.6 
24.1 
26.7 
24.6 
26.6 
26.5 
25.9 
23.0 
23.3 
24.9 
23.6 
23.5 
25.2 
23.4 
25.5 
25.2 
22.6 
23.5 
23.5 
21.8 
21.7 
25.9 
23.9 
23.2 
25.6 
26.5 
23.7 
28.6 
25.4 
25.8 
22.6 
24.4 
23.9 
23.3 
22.4 
21.9 
23.1 
27.3 
28.0 
27.9 
26.0 
