26.3 
22.7 
25.8 
23.5 
22.9 
25.6 
30.5 
28.9 
23.6 
23.8 
24.0 
28.4 
24.1 
26.6 
27.4 
24.9 
27.3 
25.2 
24.2 
25.9 
22.0 
24.0 
23.8 
25.9 
26.9 
31.2 
27.7 
25.2 
28.3 
28.7 
27.6 
24.6 
25.9 
25.8 
26.8 
26.8 
26.1 
28.2 
28.3 
27.9 
26.1 
27.8 
27.3 
26.6 
24.7 
25.8 
23.2 
28.1 
24.4 
24.2 
25.3 
24.5 
27.2 
25.3 
29.1 
25.4 
24.1 
24.7 
28.1 
25.8 
24.7 
25.9 
27.9 
23.2 
28.6 
26.0 
27.4 
30.1 
28.3 
25.0 
24.8 
25.9 
28.6 
26.8 
28.5 
25.4 
28.9 
25.5 
29.2 
26.8 
26.7 
28.8 
30.8 
28.5 
28.5 
26.5 
28.5 
29.1 
24.5 
28.3 
29.6 
24.2 
26.7 
26.1 
24.0 
25.5 
26.0 
25.1 
26.2 
28.4 
27.8 
25.5 
27.7 
31.9 
27.6 
28.8 
25.3 
25.6 
26.7 
27.1 
26.9 
27.9 
26.2 
25.6 
29.3 
27.6 
27.2 
29.6 
23.7 
27.2 
28.9 
25.4 
25.0 
24.9 
23.9 
24.6 
23.0 
24.6 
25.2 
27.3 
24.7 
26.4 
30.3 
23.8 
30.7 
25.3 
27.2 
30.7 
26.4 
30.1 
27.0 
25.3 
25.0 
24.3 
28.4 
27.4 
29.3 
28.2 
31.6 
29.0 
26.9 
24.8 
24.9 
23.9 
25.2 
25.2 
27.8 
26.8 
25.3 
26.0 
30.1 
31.0 
28.7 
26.5 
27.1 
27.7 
25.1 
27.2 
25.4 
30.2 
31.0 
27.2 
25.9 
27.6 
31.1 
23.0 
26.5 
24.8 
29.1 
22.6 
27.4 
24.8 
28.7 
22.8 
25.4 
24.8 
26.2 
25.4 
26.7 
29.0 
27.0 
25.1 
28.9 
31.0 
28.6 
28.7 
27.4 
26.0 
26.2 
27.2 
26.9 
25.9 
24.3 
30.6 
27.8 
26.6 
30.7 
28.3 
27.6 
