23.7 
24.8 
17.1 
20.9 
21.1 
17.5 
14.2 
21.6 
21.6 
21.9 
22.9 
21.1 
25.8 
30.8 
25.5 
23.9 
24.7 
21.0 
22.8 
23.4 
22.9 
23.5 
25.5 
23.7 
24.9 
21.7 
27.0 
20.4 
23.8 
25.2 
20.2 
20.2 
21.6 
24.2 
22.5 
22.4 
24.6 
22.5 
22.7 
23.1 
21.8 
21.1 
21.2 
23.3 
23.7 
22.2 
23.2 
23.5 
19.6 
20.9 
22.1 
23.4 
22.3 
25.9 
25.8 
13.9 
5.2 
3.8 
20.3 
21.9 
25.5 
23.0 
25.2 
22.2 
18.6 
22.6 
24.6 
29.4 
25.5 
27.1 
22.9 
22.6 
22.9 
23.4 
21.8 
25.6 
22.1 
23.1 
21.2 
26.2 
23.7 
27.3 
25.7 
26.4 
20.5 
21.9 
21.6 
25.8 
20.7 
24.5 
24.8 
21.4 
20.3 
22.2 
24.2 
28.5 
22.0 
23.8 
22.8 
21.9 
23.7 
24.4 
23.2 
22.9 
23.3 
23.0 
28.3 
21.9 
24.2 
27.5 
25.0 
22.7 
20.8 
22.3 
25.0 
23.8 
23.3 
23.3 
26.3 
25.2 
25.8 
23.9 
23.5 
22.5 
21.9 
24.9 
23.0 
22.7 
25.2 
22.1 
25.3 
18.7 
26.8 
22.1 
26.2 
25.5 
24.9 
23.9 
20.4 
19.8 
20.6 
25.4 
22.5 
25.9 
21.1 
23.0 
22.8 
22.1 
24.5 
24.9 
22.1 
26.2 
24.1 
25.1 
23.4 
25.5 
21.1 
26.3 
24.7 
21.6 
26.4 
20.3 
24.7 
20.5 
20.8 
22.3 
28.3 
25.4 
28.3 
23.4 
21.6 
21.5 
19.7 
21.6 
