20.0 
23.7 
22.6 
22.5 
21.7 
20.3 
21.0 
22.2 
21.1 
25.1 
23.7 
23.5 
25.6 
23.5 
24.9 
24.1 
24.5 
23.7 
22.9 
22.1 
22.9 
23.0 
22.7 
23.2 
23.7 
22.8 
26.4 
25.8 
23.9 
25.9 
24.2 
23.3 
22.4 
23.5 
22.9 
25.7 
23.2 
24.5 
23.6 
25.2 
23.8 
24.9 
22.1 
24.3 
24.0 
24.2 
24.2 
25.0 
21.2 
25.5 
28.6 
26.6 
23.8 
23.3 
22.0 
21.9 
21.9 
23.3 
25.1 
26.2 
24.4 
25.6 
25.3 
24.0 
22.4 
24.4 
24.1 
28.6 
22.6 
23.9 
21.6 
24.5 
24.5 
25.7 
23.7 
21.3 
24.3 
24.8 
25.7 
25.1 
27.1 
26.8 
26.9 
24.3 
26.1 
26.2 
22.5 
25.5 
22.7 
23.3 
22.3 
24.0 
21.7 
26.2 
26.1 
28.7 
23.5 
25.3 
25.9 
23.5 
24.1 
22.0 
23.6 
26.0 
24.6 
24.7 
26.4 
29.1 
28.6 
25.1 
23.9 
24.4 
26.1 
24.1 
24.9 
23.8 
26.4 
25.6 
26.1 
25.7 
23.9 
24.0 
25.3 
25.8 
22.9 
27.3 
23.2 
28.2 
26.2 
25.6 
25.4 
24.6 
25.5 
22.4 
21.8 
23.1 
22.6 
23.2 
23.3 
24.6 
23.1 
25.9 
27.2 
26.8 
27.1 
29.8 
28.4 
26.1 
24.7 
26.0 
24.7 
23.9 
24.3 
27.4 
24.5 
23.0 
26.3 
23.5 
27.9 
26.5 
26.7 
28.2 
25.4 
22.9 
23.3 
25.4 
23.3 
28.1 
25.6 
26.9 
22.7 
24.4 
24.5 
22.6 
25.6 
24.6 
25.1 
21.9 
25.9 
24.2 
24.3 
26.4 
24.7 
28.5 
23.6 
24.0 
27.0 
24.3 
26.5 
27.5 
29.1 
26.2 
24.8 
