29.5 
24.1 
22.2 
22.6 
22.4 
21.1 
13.7 
19.1 
18.2 
19.4 
22.3 
20.2 
22.5 
22.9 
22.3 
22.6 
25.0 
18.9 
20.4 
17.9 
20.8 
20.9 
24.3 
26.0 
22.2 
22.7 
19.7 
21.8 
23.7 
18.7 
22.0 
20.1 
21.9 
21.0 
25.9 
18.6 
25.7 
26.9 
21.8 
23.0 
21.8 
24.4 
20.7 
25.7 
22.6 
22.1 
21.0 
21.1 
22.1 
21.5 
23.8 
25.6 
24.2 
21.5 
22.5 
20.4 
20.0 
22.0 
22.8 
22.3 
22.2 
24.7 
26.2 
23.6 
25.8 
26.2 
23.1 
23.3 
25.7 
21.8 
27.2 
26.6 
21.0 
23.0 
25.2 
22.6 
23.0 
22.9 
25.4 
21.9 
24.6 
20.6 
22.3 
19.7 
21.6 
19.8 
20.8 
21.5 
22.5 
26.1 
20.5 
19.7 
24.0 
20.0 
21.9 
27.3 
26.2 
22.7 
28.6 
29.8 
24.5 
26.6 
21.1 
22.3 
22.0 
20.7 
24.6 
23.1 
21.7 
25.8 
28.2 
24.6 
24.5 
23.5 
28.3 
22.9 
23.5 
26.2 
22.2 
22.1 
22.0 
23.2 
25.1 
23.5 
22.9 
28.4 
25.4 
