18.9 
19.9 
20.6 
16.7 
20.5 
20.8 
19.7 
20.2 
22.3 
21.8 
22.8 
24.9 
21.3 
23.0 
24.7 
22.6 
22.8 
22.1 
20.9 
24.3 
24.0 
23.6 
23.9 
25.2 
22.9 
22.0 
26.0 
23.0 
22.6 
23.9 
23.1 
21.7 
22.2 
22.2 
24.4 
25.1 
22.4 
25.5 
28.3 
24.9 
24.0 
24.7 
25.5 
24.1 
22.6 
23.6 
24.7 
23.9 
23.5 
25.4 
20.5 
22.9 
20.9 
23.9 
22.0 
23.6 
22.5 
22.7 
20.0 
22.1 
23.5 
21.4 
22.9 
23.1 
21.4 
22.9 
21.7 
21.9 
22.6 
20.2 
20.6 
23.2 
23.5 
23.7 
23.0 
23.8 
25.0 
23.5 
24.0 
21.5 
24.1 
21.7 
22.6 
26.0 
24.4 
24.3 
23.2 
25.1 
23.6 
24.9 
24.2 
25.1 
23.1 
22.3 
25.0 
27.7 
25.5 
24.9 
24.9 
22.8 
24.8 
22.8 
20.6 
21.2 
24.8 
23.3 
22.4 
22.0 
