25.4 
22.4 
23.5 
24.7 
18.0 
25.2 
23.9 
28.8 
27.9 
26.4 
26.8 
25.8 
28.6 
26.2 
27.2 
29.3 
27.5 
30.7 
27.7 
24.5 
28.6 
28.1 
29.0 
27.2 
26.8 
26.0 
23.1 
26.3 
24.9 
25.6 
25.7 
27.6 
28.5 
24.7 
27.3 
32.1 
28.4 
24.3 
24.1 
31.1 
29.4 
25.8 
24.6 
28.1 
30.4 
27.2 
23.7 
28.0 
26.4 
27.3 
23.4 
27.3 
25.8 
23.4 
28.3 
27.1 
29.1 
32.1 
30.8 
30.4 
27.5 
24.6 
25.3 
29.2 
25.6 
25.4 
27.6 
24.6 
29.1 
27.5 
28.7 
26.1 
29.3 
29.5 
25.1 
27.4 
26.0 
27.6 
27.9 
29.1 
30.2 
25.4 
34.3 
26.7 
24.2 
28.3 
26.5 
27.5 
25.2 
24.6 
25.2 
28.5 
28.7 
25.3 
25.1 
29.0 
27.7 
30.2 
24.8 
27.2 
