21.2 
25.0 
21.1 
22.3 
19.6 
22.8 
20.1 
19.9 
22.1 
20.8 
21.3 
20.7 
21.1 
20.8 
21.1 
22.7 
21.6 
21.2 
22.5 
23.5 
21.8 
23.0 
22.0 
22.2 
25.3 
21.2 
20.5 
21.8 
21.8 
21.1 
21.0 
21.9 
20.7 
23.0 
24.8 
24.9 
25.2 
22.5 
22.7 
24.8 
19.9 
22.5 
21.8 
24.8 
22.8 
25.6 
24.7 
22.9 
24.9 
21.9 
23.3 
23.2 
22.7 
23.9 
21.0 
22.4 
21.3 
22.8 
22.6 
22.6 
22.6 
23.5 
25.0 
26.1 
22.7 
20.1 
22.7 
21.4 
23.1 
23.8 
22.2 
23.9 
22.3 
24.1 
22.6 
21.7 
28.6 
23.6 
24.2 
23.1 
21.7 
22.0 
24.6 
21.3 
25.2 
28.5 
21.0 
22.2 
20.4 
22.9 
22.6 
21.1 
22.9 
23.6 
21.2 
21.6 
25.1 
24.2 
24.9 
24.9 
21.9 
22.6 
23.7 
21.6 
22.6 
18.6 
22.3 
22.8 
21.2 
23.0 
23.8 
22.0 
22.2 
23.4 
24.8 
22.1 
24.7 
21.4 
22.6 
24.2 
20.7 
20.9 
23.3 
23.7 
25.7 
27.6 
27.5 
27.1 
27.3 
24.9 
23.3 
22.6 
21.3 
20.7 
22.0 
21.7 
20.9 
22.2 
23.3 
22.1 
27.7 
30.2 
24.7 
23.1 
22.6 
23.8 
21.4 
21.2 
21.9 
22.4 
23.6 
23.0 
22.5 
22.6 
24.5 
23.1 
24.1 
23.8 
21.6 
22.0 
22.9 
22.0 
23.7 
22.4 
22.4 
24.2 
24.6 
27.7 
27.0 
25.5 
22.0 
23.3 
22.1 
21.9 
