25.2 
22.9 
25.4 
24.1 
24.1 
24.7 
28.7 
26.1 
27.0 
24.7 
26.2 
24.9 
21.3 
25.1 
28.0 
34.3 
22.9 
27.6 
26.2 
28.8 
31.2 
23.1 
26.4 
26.0 
22.9 
24.8 
24.3 
27.6 
31.1 
28.5 
26.4 
26.3 
30.8 
25.9 
26.4 
25.1 
27.0 
28.4 
24.5 
25.3 
28.3 
32.1 
27.6 
29.9 
29.5 
24.7 
23.9 
23.4 
26.6 
24.8 
26.1 
22.9 
24.4 
23.9 
27.6 
28.7 
30.5 
27.4 
31.6 
25.3 
26.7 
26.9 
27.4 
26.2 
29.8 
25.8 
26.3 
29.1 
28.5 
34.2 
26.3 
24.1 
28.2 
26.8 
25.9 
28.1 
25.1 
24.7 
27.6 
26.8 
33.4 
35.4 
26.2 
24.0 
24.5 
23.2 
26.6 
25.0 
26.9 
25.7 
25.8 
27.3 
24.1 
32.3 
25.9 
22.1 
24.8 
26.9 
23.7 
24.4 
29.1 
25.3 
25.0 
26.1 
28.9 
26.9 
26.5 
21.9 
23.9 
22.5 
27.3 
22.8 
27.2 
24.7 
29.5 
29.4 
29.8 
30.0 
29.3 
29.7 
27.9 
25.9 
23.5 
23.3 
25.1 
22.6 
25.5 
27.1 
30.7 
25.0 
29.1 
32.6 
28.1 
30.6 
28.0 
25.0 
26.7 
25.8 
23.0 
23.7 
27.6 
26.0 
30.0 
26.8 
29.7 
27.0 
24.4 
25.5 
26.6 
26.4 
24.7 
26.5 
27.8 
31.8 
24.7 
26.0 
22.9 
23.5 
24.7 
24.5 
24.1 
22.6 
24.6 
25.8 
23.9 
