20.5 
23.5 
21.8 
14.8 
17.3 
18.2 
20.9 
21.9 
18.0 
22.4 
22.2 
23.3 
20.0 
22.7 
21.3 
22.4 
22.9 
26.5 
26.9 
19.9 
20.8 
18.0 
23.2 
22.0 
22.5 
20.7 
21.7 
20.3 
22.1 
21.3 
22.9 
23.9 
21.3 
24.2 
20.3 
27.0 
24.6 
21.7 
24.0 
22.3 
24.9 
20.6 
23.2 
22.7 
27.8 
24.9 
30.4 
29.4 
25.2 
26.4 
24.6 
22.8 
22.2 
20.5 
21.8 
23.5 
18.7 
21.6 
24.7 
25.8 
29.2 
21.4 
19.6 
21.2 
21.5 
22.4 
21.4 
19.9 
22.4 
22.7 
22.4 
22.0 
23.6 
26.9 
23.7 
27.5 
24.8 
23.7 
24.4 
21.3 
21.5 
20.6 
25.7 
22.2 
21.0 
24.2 
34.8 
28.0 
26.3 
27.8 
26.6 
20.6 
23.2 
23.3 
21.2 
26.0 
23.1 
22.4 
25.7 
24.9 
28.5 
24.4 
18.3 
21.4 
19.6 
25.4 
23.5 
23.5 
25.3 
25.7 
23.7 
24.1 
26.7 
23.8 
32.1 
21.8 
18.8 
23.1 
