53.6 
53.6 
53.8 
54.1 
42.8 
53.3 
52.5 
52.4 
53.1 
42.9 
52.3 
53.7 
53.6 
53.6 
53.5 
54.2 
53.5 
51.0 
50.1 
53.6 
53.4 
53.7 
53.6 
54.2 
53.5 
53.6 
54.2 
53.6 
53.5 
53.6 
53.6 
53.7 
53.5 
49.5 
53.7 
53.5 
53.6 
53.5 
53.7 
52.5 
52.2 
49.6 
49.5 
53.4 
53.6 
53.6 
53.5 
53.6 
53.5 
53.6 
53.5 
53.6 
51.1 
49.7 
53.6 
53.6 
53.4 
50.2 
49.6 
51.9 
54.2 
51.0 
52.6 
49.6 
53.6 
53.6 
51.0 
49.6 
53.2 
53.6 
53.5 
51.1 
50.1 
53.5 
52.6 
54.2 
53.7 
53.8 
52.9 
53.0 
53.1 
53.5 
49.5 
53.7 
53.5 
53.5 
53.5 
53.7 
53.7 
54.2 
53.6 
53.6 
53.8 
53.8 
52.6 
51.0 
52.0 
52.4 
51.9 
52.4 
50.7 
52.2 
53.2 
50.6 
53.5 
54.3 
53.8 
