53.7 
53.5 
53.3 
53.5 
53.7 
54.4 
53.6 
54.4 
53.6 
53.6 
53.5 
53.8 
53.6 
54.2 
53.7 
53.5 
53.5 
53.5 
53.5 
53.9 
54.2 
53.6 
53.6 
53.6 
54.2 
53.5 
53.6 
53.6 
53.6 
53.5 
53.8 
53.8 
53.7 
53.4 
54.2 
53.6 
53.6 
54.2 
53.6 
53.6 
53.8 
53.6 
53.6 
53.6 
54.1 
53.4 
54.2 
51.7 
53.6 
53.6 
53.7 
53.5 
52.2 
53.7 
53.7 
53.5 
53.6 
53.7 
53.5 
53.7 
54.0 
53.6 
53.6 
48.2 
53.6 
53.8 
53.5 
53.6 
54.2 
53.6 
53.8 
53.6 
53.5 
53.5 
53.6 
53.5 
53.5 
53.6 
53.7 
53.5 
53.6 
54.2 
53.6 
53.6 
53.4 
53.6 
53.6 
50.5 
53.8 
53.6 
53.7 
53.8 
53.5 
53.6 
53.5 
53.6 
53.6 
53.7 
53.7 
53.7 
53.5 
53.5 
53.6 
53.6 
54.2 
53.5 
53.6 
53.6 
53.6 
53.5 
53.6 
53.6 
53.8 
53.6 
53.5 
53.6 
53.6 
53.6 
53.7 
53.6 
53.6 
54.2 
53.5 
53.6 
