57.0 
57.4 
54.5 
53.8 
53.6 
53.9 
56.1 
56.3 
56.3 
57.0 
54.2 
56.0 
56.9 
56.2 
56.3 
56.5 
53.8 
55.0 
53.7 
57.1 
57.0 
57.1 
57.0 
57.0 
57.4 
57.1 
54.1 
57.0 
56.7 
55.2 
53.6 
54.7 
57.1 
57.1 
56.6 
54.1 
54.5 
53.6 
53.7 
56.7 
57.1 
57.0 
57.1 
57.1 
57.0 
56.3 
56.3 
53.5 
53.6 
56.5 
57.1 
56.9 
57.0 
56.8 
56.7 
56.9 
50.1 
53.6 
57.5 
57.1 
57.1 
57.1 
56.7 
56.7 
57.2 
57.2 
57.0 
53.5 
56.9 
57.0 
57.0 
57.1 
57.3 
57.0 
57.1 
57.1 
56.3 
57.4 
57.1 
56.2 
56.3 
56.9 
54.6 
53.6 
54.5 
57.1 
53.7 
54.1 
57.1 
57.0 
57.0 
57.4 
57.2 
55.8 
56.9 
57.2 
57.0 
57.0 
53.8 
57.0 
54.8 
57.0 
57.0 
56.3 
56.9 
56.8 
56.1 
57.0 
57.1 
57.1 
57.1 
56.8 
57.1 
57.2 
57.2 
54.4 
54.4 
57.0 
56.8 
56.7 
57.1 
56.8 
54.9 
55.2 
57.1 
56.7 
53.5 
56.8 
57.1 
57.0 
56.6 
57.0 
57.1 
56.9 
53.8 
54.7 
56.9 
57.1 
54.0 
54.6 
53.6 
57.3 
57.2 
57.0 
57.0 
57.1 
54.8 
57.1 
56.9 
57.0 
54.5 
57.1 
54.7 
54.6 
56.3 
54.7 
57.1 
55.1 
56.1 
57.1 
57.1 
57.1 
55.3 
56.8 
57.0 
53.4 
56.1 
56.9 
57.1 
57.0 
57.0 
55.9 
57.2 
57.0 
57.1 
57.1 
57.0 
56.4 
57.0 
57.2 
56.9 
57.1 
57.0 
53.7 
53.6 
53.5 
56.8 
57.1 
57.0 
56.5 
54.9 
53.9 
57.1 
57.1 
57.0 
56.9 
57.2 
57.0 
54.9 
57.0 
57.1 
57.0 
57.1 
56.9 
39.6 
57.0 
57.1 
54.6 
54.4 
55.9 
56.9 
56.4 
54.7 
57.1 
57.0 
57.0 
56.3 
56.9 
53.7 
53.6 
53.7 
53.8 
54.4 
57.1 
56.9 
56.9 
56.9 
53.7 
56.1 
55.3 
54.8 
57.2 
56.4 
53.8 
54.0 
57.1 
53.3 
57.1 
57.1 
57.1 
56.9 
57.0 
