33.4 
35.8 
37.1 
38.0 
37.6 
39.8 
37.1 
38.5 
41.4 
39.3 
39.3 
34.1 
39.7 
38.2 
39.1 
39.5 
35.1 
38.0 
37.1 
37.5 
40.6 
42.6 
31.4 
39.0 
39.6 
42.0 
40.5 
39.5 
35.8 
38.4 
39.5 
37.8 
38.1 
39.1 
39.6 
40.0 
39.9 
35.3 
37.0 
39.8 
37.3 
35.3 
38.0 
39.9 
36.4 
39.2 
38.5 
36.6 
39.8 
43.3 
39.8 
36.2 
38.9 
40.5 
39.9 
38.6 
39.9 
39.1 
37.1 
39.9 
39.9 
39.9 
39.5 
39.7 
40.0 
42.3 
40.0 
38.4 
39.9 
25.1 
42.5 
39.9 
39.9 
35.0 
41.1 
37.6 
39.9 
40.7 
32.7 
40.1 
37.0 
39.8 
40.3 
37.2 
38.7 
36.4 
34.0 
38.3 
40.3 
39.2 
39.7 
40.2 
41.3 
37.2 
37.6 
38.4 
37.1 
39.7 
40.0 
39.0 
39.9 
30.7 
39.7 
40.1 
38.3 
44.4 
41.5 
39.7 
36.9 
38.3 
38.5 
39.3 
40.1 
39.8 
36.5 
40.9 
39.9 
41.3 
37.0 
40.0 
39.2 
39.2 
34.4 
39.7 
39.9 
39.8 
40.1 
40.6 
38.5 
41.0 
39.9 
39.8 
39.9 
39.7 
40.3 
38.2 
38.8 
37.0 
37.7 
39.8 
42.7 
44.3 
37.1 
37.0 
41.1 
40.9 
35.7 
38.7 
38.2 
40.5 
38.4 
35.6 
40.4 
39.9 
30.3 
35.2 
38.4 
38.9 
39.8 
39.5 
39.0 
39.2 
37.9 
33.9 
44.6 
42.7 
39.9 
40.1 
40.1 
36.9 
39.8 
35.7 
36.7 
39.1 
39.6 
39.9 
39.2 
38.7 
40.0 
41.1 
41.1 
39.5 
38.9 
41.5 
39.8 
39.6 
39.8 
38.6 
38.9 
32.1 
39.7 
41.0 
41.0 
40.6 
31.6 
30.6 
38.4 
38.5 
39.8 
38.5 
36.8 
39.7 
37.0 
39.4 
38.2 
35.0 
37.8 
36.9 
36.4 
36.7 
39.4 
37.8 
39.8 
39.4 
39.2 
41.9 
40.9 
35.6 
38.5 
37.2 
39.6 
39.0 
41.0 
42.0 
39.8 
31.2 
34.1 
39.5 
40.0 
39.6 
37.0 
39.9 
38.5 
41.3 
37.3 
39.5 
40.0 
40.0 
34.2 
39.5 
37.4 
38.3 
27.3 
39.4 
38.5 
38.3 
37.0 
39.8 
42.0 
37.7 
39.7 
39.6 
39.3 
39.9 
37.2 
34.8 
39.8 
41.4 
36.9 
40.6 
31.4 
37.5 
32.0 
32.3 
36.0 
45.0 
36.0 
31.8 
