53.6 
53.6 
53.6 
53.7 
56.2 
54.7 
56.0 
53.7 
54.5 
54.0 
53.7 
56.0 
53.8 
53.6 
53.6 
53.7 
53.6 
53.6 
55.9 
56.6 
54.5 
53.8 
53.7 
56.0 
53.6 
57.1 
57.2 
54.7 
56.0 
53.7 
53.6 
53.6 
56.7 
55.9 
54.2 
53.9 
53.8 
53.4 
54.1 
53.7 
53.6 
53.6 
56.2 
54.1 
56.7 
53.7 
53.9 
53.6 
53.8 
53.6 
53.5 
53.9 
53.5 
53.8 
57.1 
53.9 
54.5 
53.8 
53.6 
54.2 
54.3 
55.9 
55.8 
53.5 
53.6 
55.9 
54.5 
57.0 
51.7 
53.7 
53.6 
54.6 
54.5 
53.6 
54.2 
53.5 
53.9 
53.9 
53.8 
53.6 
56.6 
53.5 
53.5 
53.6 
53.6 
54.4 
53.7 
54.0 
56.9 
55.4 
56.0 
54.8 
56.8 
53.6 
55.9 
56.2 
54.2 
54.7 
54.2 
53.8 
56.1 
53.8 
53.6 
53.9 
53.4 
53.7 
56.2 
53.9 
57.0 
55.9 
53.8 
54.2 
53.7 
56.1 
54.2 
44.6 
53.6 
54.6 
53.7 
55.9 
56.7 
54.7 
54.2 
53.8 
53.9 
56.2 
56.9 
53.4 
53.8 
57.0 
53.6 
53.8 
55.9 
54.4 
