55.5 
56.3 
56.1 
54.8 
56.3 
55.2 
57.1 
56.9 
57.1 
57.1 
57.2 
56.9 
57.1 
56.9 
57.1 
57.4 
53.6 
57.2 
57.2 
57.0 
57.1 
57.1 
57.0 
57.0 
53.7 
54.7 
57.0 
57.5 
57.0 
57.1 
55.9 
53.6 
53.7 
56.8 
57.1 
57.0 
56.9 
57.1 
57.2 
56.9 
57.2 
57.1 
54.8 
57.0 
57.0 
57.0 
57.0 
56.9 
57.4 
57.0 
57.0 
57.0 
57.2 
57.0 
56.6 
57.1 
56.8 
57.2 
57.1 
57.1 
57.1 
56.9 
56.9 
56.5 
53.7 
56.2 
56.0 
57.0 
57.0 
57.1 
57.1 
57.1 
57.3 
57.1 
56.9 
57.2 
54.8 
57.1 
56.9 
57.0 
54.5 
57.1 
56.8 
57.0 
54.6 
56.7 
54.7 
56.3 
54.7 
56.8 
56.1 
57.2 
57.2 
57.0 
57.0 
57.1 
57.1 
56.9 
56.3 
57.0 
57.1 
56.9 
56.9 
57.1 
57.3 
56.3 
57.0 
57.4 
57.1 
57.1 
56.9 
57.1 
53.7 
57.0 
57.0 
57.2 
57.0 
54.8 
56.9 
57.2 
57.1 
57.0 
57.2 
54.8 
56.4 
57.1 
56.9 
57.0 
57.2 
57.0 
56.9 
53.9 
56.4 
57.1 
56.9 
56.9 
57.0 
57.1 
56.3 
57.3 
54.7 
57.1 
57.1 
57.0 
57.2 
56.3 
56.1 
