56.0 
39.4 
54.0 
52.9 
53.5 
53.6 
49.4 
53.5 
26.1 
53.2 
53.7 
53.8 
53.6 
53.5 
53.7 
53.6 
53.6 
53.7 
53.7 
53.7 
53.6 
53.8 
53.6 
54.2 
53.9 
53.8 
53.6 
54.4 
53.5 
54.1 
53.8 
53.5 
53.5 
53.6 
53.5 
53.5 
53.6 
53.6 
53.6 
54.3 
53.6 
54.2 
53.6 
54.2 
53.6 
53.7 
53.6 
53.4 
53.6 
53.6 
54.3 
53.6 
53.4 
54.2 
54.4 
54.4 
53.4 
53.6 
53.6 
53.6 
53.6 
53.7 
53.3 
53.8 
53.6 
53.6 
53.6 
54.1 
53.5 
53.7 
53.5 
53.7 
53.6 
53.6 
53.5 
54.2 
53.6 
54.3 
53.6 
54.3 
54.2 
54.2 
53.6 
54.2 
53.8 
53.7 
53.5 
53.8 
53.4 
53.5 
54.3 
54.2 
53.4 
53.8 
53.6 
53.8 
53.5 
53.6 
53.6 
53.6 
53.9 
53.4 
53.6 
53.7 
53.8 
53.6 
53.6 
53.8 
53.6 
53.5 
54.3 
53.6 
54.2 
53.7 
53.5 
53.6 
53.8 
53.6 
53.5 
54.1 
53.6 
53.6 
53.4 
53.7 
53.6 
53.7 
53.4 
53.7 
53.6 
53.6 
53.6 
53.6 
53.7 
53.7 
54.2 
53.6 
53.6 
53.6 
53.6 
53.5 
53.8 
54.4 
53.6 
53.6 
53.6 
53.6 
53.5 
54.3 
54.2 
54.0 
53.5 
53.5 
53.6 
53.6 
53.5 
53.8 
53.7 
53.6 
54.2 
53.7 
53.6 
53.5 
53.6 
53.8 
53.5 
53.6 
53.6 
54.2 
53.6 
53.6 
53.7 
50.1 
53.5 
54.1 
53.6 
53.8 
53.6 
52.3 
54.2 
52.0 
53.7 
53.6 
53.7 
54.1 
54.1 
53.5 
53.6 
39.2 
53.7 
53.7 
53.0 
53.7 
53.5 
53.8 
53.2 
52.9 
53.8 
54.1 
54.1 
53.6 
53.6 
53.6 
53.6 
53.6 
53.6 
53.6 
53.7 
53.8 
53.7 
51.0 
53.5 
53.7 
53.6 
54.4 
53.6 
53.6 
53.5 
53.5 
53.6 
53.5 
53.7 
53.5 
53.6 
53.8 
53.6 
53.5 
53.8 
53.6 
53.5 
53.8 
54.2 
53.7 
53.5 
53.5 
53.6 
54.3 
53.7 
53.5 
53.5 
53.3 
54.3 
53.8 
53.6 
53.7 
53.5 
54.2 
54.2 
53.6 
53.7 
53.6 
53.4 
51.5 
