53.1 
53.5 
53.5 
53.5 
53.6 
53.5 
53.8 
53.9 
53.7 
53.7 
54.5 
55.9 
56.9 
53.6 
53.8 
53.5 
56.0 
54.2 
53.8 
53.5 
53.7 
53.6 
53.6 
53.6 
53.6 
55.9 
53.5 
53.6 
53.6 
53.5 
53.7 
53.6 
53.5 
53.6 
53.6 
53.7 
53.6 
54.1 
53.7 
53.6 
53.6 
53.6 
56.0 
54.4 
55.8 
53.6 
53.6 
53.6 
53.7 
54.6 
53.6 
56.5 
56.0 
53.6 
53.6 
54.8 
53.8 
53.6 
54.3 
53.6 
53.6 
53.5 
56.0 
54.4 
53.5 
53.6 
53.7 
53.8 
53.7 
53.6 
54.3 
54.7 
53.7 
53.7 
53.6 
53.4 
53.7 
53.7 
53.7 
54.5 
53.6 
54.3 
53.6 
54.1 
53.7 
53.6 
53.6 
53.6 
54.3 
54.0 
53.5 
53.6 
54.3 
53.6 
53.5 
53.6 
53.9 
53.5 
56.1 
53.5 
53.8 
53.6 
53.6 
53.4 
55.9 
53.8 
53.7 
54.6 
53.6 
53.6 
53.5 
53.6 
53.6 
53.6 
53.8 
53.5 
53.6 
53.8 
53.9 
53.4 
53.7 
54.4 
53.5 
53.7 
53.6 
53.7 
53.6 
54.6 
53.7 
53.6 
53.7 
53.8 
53.6 
54.2 
53.5 
53.6 
53.7 
52.8 
53.6 
54.1 
53.6 
54.2 
51.0 
54.2 
53.7 
53.9 
53.7 
53.8 
54.0 
53.7 
53.8 
53.4 
54.5 
53.4 
53.7 
54.2 
53.7 
53.6 
54.5 
53.9 
53.7 
53.4 
57.2 
55.8 
54.4 
53.7 
53.6 
53.6 
53.6 
53.5 
53.5 
53.6 
53.6 
53.7 
53.8 
53.7 
53.6 
53.6 
53.8 
53.6 
53.8 
53.5 
53.5 
53.7 
54.3 
53.5 
53.6 
53.6 
53.6 
53.5 
53.7 
54.2 
53.7 
53.6 
53.8 
54.2 
53.7 
53.4 
53.7 
54.1 
53.6 
53.6 
53.5 
56.2 
56.8 
54.7 
53.6 
54.2 
54.2 
53.2 
54.3 
53.6 
53.7 
54.2 
53.9 
53.8 
55.3 
54.7 
53.7 
53.6 
53.7 
53.7 
53.8 
53.7 
56.0 
53.7 
53.7 
53.8 
54.1 
53.6 
53.2 
53.6 
53.6 
53.8 
53.6 
53.5 
53.6 
53.7 
53.6 
54.4 
53.6 
53.5 
53.7 
53.6 
53.9 
54.5 
53.6 
53.6 
53.7 
53.5 
53.7 
53.6 
54.2 
53.6 
54.3 
47.8 
53.8 
53.5 
53.8 
53.9 
53.6 
53.5 
53.8 
54.3 
53.6 
53.7 
53.6 
53.8 
53.6 
53.7 
54.5 
53.6 
