53.6 
52.0 
53.6 
53.7 
53.5 
54.2 
53.3 
53.6 
53.4 
53.6 
53.5 
53.9 
53.7 
50.2 
53.8 
54.2 
53.8 
53.5 
53.6 
54.3 
53.4 
53.5 
53.6 
53.6 
54.2 
50.0 
53.3 
53.6 
53.6 
53.6 
53.5 
54.2 
53.6 
53.9 
53.5 
53.6 
53.6 
53.5 
53.6 
53.6 
53.7 
53.5 
53.7 
53.6 
53.6 
53.6 
53.7 
53.5 
53.3 
53.6 
53.4 
53.7 
54.1 
53.4 
53.9 
53.4 
54.2 
53.8 
53.6 
53.6 
52.6 
53.6 
53.3 
50.2 
53.6 
53.7 
54.1 
53.8 
53.6 
53.5 
53.6 
53.5 
53.5 
53.6 
53.8 
53.5 
51.1 
53.4 
54.1 
53.6 
53.1 
53.5 
52.7 
53.6 
53.6 
53.6 
53.6 
53.7 
53.6 
53.3 
49.9 
52.9 
53.6 
53.6 
53.7 
53.5 
53.5 
53.6 
53.6 
53.6 
53.8 
53.5 
53.6 
53.6 
51.2 
53.6 
52.3 
52.6 
53.4 
49.6 
53.6 
53.7 
53.6 
54.2 
53.5 
54.2 
53.5 
53.5 
50.7 
53.5 
