44.2 
49.6 
52.9 
49.7 
51.9 
35.9 
48.7 
49.6 
51.3 
52.9 
51.0 
50.9 
50.1 
52.5 
53.2 
50.6 
49.6 
49.7 
52.6 
54.1 
51.8 
52.3 
49.3 
52.1 
53.2 
46.8 
47.8 
52.8 
48.5 
46.6 
50.4 
48.5 
52.7 
50.0 
48.3 
49.9 
50.2 
50.4 
49.0 
48.0 
45.7 
50.7 
49.6 
46.7 
53.6 
53.5 
53.4 
46.7 
49.0 
53.4 
45.5 
49.5 
50.9 
50.7 
50.4 
50.2 
45.2 
49.7 
47.7 
48.3 
48.3 
48.5 
49.7 
50.7 
50.8 
49.9 
52.6 
49.8 
50.7 
50.5 
53.6 
49.2 
47.1 
45.6 
48.0 
49.5 
48.4 
44.8 
45.5 
46.9 
48.5 
45.7 
49.0 
51.3 
50.0 
50.0 
46.4 
46.9 
46.7 
48.2 
47.1 
46.4 
48.5 
52.9 
48.5 
46.9 
53.6 
50.6 
48.0 
46.8 
53.5 
53.3 
53.6 
53.7 
50.0 
53.4 
53.4 
50.4 
53.2 
52.3 
