56.5 
53.7 
51.0 
51.0 
50.1 
53.6 
52.2 
53.4 
53.7 
53.6 
50.1 
52.7 
53.4 
54.2 
53.5 
53.6 
53.3 
53.6 
53.5 
53.7 
53.3 
52.8 
53.5 
53.6 
53.6 
53.6 
53.5 
53.6 
53.6 
53.6 
53.6 
53.7 
53.5 
53.5 
53.6 
53.6 
49.3 
53.3 
53.7 
53.6 
53.6 
50.9 
53.7 
50.1 
52.7 
53.5 
52.7 
51.1 
53.3 
53.6 
53.1 
54.5 
53.6 
53.9 
53.6 
53.2 
53.8 
53.7 
52.7 
53.6 
52.4 
53.6 
53.5 
53.7 
49.8 
53.5 
53.5 
53.9 
53.6 
53.5 
53.0 
53.6 
53.5 
53.6 
53.8 
53.5 
54.2 
53.8 
50.9 
53.4 
53.6 
53.6 
53.5 
51.0 
53.6 
54.3 
53.6 
53.6 
54.4 
54.2 
50.1 
50.9 
53.5 
53.6 
53.7 
53.6 
53.4 
54.3 
53.6 
49.8 
52.2 
49.5 
50.5 
50.5 
53.7 
53.6 
53.5 
53.5 
53.6 
53.5 
53.6 
53.6 
49.5 
54.3 
50.8 
53.8 
53.7 
54.4 
53.6 
53.6 
53.5 
53.7 
53.8 
53.6 
53.6 
53.6 
53.6 
53.6 
52.7 
53.6 
53.5 
53.5 
49.9 
53.3 
53.3 
54.3 
53.5 
53.6 
53.9 
53.5 
53.4 
52.9 
53.6 
53.5 
51.5 
50.1 
53.7 
53.4 
53.3 
53.6 
53.6 
53.8 
53.6 
53.3 
53.6 
50.7 
52.7 
50.9 
51.2 
53.0 
53.6 
53.6 
53.6 
53.0 
53.6 
53.5 
53.5 
53.4 
53.4 
