43.9 
48.3 
48.4 
43.7 
48.0 
44.1 
47.9 
42.5 
47.1 
52.6 
45.7 
43.2 
45.0 
45.5 
46.4 
47.2 
49.0 
45.6 
49.3 
46.0 
48.2 
47.0 
45.6 
46.4 
48.0 
49.3 
42.3 
43.4 
48.9 
45.0 
49.9 
45.2 
47.0 
51.3 
48.1 
49.4 
48.8 
45.6 
46.6 
45.9 
45.2 
49.9 
49.1 
48.5 
48.6 
46.7 
46.7 
48.9 
46.4 
48.7 
46.8 
45.6 
46.6 
49.3 
47.2 
47.7 
48.5 
48.4 
49.0 
48.9 
49.1 
48.2 
44.4 
49.4 
47.0 
48.2 
49.5 
49.3 
49.0 
46.7 
46.1 
45.0 
46.6 
49.0 
50.1 
47.6 
50.0 
52.0 
48.8 
48.5 
48.2 
49.1 
50.0 
50.3 
45.4 
45.4 
49.6 
49.1 
49.1 
45.4 
49.6 
47.0 
49.7 
50.5 
49.1 
49.0 
43.9 
46.7 
49.7 
45.9 
45.4 
46.5 
47.9 
50.1 
50.0 
49.6 
46.6 
46.6 
46.9 
50.2 
49.3 
46.7 
47.4 
45.7 
53.0 
46.4 
49.8 
47.7 
46.1 
46.9 
49.7 
