56.6 
54.1 
56.0 
56.9 
50.4 
57.0 
56.6 
53.9 
56.1 
48.7 
56.2 
57.0 
56.6 
53.9 
53.9 
53.6 
57.1 
56.9 
54.0 
54.5 
56.3 
54.0 
56.2 
53.5 
54.7 
56.3 
54.6 
53.6 
54.5 
56.7 
53.7 
56.9 
53.8 
53.6 
53.6 
52.3 
53.7 
56.2 
53.9 
54.4 
54.5 
54.6 
57.2 
57.0 
54.7 
54.2 
55.9 
56.9 
54.3 
56.0 
57.0 
53.8 
53.6 
53.6 
56.8 
54.8 
56.0 
56.9 
54.2 
55.2 
53.8 
53.6 
56.9 
54.7 
56.1 
57.1 
53.6 
54.5 
57.1 
56.3 
57.0 
57.1 
56.3 
53.7 
54.4 
57.2 
53.7 
54.7 
54.7 
56.9 
56.8 
54.6 
54.7 
56.4 
53.6 
53.9 
53.7 
54.6 
53.9 
56.1 
53.8 
57.0 
55.3 
54.8 
56.6 
53.7 
56.0 
