54.6 
51.2 
53.6 
53.7 
52.7 
53.6 
51.0 
50.9 
53.6 
52.7 
53.0 
52.8 
53.3 
51.9 
53.3 
53.6 
53.5 
53.1 
51.0 
53.6 
53.5 
53.7 
53.2 
53.6 
53.6 
53.6 
53.6 
54.4 
51.0 
50.9 
52.7 
49.7 
53.2 
53.5 
53.6 
53.6 
53.4 
54.0 
53.6 
53.6 
53.6 
53.6 
53.7 
54.1 
51.7 
53.5 
53.6 
53.7 
53.4 
50.7 
53.6 
50.1 
52.7 
50.9 
52.6 
53.2 
53.7 
54.4 
54.4 
52.4 
50.4 
53.4 
53.6 
49.7 
53.3 
53.5 
54.5 
53.7 
53.6 
53.3 
48.6 
51.6 
52.9 
53.6 
53.7 
53.6 
51.1 
51.8 
49.6 
53.7 
54.2 
53.8 
52.6 
53.4 
52.6 
53.6 
53.6 
53.6 
50.0 
49.7 
52.8 
53.5 
53.5 
54.3 
53.6 
53.6 
53.8 
53.4 
52.7 
50.7 
50.0 
52.3 
53.6 
53.6 
53.5 
53.6 
53.6 
53.6 
53.6 
53.5 
53.5 
53.6 
53.7 
47.2 
53.9 
54.0 
50.6 
53.3 
51.6 
53.6 
53.6 
53.8 
53.5 
53.6 
53.6 
53.6 
53.8 
51.9 
53.0 
54.2 
53.6 
53.6 
51.0 
53.7 
53.6 
53.6 
51.6 
52.5 
53.5 
53.5 
53.6 
53.5 
