42.0 
35.4 
43.8 
43.0 
43.9 
44.2 
44.4 
43.6 
38.1 
44.2 
44.2 
43.2 
43.3 
41.3 
39.3 
43.8 
42.1 
43.0 
44.0 
42.8 
41.8 
43.4 
41.8 
44.0 
44.1 
43.4 
49.3 
48.2 
42.0 
40.2 
41.1 
40.0 
34.4 
33.4 
38.6 
39.9 
45.1 
45.2 
46.9 
50.1 
48.3 
39.2 
40.9 
44.2 
44.8 
46.2 
45.3 
44.8 
40.8 
37.8 
38.7 
41.7 
45.2 
41.8 
41.9 
43.4 
43.9 
42.4 
40.5 
42.7 
39.3 
41.4 
47.6 
38.5 
44.2 
44.5 
45.5 
42.4 
39.9 
43.3 
41.4 
40.9 
47.5 
41.8 
44.7 
44.7 
40.4 
45.3 
42.0 
44.3 
43.6 
43.1 
43.8 
44.3 
38.7 
43.4 
42.1 
42.1 
41.3 
44.9 
40.6 
43.2 
44.4 
44.9 
48.0 
44.8 
40.9 
41.4 
43.4 
45.1 
45.1 
43.3 
44.6 
40.3 
42.7 
42.1 
41.6 
41.6 
40.1 
43.5 
45.4 
43.4 
41.0 
46.3 
44.4 
44.7 
43.7 
47.7 
47.3 
48.0 
40.7 
47.6 
39.8 
43.5 
43.7 
42.9 
43.9 
44.4 
43.5 
44.2 
46.0 
46.6 
44.6 
44.2 
42.4 
44.9 
43.7 
42.4 
43.1 
45.5 
40.2 
45.0 
41.6 
43.8 
48.8 
40.2 
43.2 
43.5 
40.1 
43.7 
41.9 
40.3 
39.0 
44.1 
44.8 
44.4 
41.6 
41.2 
42.7 
46.0 
44.9 
43.0 
