59.4 
59.5 
59.3 
58.8 
59.6 
58.9 
59.9 
59.2 
60.3 
60.5 
59.7 
57.6 
59.8 
60.2 
59.3 
59.0 
59.4 
60.3 
59.4 
57.8 
58.9 
59.0 
60.3 
60.2 
59.8 
59.1 
60.5 
60.7 
59.6 
59.6 
59.3 
59.1 
59.3 
59.3 
59.0 
59.6 
57.7 
59.1 
59.2 
58.5 
58.7 
59.3 
59.5 
59.5 
59.7 
59.8 
59.2 
60.5 
59.8 
60.3 
59.9 
59.8 
59.0 
59.9 
59.4 
59.4 
59.5 
58.8 
59.3 
59.2 
60.1 
59.7 
59.0 
58.9 
58.8 
59.8 
59.2 
57.7 
58.9 
60.0 
58.6 
58.9 
57.6 
58.9 
59.1 
59.6 
59.6 
59.6 
59.7 
59.4 
57.3 
58.5 
60.0 
58.8 
58.1 
60.2 
57.7 
59.5 
59.9 
58.8 
58.7 
58.8 
58.1 
57.8 
60.4 
59.9 
60.5 
59.7 
