28.6 
39.3 
48.9 
43.2 
48.3 
50.5 
49.9 
39.7 
46.9 
51.8 
40.5 
50.1 
47.1 
46.9 
36.3 
40.6 
43.6 
32.4 
34.3 
54.7 
56.0 
51.6 
50.2 
53.2 
53.5 
54.3 
35.0 
42.6 
39.6 
51.9 
52.8 
47.7 
47.6 
56.1 
50.3 
48.2 
47.6 
47.2 
45.5 
52.8 
40.3 
51.8 
55.3 
53.6 
49.8 
43.5 
45.7 
50.8 
48.5 
50.5 
51.2 
52.8 
50.2 
53.0 
52.2 
53.8 
52.5 
52.0 
35.5 
52.6 
53.7 
52.0 
53.8 
36.5 
43.3 
41.1 
55.2 
32.3 
31.8 
44.9 
41.1 
52.9 
53.0 
48.8 
53.8 
49.6 
50.9 
46.1 
53.8 
42.2 
45.2 
42.4 
51.0 
38.3 
50.7 
38.3 
43.5 
42.8 
47.1 
49.3 
49.1 
37.6 
36.9 
36.9 
38.2 
37.6 
49.9 
53.9 
52.3 
37.6 
49.4 
53.2 
53.6 
53.8 
45.7 
34.6 
41.3 
39.8 
42.4 
48.7 
48.5 
46.4 
54.3 
45.3 
53.0 
57.0 
51.9 
37.4 
44.8 
40.7 
47.2 
50.7 
