28.4 
29.1 
28.7 
28.4 
28.6 
27.3 
28.1 
27.9 
28.9 
29.5 
29.5 
39.0 
41.3 
43.5 
35.3 
31.9 
28.9 
35.7 
29.2 
49.1 
42.8 
35.4 
37.0 
33.1 
31.2 
32.1 
36.8 
29.8 
31.8 
28.9 
28.5 
30.9 
30.3 
34.7 
29.0 
33.4 
28.6 
32.4 
32.1 
30.3 
29.5 
29.3 
31.4 
31.7 
31.6 
31.3 
32.2 
36.6 
34.4 
31.3 
31.4 
29.9 
28.9 
29.2 
29.6 
29.4 
31.8 
28.9 
29.0 
30.2 
34.9 
28.1 
33.6 
30.3 
28.9 
29.3 
30.6 
28.3 
28.9 
28.9 
28.9 
28.7 
30.4 
29.1 
28.4 
28.5 
33.1 
31.6 
34.2 
32.8 
36.8 
30.4 
30.3 
30.6 
28.9 
28.8 
33.5 
34.5 
30.0 
39.7 
33.0 
30.9 
37.5 
36.2 
33.8 
29.3 
29.7 
36.6 
32.9 
37.3 
34.9 
29.4 
35.4 
38.4 
29.3 
35.2 
28.9 
28.5 
29.3 
28.3 
28.5 
28.1 
29.7 
28.6 
37.3 
32.8 
30.5 
31.2 
42.9 
43.4 
36.1 
32.4 
29.8 
30.0 
35.5 
29.9 
28.8 
28.6 
30.3 
