30.2 
29.4 
31.6 
45.6 
47.0 
53.4 
56.6 
56.0 
54.4 
59.1 
59.6 
58.8 
58.6 
57.9 
47.8 
51.0 
56.1 
52.3 
52.5 
52.9 
59.4 
55.9 
57.9 
51.6 
52.8 
60.1 
53.6 
47.8 
50.5 
54.2 
55.8 
57.2 
45.2 
47.5 
53.7 
56.7 
54.9 
46.0 
49.0 
50.6 
49.4 
53.6 
48.2 
57.4 
51.4 
50.5 
48.9 
50.2 
55.8 
53.9 
57.4 
46.0 
52.0 
58.3 
53.2 
58.4 
49.4 
53.8 
54.3 
55.0 
53.9 
49.9 
57.0 
50.3 
57.5 
55.1 
53.0 
58.8 
56.6 
49.5 
54.9 
55.9 
48.7 
52.9 
48.5 
51.3 
49.0 
53.4 
47.2 
46.5 
49.6 
59.0 
57.6 
54.9 
49.0 
56.3 
52.6 
55.9 
52.7 
53.0 
55.7 
56.8 
59.1 
48.9 
50.0 
56.4 
57.6 
51.2 
55.5 
52.5 
48.8 
47.0 
51.8 
58.8 
54.9 
53.0 
59.7 
57.7 
53.1 
51.6 
48.2 
54.0 
58.5 
50.2 
52.0 
58.2 
60.4 
56.1 
59.4 
50.9 
47.3 
50.0 
43.9 
53.4 
58.2 
52.7 
56.6 
59.8 
48.7 
