23.4 
28.0 
28.3 
27.5 
25.7 
26.2 
25.7 
27.1 
25.7 
26.2 
27.9 
26.9 
27.8 
26.6 
27.4 
28.1 
28.4 
29.1 
28.2 
30.1 
27.6 
27.7 
26.5 
28.3 
28.7 
27.9 
27.0 
27.5 
28.6 
27.9 
26.9 
27.8 
26.5 
27.3 
27.4 
27.1 
28.0 
29.1 
28.8 
28.0 
28.3 
30.3 
29.1 
28.1 
29.5 
27.3 
26.4 
26.1 
25.3 
24.1 
26.2 
26.1 
27.6 
28.7 
28.1 
33.7 
31.0 
29.8 
27.9 
30.5 
30.7 
28.9 
27.2 
28.9 
28.0 
22.9 
25.5 
25.4 
26.3 
27.5 
27.2 
26.8 
31.3 
28.0 
29.5 
28.6 
27.2 
26.6 
27.6 
28.1 
27.8 
27.9 
28.5 
28.1 
27.8 
28.0 
28.7 
28.1 
28.0 
28.1 
28.4 
27.8 
27.8 
27.9 
26.5 
27.6 
26.9 
27.9 
27.3 
28.0 
28.2 
27.5 
28.1 
28.6 
29.4 
27.7 
27.2 
26.5 
26.9 
27.4 
27.3 
28.2 
27.9 
27.7 
28.6 
28.7 
27.9 
28.2 
28.3 
27.4 
26.7 
28.1 
28.3 
29.3 
27.2 
25.9 
26.9 
25.7 
27.0 
27.9 
28.5 
28.7 
31.1 
28.1 
26.4 
