27.6 
44.4 
42.8 
43.2 
37.8 
36.9 
40.4 
42.1 
46.1 
54.6 
46.4 
44.2 
42.2 
41.9 
43.0 
38.8 
39.3 
47.8 
40.3 
39.1 
50.9 
43.5 
39.0 
38.6 
48.8 
47.2 
49.3 
39.2 
40.2 
39.6 
35.6 
39.0 
41.6 
44.2 
41.4 
44.6 
38.8 
40.2 
40.9 
39.3 
40.3 
46.2 
41.4 
49.1 
41.9 
48.8 
39.2 
37.8 
43.4 
39.4 
40.0 
38.1 
39.1 
41.1 
40.0 
45.7 
42.2 
41.6 
38.0 
39.8 
50.9 
43.8 
39.1 
40.9 
41.6 
40.3 
38.0 
41.1 
40.1 
37.9 
40.1 
41.7 
42.6 
55.8 
53.2 
49.8 
40.4 
42.9 
41.5 
37.7 
39.1 
35.6 
41.3 
42.6 
43.8 
44.7 
42.6 
47.3 
41.6 
46.8 
53.1 
44.2 
46.8 
40.1 
44.6 
44.0 
48.7 
52.8 
