60.0 
57.0 
57.0 
57.0 
60.0 
56.9 
57.1 
56.8 
57.1 
57.1 
56.9 
56.7 
57.1 
57.2 
56.9 
57.1 
56.5 
59.7 
59.4 
59.4 
60.0 
56.8 
57.4 
56.8 
56.6 
56.8 
56.9 
56.2 
57.1 
56.9 
56.8 
57.1 
57.2 
56.9 
57.2 
56.9 
60.0 
56.8 
57.0 
57.1 
57.5 
56.4 
57.0 
56.8 
59.0 
57.1 
57.3 
56.9 
57.3 
57.4 
57.1 
56.0 
54.4 
60.0 
59.9 
59.5 
57.0 
57.0 
57.0 
59.9 
56.8 
57.2 
57.0 
56.4 
57.1 
56.7 
56.4 
56.9 
57.0 
56.8 
59.9 
57.1 
57.0 
56.8 
56.7 
59.5 
59.4 
56.6 
57.5 
57.0 
59.3 
56.9 
57.2 
57.0 
56.7 
56.3 
56.3 
56.8 
59.8 
56.7 
56.4 
57.1 
56.8 
57.1 
57.2 
57.0 
56.8 
57.2 
56.9 
57.0 
57.1 
56.6 
57.6 
57.0 
60.3 
56.7 
57.0 
56.9 
57.1 
57.0 
57.6 
56.2 
57.3 
59.4 
56.9 
56.8 
56.6 
57.3 
57.1 
56.6 
57.2 
56.6 
56.9 
59.8 
59.5 
56.5 
56.9 
56.9 
57.1 
57.1 
57.1 
57.0 
56.9 
56.8 
57.0 
60.0 
56.7 
56.9 
56.8 
56.7 
57.5 
57.1 
57.9 
56.8 
56.9 
58.9 
56.8 
60.2 
57.1 
57.6 
57.8 
57.6 
57.2 
57.5 
57.5 
