53.6 
53.7 
54.0 
53.7 
53.5 
53.5 
54.8 
54.5 
53.9 
54.7 
53.8 
54.2 
53.3 
54.0 
54.3 
53.4 
54.0 
54.2 
56.1 
53.3 
55.3 
54.7 
55.3 
56.5 
56.6 
54.0 
53.6 
53.8 
53.2 
54.9 
53.6 
53.7 
54.1 
54.1 
57.3 
56.6 
56.3 
53.9 
54.7 
54.7 
53.5 
53.6 
53.9 
53.7 
53.6 
53.6 
56.5 
54.0 
56.2 
56.3 
57.3 
54.1 
55.0 
53.3 
53.5 
53.6 
53.9 
53.8 
53.7 
53.6 
53.5 
53.2 
55.0 
55.8 
54.0 
55.0 
54.4 
56.7 
54.2 
53.7 
54.0 
53.7 
53.8 
53.6 
54.6 
54.8 
55.9 
54.8 
53.7 
56.1 
56.7 
53.5 
53.3 
53.8 
53.8 
53.5 
54.0 
53.5 
53.5 
53.4 
53.5 
53.8 
55.7 
54.6 
53.8 
53.7 
53.1 
53.7 
53.7 
56.1 
53.9 
55.2 
54.1 
55.2 
55.1 
54.0 
54.0 
53.7 
53.5 
53.5 
53.5 
53.6 
55.0 
53.6 
55.4 
54.1 
53.4 
56.0 
53.6 
54.3 
52.6 
53.4 
53.8 
53.1 
53.5 
54.1 
54.0 
53.5 
57.2 
53.9 
55.5 
53.7 
53.8 
54.5 
53.4 
53.8 
53.6 
54.0 
53.4 
53.9 
53.8 
55.1 
56.1 
53.6 
53.6 
54.2 
53.4 
54.1 
54.0 
54.5 
54.3 
56.4 
54.7 
55.7 
53.7 
53.6 
