60.3 
59.6 
60.2 
60.1 
59.7 
59.7 
59.1 
59.4 
56.5 
56.0 
60.3 
58.2 
56.3 
60.0 
59.9 
56.0 
59.7 
58.9 
59.7 
59.6 
59.1 
60.1 
57.3 
59.3 
59.9 
60.0 
59.2 
59.5 
60.2 
58.3 
60.0 
56.8 
57.2 
59.6 
56.5 
59.4 
56.1 
60.1 
59.7 
59.4 
59.9 
60.3 
56.9 
56.7 
59.1 
59.3 
56.5 
56.6 
60.0 
59.9 
59.8 
53.4 
59.8 
59.0 
57.9 
56.8 
59.2 
54.5 
60.0 
60.1 
60.0 
60.0 
58.8 
60.1 
60.1 
58.9 
59.5 
59.8 
60.0 
56.8 
60.1 
56.1 
59.6 
60.2 
59.3 
60.1 
59.9 
59.9 
61.0 
56.3 
59.0 
59.1 
59.9 
58.8 
59.2 
58.6 
59.7 
59.8 
60.0 
58.9 
59.4 
59.7 
59.2 
56.7 
57.0 
59.9 
59.4 
59.8 
59.9 
58.7 
56.3 
56.9 
59.8 
59.4 
59.7 
60.1 
59.8 
59.2 
59.5 
59.7 
59.5 
58.6 
56.9 
60.3 
60.0 
56.3 
59.6 
56.6 
59.3 
59.7 
60.0 
60.1 
59.1 
60.5 
56.6 
