53.4 
53.3 
46.9 
46.3 
50.5 
53.5 
52.6 
52.2 
53.8 
53.3 
53.8 
54.1 
52.9 
53.3 
53.9 
52.9 
53.4 
53.7 
53.5 
55.5 
54.0 
53.2 
52.8 
52.5 
53.1 
52.8 
53.9 
53.9 
53.7 
53.5 
57.0 
54.6 
48.6 
54.3 
53.7 
52.7 
52.8 
53.9 
53.8 
54.7 
52.1 
54.2 
47.1 
50.5 
47.9 
39.0 
55.2 
53.9 
53.2 
54.8 
53.2 
55.0 
52.4 
53.7 
48.9 
53.5 
54.3 
51.3 
53.5 
53.4 
53.5 
53.6 
52.1 
54.0 
53.9 
52.5 
54.6 
53.2 
54.2 
52.1 
50.7 
53.5 
50.3 
53.0 
54.2 
54.0 
56.0 
53.9 
52.7 
53.0 
53.8 
53.9 
56.7 
55.2 
56.7 
54.4 
53.4 
52.8 
52.3 
46.5 
53.9 
53.4 
52.0 
53.5 
54.6 
52.5 
54.8 
56.0 
53.1 
53.5 
53.6 
53.0 
51.7 
53.5 
53.7 
54.8 
53.3 
54.0 
53.0 
56.4 
53.5 
53.5 
52.3 
54.5 
54.9 
52.9 
56.6 
54.4 
52.7 
53.1 
53.9 
53.2 
53.7 
55.3 
53.5 
53.2 
57.0 
53.9 
54.4 
52.6 
53.7 
54.5 
52.7 
53.3 
50.5 
55.7 
53.8 
52.5 
53.7 
53.1 
46.7 
53.2 
53.3 
56.3 
53.5 
52.3 
43.1 
55.5 
53.5 
52.8 
52.8 
53.6 
53.3 
53.4 
53.2 
53.1 
53.2 
47.8 
53.5 
54.0 
54.1 
56.4 
53.2 
53.0 
53.3 
53.6 
52.7 
52.9 
53.8 
53.7 
46.8 
55.9 
55.0 
51.1 
53.1 
53.9 
48.0 
52.5 
55.8 
