53.0 
54.4 
53.8 
56.9 
54.8 
53.6 
53.6 
54.0 
53.8 
55.8 
53.7 
53.6 
54.4 
53.9 
53.5 
56.1 
54.4 
53.8 
56.8 
53.6 
54.2 
53.9 
53.7 
53.6 
53.7 
54.2 
54.1 
53.8 
55.0 
56.2 
54.2 
53.5 
57.0 
53.5 
53.6 
54.0 
53.8 
53.5 
53.7 
53.9 
53.9 
53.9 
53.6 
55.9 
53.7 
53.7 
57.0 
53.6 
53.6 
54.3 
53.8 
53.5 
53.7 
53.8 
53.5 
53.7 
53.7 
56.8 
53.6 
53.8 
56.7 
53.7 
53.7 
54.6 
53.6 
53.6 
53.7 
53.5 
53.7 
53.7 
56.2 
56.2 
53.9 
53.6 
56.6 
54.6 
54.0 
54.4 
53.6 
54.3 
54.7 
53.7 
53.9 
53.8 
52.3 
55.8 
53.5 
53.6 
56.8 
53.7 
55.2 
54.5 
53.6 
53.6 
54.2 
53.7 
53.6 
53.8 
53.7 
53.9 
51.3 
53.4 
56.7 
53.7 
53.6 
56.7 
53.7 
54.2 
57.0 
53.5 
53.6 
53.8 
54.2 
53.5 
53.7 
53.4 
53.5 
53.6 
53.5 
56.7 
54.5 
53.9 
54.7 
53.6 
53.7 
54.1 
51.0 
53.6 
53.7 
54.3 
53.9 
56.0 
54.5 
56.7 
53.6 
53.7 
54.3 
53.8 
53.7 
53.8 
53.6 
53.6 
53.7 
53.8 
54.5 
53.7 
54.5 
56.2 
53.6 
54.4 
56.8 
53.8 
52.6 
54.6 
53.7 
53.7 
53.7 
53.4 
53.7 
53.7 
54.3 
56.0 
53.7 
54.1 
56.9 
53.5 
53.5 
54.5 
53.6 
53.9 
54.1 
53.5 
53.6 
53.8 
53.7 
53.7 
54.5 
53.7 
56.7 
53.6 
53.9 
57.0 
53.8 
53.6 
54.8 
55.0 
53.8 
54.6 
53.6 
