53.1 
53.9 
53.6 
53.6 
53.5 
53.6 
54.3 
53.8 
53.8 
53.6 
53.6 
53.6 
53.6 
53.6 
53.8 
53.7 
53.8 
53.6 
53.7 
54.3 
53.8 
54.0 
53.7 
51.0 
53.5 
53.6 
53.5 
53.6 
54.3 
53.6 
53.4 
53.7 
53.6 
54.2 
53.8 
53.5 
51.0 
53.6 
53.6 
53.6 
53.7 
53.6 
53.6 
53.6 
54.2 
53.6 
53.6 
53.6 
53.7 
53.6 
54.1 
53.6 
53.6 
53.5 
53.6 
53.5 
53.6 
53.6 
53.5 
54.3 
53.6 
53.7 
53.7 
53.6 
53.6 
50.6 
53.7 
53.6 
53.5 
53.5 
53.7 
53.8 
53.6 
53.6 
53.6 
53.5 
53.6 
53.5 
53.7 
53.6 
53.6 
54.3 
53.6 
53.6 
53.7 
53.6 
53.6 
53.5 
53.6 
53.6 
53.5 
53.8 
53.7 
53.5 
53.6 
53.6 
53.6 
53.6 
53.6 
53.6 
53.7 
53.7 
54.2 
53.4 
53.6 
53.9 
53.6 
53.5 
53.6 
53.7 
53.6 
53.5 
53.6 
