54.1 
54.9 
53.2 
53.7 
51.4 
53.5 
54.1 
54.1 
54.5 
57.1 
54.0 
53.6 
53.4 
53.8 
53.6 
50.9 
54.6 
53.5 
54.9 
53.5 
53.7 
52.8 
53.7 
53.6 
56.9 
56.6 
57.3 
53.8 
54.7 
56.8 
57.1 
54.7 
53.4 
53.6 
55.4 
54.9 
54.8 
54.5 
56.0 
54.7 
54.2 
53.8 
53.7 
57.0 
53.8 
53.4 
56.5 
54.0 
56.9 
54.0 
57.0 
53.8 
54.0 
53.7 
56.0 
53.8 
53.7 
54.1 
53.8 
54.4 
53.9 
54.1 
53.7 
53.9 
53.8 
56.0 
54.8 
53.6 
55.9 
56.2 
54.9 
54.3 
54.0 
53.6 
53.8 
53.6 
53.8 
53.8 
53.7 
53.5 
53.6 
53.8 
54.7 
54.5 
53.6 
54.3 
56.0 
51.9 
53.9 
54.5 
53.6 
53.7 
53.6 
53.4 
53.5 
53.7 
53.8 
53.8 
54.2 
53.6 
53.7 
54.4 
53.6 
56.9 
53.6 
53.9 
53.5 
53.6 
53.8 
53.7 
53.6 
54.0 
54.0 
53.8 
53.7 
53.8 
54.0 
