55.6 
56.3 
45.0 
46.0 
45.1 
32.3 
44.8 
47.6 
48.1 
43.5 
40.0 
43.0 
44.8 
46.0 
45.3 
48.2 
47.9 
48.0 
41.2 
42.1 
44.0 
47.9 
49.1 
45.5 
44.5 
44.9 
45.0 
41.5 
45.7 
48.2 
48.1 
44.9 
44.7 
47.8 
46.6 
49.3 
45.4 
45.0 
44.3 
44.9 
48.2 
45.6 
47.9 
45.3 
48.2 
44.9 
45.1 
42.8 
43.0 
45.2 
48.9 
45.2 
45.4 
48.4 
45.1 
45.5 
48.5 
46.3 
45.8 
41.5 
48.6 
46.4 
48.6 
46.7 
48.2 
47.1 
45.0 
44.0 
47.5 
44.8 
45.1 
40.8 
44.2 
49.4 
45.0 
45.0 
47.8 
46.3 
45.7 
45.8 
41.9 
40.2 
46.9 
46.5 
40.7 
44.4 
39.8 
41.9 
46.1 
49.4 
45.5 
42.7 
41.8 
45.0 
48.8 
48.2 
47.9 
44.1 
44.0 
40.8 
45.3 
48.2 
42.2 
45.3 
45.0 
46.5 
45.0 
42.1 
45.8 
49.0 
45.1 
46.0 
44.9 
46.0 
42.5 
45.9 
49.4 
47.7 
48.0 
47.6 
44.8 
44.8 
45.1 
49.6 
48.3 
49.3 
46.2 
45.2 
43.6 
44.9 
44.9 
46.0 
49.4 
47.4 
42.1 
44.7 
45.2 
46.2 
44.4 
46.1 
46.4 
45.4 
46.3 
44.9 
40.8 
44.8 
47.7 
47.6 
45.4 
44.5 
46.0 
46.3 
46.4 
45.0 
44.9 
42.7 
47.9 
42.0 
