42.1 
26.4 
27.5 
28.6 
33.8 
26.6 
23.5 
31.7 
30.7 
30.2 
29.1 
29.9 
27.0 
28.3 
35.7 
25.3 
22.1 
33.7 
27.4 
30.1 
28.9 
28.3 
27.0 
29.3 
27.3 
32.4 
30.2 
32.9 
31.0 
31.4 
34.2 
31.8 
27.7 
26.9 
22.5 
22.7 
28.7 
24.0 
23.8 
30.4 
31.6 
29.2 
31.0 
28.2 
31.2 
27.5 
29.5 
28.4 
28.8 
28.0 
28.9 
25.1 
29.7 
31.6 
32.3 
32.3 
29.9 
30.0 
28.8 
30.6 
27.1 
22.7 
24.9 
25.1 
20.8 
29.9 
28.6 
28.0 
24.6 
21.4 
33.5 
27.3 
33.8 
31.0 
27.4 
29.3 
32.1 
28.8 
25.7 
25.5 
23.4 
27.3 
31.1 
32.4 
29.3 
32.5 
24.2 
23.1 
29.7 
30.1 
27.1 
