42.8 
43.8 
49.6 
52.2 
54.4 
54.8 
54.2 
48.7 
53.8 
49.0 
53.5 
53.7 
53.5 
52.1 
52.7 
53.9 
54.6 
53.6 
54.4 
53.1 
54.9 
47.8 
51.1 
52.3 
54.4 
52.0 
48.7 
52.6 
51.0 
56.0 
51.0 
53.3 
52.2 
53.7 
53.7 
53.1 
45.2 
49.9 
53.0 
48.3 
54.4 
53.3 
54.5 
50.1 
53.9 
50.8 
52.6 
49.0 
54.1 
49.4 
53.7 
53.5 
53.0 
52.2 
46.1 
48.0 
56.4 
53.6 
51.5 
53.5 
52.5 
56.9 
48.9 
48.7 
52.4 
50.3 
51.0 
53.1 
53.7 
54.6 
43.3 
52.2 
53.3 
50.8 
46.5 
50.6 
53.6 
49.4 
53.5 
53.5 
55.9 
43.8 
52.1 
54.0 
54.4 
55.8 
53.5 
54.6 
56.6 
53.3 
50.7 
56.6 
53.6 
53.6 
53.3 
53.7 
55.8 
54.6 
49.2 
49.4 
52.4 
46.6 
49.0 
52.5 
44.5 
52.9 
48.2 
49.8 
45.4 
53.1 
51.8 
54.7 
56.5 
57.0 
53.6 
54.4 
56.6 
53.5 
49.5 
49.3 
53.3 
54.4 
55.6 
55.6 
53.7 
53.3 
56.2 
40.4 
53.5 
53.7 
51.1 
52.6 
49.2 
56.1 
53.6 
47.3 
