16.7 
12.9 
12.4 
14.0 
14.3 
11.4 
11.2 
10.8 
14.3 
13.5 
11.2 
10.5 
12.3 
12.0 
12.0 
11.4 
11.4 
10.5 
13.5 
13.0 
15.3 
13.2 
9.5 
12.1 
13.8 
13.4 
11.4 
14.8 
15.4 
12.2 
16.5 
11.7 
10.7 
16.9 
12.7 
11.3 
12.9 
12.7 
7.8 
9.2 
10.3 
14.0 
12.3 
12.8 
11.5 
10.3 
14.4 
11.1 
10.8 
10.7 
12.9 
11.1 
10.5 
14.4 
9.7 
12.0 
14.9 
15.9 
12.2 
15.0 
15.2 
12.5 
16.3 
10.0 
10.7 
9.4 
12.6 
13.2 
13.6 
16.9 
13.4 
12.2 
12.3 
12.4 
12.0 
11.9 
11.7 
16.7 
16.1 
12.8 
10.7 
11.5 
11.0 
13.5 
13.5 
17.3 
13.3 
7.3 
8.9 
11.4 
13.1 
11.7 
14.4 
14.6 
17.1 
13.0 
