53.2 
53.7 
56.2 
54.4 
54.4 
54.5 
54.3 
53.6 
54.3 
56.1 
53.7 
54.5 
56.1 
54.5 
53.7 
56.9 
56.6 
53.7 
56.2 
53.8 
55.9 
54.5 
53.5 
54.4 
54.4 
53.6 
56.4 
54.0 
53.5 
54.5 
53.6 
56.9 
53.9 
55.9 
53.7 
54.7 
53.9 
56.4 
53.5 
53.6 
53.9 
54.2 
53.8 
53.7 
53.6 
56.1 
54.0 
56.5 
54.2 
56.4 
53.8 
56.8 
57.0 
56.3 
57.2 
54.7 
56.3 
57.1 
53.7 
56.9 
54.8 
53.6 
53.8 
53.7 
56.3 
53.6 
54.4 
54.4 
53.6 
57.0 
56.9 
56.0 
57.1 
54.4 
53.7 
54.3 
53.4 
53.6 
53.6 
57.0 
53.5 
53.7 
54.7 
54.0 
54.6 
57.0 
53.6 
51.9 
53.8 
54.4 
53.7 
53.9 
53.7 
53.8 
57.4 
54.7 
54.5 
53.7 
54.0 
56.1 
55.9 
53.7 
53.6 
54.5 
56.9 
53.7 
54.4 
53.5 
54.4 
53.5 
56.0 
56.3 
55.2 
54.0 
32.2 
53.4 
53.6 
54.0 
54.0 
56.0 
53.8 
56.1 
53.6 
56.5 
53.7 
55.9 
55.9 
53.6 
53.9 
53.7 
54.3 
53.6 
54.2 
54.4 
55.0 
56.5 
57.4 
56.0 
