4.9 
5.5 
3.1 
3.1 
3.5 
2.6 
2.6 
6.5 
9.8 
7.8 
6.3 
4.5 
4.4 
7.0 
7.0 
8.2 
7.5 
7.2 
9.1 
9.0 
8.1 
8.1 
8.7 
8.5 
7.0 
8.5 
9.3 
8.4 
4.3 
3.2 
5.2 
7.5 
4.8 
5.9 
6.0 
8.5 
10.5 
9.4 
5.2 
8.7 
9.3 
8.5 
10.5 
6.3 
4.3 
9.0 
9.7 
8.0 
7.1 
9.7 
10.7 
8.3 
7.2 
4.9 
3.8 
2.8 
3.4 
2.8 
3.7 
7.7 
7.8 
9.2 
4.8 
3.4 
4.5 
5.2 
3.8 
5.7 
7.1 
5.5 
9.7 
8.6 
5.4 
3.5 
3.6 
5.5 
6.0 
5.8 
6.3 
7.5 
6.5 
8.4 
10.0 
7.8 
8.6 
9.4 
11.6 
7.9 
8.8 
8.1 
8.8 
8.3 
8.4 
9.8 
8.7 
9.2 
6.3 
8.3 
7.2 
4.2 
3.8 
6.3 
6.8 
5.2 
5.3 
6.1 
4.4 
7.1 
10.0 
8.6 
9.1 
11.5 
9.7 
9.7 
7.8 
12.5 
9.2 
7.7 
7.7 
6.7 
4.7 
6.8 
10.5 
5.7 
7.9 
7.2 
7.9 
4.8 
3.1 
4.4 
8.1 
4.5 
7.2 
6.9 
6.6 
6.3 
4.2 
7.5 
4.6 
3.2 
4.2 
4.2 
2.9 
5.9 
4.1 
3.5 
3.4 
3.4 
6.2 
7.6 
10.2 
8.5 
10.2 
11.5 
10.1 
8.0 
8.5 
8.1 
4.8 
3.9 
6.9 
7.2 
5.4 
8.5 
10.0 
9.2 
5.5 
3.1 
3.9 
3.4 
3.7 
2.7 
2.5 
3.5 
2.8 
3.6 
5.5 
3.3 
4.1 
3.0 
3.2 
3.2 
3.2 
