15.3 
12.6 
13.8 
14.9 
14.2 
11.4 
14.6 
17.5 
16.8 
14.2 
16.2 
17.9 
18.7 
15.4 
14.2 
15.5 
17.4 
15.5 
17.6 
15.5 
15.7 
16.5 
16.6 
15.5 
16.3 
16.6 
15.1 
13.5 
14.9 
14.1 
15.7 
17.0 
17.5 
13.8 
18.3 
16.9 
17.9 
16.0 
12.9 
16.7 
16.2 
15.7 
16.6 
16.2 
17.1 
15.9 
14.4 
17.4 
17.0 
15.5 
19.1 
14.9 
16.7 
16.1 
16.6 
18.2 
19.0 
16.9 
15.5 
18.2 
17.2 
16.2 
15.3 
15.7 
17.9 
18.3 
15.2 
18.3 
18.0 
16.4 
16.3 
10.8 
15.1 
19.8 
15.6 
16.2 
18.2 
15.7 
18.9 
16.7 
18.4 
17.0 
17.8 
17.9 
14.8 
18.2 
16.7 
14.5 
17.8 
15.4 
18.2 
16.7 
16.3 
16.2 
15.1 
16.0 
12.0 
16.6 
16.0 
17.0 
18.1 
18.8 
17.7 
18.3 
17.6 
14.9 
18.1 
16.3 
18.8 
17.1 
14.8 
17.5 
16.9 
16.1 
15.4 
19.7 
14.9 
14.2 
17.3 
16.6 
16.7 
16.7 
17.2 
17.6 
19.2 
17.6 
15.3 
15.0 
18.3 
18.3 
16.9 
17.6 
16.7 
17.1 
17.5 
18.2 
14.9 
18.8 
17.5 
17.8 
20.2 
17.4 
17.4 
17.4 
17.4 
16.2 
16.9 
18.8 
19.4 
17.1 
16.1 
17.9 
16.2 
18.0 
19.6 
18.9 
