7.0 
9.5 
7.9 
5.9 
8.5 
8.9 
7.2 
7.7 
6.8 
6.7 
7.7 
6.7 
7.0 
7.2 
7.1 
7.8 
6.5 
6.7 
7.1 
8.3 
7.1 
6.9 
6.9 
7.7 
7.6 
6.9 
6.7 
7.1 
7.0 
8.2 
7.1 
8.4 
7.0 
6.4 
8.7 
8.1 
7.1 
6.7 
8.8 
7.1 
9.4 
9.8 
8.9 
8.0 
7.0 
6.7 
6.6 
8.1 
9.1 
10.2 
7.2 
6.7 
8.4 
7.8 
8.9 
8.2 
6.7 
6.9 
7.4 
6.4 
6.8 
8.3 
7.4 
7.3 
7.6 
7.5 
7.4 
8.9 
7.4 
7.4 
8.1 
7.3 
6.8 
8.4 
8.0 
8.1 
7.0 
7.8 
7.2 
7.4 
7.4 
6.8 
6.7 
6.7 
6.7 
6.7 
6.5 
7.4 
6.5 
8.9 
7.6 
8.7 
7.1 
6.7 
7.6 
7.2 
8.2 
9.4 
7.1 
7.2 
6.9 
6.7 
7.1 
6.4 
6.9 
7.3 
8.7 
7.2 
7.8 
6.8 
8.4 
8.0 
7.7 
6.9 
8.8 
7.1 
6.8 
6.7 
7.4 
9.2 
