14.7 
20.2 
18.9 
11.9 
13.3 
9.1 
12.2 
9.5 
7.6 
3.4 
5.8 
10.7 
11.0 
13.7 
12.8 
13.2 
16.2 
14.6 
14.5 
13.7 
12.9 
15.6 
13.6 
14.5 
14.4 
13.7 
11.7 
11.4 
14.5 
14.0 
12.7 
11.9 
15.2 
15.2 
15.0 
12.4 
14.2 
13.6 
15.5 
11.4 
11.7 
13.6 
14.9 
15.2 
14.3 
11.7 
13.4 
14.1 
15.1 
14.4 
14.2 
10.5 
14.7 
12.2 
12.9 
10.4 
12.3 
12.8 
11.6 
15.2 
15.3 
15.2 
14.7 
12.6 
13.6 
12.8 
13.7 
13.1 
11.6 
14.4 
12.2 
14.3 
14.2 
15.2 
11.9 
14.4 
12.6 
14.9 
12.1 
14.7 
15.7 
13.4 
13.4 
14.8 
16.1 
15.4 
15.0 
14.9 
13.8 
13.2 
14.0 
15.1 
13.5 
13.4 
11.7 
13.8 
14.5 
13.2 
11.9 
15.5 
14.3 
12.2 
14.5 
13.4 
14.1 
11.3 
11.7 
16.3 
14.2 
14.1 
15.6 
14.4 
15.1 
14.6 
