18.7 
19.0 
19.3 
18.3 
16.8 
19.9 
19.8 
13.5 
18.3 
20.0 
20.5 
19.1 
20.7 
17.5 
20.0 
20.8 
20.2 
21.1 
21.0 
25.3 
20.7 
17.8 
20.9 
20.6 
21.6 
21.4 
21.0 
21.7 
21.0 
21.4 
19.3 
20.2 
18.7 
22.6 
19.2 
19.8 
20.6 
21.0 
20.4 
20.3 
19.6 
18.5 
19.6 
20.7 
18.2 
19.0 
20.9 
20.8 
19.9 
21.8 
19.6 
20.9 
21.5 
21.4 
21.0 
21.7 
20.5 
21.0 
22.1 
23.8 
18.7 
20.6 
20.4 
22.3 
20.8 
18.7 
19.6 
19.2 
20.9 
19.9 
20.7 
23.1 
20.4 
20.2 
21.8 
21.3 
20.9 
23.4 
21.3 
20.4 
21.8 
20.2 
21.9 
22.0 
18.9 
18.8 
20.9 
19.5 
20.4 
21.9 
19.3 
21.5 
21.0 
23.2 
20.0 
21.4 
20.4 
20.4 
20.5 
21.9 
20.3 
22.6 
21.3 
22.8 
