54.7 
56.0 
50.7 
53.7 
56.2 
53.6 
53.7 
53.7 
53.7 
54.4 
54.2 
53.7 
54.4 
54.0 
53.6 
54.4 
57.4 
56.9 
54.5 
56.0 
53.8 
53.6 
53.6 
53.9 
56.8 
53.6 
53.9 
53.8 
56.0 
53.6 
54.4 
54.6 
54.5 
53.6 
54.0 
53.5 
53.9 
56.2 
56.1 
53.6 
56.0 
53.5 
53.6 
53.6 
53.6 
53.6 
54.4 
53.6 
53.6 
53.6 
53.5 
56.0 
53.7 
54.4 
54.4 
53.6 
54.4 
54.4 
53.9 
53.8 
53.8 
54.0 
53.7 
53.7 
53.7 
53.7 
54.4 
54.4 
53.6 
54.4 
53.6 
56.6 
53.6 
53.7 
56.1 
56.0 
56.0 
53.6 
53.6 
54.4 
53.9 
53.6 
57.0 
56.2 
53.9 
53.8 
53.7 
55.9 
53.5 
54.0 
54.7 
53.9 
56.1 
54.4 
54.3 
54.4 
54.4 
55.9 
54.4 
53.6 
53.7 
53.7 
53.6 
53.7 
53.9 
53.6 
53.6 
56.0 
