53.9 
53.5 
53.6 
53.6 
46.8 
53.6 
53.6 
53.5 
53.6 
53.6 
53.5 
53.6 
53.6 
53.5 
53.6 
53.6 
53.6 
53.6 
53.7 
53.6 
53.5 
53.6 
53.6 
53.5 
53.6 
53.5 
53.6 
54.2 
53.6 
54.2 
53.5 
54.3 
53.5 
53.6 
53.6 
53.6 
53.6 
53.6 
53.6 
53.6 
53.5 
53.6 
53.5 
53.6 
53.7 
53.5 
53.6 
53.6 
53.5 
53.6 
53.5 
53.5 
53.6 
53.6 
53.5 
53.6 
53.6 
53.6 
53.6 
53.6 
53.6 
53.6 
53.6 
53.6 
53.7 
53.6 
53.6 
53.7 
53.8 
53.8 
53.6 
53.6 
53.5 
53.5 
53.6 
53.6 
51.1 
53.6 
53.6 
53.5 
53.5 
53.6 
53.6 
53.5 
53.6 
53.6 
53.5 
53.6 
53.5 
53.4 
54.2 
53.6 
53.6 
53.6 
53.6 
53.6 
53.6 
53.5 
53.7 
53.8 
53.6 
54.1 
54.4 
53.6 
53.5 
53.6 
53.5 
54.2 
53.6 
53.5 
53.6 
53.7 
53.6 
54.2 
53.6 
53.7 
53.7 
53.5 
53.6 
53.8 
53.6 
53.6 
53.7 
53.6 
53.6 
53.6 
53.6 
53.5 
53.7 
53.5 
54.1 
53.6 
53.6 
53.5 
53.6 
53.6 
53.6 
53.6 
53.7 
53.6 
53.6 
53.4 
54.2 
53.8 
53.7 
53.7 
53.5 
53.6 
53.8 
53.6 
53.6 
53.5 
53.6 
53.6 
53.5 
53.6 
53.5 
53.5 
53.6 
53.6 
53.5 
53.6 
53.6 
53.6 
53.6 
54.2 
53.6 
53.6 
53.6 
53.6 
48.6 
53.6 
53.6 
53.7 
53.3 
54.2 
53.8 
53.5 
53.6 
53.5 
53.6 
