53.2 
54.4 
53.6 
54.2 
53.1 
56.4 
54.2 
56.8 
53.8 
53.5 
53.7 
53.6 
53.5 
53.6 
54.0 
53.5 
54.1 
53.7 
54.5 
53.7 
53.7 
53.6 
53.7 
55.9 
53.8 
53.7 
53.6 
53.5 
53.5 
53.5 
53.6 
53.8 
56.1 
53.6 
49.0 
53.8 
53.6 
53.6 
56.0 
53.6 
53.6 
53.6 
53.9 
53.6 
53.6 
52.9 
53.8 
53.7 
53.7 
53.5 
53.5 
53.5 
53.6 
53.6 
53.5 
54.2 
53.3 
54.2 
45.0 
57.0 
54.8 
53.6 
50.7 
53.7 
53.7 
54.7 
53.7 
53.7 
57.0 
53.7 
53.7 
53.6 
53.6 
53.5 
53.8 
53.7 
53.9 
54.2 
53.6 
53.6 
56.8 
53.6 
53.8 
53.6 
53.7 
53.6 
53.6 
53.9 
54.6 
53.6 
53.5 
52.8 
53.6 
53.5 
53.8 
52.9 
57.3 
54.0 
55.7 
53.7 
53.9 
53.9 
54.2 
53.5 
54.3 
53.5 
56.3 
57.1 
53.6 
53.5 
53.7 
54.0 
55.4 
53.7 
53.5 
53.6 
50.8 
53.6 
