53.2 
45.1 
49.1 
49.3 
44.9 
38.0 
49.2 
46.4 
48.9 
49.5 
34.7 
44.8 
45.3 
46.1 
44.9 
44.8 
44.9 
44.9 
44.9 
44.9 
46.1 
47.7 
44.9 
48.8 
49.0 
46.2 
49.5 
47.1 
44.9 
44.9 
44.9 
44.9 
46.2 
48.7 
45.0 
46.4 
44.8 
44.9 
44.9 
44.8 
44.8 
44.9 
44.9 
45.5 
48.3 
48.3 
44.8 
46.2 
46.1 
45.6 
44.9 
44.9 
44.8 
44.8 
47.6 
46.1 
45.8 
44.7 
47.2 
47.5 
43.3 
47.9 
45.5 
45.6 
46.1 
45.1 
44.6 
48.6 
49.1 
48.9 
46.7 
46.2 
48.4 
49.2 
43.6 
49.5 
46.8 
48.4 
49.6 
49.6 
49.6 
47.2 
44.9 
44.9 
44.9 
44.9 
44.9 
44.8 
44.8 
47.3 
49.8 
46.4 
44.8 
44.8 
44.9 
45.1 
46.1 
45.0 
44.8 
44.9 
44.9 
44.9 
45.5 
47.9 
49.4 
49.6 
49.4 
46.7 
49.1 
49.5 
49.5 
49.6 
49.5 
49.3 
49.9 
44.9 
45.0 
45.7 
46.1 
44.9 
44.9 
44.8 
44.9 
44.9 
44.7 
45.1 
44.9 
45.4 
46.1 
48.2 
45.4 
47.9 
45.1 
49.2 
45.4 
48.1 
49.6 
48.2 
49.5 
46.8 
47.1 
44.9 
44.9 
45.4 
46.1 
48.2 
44.6 
46.7 
45.0 
45.1 
44.9 
45.3 
47.7 
49.1 
46.8 
44.9 
49.1 
47.8 
49.3 
49.2 
46.3 
49.5 
