50.1 
37.0 
26.9 
28.7 
17.8 
30.3 
28.8 
28.3 
20.7 
18.9 
30.5 
32.6 
33.1 
27.6 
32.9 
33.6 
29.3 
32.5 
30.7 
33.6 
31.4 
30.0 
34.0 
33.2 
29.5 
32.4 
31.4 
30.3 
27.0 
22.8 
29.3 
34.0 
31.1 
33.4 
35.4 
27.8 
25.9 
27.1 
27.0 
25.1 
21.4 
28.1 
29.7 
30.5 
28.9 
29.6 
30.0 
31.0 
29.2 
30.7 
29.2 
24.0 
23.6 
28.2 
29.1 
23.6 
30.4 
33.3 
33.6 
21.8 
27.3 
25.3 
29.1 
28.5 
25.1 
30.1 
32.0 
34.1 
28.8 
30.5 
29.4 
30.3 
24.7 
29.7 
28.8 
28.3 
29.7 
23.7 
32.7 
30.9 
25.9 
23.6 
28.0 
32.2 
34.1 
26.8 
29.9 
28.3 
28.6 
27.4 
30.2 
29.1 
30.3 
34.0 
30.4 
31.8 
30.0 
29.1 
27.9 
31.7 
28.2 
31.2 
28.3 
30.6 
31.6 
32.4 
33.1 
31.2 
33.4 
33.7 
33.5 
29.7 
24.4 
29.2 
28.0 
26.8 
31.4 
27.6 
31.9 
31.8 
31.2 
30.1 
29.9 
29.1 
30.9 
30.0 
30.5 
32.4 
31.3 
23.0 
26.1 
29.9 
30.2 
31.8 
27.4 
31.8 
29.7 
30.5 
24.1 
23.6 
28.0 
31.3 
24.6 
23.6 
29.3 
29.2 
29.9 
23.6 
23.3 
25.6 
33.8 
32.0 
32.0 
33.1 
33.2 
31.7 
30.0 
28.9 
18.1 
29.1 
27.7 
32.9 
33.3 
21.1 
28.2 
28.3 
30.3 
33.6 
30.7 
34.0 
29.5 
31.7 
30.0 
28.0 
31.4 
31.4 
23.2 
30.2 
29.5 
30.5 
30.3 
33.3 
27.2 
26.7 
31.6 
30.1 
25.7 
29.3 
31.8 
33.4 
