49.0 
53.0 
49.2 
52.5 
49.9 
53.1 
55.2 
45.8 
53.1 
54.1 
53.5 
54.1 
43.7 
54.1 
53.7 
50.8 
52.9 
51.0 
53.3 
52.0 
53.6 
53.3 
54.4 
53.7 
51.0 
48.1 
55.8 
53.5 
52.0 
53.5 
55.6 
51.8 
52.0 
50.1 
53.1 
53.6 
53.7 
53.6 
51.5 
53.1 
53.8 
51.9 
53.0 
51.9 
52.9 
51.2 
52.1 
49.4 
52.3 
48.2 
56.7 
55.9 
56.3 
53.6 
48.3 
53.6 
53.6 
52.0 
52.0 
52.8 
53.4 
50.6 
53.6 
54.1 
53.6 
53.4 
53.6 
53.5 
53.7 
53.9 
53.1 
51.6 
42.5 
50.4 
53.1 
53.6 
54.0 
52.6 
50.4 
49.5 
53.6 
49.7 
51.4 
53.5 
53.5 
53.1 
51.4 
53.6 
47.3 
50.4 
53.3 
53.2 
53.7 
56.3 
52.2 
53.7 
53.9 
53.7 
53.5 
52.9 
49.1 
