13.0 
13.5 
11.5 
11.6 
12.4 
11.1 
11.4 
12.6 
10.0 
11.1 
11.8 
12.8 
16.8 
14.2 
17.2 
13.4 
19.4 
18.3 
16.8 
11.0 
10.4 
10.2 
9.7 
9.9 
9.0 
11.4 
10.7 
14.0 
11.2 
10.0 
9.8 
9.3 
9.8 
9.8 
12.7 
13.1 
13.1 
13.5 
13.5 
13.5 
11.7 
14.2 
16.4 
15.2 
11.6 
17.8 
13.3 
11.6 
11.9 
10.4 
11.7 
11.7 
12.0 
12.0 
12.0 
12.9 
13.8 
13.8 
12.6 
10.8 
15.1 
10.9 
12.0 
9.6 
9.9 
12.8 
15.6 
17.3 
15.4 
13.9 
12.9 
12.1 
15.9 
15.9 
13.4 
12.7 
13.1 
16.9 
15.0 
16.9 
13.3 
12.9 
10.5 
9.8 
11.5 
14.1 
14.2 
18.0 
11.7 
16.6 
13.6 
13.6 
16.4 
15.6 
13.8 
10.0 
9.5 
9.9 
10.8 
10.9 
16.3 
14.1 
14.3 
12.1 
18.2 
13.5 
10.0 
11.6 
9.3 
11.5 
14.1 
16.8 
10.9 
10.2 
12.2 
11.9 
12.0 
14.2 
14.5 
13.7 
12.9 
10.9 
10.6 
10.7 
14.1 
12.7 
13.1 
15.8 
14.8 
17.2 
13.1 
13.7 
11.9 
12.0 
15.9 
14.5 
14.8 
16.0 
12.7 
10.1 
10.0 
14.5 
16.8 
16.7 
12.3 
9.8 
14.8 
15.6 
15.8 
11.6 
13.0 
10.7 
12.7 
13.4 
13.8 
12.2 
16.0 
13.8 
15.8 
16.8 
12.7 
8.7 
