3.2 
3.0 
2.8 
2.6 
3.1 
2.5 
2.4 
2.4 
2.8 
2.9 
3.0 
2.6 
2.7 
2.7 
3.2 
3.2 
2.7 
3.2 
3.3 
2.7 
3.2 
3.3 
2.7 
3.2 
3.3 
2.7 
2.7 
3.3 
3.3 
2.8 
3.3 
3.3 
3.3 
2.7 
3.2 
3.1 
2.7 
3.2 
2.7 
3.2 
3.3 
3.3 
3.3 
2.7 
2.7 
2.6 
2.5 
3.1 
3.2 
2.7 
2.7 
3.3 
2.7 
3.3 
3.3 
3.2 
2.7 
3.2 
2.7 
2.7 
2.7 
3.2 
3.2 
3.3 
2.7 
2.7 
2.7 
2.7 
3.2 
2.7 
2.8 
3.3 
2.7 
2.7 
3.3 
2.7 
2.7 
2.8 
3.3 
2.7 
3.3 
2.7 
2.7 
3.2 
2.5 
2.9 
3.0 
2.5 
2.6 
3.1 
3.2 
2.6 
3.1 
2.7 
2.6 
3.1 
2.6 
2.7 
2.7 
3.1 
3.2 
2.7 
3.2 
2.2 
2.7 
2.7 
3.2 
2.6 
2.6 
2.6 
2.6 
3.1 
2.6 
3.1 
2.7 
2.6 
2.5 
2.6 
2.6 
