57.9 
57.3 
59.3 
60.0 
60.0 
60.0 
59.9 
60.0 
60.0 
59.9 
60.0 
58.0 
60.0 
60.0 
59.9 
60.0 
60.0 
59.9 
60.0 
59.9 
60.0 
57.3 
59.9 
59.9 
60.0 
60.0 
60.0 
59.9 
60.0 
58.0 
60.0 
59.9 
59.4 
60.0 
58.0 
59.9 
59.9 
59.9 
59.8 
60.0 
59.9 
59.8 
59.9 
59.9 
59.8 
60.0 
60.0 
59.9 
59.9 
59.9 
59.9 
60.0 
59.9 
59.9 
60.0 
59.9 
59.8 
59.3 
59.8 
59.9 
59.9 
59.8 
59.9 
59.9 
59.6 
59.9 
59.1 
59.9 
59.8 
57.9 
57.9 
60.0 
59.9 
59.9 
59.8 
60.0 
60.0 
59.8 
59.9 
60.0 
59.9 
60.0 
59.9 
60.0 
60.0 
60.0 
60.0 
60.0 
59.9 
60.0 
60.0 
59.9 
60.0 
59.9 
59.9 
59.9 
59.8 
59.4 
59.7 
59.9 
60.0 
60.0 
60.0 
59.9 
60.0 
60.0 
60.0 
60.0 
60.0 
60.0 
59.9 
60.0 
59.9 
60.0 
60.0 
60.0 
59.8 
59.9 
60.0 
58.0 
57.7 
57.1 
56.9 
57.3 
59.9 
60.0 
60.0 
59.8 
59.9 
59.9 
59.9 
