53.2 
53.9 
53.7 
55.9 
56.0 
55.9 
56.8 
53.7 
53.9 
53.5 
53.9 
53.9 
53.8 
53.9 
53.8 
56.9 
53.7 
53.6 
54.5 
53.7 
53.9 
53.8 
54.5 
55.9 
53.8 
54.3 
53.6 
54.4 
54.4 
53.9 
54.0 
53.9 
54.0 
54.6 
54.0 
53.8 
54.0 
54.4 
54.5 
54.4 
54.5 
54.4 
54.4 
54.7 
54.4 
53.6 
53.7 
54.0 
53.6 
53.6 
54.3 
53.7 
53.6 
56.8 
53.6 
56.0 
53.5 
53.6 
55.8 
56.0 
53.5 
54.8 
54.3 
56.8 
53.5 
53.8 
56.2 
56.0 
53.7 
56.9 
56.2 
56.8 
56.2 
54.7 
53.9 
53.6 
53.7 
53.6 
54.4 
54.5 
50.6 
56.9 
53.9 
56.1 
56.0 
56.1 
56.3 
54.4 
54.4 
54.4 
53.6 
53.6 
53.9 
53.9 
53.5 
54.4 
54.3 
53.9 
53.6 
54.4 
53.6 
56.8 
53.6 
53.6 
54.5 
56.7 
56.7 
54.7 
53.7 
53.9 
53.7 
55.9 
56.4 
54.4 
54.5 
54.5 
54.0 
53.9 
54.0 
53.9 
53.6 
56.2 
55.9 
53.7 
53.7 
54.4 
56.8 
57.1 
57.0 
57.0 
57.3 
57.1 
57.1 
57.0 
57.1 
57.1 
57.1 
57.0 
57.1 
57.1 
56.8 
57.0 
57.1 
56.8 
57.0 
56.3 
53.6 
57.0 
53.6 
54.0 
53.7 
53.7 
53.6 
53.6 
54.5 
54.3 
54.4 
56.0 
56.8 
53.6 
51.3 
56.2 
53.7 
54.1 
