56.5 
53.6 
53.7 
55.8 
57.1 
57.0 
57.1 
56.9 
51.8 
57.1 
57.1 
57.0 
57.1 
57.0 
57.3 
57.1 
57.1 
57.4 
56.0 
57.0 
57.1 
57.1 
57.1 
56.9 
57.0 
57.1 
57.1 
57.1 
56.9 
57.3 
57.1 
57.1 
57.0 
56.9 
57.3 
57.0 
57.4 
57.2 
57.4 
56.3 
54.8 
55.9 
56.9 
57.1 
56.4 
57.4 
57.0 
56.9 
57.2 
56.9 
57.1 
57.1 
57.0 
57.4 
57.4 
57.2 
57.1 
57.1 
56.6 
57.2 
57.0 
57.1 
56.8 
57.0 
57.1 
57.1 
57.1 
57.0 
56.9 
57.0 
57.1 
57.1 
57.1 
57.1 
57.0 
57.0 
57.1 
57.1 
57.2 
57.1 
57.2 
57.0 
57.3 
57.1 
57.0 
57.0 
57.2 
57.4 
56.9 
57.0 
57.0 
57.0 
56.1 
54.1 
57.2 
57.0 
57.0 
57.1 
57.0 
57.1 
57.0 
57.0 
57.1 
57.1 
57.3 
56.8 
57.0 
57.1 
56.5 
56.3 
54.7 
57.1 
57.0 
57.1 
57.1 
57.1 
57.0 
57.0 
56.7 
57.1 
56.9 
57.0 
53.8 
55.7 
57.1 
57.1 
57.1 
54.8 
56.1 
57.1 
55.2 
56.8 
56.9 
56.9 
56.9 
56.6 
57.1 
54.7 
57.1 
57.1 
57.4 
57.0 
57.4 
57.1 
57.2 
57.1 
57.0 
57.1 
57.1 
57.1 
57.1 
57.1 
57.0 
57.1 
54.6 
57.1 
56.8 
57.1 
57.4 
57.2 
57.1 
57.1 
56.9 
