56.4 
54.3 
57.0 
56.6 
53.7 
53.7 
56.8 
53.6 
56.7 
54.4 
57.1 
53.7 
54.7 
53.7 
56.3 
56.0 
56.8 
33.5 
52.7 
53.8 
53.7 
56.7 
56.0 
56.4 
53.7 
53.7 
53.9 
53.8 
56.0 
53.7 
57.0 
54.4 
54.0 
53.9 
56.8 
56.0 
56.7 
54.4 
54.5 
54.6 
54.0 
53.9 
53.9 
56.8 
54.8 
56.1 
54.5 
54.6 
54.6 
53.6 
56.2 
56.0 
53.6 
56.7 
54.0 
53.9 
56.3 
56.8 
53.6 
56.0 
53.7 
57.3 
54.5 
53.8 
56.3 
57.0 
54.0 
53.6 
54.2 
56.2 
57.0 
54.5 
56.1 
54.5 
54.6 
57.0 
53.9 
56.0 
53.7 
53.6 
57.3 
56.3 
54.5 
53.6 
54.6 
53.5 
53.7 
56.0 
56.0 
56.0 
54.5 
55.0 
54.4 
53.6 
53.6 
56.1 
56.1 
56.0 
56.0 
56.3 
56.8 
54.0 
53.6 
53.6 
54.8 
55.9 
54.5 
56.0 
56.1 
55.9 
53.6 
55.9 
56.8 
55.9 
56.7 
53.9 
54.5 
