56.7 
57.0 
57.1 
57.2 
56.9 
56.9 
57.2 
57.1 
56.9 
56.7 
56.9 
57.1 
57.1 
57.0 
57.1 
57.0 
57.0 
56.9 
57.1 
57.1 
56.9 
57.0 
57.0 
57.3 
57.0 
57.1 
57.4 
57.2 
57.1 
56.9 
57.1 
57.1 
56.9 
57.1 
57.1 
57.2 
56.9 
57.1 
57.0 
57.2 
57.1 
55.5 
56.9 
57.0 
57.1 
57.1 
57.0 
57.2 
57.1 
57.0 
57.4 
57.0 
57.1 
57.0 
57.3 
57.1 
57.0 
57.4 
57.2 
57.0 
57.1 
57.1 
57.0 
57.1 
57.1 
57.1 
57.1 
57.1 
56.9 
57.0 
57.2 
56.7 
57.0 
57.8 
57.1 
56.9 
57.1 
57.1 
57.0 
57.1 
57.1 
57.0 
57.0 
57.1 
57.1 
57.1 
57.1 
57.2 
57.1 
57.1 
57.1 
56.9 
57.1 
57.1 
56.9 
56.9 
57.1 
57.1 
57.0 
57.1 
57.5 
57.1 
56.9 
57.1 
57.1 
57.2 
56.9 
57.0 
56.9 
57.1 
57.5 
56.9 
57.2 
52.7 
57.1 
57.6 
57.2 
56.8 
57.0 
57.0 
57.2 
56.8 
57.0 
57.1 
57.0 
56.9 
