53.7 
53.6 
53.6 
53.5 
53.5 
53.8 
54.2 
53.8 
53.6 
53.6 
53.4 
53.6 
53.7 
53.6 
53.5 
53.8 
53.8 
54.2 
54.4 
54.2 
53.6 
53.6 
53.8 
53.6 
53.6 
53.6 
53.6 
53.6 
53.6 
53.6 
53.9 
54.4 
53.6 
53.6 
53.7 
53.6 
53.5 
53.6 
53.5 
53.6 
53.5 
53.7 
54.4 
53.7 
53.5 
51.0 
53.6 
53.6 
53.6 
53.8 
53.6 
53.5 
53.6 
53.6 
53.5 
54.3 
53.6 
53.8 
53.8 
53.6 
53.6 
53.7 
52.7 
53.5 
53.6 
53.5 
53.3 
53.6 
52.3 
53.6 
53.5 
53.7 
53.6 
53.6 
53.6 
53.6 
53.5 
53.7 
53.5 
53.6 
53.6 
53.5 
53.6 
53.6 
53.6 
53.6 
41.6 
53.6 
54.1 
53.6 
53.6 
53.5 
53.5 
54.2 
53.6 
53.6 
52.7 
53.5 
53.8 
