56.7 
57.2 
57.0 
57.0 
57.1 
56.8 
57.1 
57.3 
57.2 
57.1 
54.6 
57.1 
57.2 
57.2 
57.1 
55.9 
55.8 
57.1 
57.1 
57.0 
57.1 
56.9 
56.9 
57.1 
57.1 
57.1 
57.0 
57.1 
57.1 
57.0 
57.2 
56.7 
57.1 
57.0 
57.0 
57.2 
57.1 
57.1 
57.1 
57.2 
55.6 
57.0 
57.0 
57.1 
57.4 
53.3 
57.1 
56.8 
57.1 
57.1 
57.4 
57.0 
57.0 
57.0 
57.1 
57.0 
57.0 
57.2 
57.2 
57.1 
56.8 
57.1 
57.0 
56.9 
57.0 
57.0 
57.4 
56.6 
57.1 
57.1 
57.6 
57.0 
57.2 
57.1 
57.1 
57.0 
57.1 
57.1 
57.1 
56.9 
57.1 
57.0 
57.0 
57.0 
57.0 
57.2 
57.0 
56.4 
57.1 
57.1 
55.7 
56.7 
57.1 
57.0 
57.2 
