41.0 
48.0 
45.4 
49.4 
39.0 
41.9 
44.9 
45.0 
43.5 
39.1 
47.6 
46.6 
44.1 
47.7 
46.0 
43.6 
44.8 
44.9 
48.1 
40.9 
48.2 
49.3 
44.3 
47.6 
48.6 
44.9 
45.1 
45.0 
44.9 
44.9 
45.0 
48.9 
45.4 
44.9 
42.4 
45.0 
47.7 
42.1 
43.8 
44.4 
45.4 
46.2 
46.6 
47.7 
45.1 
44.8 
45.6 
41.4 
43.7 
43.2 
45.9 
48.8 
41.8 
44.9 
44.8 
48.8 
49.2 
49.0 
48.9 
44.5 
43.5 
43.1 
46.1 
48.8 
44.9 
40.5 
44.9 
44.9 
43.5 
44.7 
45.5 
48.4 
49.3 
44.7 
44.4 
44.8 
44.6 
43.6 
44.5 
17.3 
42.4 
44.7 
46.0 
40.4 
45.2 
38.8 
40.5 
42.2 
44.9 
45.1 
44.9 
46.2 
45.4 
40.4 
40.7 
44.7 
46.2 
46.4 
45.7 
46.7 
49.3 
45.1 
47.6 
43.7 
44.7 
44.9 
44.8 
49.1 
46.9 
44.9 
44.8 
44.8 
44.9 
44.9 
