35.5 
29.6 
31.8 
31.2 
29.0 
33.0 
26.7 
22.9 
27.5 
28.4 
28.5 
20.2 
30.3 
27.9 
25.4 
28.7 
28.1 
25.0 
21.4 
25.6 
29.6 
28.3 
32.8 
29.6 
27.5 
26.9 
29.5 
26.2 
30.4 
27.0 
29.4 
26.3 
29.3 
31.7 
31.9 
30.0 
29.2 
28.0 
30.9 
32.3 
31.2 
33.5 
27.0 
29.5 
30.8 
33.5 
34.2 
27.4 
28.8 
25.7 
26.9 
23.8 
26.2 
27.5 
25.7 
28.5 
29.1 
33.7 
29.9 
31.6 
26.1 
29.9 
31.0 
31.1 
29.0 
29.7 
32.2 
25.9 
25.6 
25.4 
30.0 
32.6 
30.1 
30.6 
30.1 
28.4 
26.9 
26.9 
25.9 
23.8 
23.6 
26.3 
29.1 
30.9 
26.9 
30.2 
28.5 
35.2 
34.2 
28.2 
25.6 
25.8 
30.6 
28.8 
27.4 
26.7 
30.2 
25.7 
25.5 
25.4 
21.9 
23.2 
21.6 
21.5 
26.9 
30.3 
29.7 
29.8 
30.5 
23.1 
31.1 
27.9 
31.8 
31.2 
29.5 
30.7 
32.6 
29.2 
23.1 
28.1 
30.4 
29.3 
28.6 
24.7 
22.7 
32.9 
30.4 
28.3 
28.3 
26.2 
28.9 
29.4 
24.1 
30.0 
29.5 
32.4 
26.7 
24.3 
28.4 
24.5 
27.4 
22.0 
28.6 
26.6 
26.2 
31.3 
31.3 
23.6 
21.7 
25.3 
23.1 
29.3 
28.7 
31.3 
33.8 
31.4 
30.5 
30.7 
29.7 
31.9 
29.2 
27.0 
21.4 
29.5 
29.3 
