54.9 
55.5 
57.1 
57.0 
53.8 
51.5 
51.8 
51.9 
52.9 
53.9 
57.0 
56.3 
57.1 
51.2 
56.2 
57.0 
56.0 
53.2 
56.5 
55.3 
57.0 
56.2 
55.3 
51.3 
55.3 
57.1 
52.6 
56.3 
55.6 
54.9 
56.7 
57.2 
54.1 
47.8 
52.9 
57.1 
57.0 
50.7 
49.1 
54.7 
48.1 
57.0 
57.1 
57.0 
50.7 
56.9 
52.5 
55.3 
56.9 
53.9 
48.8 
57.1 
57.1 
52.3 
55.0 
55.7 
56.8 
57.1 
47.8 
56.0 
56.8 
52.1 
52.6 
54.8 
51.8 
56.0 
50.2 
54.1 
53.7 
48.7 
52.6 
54.4 
52.4 
52.4 
56.9 
49.4 
54.8 
56.5 
55.2 
55.0 
53.9 
55.0 
55.6 
51.6 
56.6 
56.6 
