56.7 
57.0 
57.2 
57.1 
59.0 
59.3 
60.0 
60.0 
59.4 
59.9 
60.0 
57.8 
57.1 
57.0 
57.1 
59.0 
58.0 
57.7 
60.0 
57.3 
60.0 
59.9 
57.1 
57.1 
57.0 
56.9 
59.9 
57.6 
60.0 
59.9 
58.0 
59.9 
57.2 
57.1 
59.2 
57.7 
59.6 
59.8 
60.0 
59.8 
59.1 
57.3 
56.9 
57.2 
59.6 
57.9 
57.8 
57.3 
57.1 
57.3 
57.9 
57.2 
57.4 
57.1 
59.2 
59.2 
56.9 
57.9 
58.1 
58.2 
57.1 
59.4 
57.9 
59.4 
59.8 
59.8 
57.0 
57.3 
60.1 
60.0 
57.3 
59.4 
58.0 
57.2 
59.9 
59.9 
59.9 
59.3 
57.7 
57.4 
57.0 
59.2 
57.1 
57.1 
59.9 
60.0 
60.0 
60.0 
57.4 
57.7 
57.7 
57.1 
57.6 
59.8 
59.2 
59.1 
57.2 
59.1 
57.1 
59.2 
59.0 
59.8 
59.8 
60.1 
60.0 
57.8 
59.7 
57.3 
57.1 
59.1 
57.7 
59.4 
57.9 
59.3 
59.3 
60.0 
