53.3 
57.0 
57.1 
57.0 
57.0 
52.0 
57.1 
57.1 
54.8 
57.1 
57.1 
57.1 
57.0 
57.1 
57.0 
57.1 
57.0 
57.1 
57.1 
57.1 
57.1 
57.1 
56.6 
56.9 
57.1 
56.9 
57.1 
56.8 
57.1 
57.0 
57.1 
57.1 
57.1 
57.2 
57.1 
57.1 
57.1 
57.1 
57.1 
57.1 
57.1 
57.1 
57.1 
57.1 
57.1 
57.1 
57.1 
57.1 
57.1 
57.1 
56.9 
57.1 
56.9 
57.0 
57.1 
57.1 
57.1 
57.1 
57.1 
57.1 
53.0 
57.2 
57.1 
57.1 
57.1 
57.0 
57.1 
57.1 
57.1 
57.1 
57.1 
56.9 
57.1 
56.9 
57.1 
57.1 
57.1 
57.1 
57.1 
57.1 
57.1 
57.1 
57.1 
54.1 
57.1 
57.1 
57.1 
57.1 
56.9 
57.1 
57.1 
57.1 
57.0 
57.1 
56.8 
57.0 
56.9 
57.0 
57.0 
57.4 
57.1 
57.1 
57.1 
57.1 
57.0 
57.1 
57.0 
57.3 
57.1 
57.1 
57.1 
57.1 
57.0 
57.1 
57.1 
57.1 
57.1 
56.9 
56.8 
57.0 
57.1 
57.1 
57.1 
57.1 
57.1 
57.1 
