56.8 
57.0 
56.3 
56.0 
56.9 
57.1 
56.3 
57.1 
54.8 
55.0 
57.3 
56.4 
57.1 
54.7 
56.8 
57.0 
57.0 
57.0 
57.1 
57.1 
57.0 
56.3 
57.1 
57.1 
54.2 
54.3 
57.0 
57.1 
57.1 
56.9 
57.1 
57.1 
57.0 
57.4 
57.1 
54.1 
53.7 
53.5 
57.0 
56.9 
57.0 
57.1 
57.0 
57.2 
57.1 
57.1 
56.9 
56.7 
53.5 
54.0 
56.2 
53.6 
57.1 
57.1 
57.1 
56.8 
57.1 
57.1 
57.4 
57.1 
57.1 
56.9 
53.5 
53.6 
53.9 
53.6 
54.3 
57.0 
57.1 
57.1 
56.9 
57.0 
56.3 
53.6 
54.6 
55.9 
57.1 
57.1 
57.1 
56.8 
57.0 
57.1 
57.1 
57.1 
57.1 
56.9 
56.6 
57.0 
57.1 
54.9 
53.9 
54.2 
57.1 
57.0 
57.1 
54.6 
56.8 
57.5 
56.9 
56.3 
57.1 
57.1 
54.8 
