56.7 
56.9 
56.9 
57.0 
57.1 
57.1 
57.1 
57.1 
57.1 
57.1 
57.0 
57.1 
56.9 
57.2 
57.1 
57.1 
57.1 
57.1 
56.9 
57.1 
57.1 
57.1 
57.2 
57.0 
57.0 
57.1 
57.0 
57.1 
57.0 
57.0 
57.0 
56.9 
57.1 
57.1 
57.1 
57.1 
57.1 
56.9 
57.1 
57.0 
57.1 
57.1 
56.9 
57.1 
57.1 
57.1 
57.1 
57.1 
56.9 
57.1 
57.1 
57.0 
57.1 
57.0 
57.1 
57.1 
57.1 
57.0 
57.0 
57.1 
57.1 
56.9 
57.0 
56.9 
57.1 
57.2 
57.1 
57.1 
57.1 
57.0 
57.1 
57.1 
57.4 
57.1 
57.1 
57.0 
56.9 
57.1 
57.0 
57.1 
57.0 
57.1 
57.1 
57.1 
57.0 
57.2 
57.1 
57.1 
57.1 
57.1 
56.9 
57.1 
57.1 
57.4 
57.0 
57.1 
57.1 
57.1 
57.1 
56.9 
57.1 
57.1 
57.1 
57.1 
56.9 
57.1 
57.1 
56.9 
57.1 
57.3 
