54.5 
53.5 
53.6 
34.8 
53.9 
53.7 
53.5 
53.7 
40.3 
53.5 
52.7 
53.6 
53.8 
53.9 
53.7 
54.2 
53.7 
53.6 
53.6 
53.6 
53.5 
53.6 
53.8 
53.6 
53.6 
53.8 
53.6 
53.6 
53.5 
53.6 
53.6 
53.6 
53.6 
53.5 
54.2 
53.6 
53.6 
53.7 
53.6 
53.8 
53.6 
53.5 
53.6 
52.0 
53.6 
53.6 
53.6 
53.6 
51.4 
53.6 
54.3 
52.6 
53.5 
53.8 
53.6 
53.7 
53.8 
53.6 
52.9 
54.2 
53.5 
53.6 
53.6 
53.6 
53.6 
53.6 
53.6 
53.5 
53.6 
53.6 
53.5 
53.6 
53.6 
53.6 
53.5 
53.6 
53.6 
53.5 
53.8 
53.7 
53.6 
53.8 
53.6 
53.6 
53.6 
53.6 
53.5 
53.6 
53.6 
53.5 
53.6 
53.8 
53.6 
53.5 
53.6 
53.6 
53.5 
53.6 
53.6 
53.6 
53.5 
53.6 
53.6 
54.6 
