53.9 
56.8 
54.3 
53.6 
54.0 
55.6 
53.8 
51.4 
54.5 
57.0 
54.7 
54.6 
57.1 
56.5 
56.3 
53.7 
53.9 
56.7 
54.3 
56.9 
54.0 
53.6 
53.5 
56.0 
54.8 
53.6 
54.3 
55.2 
56.0 
56.1 
53.7 
56.5 
53.6 
54.5 
53.6 
53.7 
53.6 
53.7 
53.7 
53.7 
54.4 
54.7 
54.6 
53.9 
53.4 
53.5 
53.7 
53.6 
53.6 
53.7 
54.3 
54.3 
54.5 
53.5 
53.9 
53.9 
53.6 
56.1 
53.7 
57.0 
54.0 
56.1 
54.0 
53.9 
57.1 
53.7 
54.5 
53.7 
54.0 
53.6 
56.2 
57.0 
57.1 
54.8 
54.5 
53.7 
53.6 
54.2 
56.1 
53.7 
55.0 
53.6 
56.1 
53.6 
54.5 
57.1 
53.8 
53.6 
56.9 
53.7 
55.9 
53.9 
53.6 
53.9 
53.7 
56.6 
57.1 
54.0 
56.7 
56.3 
53.6 
56.0 
51.9 
53.6 
53.7 
53.6 
54.7 
55.9 
53.6 
57.1 
56.9 
53.6 
53.5 
53.8 
53.9 
53.5 
53.5 
53.6 
53.4 
53.6 
54.5 
53.6 
53.5 
53.7 
53.9 
53.5 
53.6 
53.9 
54.7 
56.1 
54.7 
53.7 
52.7 
56.0 
54.6 
