52.9 
56.0 
57.1 
52.0 
54.2 
52.0 
56.0 
52.3 
54.7 
53.6 
56.9 
53.8 
53.6 
53.6 
53.5 
54.1 
53.6 
53.5 
57.1 
54.7 
54.7 
53.7 
54.7 
54.4 
54.6 
55.9 
53.8 
54.4 
53.7 
56.4 
56.3 
55.9 
54.4 
53.9 
54.5 
53.6 
55.1 
53.7 
55.9 
54.2 
53.7 
53.3 
53.8 
56.1 
55.9 
53.9 
54.5 
53.6 
53.8 
53.4 
53.8 
53.4 
56.4 
53.6 
56.2 
56.1 
54.4 
53.8 
53.7 
53.7 
54.0 
53.6 
53.6 
53.7 
54.9 
52.1 
56.9 
57.0 
56.1 
55.6 
54.4 
53.7 
53.9 
53.7 
53.7 
53.6 
56.0 
54.7 
54.6 
57.0 
57.0 
57.4 
56.3 
54.6 
56.7 
53.6 
56.2 
56.7 
57.0 
57.1 
56.2 
53.7 
56.8 
56.4 
56.8 
56.4 
56.2 
56.1 
57.1 
53.9 
53.8 
53.9 
54.3 
54.5 
53.7 
54.5 
57.4 
54.0 
53.3 
53.6 
55.9 
54.2 
53.8 
53.7 
54.4 
53.7 
53.6 
53.6 
56.9 
54.2 
53.5 
57.0 
53.4 
53.7 
53.6 
53.8 
54.7 
56.4 
56.2 
56.0 
53.6 
53.6 
55.9 
54.7 
53.6 
53.6 
53.6 
56.8 
53.7 
54.0 
53.5 
53.6 
53.0 
53.7 
53.9 
54.4 
54.4 
56.7 
57.1 
56.4 
53.6 
