38.6 
47.5 
46.1 
44.9 
44.8 
45.1 
46.5 
40.4 
39.9 
45.1 
49.8 
45.0 
46.3 
46.7 
45.0 
47.9 
45.8 
48.8 
45.7 
44.5 
44.9 
45.2 
45.1 
45.9 
45.9 
45.6 
44.7 
45.0 
45.2 
44.9 
44.7 
45.0 
49.4 
49.5 
45.8 
42.0 
49.1 
46.6 
45.4 
45.5 
45.4 
48.3 
46.7 
49.7 
46.3 
44.2 
44.8 
44.7 
44.9 
44.2 
45.0 
46.1 
46.7 
45.7 
49.0 
49.3 
46.8 
44.9 
41.9 
43.6 
45.1 
46.2 
44.3 
40.9 
45.1 
45.0 
45.2 
43.6 
47.0 
44.6 
45.1 
43.3 
44.8 
45.1 
44.9 
43.0 
44.8 
44.7 
47.7 
48.4 
47.6 
46.6 
45.2 
48.4 
47.7 
49.0 
47.7 
47.7 
48.2 
49.7 
42.5 
41.4 
44.9 
44.7 
47.6 
45.2 
46.5 
44.9 
47.6 
47.5 
43.6 
49.5 
47.8 
45.7 
45.6 
44.9 
45.8 
43.2 
44.9 
49.0 
44.9 
44.9 
42.2 
44.0 
40.0 
42.0 
39.3 
42.9 
46.0 
46.6 
45.5 
49.3 
46.4 
49.2 
46.6 
48.9 
44.5 
44.2 
44.6 
44.0 
44.8 
41.6 
48.0 
47.9 
39.9 
44.9 
45.1 
44.9 
47.6 
45.0 
44.7 
