27.3 
27.5 
17.2 
26.7 
26.7 
31.5 
28.8 
28.1 
26.8 
25.2 
31.0 
29.4 
32.0 
29.7 
30.6 
25.6 
25.7 
26.7 
20.3 
27.4 
31.8 
31.1 
33.0 
29.4 
27.6 
29.6 
34.1 
30.1 
31.7 
32.1 
33.0 
26.0 
32.5 
23.0 
21.8 
27.0 
28.3 
33.6 
29.3 
27.0 
34.2 
30.4 
34.8 
22.6 
22.5 
29.3 
30.5 
32.0 
20.0 
22.3 
28.2 
29.8 
26.7 
28.1 
28.5 
24.3 
29.3 
21.9 
29.1 
28.1 
28.8 
30.8 
31.1 
26.3 
38.1 
29.1 
24.5 
23.4 
25.7 
31.2 
34.0 
30.1 
29.1 
29.4 
27.7 
31.8 
29.1 
29.1 
24.7 
18.7 
28.1 
28.0 
21.4 
22.3 
31.3 
24.7 
28.9 
28.6 
29.5 
28.5 
23.5 
33.7 
26.0 
30.3 
29.6 
27.6 
29.0 
28.4 
27.5 
29.1 
24.8 
29.1 
22.1 
30.1 
31.8 
31.6 
30.0 
33.6 
24.7 
27.2 
30.0 
27.3 
