53.3 
53.9 
53.0 
53.6 
54.0 
55.9 
51.6 
49.7 
57.0 
57.0 
57.1 
51.5 
50.5 
57.1 
53.7 
50.8 
52.1 
55.2 
53.5 
49.3 
46.6 
52.9 
53.1 
56.6 
52.9 
56.3 
57.0 
55.9 
57.1 
56.4 
53.2 
57.0 
56.5 
56.7 
54.6 
53.8 
50.2 
53.1 
49.1 
56.3 
57.0 
56.9 
57.1 
54.9 
57.0 
57.1 
55.9 
56.8 
56.3 
57.0 
57.0 
57.0 
51.1 
57.0 
57.2 
51.8 
54.4 
53.7 
52.1 
48.8 
53.1 
56.7 
53.6 
53.6 
55.5 
53.9 
55.0 
56.0 
52.7 
53.5 
47.0 
56.0 
53.4 
53.0 
53.6 
53.4 
50.0 
53.6 
53.6 
52.0 
49.3 
53.4 
54.1 
53.5 
53.5 
48.0 
54.3 
54.0 
51.0 
50.2 
53.4 
48.0 
53.7 
50.0 
52.8 
53.4 
56.0 
49.7 
53.8 
51.5 
53.5 
53.6 
52.4 
49.7 
53.6 
53.5 
53.1 
53.6 
48.9 
49.9 
53.3 
52.4 
49.8 
53.6 
46.8 
52.6 
54.1 
53.3 
53.7 
54.7 
45.4 
53.2 
53.3 
54.1 
50.9 
52.6 
50.1 
54.1 
54.1 
50.4 
53.3 
52.5 
