9.4 
12.4 
13.5 
15.3 
11.2 
10.3 
9.8 
9.9 
13.6 
12.8 
15.5 
13.2 
16.7 
17.7 
11.7 
11.2 
10.7 
10.9 
15.3 
12.1 
13.5 
12.8 
11.5 
12.5 
10.3 
10.9 
7.4 
12.2 
11.1 
11.7 
15.1 
16.2 
12.4 
10.9 
14.2 
13.9 
13.6 
8.6 
9.6 
13.4 
12.0 
14.2 
11.9 
15.6 
13.7 
12.7 
11.6 
12.8 
15.0 
13.4 
16.8 
13.1 
13.6 
13.0 
9.6 
10.3 
11.6 
10.2 
11.4 
16.1 
11.5 
12.4 
9.3 
10.6 
14.1 
11.8 
16.9 
12.8 
14.2 
15.1 
9.0 
11.4 
12.2 
13.5 
13.9 
12.8 
11.5 
9.3 
9.7 
12.8 
14.2 
7.4 
8.2 
9.9 
14.2 
9.6 
12.3 
15.8 
12.5 
14.9 
10.8 
10.5 
10.0 
11.5 
16.8 
14.2 
9.6 
17.2 
13.7 
11.2 
12.0 
13.3 
12.7 
13.3 
11.1 
14.7 
11.0 
9.9 
8.7 
11.2 
11.8 
11.3 
7.7 
13.3 
13.5 
11.7 
9.7 
9.8 
10.1 
14.9 
14.3 
12.4 
12.2 
7.2 
10.7 
10.0 
14.4 
12.4 
14.1 
7.4 
10.3 
14.7 
13.1 
13.6 
12.4 
14.9 
11.8 
7.8 
10.2 
11.0 
11.5 
11.4 
13.9 
11.5 
14.1 
15.4 
11.2 
15.3 
17.6 
13.8 
11.2 
9.6 
10.6 
10.4 
15.7 
12.7 
11.5 
12.3 
16.1 
12.0 
10.8 
9.1 
12.3 
11.7 
10.6 
10.0 
9.2 
11.2 
10.8 
15.0 
12.1 
13.9 
11.8 
8.9 
13.1 
12.4 
10.2 
14.0 
10.1 
14.8 
13.4 
11.9 
10.4 
10.7 
16.1 
15.5 
13.4 
11.5 
13.0 
12.9 
10.7 
10.6 
