53.3 
53.6 
57.4 
58.0 
57.1 
59.9 
59.3 
59.2 
59.8 
59.1 
57.2 
55.5 
59.9 
58.1 
59.6 
59.9 
57.8 
57.8 
59.2 
60.0 
58.0 
57.2 
57.3 
57.3 
59.3 
57.9 
59.9 
57.2 
57.7 
59.3 
57.7 
57.3 
57.3 
57.2 
57.7 
57.4 
59.2 
60.0 
60.0 
60.0 
57.1 
57.7 
59.8 
57.1 
57.3 
59.9 
59.4 
57.9 
59.9 
58.0 
60.0 
57.2 
57.1 
59.7 
57.8 
57.8 
57.1 
59.1 
57.5 
59.9 
57.3 
59.0 
60.0 
60.0 
59.2 
57.9 
57.3 
59.9 
59.2 
59.4 
59.4 
59.9 
57.3 
57.1 
60.0 
58.0 
57.3 
57.1 
56.8 
60.0 
60.0 
57.3 
57.0 
59.7 
59.1 
59.9 
59.9 
57.0 
57.2 
57.9 
59.2 
59.9 
59.9 
60.0 
59.9 
58.0 
56.9 
59.9 
60.0 
57.1 
59.3 
57.9 
59.8 
59.8 
59.7 
57.4 
57.4 
59.7 
56.8 
57.7 
57.7 
59.4 
57.2 
57.2 
59.9 
58.0 
57.3 
57.0 
57.9 
57.2 
59.8 
54.3 
59.1 
59.9 
60.0 
59.4 
57.7 
60.0 
57.4 
59.4 
59.6 
57.1 
58.0 
59.3 
60.0 
57.4 
60.0 
59.9 
59.9 
59.1 
59.3 
60.0 
60.0 
57.1 
57.2 
57.8 
60.0 
60.0 
59.4 
57.2 
59.4 
60.0 
57.9 
59.1 
59.7 
33.2 
