55.9 
57.0 
53.9 
54.7 
53.7 
54.5 
56.9 
57.0 
54.8 
53.9 
56.7 
56.2 
53.9 
53.9 
56.0 
53.7 
57.4 
54.6 
53.8 
56.2 
51.9 
54.0 
53.9 
56.2 
54.5 
56.1 
56.8 
54.5 
53.7 
54.7 
53.3 
56.2 
56.3 
56.0 
53.9 
56.7 
53.7 
53.5 
56.8 
56.8 
56.9 
53.9 
56.3 
57.1 
56.1 
53.7 
56.3 
54.4 
56.2 
56.0 
54.5 
53.9 
54.7 
57.0 
56.3 
56.9 
54.0 
54.4 
57.1 
56.0 
56.8 
53.6 
54.8 
56.8 
54.6 
54.7 
54.8 
54.7 
53.9 
56.8 
57.1 
57.0 
57.1 
54.4 
54.8 
54.7 
54.8 
54.4 
56.2 
57.1 
55.9 
57.1 
54.5 
56.0 
56.1 
56.0 
53.7 
53.7 
53.6 
53.6 
53.8 
53.7 
55.9 
53.5 
53.7 
56.3 
53.9 
54.7 
56.6 
56.7 
54.4 
54.6 
54.4 
54.4 
54.8 
