57.1 
57.1 
57.3 
57.1 
53.7 
53.6 
52.2 
53.5 
53.9 
53.7 
56.9 
54.5 
57.0 
57.2 
57.1 
57.1 
57.0 
57.0 
57.0 
56.9 
57.0 
54.7 
57.1 
57.0 
57.2 
56.9 
56.9 
57.1 
57.1 
57.1 
57.1 
56.9 
57.1 
54.7 
57.0 
57.1 
57.0 
57.1 
57.1 
55.4 
56.3 
53.6 
54.4 
57.0 
57.1 
57.1 
57.0 
57.1 
57.1 
57.1 
57.1 
56.9 
57.0 
53.5 
53.6 
53.6 
53.5 
53.5 
53.5 
56.0 
53.6 
56.2 
57.0 
57.1 
57.1 
57.1 
57.0 
57.1 
57.1 
56.1 
56.9 
57.1 
57.1 
57.1 
57.4 
53.6 
53.8 
54.3 
56.0 
56.1 
57.1 
57.0 
57.2 
56.9 
57.0 
57.0 
56.9 
57.2 
56.9 
57.0 
56.9 
57.1 
57.1 
57.1 
57.1 
57.1 
56.9 
57.1 
57.1 
57.2 
57.1 
56.2 
57.1 
57.1 
57.0 
57.0 
57.0 
57.0 
57.1 
57.2 
57.1 
56.9 
57.0 
53.6 
53.6 
56.0 
56.1 
53.8 
53.6 
53.7 
53.7 
56.9 
57.1 
57.1 
57.0 
57.1 
57.1 
57.1 
