15.3, 
17.3, 
14.2, 
15.0, 
10.7, 
13.6, 
14.0, 
15.2, 
14.8, 
15.3, 
14.7, 
14.2, 
13.7, 
13.5, 
12.4, 
14.8, 
15.9, 
13.8, 
16.2, 
13.2, 
15.0, 
14.1, 
14.0, 
14.3, 
16.4, 
14.5, 
15.2, 
14.2, 
13.6, 
15.8, 
14.0, 
13.1, 
14.9, 
16.6, 
16.5, 
15.5, 
15.1, 
13.9, 
14.3, 
13.7, 
13.2, 
14.0, 
14.0, 
14.2, 
15.1, 
14.7, 
12.2, 
14.2, 
13.6, 
14.6, 
15.1, 
14.4, 
14.5, 
17.5, 
15.7, 
15.3, 
12.3, 
15.9, 
15.0, 
15.4, 
14.3, 
13.7, 
15.4, 
16.3, 
13.9, 
14.9, 
16.1, 
12.4, 
15.4, 
16.0, 
14.3, 
14.3, 
14.0, 
13.3, 
15.6, 
15.9, 
15.9, 
15.1, 
14.8, 
14.4, 
15.2, 
15.1, 
16.3, 
14.7, 
15.0, 
15.0, 
14.4, 
15.4, 
16.2, 
15.0, 
14.5, 
16.2, 
15.2, 
14.4, 
15.2, 
15.6, 
15.2, 
15.8, 
15.0, 
15.6, 
15.8, 
14.7, 
15.7, 
15.1, 
16.3, 
10.4, 
14.0, 
15.2, 
14.9, 
16.1, 
16.3, 
15.1, 
13.0, 
14.6, 
14.2, 
15.8, 
16.6, 
15.2, 
14.1, 
14.5, 
14.3, 
14.8, 
14.2, 
15.7, 
14.9, 
16.0, 
15.6, 
15.1, 
16.8, 
14.7, 
14.1, 
15.9, 
15.1, 
15.4, 
15.7, 
16.8, 
14.5, 
14.3, 
14.1, 
16.1, 
15.7, 
16.3, 
9.8, 
5.6, 
4.7, 
9.4, 
14.8, 
15.1, 
15.2, 
14.4, 
16.0, 
14.8, 
13.9, 
14.0, 
16.1, 
15.3, 
16.6, 
16.0, 
17.3, 
15.4, 
15.2, 
15.0, 
16.0, 
15.8, 
15.6, 
14.6, 
13.8, 
15.0, 
10.3, 
14.6, 
14.9, 
14.5, 
14.5, 
14.3, 
17.1, 
13.4, 
14.9, 
15.4, 
16.5, 
15.0, 
13.1, 
15.5, 
14.7, 
15.6, 
16.6, 
14.6, 
16.3, 
15.9, 
17.1, 
15.6, 
13.6, 
14.4, 
15.8, 
12.6, 
