15.5, 
17.7, 
12.6, 
13.1, 
16.2, 
14.0, 
15.1, 
17.2, 
17.9, 
16.7, 
15.6, 
15.1, 
14.6, 
16.7, 
14.4, 
14.0, 
16.5, 
16.0, 
16.6, 
15.1, 
16.8, 
15.6, 
16.9, 
17.9, 
16.9, 
15.7, 
17.1, 
17.5, 
16.3, 
18.0, 
13.8, 
18.1, 
17.0, 
17.0, 
17.8, 
16.6, 
18.3, 
17.1, 
15.6, 
11.2, 
14.2, 
16.6, 
17.3, 
16.2, 
13.7, 
15.6, 
15.7, 
18.0, 
18.4, 
14.5, 
13.8, 
15.8, 
17.4, 
17.2, 
18.4, 
17.6, 
19.9, 
14.3, 
18.8, 
18.9, 
16.5, 
16.7, 
18.9, 
15.2, 
15.5, 
16.4, 
17.2, 
17.8, 
19.6, 
17.8, 
18.3, 
16.5, 
15.8, 
17.0, 
17.2, 
18.3, 
17.2, 
17.9, 
14.4, 
15.8, 
15.8, 
18.1, 
17.0, 
18.3, 
15.7, 
17.4, 
17.5, 
15.4, 
18.7, 
15.9, 
15.8, 
20.7, 
15.5, 
15.8, 
17.7, 
18.6, 
16.4, 
17.0, 
18.8, 
17.6, 
19.0, 
17.9, 
17.9, 
20.1, 
16.4, 
16.5, 
12.6, 
13.1, 
14.9, 
13.8, 
14.3, 
16.7, 
14.8, 
14.8, 
15.0, 
16.3, 
16.9, 
16.5, 
14.0, 
13.4, 
12.5, 
13.8, 
18.1, 
17.2, 
17.7, 
14.7, 
18.1, 
16.9, 
17.4, 
17.0, 
16.4, 
15.4, 
15.7, 
18.7, 
16.8, 
16.7, 
14.3, 
16.7, 
15.9, 
17.2, 
16.4, 
16.4, 
17.6, 
