15.5, 
17.9, 
17.7, 
16.7, 
16.9, 
17.8, 
15.1, 
16.7, 
17.8, 
16.8, 
16.3, 
16.5, 
17.4, 
18.3, 
16.7, 
17.7, 
17.5, 
17.4, 
17.6, 
18.3, 
17.5, 
17.0, 
16.2, 
17.9, 
16.5, 
16.6, 
18.4, 
16.9, 
15.9, 
17.3, 
17.6, 
19.3, 
18.7, 
17.6, 
18.3, 
16.9, 
17.9, 
17.2, 
17.4, 
18.2, 
16.9, 
16.2, 
16.5, 
17.6, 
17.2, 
16.5, 
17.8, 
18.0, 
18.0, 
17.9, 
17.3, 
18.9, 
18.5, 
19.1, 
17.9, 
18.7, 
18.5, 
17.7, 
18.5, 
18.1, 
19.3, 
18.5, 
17.1, 
18.2, 
17.3, 
17.7, 
17.4, 
17.7, 
17.7, 
15.4, 
18.1, 
18.5, 
16.7, 
16.2, 
17.4, 
17.6, 
16.3, 
18.4, 
17.5, 
18.2, 
18.0, 
17.2, 
17.2, 
16.9, 
17.7, 
18.5, 
17.5, 
18.0, 
17.7, 
18.2, 
18.6, 
18.7, 
18.1, 
17.7, 
18.3, 
18.8, 
18.7, 
17.6, 
19.2, 
18.8, 
19.3, 
18.7, 
18.9, 
17.9, 
17.4, 
19.3, 
17.2, 
18.2, 
17.2, 
17.4, 
18.8, 
18.8, 
18.4, 
17.2, 
17.4, 
16.9, 
18.7, 
18.2, 
17.4, 
17.9, 
17.5, 
16.5, 
16.9, 
17.4, 
16.4, 
17.0, 
18.0, 
20.1, 
18.0, 
19.1, 
18.8, 
17.1, 
19.6, 
17.7, 
17.3, 
18.4, 
18.7, 
18.1, 
18.2, 
18.6, 
16.5, 
18.3, 
18.4, 
18.4, 
17.6, 
18.4, 
18.2, 
18.3, 
17.2, 
18.1, 
18.5, 
17.5, 
17.6, 
17.1, 
18.7, 
19.2, 
19.3, 
20.8, 
18.7, 
19.8, 
19.7, 
18.3, 
18.1, 
19.4, 
17.0, 
16.6, 
16.6, 
18.0, 
17.9, 
17.5, 
18.3, 
18.3, 
19.8, 
18.1, 
18.6, 
18.7, 
17.6, 
17.5, 
18.1, 
17.4, 
