10.9, 
9.7, 
11.0, 
4.6, 
2.9, 
2.7, 
3.1, 
2.5, 
3.7, 
3.8, 
5.7, 
10.2, 
8.3, 
4.0, 
7.0, 
7.8, 
8.5, 
9.0, 
10.1, 
9.1, 
8.4, 
8.6, 
7.8, 
10.9, 
5.4, 
9.2, 
10.4, 
9.3, 
9.6, 
8.1, 
8.4, 
9.7, 
7.8, 
7.9, 
10.4, 
8.6, 
9.4, 
8.0, 
9.3, 
6.6, 
8.1, 
8.9, 
9.3, 
9.9, 
7.4, 
10.9, 
7.7, 
3.8, 
3.1, 
8.3, 
4.1, 
5.2, 
7.2, 
7.2, 
9.4, 
8.5, 
9.9, 
7.9, 
7.8, 
3.7, 
5.1, 
4.3, 
6.2, 
7.5, 
8.9, 
8.9, 
9.4, 
8.5, 
7.2, 
7.3, 
4.8, 
3.1, 
6.4, 
8.2, 
9.4, 
9.9, 
10.5, 
10.7, 
11.3, 
8.8, 
8.8, 
4.5, 
5.0, 
3.8, 
3.4, 
2.7, 
4.7, 
6.9, 
8.5, 
10.8, 
4.3, 
4.2, 
8.6, 
8.3, 
6.0, 
7.4, 
6.4, 
7.8, 
3.4, 
2.9, 
4.0, 
2.8, 
4.5, 
8.5, 
8.6, 
8.4, 
2.9, 
2.8, 
3.2, 
3.6, 
7.8, 
7.6, 
8.3, 
7.1, 
4.7, 
3.3, 
6.8, 
8.3, 
10.7, 
10.4, 
9.4, 
5.3, 
8.4, 
8.0, 
6.3, 
8.1, 
4.7, 
3.3, 
6.8, 
6.0, 
8.1, 
8.7, 
8.2, 
8.4, 
8.7, 
9.2, 
9.9, 
11.0, 
9.9, 
10.2, 
8.9, 
8.7, 
9.3, 
10.0, 
8.5, 
9.1, 
5.8, 
5.0, 
8.0, 
5.4, 
