8.8, 
12.2, 
11.7, 
10.8, 
10.5, 
10.0, 
11.6, 
11.2, 
11.5, 
12.3, 
12.3, 
11.8, 
11.5, 
11.3, 
8.3, 
10.0, 
11.2, 
12.5, 
12.2, 
9.5, 
10.7, 
11.1, 
10.7, 
9.4, 
11.9, 
9.3, 
9.7, 
11.6, 
11.6, 
9.1, 
11.2, 
11.4, 
11.8, 
10.7, 
12.2, 
10.2, 
10.4, 
11.5, 
12.4, 
10.7, 
8.5, 
11.4, 
9.9, 
11.8, 
8.9, 
10.7, 
9.4, 
10.3, 
9.3, 
11.5, 
11.9, 
10.2, 
10.5, 
9.2, 
7.5, 
11.1, 
11.7, 
11.3, 
11.3, 
11.4, 
9.6, 
11.0, 
11.3, 
9.0, 
10.9, 
11.4, 
11.2, 
12.5, 
11.2, 
9.0, 
11.3, 
9.0, 
8.4, 
10.2, 
9.6, 
10.8, 
9.7, 
10.6, 
11.4, 
8.7, 
7.8, 
10.8, 
11.9, 
11.7, 
11.6, 
9.9, 
8.6, 
9.8, 
10.8, 
8.8, 
11.6, 
11.6, 
9.0, 
11.3, 
9.0, 
9.3, 
9.6, 
10.9, 
9.4, 
11.5, 
10.0, 
11.3, 
9.8, 
11.4, 
8.6, 
10.9, 
8.5, 
10.0, 
10.8, 
11.9, 
10.9, 
11.6, 
12.2, 
11.8, 
12.6, 
10.2, 
8.9, 
8.5, 
6.6, 
7.7, 
11.3, 
11.7, 
11.8, 
11.7, 
11.5, 
9.9, 
9.3, 
9.8, 
8.7, 
8.3, 
10.3, 
10.9, 
8.3, 
10.7, 
10.1, 
11.5, 
11.6, 
9.1, 
10.6, 
11.4, 
8.2, 
9.0, 
9.9, 
10.2, 
10.8, 
11.6, 
10.0, 
12.5, 
10.1, 
9.4, 
11.4, 
8.4, 
