14.9, 
16.1, 
16.9, 
14.6, 
11.3, 
13.4, 
12.5, 
13.7, 
16.9, 
14.1, 
13.5, 
13.9, 
14.9, 
14.9, 
17.0, 
14.0, 
14.3, 
14.0, 
15.0, 
14.3, 
14.8, 
13.6, 
16.6, 
15.2, 
16.2, 
15.6, 
15.3, 
14.9, 
14.1, 
14.5, 
16.1, 
16.2, 
15.3, 
14.7, 
16.0, 
13.4, 
14.5, 
14.9, 
14.5, 
16.5, 
17.0, 
15.6, 
14.3, 
15.1, 
15.2, 
16.5, 
14.7, 
13.2, 
14.0, 
15.1, 
14.6, 
16.0, 
15.0, 
15.0, 
14.4, 
13.3, 
14.7, 
14.7, 
14.9, 
14.6, 
14.8, 
17.2, 
14.6, 
16.8, 
15.1, 
14.9, 
15.1, 
14.6, 
16.0, 
16.6, 
15.2, 
15.7, 
15.6, 
15.7, 
15.0, 
15.1, 
14.8, 
16.2, 
16.1, 
14.5, 
15.9, 
15.6, 
13.8, 
15.6, 
16.2, 
15.7, 
15.8, 
14.2, 
15.1, 
14.7, 
17.2, 
16.3, 
14.8, 
16.4, 
15.0, 
15.6, 
16.1, 
16.2, 
15.1, 
14.2, 
15.9, 
15.7, 
15.2, 
16.8, 
15.6, 
13.2, 
14.7, 
16.1, 
15.3, 
14.8, 
16.7, 
15.2, 
15.5, 
17.6, 
17.5, 
14.7, 
16.4, 
16.7, 
15.2, 
18.3, 
16.3, 
14.1, 
15.3, 
13.9, 
14.8, 
15.8, 
15.0, 
16.9, 
16.0, 
15.0, 
15.5, 
16.2, 
14.5, 
14.8, 
16.2, 
17.8, 
14.9, 
14.6, 
13.7, 
13.9, 
15.1, 
15.9, 
15.6, 
16.9, 
15.8, 
16.5, 
16.2, 
15.6, 
14.8, 
16.7, 
16.9, 
14.1, 
14.5, 
16.1, 
14.1, 
