14.4, 
14.1, 
17.0, 
15.3, 
15.1, 
16.2, 
14.3, 
15.3, 
14.6, 
16.3, 
17.1, 
15.8, 
16.7, 
16.5, 
15.2, 
16.0, 
15.6, 
17.9, 
16.7, 
18.1, 
17.7, 
16.5, 
16.9, 
18.1, 
15.8, 
17.1, 
17.1, 
17.6, 
16.3, 
17.2, 
15.5, 
15.8, 
15.3, 
16.6, 
17.0, 
15.6, 
17.0, 
18.0, 
17.7, 
15.8, 
16.7, 
16.1, 
18.0, 
17.2, 
17.6, 
17.7, 
17.4, 
16.7, 
16.5, 
16.1, 
17.5, 
17.4, 
16.8, 
17.1, 
17.5, 
17.3, 
17.2, 
17.1, 
16.2, 
18.3, 
16.5, 
17.1, 
16.9, 
17.1, 
17.1, 
16.1, 
17.5, 
17.5, 
18.3, 
18.0, 
18.3, 
18.5, 
18.4, 
18.1, 
19.1, 
17.8, 
18.0, 
17.6, 
18.3, 
16.5, 
16.6, 
17.7, 
18.9, 
17.8, 
18.4, 
18.8, 
17.3, 
19.1, 
18.3, 
16.6, 
16.9, 
18.1, 
17.3, 
16.6, 
16.2, 
16.9, 
18.3, 
16.6, 
17.5, 
16.6, 
17.0, 
17.5, 
18.9, 
18.7, 
19.3, 
17.9, 
18.8, 
17.8, 
14.3, 
17.0, 
17.8, 
18.6, 
16.8, 
16.5, 
16.8, 
16.7, 
18.0, 
17.5, 
17.7, 
19.1, 
18.6, 
17.7, 
17.7, 
16.6, 
16.5, 
17.3, 
17.8, 
18.7, 
18.0, 
16.9, 
17.0, 
17.7, 
17.2, 
17.7, 
15.8, 
17.4, 
17.6, 
18.8, 
16.6, 
17.2, 
16.5, 
16.0, 
17.8, 
16.7, 
17.9, 
19.7, 
19.1, 
19.4, 
18.8, 
16.4, 
17.2, 
17.3, 
16.5, 
17.1, 
16.5, 
16.7, 
17.6, 
18.5, 
17.0, 
17.9, 
18.4, 
16.4, 
16.4, 
16.3, 
19.5, 
17.3, 
17.5, 
17.0, 
17.6, 
16.6, 
