16.2, 
16.7, 
18.8, 
18.5, 
17.6, 
19.0, 
17.7, 
18.1, 
17.2, 
18.3, 
16.0, 
17.0, 
18.1, 
18.7, 
16.9, 
18.3, 
19.0, 
17.8, 
18.3, 
19.3, 
23.1, 
20.4, 
19.6, 
20.4, 
17.8, 
17.7, 
19.9, 
17.8, 
17.0, 
18.0, 
17.3, 
18.4, 
17.5, 
19.8, 
22.5, 
22.3, 
18.8, 
19.2, 
18.3, 
18.6, 
17.7, 
17.9, 
17.8, 
16.8, 
19.5, 
21.0, 
18.1, 
18.0, 
19.1, 
19.1, 
19.1, 
19.5, 
19.0, 
21.1, 
17.8, 
20.0, 
18.7, 
18.9, 
17.1, 
16.6, 
17.8, 
18.1, 
19.7, 
21.5, 
18.3, 
19.5, 
20.3, 
19.0, 
18.7, 
18.5, 
19.5, 
19.3, 
17.3, 
20.4, 
18.7, 
18.7, 
19.2, 
18.7, 
21.0, 
19.0, 
22.5, 
21.5, 
19.7, 
22.1, 
19.2, 
21.0, 
18.9, 
20.8, 
21.0, 
20.6, 
19.4, 
18.7, 
18.8, 
17.2, 
19.8, 
19.2, 
21.0, 
20.4, 
19.0, 
19.3, 
19.6, 
19.8, 
19.6, 
20.0, 
19.7, 
18.5, 
18.6, 
19.2, 
19.8, 
18.8, 
18.4, 
20.3, 
19.5, 
20.9, 
20.2, 
21.1, 
19.0, 
17.6, 
17.5, 
17.3, 
19.7, 
18.9, 
19.9, 
20.1, 
18.4, 
21.9, 
20.4, 
21.5, 
20.8, 
19.2, 
18.2, 
18.9, 
19.3, 
20.4, 
19.7, 
19.1, 
19.2, 
17.9, 
19.4, 
19.7, 
17.2, 
19.4, 
16.6, 
18.8, 
19.4, 
18.8, 
18.0, 
19.8, 
19.4, 
18.0, 
17.6, 
18.6, 
18.9, 
21.7, 
19.7, 
19.5, 
19.1, 
21.2, 
20.4, 
18.2, 
16.7, 
19.1, 
18.8, 
18.6, 
19.3, 
18.9, 
19.5, 
20.3, 
19.9, 
21.0, 
20.0, 
20.5, 
19.0, 
19.1, 
17.0, 
20.0, 
20.3, 
18.0, 
19.7, 
19.4, 
19.5, 
17.9, 
17.9, 
20.0, 
20.1, 
19.2, 
16.6, 
19.1, 
20.3, 
18.6, 
19.8, 
18.3, 
19.6, 
18.7, 
17.9, 
19.3, 
18.2, 
18.6, 
20.2, 
19.9, 
19.1, 
19.1, 
18.6, 
20.0, 
18.8, 
20.1, 
18.9, 
18.9, 
19.6, 
18.5, 
16.8, 
17.9, 
20.4, 
20.4, 
18.7, 
18.9, 
21.5, 
18.5, 
20.8, 
18.8, 
19.4, 
19.5, 
20.0, 
19.7, 
16.9, 
17.8, 
19.1, 
17.9, 
17.9, 
19.1, 
19.0, 
18.6, 
21.5, 
17.2, 
19.0, 
18.8, 
16.3, 
16.4, 
18.7, 
20.1, 
20.3, 
16.7, 
17.8, 
