12.3, 
14.4, 
14.2, 
13.2, 
13.1, 
13.7, 
15.4, 
16.3, 
14.0, 
14.8, 
14.9, 
14.6, 
14.7, 
16.6, 
18.0, 
17.1, 
17.3, 
17.4, 
18.4, 
17.9, 
15.3, 
16.5, 
16.0, 
17.1, 
16.1, 
15.9, 
17.5, 
16.9, 
15.8, 
17.1, 
17.8, 
17.5, 
17.4, 
16.0, 
16.4, 
16.3, 
15.6, 
16.5, 
17.1, 
15.9, 
13.6, 
16.2, 
14.2, 
13.8, 
17.5, 
15.3, 
16.0, 
14.3, 
16.8, 
17.0, 
17.6, 
18.0, 
16.6, 
16.7, 
12.7, 
15.2, 
14.4, 
16.4, 
15.5, 
17.9, 
19.9, 
15.3, 
15.8, 
15.3, 
16.2, 
16.1, 
16.7, 
16.1, 
16.7, 
16.3, 
16.9, 
16.6, 
17.3, 
18.8, 
17.1, 
15.0, 
14.8, 
17.0, 
17.5, 
17.9, 
16.7, 
18.1, 
17.8, 
18.2, 
16.2, 
17.1, 
17.6, 
16.4, 
17.8, 
17.4, 
19.6, 
16.9, 
19.0, 
17.4, 
16.3, 
16.1, 
16.4, 
16.2, 
16.4, 
15.6, 
15.1, 
15.6, 
14.5, 
17.4, 
15.7, 
16.7, 
17.2, 
19.3, 
16.3, 
18.9, 
16.4, 
15.7, 
18.8, 
16.6, 
18.1, 
17.4, 
14.7, 
17.5, 
16.1, 
17.0, 
18.9, 
17.9, 
16.8, 
16.8, 
17.1, 
14.4, 
18.7, 
14.1, 
18.2, 
16.6, 
15.3, 
18.3, 
15.8, 
17.8, 
17.4, 
18.9, 
17.8, 
15.4, 
15.7, 
17.9, 
16.3, 
17.1, 
18.5, 
12.2, 
13.6, 
16.6, 
17.7, 
17.0, 
17.6, 
15.5, 
16.1, 
17.1, 
16.1, 
14.0, 
14.9, 
15.2, 
16.0, 
17.2, 
15.3, 
13.7, 
14.3, 
16.9, 
16.9, 
17.8, 
15.4, 
18.1, 
19.4, 
18.7, 
16.7, 
16.7, 
12.6, 
15.6, 
14.5, 
17.5, 
16.6, 
17.7, 
15.1, 
