15.3, 
16.2, 
16.7, 
14.8, 
13.4, 
13.2, 
9.9, 
13.9, 
14.1, 
15.0, 
14.9, 
12.1, 
15.3, 
14.9, 
15.3, 
13.5, 
14.7, 
15.3, 
15.8, 
15.1, 
14.5, 
14.3, 
15.3, 
14.7, 
17.8, 
16.1, 
14.6, 
17.0, 
14.3, 
16.0, 
16.4, 
15.4, 
14.0, 
15.3, 
14.8, 
15.6, 
18.6, 
14.5, 
15.7, 
16.2, 
14.6, 
15.9, 
16.6, 
15.3, 
17.4, 
16.7, 
15.6, 
13.8, 
15.1, 
14.2, 
15.1, 
14.1, 
14.0, 
15.7, 
14.6, 
15.0, 
17.9, 
14.7, 
17.1, 
16.3, 
14.8, 
15.5, 
14.4, 
13.5, 
14.2, 
13.2, 
16.2, 
14.1, 
17.6, 
16.3, 
16.0, 
15.3, 
15.1, 
15.3, 
15.4, 
15.0, 
15.1, 
14.6, 
17.4, 
14.0, 
14.2, 
15.1, 
14.4, 
14.7, 
16.2, 
15.7, 
14.8, 
16.2, 
16.5, 
14.9, 
15.6, 
15.4, 
17.1, 
15.5, 
14.8, 
14.3, 
15.7, 
16.3, 
15.5, 
15.5, 
14.7, 
15.9, 
15.1, 
15.2, 
15.0, 
15.1, 
15.2, 
15.7, 
15.7, 
14.8, 
16.8, 
15.0, 
15.7, 
17.5, 
14.9, 
13.7, 
15.8, 
15.7, 
16.7, 
15.3, 
15.3, 
15.6, 
15.1, 
17.2, 
16.2, 
15.9, 
16.6, 
15.0, 
14.6, 
15.3, 
16.7, 
14.8, 
16.2, 
16.1, 
14.2, 
15.1, 
14.7, 
15.5, 
16.4, 
15.9, 
16.0, 
15.0, 
14.9, 
10.9, 
13.7, 
12.3, 
14.4, 
15.2, 
16.6, 
15.0, 
14.8, 
15.2, 
14.7, 
14.3, 
14.3, 
15.7, 
14.5, 
14.7, 
15.8, 
15.2, 
15.8, 
15.7, 
15.2, 
15.3, 
14.9, 
14.4, 
14.2, 
13.8, 
13.9, 
14.5, 
14.5, 
15.5, 
15.0, 
12.5, 
