13.3, 
14.3, 
16.1, 
10.1, 
13.7, 
16.6, 
17.2, 
13.9, 
14.9, 
16.9, 
16.1, 
16.5, 
17.0, 
15.2, 
13.3, 
14.1, 
15.1, 
14.6, 
15.3, 
13.0, 
17.9, 
16.3, 
12.6, 
13.6, 
9.4, 
12.7, 
12.8, 
14.5, 
12.0, 
13.9, 
13.5, 
14.3, 
14.8, 
15.3, 
14.5, 
14.5, 
11.5, 
11.9, 
14.9, 
14.1, 
14.7, 
13.0, 
14.8, 
15.9, 
14.1, 
16.1, 
15.4, 
15.8, 
17.4, 
16.7, 
15.5, 
14.7, 
14.6, 
17.7, 
18.8, 
14.7, 
16.2, 
16.9, 
17.6, 
15.2, 
15.6, 
16.9, 
16.6, 
15.1, 
15.6, 
14.9, 
17.7, 
18.0, 
17.9, 
18.2, 
16.2, 
16.1, 
14.6, 
17.9, 
13.0, 
13.4, 
15.7, 
16.2, 
15.5, 
16.7, 
16.0, 
15.7, 
15.7, 
15.8, 
17.2, 
17.4, 
15.5, 
15.8, 
16.0, 
15.8, 
17.0, 
17.9, 
18.2, 
19.2, 
17.0, 
14.9, 
18.2, 
17.0, 
17.4, 
19.2, 
15.9, 
19.3, 
16.2, 
16.8, 
15.6, 
18.8, 
19.3, 
15.8, 
14.7, 
14.7, 
16.1, 
16.3, 
16.1, 
14.9, 
16.6, 
14.6, 
15.7, 
16.5, 
15.0, 
15.4, 
17.5, 
15.3, 
17.8, 
17.2, 
19.1, 
18.5, 
18.2, 
17.9, 
19.7, 
17.4, 
17.6, 
15.8, 
16.5, 
10.3, 
13.0, 
15.8, 
17.8, 
15.0, 
12.1, 
13.7, 
15.3, 
15.7, 
15.0, 
16.6, 
15.8, 
16.0, 
14.4, 
13.9, 
15.0, 
17.2, 
18.0, 
16.5, 
15.7, 
15.1, 
15.8, 
17.7, 
13.3, 
13.9, 
15.7, 
17.3, 
17.0, 
16.8, 
16.9, 
14.9, 
15.8, 
17.2, 
13.9, 
16.0, 
17.1, 
16.9, 
15.9, 
13.9, 
11.8, 
15.6, 
17.2, 
18.6, 
15.0, 
14.6, 
15.0, 
13.6, 
16.4, 
13.5, 
16.0, 
16.9, 
16.9, 
16.4, 
15.9, 
15.9, 
17.6, 
16.8, 
15.9, 
16.4, 
15.3, 
16.2, 
14.7, 
16.0, 
15.7, 
16.4, 
19.4, 
18.3, 
18.2, 
15.8, 
16.7, 
15.9, 
16.0, 
16.6, 
17.2, 
15.8, 
17.2, 
13.0, 
14.3, 
15.8, 
15.6, 
16.3, 
15.4, 
15.3, 
13.2, 
17.5, 
15.3, 
16.1, 
16.6, 
17.9, 
9.3, 
12.5, 
15.2, 
15.0, 
10.8, 
14.8, 
16.0, 
16.8, 
15.9, 
15.3, 
17.0, 
15.7, 
18.1, 
18.4, 
17.0, 
15.0, 
15.3, 
15.8, 
16.4, 
18.8, 
18.0, 
16.9, 
12.3, 
13.0, 
15.5, 
18.4, 
18.9, 
17.5, 
15.3, 
15.8, 
13.4, 
14.8, 
16.2, 
15.4, 
16.2, 
14.9, 
13.9, 
14.0, 
13.9, 
15.4, 
15.9, 
16.4, 
16.9, 
14.7, 
17.6, 
16.5, 
11.2, 
15.9, 
16.6, 
14.1, 
18.0, 
16.8, 
15.5, 
16.9, 
15.3, 
15.6, 
17.6, 
17.4, 
14.7, 
15.6, 
15.4, 
14.2, 
16.3, 
17.7, 
16.8, 
13.1, 
17.5, 
16.7, 
16.3, 
15.4, 
16.9, 
16.4, 
14.4, 
11.8, 
15.5, 
16.6, 
16.9, 
