14.1, 
16.0, 
17.5, 
6.1, 
7.3, 
9.7, 
5.3, 
6.6, 
9.8, 
7.9, 
9.2, 
5.1, 
5.3, 
7.7, 
8.3, 
9.9, 
10.2, 
5.1, 
4.2, 
6.6, 
9.1, 
7.8, 
10.6, 
7.1, 
7.1, 
8.8, 
5.6, 
7.3, 
7.1, 
4.2, 
5.4, 
3.6, 
3.7, 
6.4, 
4.5, 
6.0, 
4.4, 
5.4, 
9.0, 
4.9, 
5.2, 
7.4, 
11.7, 
10.8, 
9.2, 
11.8, 
9.0, 
8.1, 
4.6, 
5.2, 
3.7, 
3.6, 
5.3, 
4.2, 
4.1, 
7.3, 
5.8, 
6.4, 
5.7, 
3.1, 
4.5, 
3.6, 
3.6, 
5.9, 
4.0, 
5.2, 
8.4, 
7.5, 
8.7, 
7.0, 
3.6, 
5.6, 
3.1, 
6.4, 
9.0, 
11.0, 
10.0, 
12.3, 
9.7, 
6.5, 
7.9, 
4.9, 
7.9, 
7.1, 
8.4, 
9.2, 
7.9, 
10.3, 
8.9, 
9.9, 
8.4, 
10.0, 
5.0, 
5.9, 
6.5, 
4.2, 
4.2, 
6.9, 
4.6, 
4.6, 
5.5, 
11.0, 
7.9, 
9.6, 
10.1, 
8.6, 
7.6, 
5.6, 
9.0, 
11.3, 
7.8, 
8.8, 
9.7, 
11.6, 
7.9, 
9.0, 
11.8, 
7.5, 
4.2, 
3.0, 
3.7, 
3.1, 
3.9, 
2.9, 
2.6, 
6.3, 
6.5, 
8.8, 
8.1, 
5.8, 
5.1, 
8.9, 
4.9, 
8.0, 
8.9, 
7.8, 
8.0, 
4.6, 
3.7, 
4.8, 
6.4, 
9.3, 
10.1, 
3.9, 
3.7, 
9.1, 
8.1, 
10.5, 
7.0, 
7.8, 
9.8, 
8.7, 
11.3, 
9.4, 
5.6, 
8.5, 
9.2, 
8.9, 
10.1, 
10.4, 
9.0, 
10.1, 
9.9, 
7.7, 
9.2, 
9.2, 
4.0, 
4.0, 
8.9, 
7.7, 
9.0, 
10.0, 
7.6, 
8.5, 
8.4, 
5.0, 
7.1, 
8.5, 
8.7, 
8.4, 
6.4, 
3.7, 
6.3, 
10.9, 
9.8, 
10.2, 
4.3, 
6.7, 
5.0, 
3.2, 
5.9, 
8.8, 
10.8, 
9.1, 
8.6, 
10.1, 
5.2, 
3.4, 
3.4, 
6.9, 
7.0, 
5.3, 
6.5, 
9.6, 
10.7, 
