11.8, 
14.0, 
12.8, 
15.6, 
14.0, 
14.1, 
14.8, 
13.0, 
15.0, 
14.0, 
13.3, 
15.0, 
16.0, 
12.0, 
14.2, 
15.7, 
15.9, 
13.8, 
13.6, 
15.7, 
15.7, 
15.0, 
16.3, 
14.0, 
16.6, 
14.7, 
15.1, 
17.6, 
15.5, 
16.4, 
15.8, 
14.5, 
14.4, 
15.3, 
16.2, 
14.2, 
14.4, 
15.7, 
16.4, 
14.8, 
15.7, 
15.1, 
15.9, 
15.3, 
16.0, 
15.7, 
14.3, 
13.9, 
13.8, 
12.7, 
15.5, 
13.4, 
14.4, 
15.0, 
16.0, 
16.6, 
14.6, 
14.8, 
16.9, 
14.5, 
12.6, 
15.5, 
15.0, 
16.5, 
15.6, 
15.6, 
15.5, 
13.6, 
15.5, 
14.8, 
16.1, 
13.6, 
15.9, 
14.5, 
14.0, 
14.9, 
15.6, 
14.9, 
15.5, 
14.4, 
14.5, 
14.5, 
15.0, 
14.4, 
14.1, 
14.0, 
15.7, 
14.3, 
14.9, 
13.7, 
13.8, 
14.4, 
16.1, 
15.1, 
14.8, 
15.9, 
14.5, 
16.2, 
14.5, 
15.3, 
14.3, 
14.2, 
15.0, 
14.5, 
16.0, 
14.3, 
16.7, 
16.6, 
15.3, 
16.0, 
18.1, 
14.1, 
13.9, 
14.9, 
14.0, 
14.7, 
14.6, 
14.7, 
14.7, 
14.4, 
14.3, 
16.0, 
13.2, 
14.6, 
14.2, 
14.8, 
14.5, 
13.8, 
14.4, 
15.7, 
15.1, 
15.7, 
14.4, 
9.8, 
14.5, 
15.0, 
15.9, 
13.8, 
16.1, 
13.9, 
13.7, 
14.7, 
15.4, 
15.3, 
12.0, 
14.8, 
15.2, 
14.6, 
15.0, 
15.1, 
15.9, 
14.2, 
15.5, 
14.7, 
15.2, 
14.9, 
14.2, 
16.0, 
14.1, 
14.9, 
15.4, 
14.7, 
14.4, 
15.8, 
14.4, 
15.0, 
14.3, 
15.0, 
14.8, 
14.8, 
14.5, 
15.9, 
13.1, 
13.5, 
14.5, 
