56.8 
57.2 
57.2 
57.1 
57.1 
57.1 
57.0 
57.1 
57.1 
57.1 
57.2 
57.1 
57.1 
57.1 
57.1 
57.1 
56.9 
57.4 
57.1 
57.3 
57.1 
57.1 
57.1 
57.1 
57.1 
57.0 
57.0 
57.0 
57.0 
57.5 
57.0 
57.1 
57.1 
57.1 
57.3 
57.1 
57.0 
57.1 
57.3 
57.0 
57.1 
57.1 
57.1 
56.9 
57.1 
57.1 
57.0 
57.1 
57.1 
57.2 
57.1 
57.0 
57.0 
57.1 
57.1 
57.0 
56.9 
57.1 
56.9 
57.1 
57.1 
57.1 
56.9 
57.1 
57.1 
57.4 
57.1 
57.4 
57.0 
57.2 
57.3 
57.2 
57.1 
57.1 
57.5 
57.1 
57.2 
57.4 
57.4 
57.2 
57.1 
57.6 
57.0 
56.9 
57.1 
57.4 
57.1 
57.2 
57.0 
57.1 
57.0 
54.7 
57.0 
57.1 
57.4 
57.0 
57.0 
57.5 
57.0 
57.4 
57.0 
57.0 
57.1 
56.9 
57.2 
57.0 
57.2 
