57.0 
57.1 
57.1 
56.9 
57.0 
49.4 
57.0 
56.0 
57.0 
56.9 
57.3 
57.1 
57.3 
57.1 
57.5 
57.0 
57.1 
57.0 
57.2 
57.1 
56.3 
57.3 
57.0 
57.0 
57.1 
57.2 
56.9 
57.1 
57.3 
57.1 
56.3 
56.2 
56.9 
57.0 
57.1 
57.1 
57.1 
57.1 
57.0 
56.9 
57.1 
57.1 
57.0 
57.1 
57.0 
57.0 
57.1 
57.4 
57.2 
57.2 
57.1 
56.9 
57.1 
54.5 
57.1 
52.1 
57.1 
57.1 
56.9 
56.9 
56.1 
57.1 
57.1 
57.1 
57.0 
56.9 
57.0 
57.1 
54.0 
57.2 
57.5 
56.9 
57.0 
57.0 
57.1 
57.1 
56.7 
57.0 
57.1 
57.1 
57.0 
57.0 
57.1 
54.8 
57.1 
57.1 
57.1 
57.0 
57.2 
54.7 
57.1 
55.8 
57.1 
57.1 
56.9 
57.0 
57.0 
57.1 
56.9 
56.8 
57.1 
57.0 
57.0 
57.0 
57.1 
57.4 
57.0 
56.9 
57.1 
57.1 
56.9 
57.1 
57.0 
54.6 
57.0 
57.1 
57.0 
57.1 
57.2 
57.2 
57.1 
56.6 
57.1 
57.1 
57.2 
57.1 
57.1 
57.1 
57.0 
56.9 
57.4 
57.2 
57.0 
56.9 
57.1 
57.1 
56.9 
57.0 
57.1 
57.1 
57.1 
57.2 
57.1 
56.9 
57.0 
57.0 
57.1 
56.9 
57.1 
57.0 
57.1 
57.3 
57.1 
57.1 
57.2 
57.0 
57.1 
57.1 
57.1 
56.2 
57.0 
57.1 
57.2 
57.1 
57.1 
57.1 
57.3 
57.1 
57.1 
57.1 
56.9 
57.1 
57.1 
57.0 
