42.6 
38.3 
40.5 
41.9 
43.6 
17.4 
15.5 
16.3 
39.4 
41.8 
44.6 
26.3 
34.1 
30.7 
14.4 
23.4 
44.9 
42.0 
41.6 
23.3 
45.2 
20.3 
43.4 
43.9 
11.9 
44.2 
44.9 
44.2 
44.9 
40.3 
16.6 
42.3 
45.0 
44.7 
45.4 
44.7 
42.0 
43.5 
34.3 
33.3 
41.1 
44.7 
44.8 
44.7 
44.8 
45.8 
43.5 
44.1 
41.6 
44.6 
44.5 
44.6 
44.6 
44.6 
44.8 
44.2 
45.1 
45.8 
43.5 
45.3 
32.9 
44.5 
46.0 
45.6 
30.9 
36.4 
44.9 
37.6 
36.6 
39.7 
39.4 
31.0 
17.5 
44.7 
44.5 
41.7 
44.6 
42.3 
43.9 
46.0 
44.6 
40.3 
44.6 
45.4 
44.6 
43.6 
43.9 
45.4 
44.9 
44.9 
44.9 
44.1 
44.8 
41.5 
44.6 
44.9 
45.2 
46.2 
44.3 
44.9 
44.7 
32.2 
39.7 
44.8 
46.3 
28.5 
30.7 
45.2 
44.7 
46.1 
45.2 
40.2 
36.2 
44.8 
44.6 
44.7 
44.8 
44.9 
45.2 
44.3 
45.0 
44.3 
43.4 
45.0 
40.7 
22.5 
44.6 
44.9 
44.7 
46.1 
44.7 
44.7 
44.7 
44.9 
33.4 
35.4 
22.5 
41.2 
44.2 
46.1 
35.3 
44.7 
42.2 
44.9 
44.7 
41.7 
44.7 
44.9 
44.9 
44.8 
45.0 
41.5 
44.6 
41.7 
44.5 
45.4 
44.6 
33.5 
37.8 
38.0 
39.2 
45.2 
41.8 
