54.8 
54.9 
53.7 
53.5 
53.6 
53.5 
51.5 
53.6 
53.7 
53.7 
53.7 
51.6 
54.4 
53.5 
53.5 
53.7 
53.6 
53.5 
53.7 
53.6 
53.6 
53.6 
53.6 
53.5 
53.6 
53.6 
53.6 
53.7 
53.6 
53.4 
53.5 
54.1 
53.6 
53.5 
53.7 
53.5 
53.5 
53.5 
53.6 
53.6 
53.5 
53.6 
53.7 
53.6 
53.6 
53.6 
54.0 
53.7 
53.5 
53.5 
53.8 
53.6 
53.6 
53.6 
54.3 
53.6 
53.8 
53.6 
53.5 
53.7 
53.5 
53.3 
53.5 
53.6 
45.9 
53.2 
54.3 
53.7 
53.7 
53.7 
53.8 
53.8 
53.3 
53.6 
53.6 
53.5 
53.6 
54.4 
53.7 
53.6 
53.6 
53.5 
53.7 
54.0 
53.5 
53.5 
53.5 
54.2 
53.6 
53.6 
53.5 
53.6 
54.1 
53.6 
53.5 
54.3 
53.8 
53.6 
53.5 
53.6 
53.6 
53.7 
53.6 
53.6 
54.1 
53.7 
53.6 
53.6 
53.6 
54.2 
53.6 
53.6 
54.4 
53.6 
28.5 
52.6 
53.7 
53.6 
53.6 
53.5 
53.5 
54.3 
53.6 
53.6 
53.6 
53.5 
53.6 
53.6 
53.9 
53.6 
53.6 
53.7 
53.6 
54.2 
53.9 
53.6 
53.5 
53.8 
