55.4 
53.6 
51.0 
49.2 
44.1 
53.7 
53.7 
53.5 
53.2 
53.8 
53.3 
53.7 
52.5 
50.9 
52.3 
53.4 
49.8 
49.5 
49.7 
53.6 
50.1 
53.6 
53.6 
53.2 
52.5 
49.5 
49.9 
53.1 
54.2 
54.2 
53.5 
51.0 
53.2 
49.6 
53.5 
53.5 
53.6 
53.7 
53.4 
49.7 
54.2 
52.9 
53.7 
53.6 
53.6 
53.6 
53.5 
53.8 
54.2 
54.4 
53.5 
53.7 
54.3 
53.6 
53.5 
53.6 
51.1 
50.0 
53.5 
51.7 
53.7 
53.6 
53.6 
53.6 
49.9 
52.2 
53.6 
49.7 
52.0 
50.3 
51.0 
53.6 
53.6 
54.1 
53.4 
53.6 
53.5 
52.6 
52.3 
49.7 
54.0 
53.6 
53.7 
52.3 
50.9 
49.5 
50.6 
49.6 
53.2 
53.7 
53.6 
53.7 
53.5 
51.0 
53.3 
52.7 
52.4 
53.5 
49.6 
53.3 
53.8 
54.3 
53.5 
50.9 
50.5 
53.5 
53.6 
53.6 
53.7 
51.1 
52.6 
50.7 
49.5 
50.1 
49.5 
53.5 
53.6 
53.4 
53.6 
53.6 
53.6 
52.7 
53.2 
53.3 
49.8 
53.5 
53.6 
53.8 
53.8 
53.5 
54.2 
50.2 
50.6 
53.6 
53.7 
50.1 
49.7 
53.5 
