57.4 
54.3 
57.1 
46.9 
56.9 
57.1 
57.4 
57.1 
56.3 
57.0 
57.1 
56.8 
57.1 
57.5 
57.0 
57.0 
57.2 
56.8 
55.8 
57.1 
57.1 
56.2 
57.0 
57.1 
57.1 
57.1 
57.2 
56.9 
57.0 
57.1 
57.0 
57.1 
56.4 
57.2 
57.1 
57.1 
57.1 
57.0 
57.1 
57.0 
57.3 
57.1 
57.0 
57.2 
57.1 
57.5 
57.0 
57.2 
57.2 
57.0 
57.4 
57.1 
56.9 
56.9 
57.3 
57.1 
57.2 
57.1 
57.0 
57.1 
57.2 
56.9 
57.0 
57.1 
57.2 
57.0 
57.1 
57.2 
57.1 
57.0 
57.1 
56.1 
57.0 
57.1 
57.2 
57.1 
57.1 
57.1 
57.1 
57.1 
57.5 
57.1 
56.9 
57.0 
57.0 
57.1 
57.1 
57.5 
57.1 
57.1 
57.3 
57.1 
57.0 
57.1 
57.1 
57.1 
57.4 
57.1 
57.0 
57.0 
57.1 
57.2 
55.7 
57.2 
57.1 
56.8 
57.4 
57.1 
57.0 
57.4 
57.2 
57.1 
57.2 
57.1 
56.9 
57.4 
57.2 
57.1 
57.2 
57.0 
56.7 
57.4 
57.2 
57.0 
57.1 
57.2 
57.3 
56.7 
57.2 
57.1 
57.1 
57.1 
57.0 
57.1 
57.1 
57.1 
57.0 
57.1 
57.0 
55.8 
55.7 
54.0 
57.3 
57.0 
56.8 
57.1 
57.0 
57.1 
57.0 
57.4 
57.0 
56.5 
57.1 
54.0 
57.1 
57.1 
57.0 
52.9 
57.1 
57.1 
56.9 
57.2 
57.4 
57.0 
57.0 
57.0 
57.0 
57.1 
57.1 
57.0 
57.1 
57.1 
57.2 
56.9 
51.9 
57.1 
54.2 
57.4 
57.0 
57.0 
55.5 
57.1 
54.2 
57.4 
57.1 
57.2 
57.0 
57.1 
57.1 
57.0 
57.1 
57.0 
48.9 
57.0 
54.3 
57.0 
57.2 
57.1 
56.1 
57.1 
57.0 
57.1 
57.0 
57.0 
57.2 
55.3 
56.9 
57.1 
57.2 
57.2 
57.0 
56.9 
57.1 
57.0 
50.7 
57.1 
57.1 
57.1 
57.0 
57.0 
57.1 
57.1 
56.9 
57.1 
57.1 
57.6 
57.4 
57.0 
57.1 
57.4 
56.7 
52.9 
56.9 
