53.6 
53.7 
53.6 
53.6 
53.1 
53.4 
53.5 
53.6 
53.6 
52.6 
53.8 
53.5 
53.6 
53.7 
53.7 
53.6 
53.6 
53.6 
53.7 
53.8 
53.7 
53.8 
53.6 
53.5 
54.0 
53.6 
53.6 
53.6 
53.8 
53.7 
54.2 
53.8 
51.1 
54.4 
53.2 
53.6 
54.3 
53.7 
53.5 
53.6 
54.1 
53.7 
53.6 
53.7 
53.9 
53.5 
53.9 
53.6 
53.6 
53.8 
54.2 
53.7 
53.5 
48.3 
53.5 
53.8 
53.5 
53.4 
53.6 
53.5 
53.5 
52.2 
53.7 
53.6 
53.6 
53.6 
53.6 
53.6 
53.5 
53.5 
53.6 
53.6 
53.6 
53.6 
53.5 
53.5 
51.1 
53.5 
53.6 
53.6 
53.7 
53.6 
53.6 
53.8 
53.5 
53.6 
53.6 
53.6 
54.2 
53.5 
53.6 
53.6 
53.5 
53.5 
53.5 
53.6 
53.8 
53.5 
53.5 
53.7 
53.7 
53.7 
54.2 
53.7 
53.6 
53.7 
53.6 
53.6 
53.6 
53.6 
53.6 
54.3 
53.7 
54.4 
53.6 
53.7 
53.7 
52.9 
53.6 
53.5 
53.7 
53.6 
54.4 
53.9 
51.0 
54.3 
53.7 
53.5 
53.6 
51.2 
53.8 
53.5 
53.6 
53.5 
54.2 
53.9 
53.7 
53.5 
53.6 
53.9 
53.6 
53.5 
53.6 
53.6 
53.8 
53.7 
53.4 
53.6 
54.1 
53.8 
54.1 
53.5 
52.4 
53.7 
54.0 
53.5 
53.6 
53.6 
53.6 
53.6 
