57.0 
57.0 
56.8 
39.3 
57.0 
57.2 
57.1 
57.0 
57.0 
54.8 
56.8 
57.2 
57.1 
57.2 
57.0 
57.0 
55.4 
57.2 
57.2 
57.1 
57.1 
57.4 
57.1 
56.8 
57.0 
57.2 
57.1 
57.1 
57.1 
57.2 
57.1 
57.0 
57.2 
57.2 
57.1 
57.5 
57.4 
57.1 
57.5 
56.9 
56.9 
56.9 
57.1 
57.1 
57.1 
57.0 
56.9 
57.1 
57.1 
57.2 
57.1 
57.1 
57.0 
56.8 
56.8 
56.3 
57.0 
57.0 
56.9 
57.1 
57.0 
57.0 
57.2 
57.2 
57.0 
56.8 
57.1 
57.1 
57.0 
57.0 
57.0 
57.1 
57.5 
57.2 
57.1 
56.6 
57.2 
57.0 
57.1 
57.2 
57.1 
57.1 
57.0 
57.1 
54.8 
57.1 
57.3 
57.2 
57.0 
57.0 
57.1 
57.0 
57.1 
57.1 
57.1 
57.1 
57.1 
57.2 
57.1 
57.0 
57.3 
54.7 
57.0 
57.1 
57.0 
57.1 
57.0 
57.2 
57.2 
57.0 
57.6 
56.9 
57.3 
57.1 
57.2 
57.1 
57.1 
57.0 
57.1 
57.1 
57.1 
57.0 
57.1 
57.2 
56.9 
57.1 
57.2 
57.0 
56.9 
57.0 
57.1 
57.1 
