56.9 
51.5 
57.1 
56.5 
56.7 
57.0 
57.1 
57.1 
57.0 
56.5 
54.5 
57.4 
57.0 
56.9 
50.3 
57.1 
57.1 
57.0 
57.1 
57.2 
56.9 
57.1 
57.0 
57.1 
57.1 
57.1 
57.2 
57.0 
57.2 
57.1 
57.1 
57.1 
49.5 
57.0 
57.1 
57.1 
56.1 
56.1 
57.1 
57.0 
56.9 
56.9 
57.1 
57.3 
57.1 
57.0 
57.0 
57.1 
56.7 
57.0 
57.4 
57.0 
56.9 
57.0 
57.1 
57.2 
57.2 
57.1 
56.7 
57.1 
57.2 
56.8 
57.0 
56.9 
57.2 
56.9 
53.9 
57.0 
57.2 
57.0 
56.9 
57.0 
57.0 
56.9 
52.7 
55.4 
54.8 
53.3 
57.1 
57.1 
54.6 
56.9 
53.2 
57.3 
56.9 
57.0 
53.5 
56.9 
54.3 
53.8 
56.2 
57.1 
57.2 
56.5 
57.2 
54.1 
55.2 
57.2 
56.3 
57.2 
56.6 
56.9 
57.1 
49.4 
57.1 
57.0 
57.1 
53.7 
55.3 
57.1 
57.1 
56.2 
57.0 
57.4 
56.7 
56.2 
56.9 
57.0 
56.6 
57.1 
57.0 
51.5 
57.1 
53.3 
53.2 
56.6 
57.0 
51.7 
49.8 
40.6 
56.9 
57.1 
57.0 
57.1 
56.3 
56.9 
56.9 
57.0 
57.1 
57.0 
57.1 
57.2 
56.9 
56.9 
57.1 
57.0 
57.0 
57.4 
49.8 
46.9 
51.6 
46.1 
53.0 
55.4 
54.0 
57.0 
53.5 
57.1 
54.1 
57.0 
56.8 
57.0 
57.2 
57.1 
57.2 
56.7 
57.0 
57.2 
56.9 
57.1 
57.0 
57.1 
57.1 
