53.1 
47.9 
53.9 
53.8 
53.4 
54.1 
53.6 
54.4 
53.8 
53.6 
53.6 
53.7 
53.6 
53.8 
54.3 
53.6 
53.5 
53.6 
53.6 
53.5 
54.3 
53.6 
53.8 
53.6 
52.5 
53.6 
53.4 
53.6 
54.1 
53.8 
53.8 
53.5 
53.8 
53.5 
53.6 
54.2 
53.6 
53.7 
53.5 
53.7 
53.6 
54.3 
54.3 
53.6 
53.6 
53.4 
53.6 
53.7 
53.6 
53.6 
53.2 
53.6 
53.6 
53.6 
53.6 
53.6 
53.5 
53.8 
53.6 
53.6 
53.6 
51.4 
53.4 
54.4 
53.8 
53.5 
53.6 
53.6 
53.4 
53.6 
53.6 
53.6 
53.4 
53.6 
54.2 
54.0 
51.5 
54.2 
53.4 
53.6 
53.7 
47.8 
54.1 
53.7 
52.9 
53.5 
54.1 
53.4 
53.4 
53.6 
53.6 
53.7 
53.6 
53.6 
53.8 
53.5 
53.5 
53.6 
53.6 
53.5 
53.6 
53.6 
53.6 
53.6 
53.6 
53.8 
54.2 
53.6 
53.9 
53.6 
53.5 
53.8 
53.6 
53.8 
53.6 
53.5 
53.6 
53.6 
53.6 
53.5 
53.6 
54.3 
53.6 
53.6 
53.5 
