54.2 
50.6 
49.7 
54.0 
53.4 
53.7 
53.2 
53.5 
54.1 
53.6 
53.8 
50.3 
53.6 
53.8 
53.6 
53.6 
53.5 
52.3 
50.9 
49.6 
49.4 
49.6 
53.5 
54.2 
53.6 
53.6 
53.5 
50.8 
53.5 
53.5 
54.2 
53.6 
54.3 
53.5 
54.2 
53.6 
53.9 
51.1 
54.2 
53.0 
52.4 
53.5 
53.8 
53.6 
53.8 
53.5 
53.5 
53.6 
53.5 
53.5 
53.7 
53.5 
53.8 
51.0 
53.3 
48.8 
53.8 
50.0 
49.5 
49.8 
50.4 
52.2 
51.6 
53.6 
53.7 
53.7 
53.6 
52.3 
53.5 
53.7 
53.5 
51.0 
53.6 
53.6 
53.5 
54.2 
51.0 
53.6 
53.6 
51.2 
51.8 
54.4 
53.6 
53.6 
52.7 
53.6 
53.6 
53.7 
53.6 
53.6 
53.5 
54.1 
53.5 
50.6 
50.9 
53.5 
49.4 
