57.1 
57.1 
57.1 
57.1 
57.4 
57.0 
57.1 
57.1 
57.0 
57.0 
57.1 
57.2 
57.1 
57.2 
57.0 
57.0 
57.1 
57.1 
57.2 
57.3 
56.9 
54.8 
57.2 
56.9 
57.1 
57.1 
54.8 
56.9 
56.9 
57.3 
57.1 
57.1 
57.0 
57.0 
57.6 
56.9 
57.3 
57.0 
57.1 
56.9 
56.9 
56.4 
57.0 
56.9 
57.1 
57.2 
57.2 
57.1 
57.1 
57.1 
57.0 
57.0 
57.1 
57.4 
57.1 
57.1 
57.3 
57.0 
57.2 
56.4 
57.1 
57.1 
56.8 
57.1 
57.2 
57.1 
57.3 
57.0 
57.0 
57.5 
57.0 
57.0 
57.3 
56.9 
57.0 
57.0 
57.2 
57.1 
57.1 
57.2 
56.8 
57.1 
57.0 
57.2 
57.1 
57.1 
57.1 
56.9 
56.9 
57.0 
54.3 
57.0 
57.1 
56.9 
56.8 
57.1 
57.1 
57.4 
56.3 
57.0 
57.3 
57.4 
56.9 
57.1 
57.2 
57.0 
57.6 
57.0 
56.8 
56.3 
57.2 
57.1 
57.0 
57.2 
57.1 
54.9 
56.5 
57.1 
57.4 
57.0 
57.5 
56.9 
56.9 
56.9 
57.0 
57.1 
57.1 
57.0 
57.1 
57.1 
56.9 
56.9 
56.8 
56.9 
57.3 
56.8 
56.8 
53.0 
57.0 
57.1 
56.9 
57.0 
57.1 
57.1 
57.3 
57.0 
57.1 
57.1 
57.1 
57.5 
56.9 
55.1 
57.1 
57.3 
57.2 
57.3 
57.0 
57.1 
57.1 
57.2 
57.1 
56.9 
57.1 
57.0 
57.0 
57.3 
57.1 
56.7 
56.9 
57.4 
56.9 
56.9 
57.0 
57.0 
57.4 
57.1 
57.1 
56.5 
57.1 
