36.8 
49.4 
49.4 
43.7 
49.9 
49.6 
49.9 
24.1 
27.9 
41.9 
49.6 
49.5 
49.5 
40.2 
39.4 
46.8 
46.0 
49.5 
49.5 
48.2 
48.6 
49.4 
46.7 
49.4 
48.6 
49.3 
49.5 
49.8 
49.6 
49.3 
49.4 
49.5 
49.5 
49.8 
49.5 
49.4 
49.6 
49.6 
49.5 
39.7 
46.7 
47.8 
50.8 
48.9 
47.2 
49.4 
49.7 
49.5 
49.6 
49.5 
48.2 
46.9 
49.5 
48.8 
49.4 
49.5 
49.6 
49.5 
43.8 
49.4 
29.7 
49.8 
49.6 
48.3 
46.4 
49.0 
49.6 
49.6 
49.8 
49.1 
49.7 
46.8 
46.7 
46.8 
45.8 
38.0 
36.3 
31.6 
49.6 
49.3 
49.4 
49.5 
47.7 
49.0 
43.8 
50.5 
49.5 
47.8 
49.4 
43.6 
49.3 
49.9 
49.5 
50.4 
49.5 
49.4 
49.5 
49.6 
49.7 
49.4 
49.5 
49.6 
49.5 
46.1 
46.1 
43.9 
49.6 
49.4 
48.6 
48.6 
47.9 
49.6 
49.7 
49.2 
