54.5 
57.4 
57.2 
57.2 
57.1 
57.3 
57.0 
57.3 
57.4 
57.1 
56.9 
57.2 
57.1 
54.7 
57.2 
57.1 
56.9 
57.2 
56.9 
57.0 
56.9 
57.0 
56.5 
56.9 
57.1 
57.1 
57.1 
57.0 
57.2 
57.0 
57.1 
55.1 
57.1 
56.9 
57.0 
54.7 
56.9 
57.1 
57.1 
57.4 
57.1 
57.1 
57.0 
57.3 
56.9 
57.1 
57.1 
57.1 
57.0 
53.8 
57.1 
57.1 
56.3 
57.1 
57.0 
57.4 
57.1 
55.8 
57.2 
54.8 
57.1 
57.0 
56.8 
57.1 
57.1 
57.1 
57.3 
56.0 
57.0 
56.6 
57.1 
57.5 
57.1 
52.2 
56.8 
57.1 
57.1 
57.0 
57.0 
57.1 
57.1 
57.1 
56.2 
57.1 
52.2 
56.9 
