51.1 
52.6 
53.6 
53.5 
53.6 
41.9 
50.9 
53.5 
53.6 
54.5 
50.0 
53.6 
53.6 
51.0 
51.1 
53.2 
53.4 
50.5 
52.4 
53.6 
52.8 
53.7 
51.1 
53.5 
53.5 
53.7 
53.6 
53.6 
53.6 
53.5 
54.3 
49.6 
53.4 
53.5 
53.6 
53.6 
53.6 
53.6 
53.5 
52.5 
53.5 
51.2 
53.5 
53.4 
50.2 
50.4 
54.2 
53.6 
53.6 
53.6 
53.6 
49.7 
52.9 
53.6 
53.4 
53.6 
53.6 
30.6 
49.6 
52.4 
53.1 
53.5 
53.3 
51.1 
53.3 
52.6 
52.7 
53.5 
53.3 
51.0 
53.7 
53.5 
53.8 
53.7 
53.2 
53.7 
53.6 
51.2 
53.5 
54.0 
53.6 
53.7 
53.5 
54.3 
53.2 
53.3 
53.7 
53.5 
53.6 
53.6 
53.7 
49.6 
52.2 
52.7 
52.7 
52.3 
52.7 
53.6 
53.5 
53.5 
53.6 
53.6 
53.3 
53.3 
54.0 
53.6 
51.5 
51.0 
50.4 
50.5 
53.7 
53.8 
53.6 
50.9 
50.6 
49.8 
52.7 
52.3 
52.7 
53.6 
53.6 
53.7 
53.6 
53.5 
53.6 
53.5 
53.7 
53.6 
53.4 
52.3 
