51.0 
53.3 
52.2 
53.6 
51.0 
49.8 
49.5 
53.4 
53.6 
53.6 
53.6 
53.8 
53.4 
53.3 
50.0 
49.5 
53.6 
53.7 
52.6 
53.2 
53.6 
53.6 
53.7 
53.6 
51.1 
49.7 
50.7 
51.0 
51.0 
50.6 
53.6 
53.5 
53.5 
54.2 
53.7 
53.6 
53.4 
50.8 
53.6 
53.4 
50.8 
53.4 
53.5 
53.5 
54.1 
51.0 
49.9 
49.9 
53.6 
53.5 
53.5 
53.3 
53.3 
53.1 
53.5 
53.2 
53.5 
53.1 
51.6 
49.9 
53.1 
49.6 
50.5 
49.6 
50.7 
53.9 
53.5 
54.4 
53.6 
51.1 
50.1 
50.1 
54.0 
53.6 
53.7 
53.5 
53.5 
53.5 
52.7 
50.7 
52.1 
49.7 
53.2 
53.1 
54.1 
53.3 
53.9 
51.3 
53.1 
52.4 
53.4 
53.6 
54.2 
53.7 
53.5 
53.6 
53.6 
51.3 
52.7 
53.3 
54.1 
53.7 
54.1 
53.1 
50.7 
49.6 
50.5 
49.5 
53.1 
53.3 
53.8 
53.6 
53.6 
53.5 
53.3 
51.0 
53.7 
50.2 
53.3 
53.7 
52.6 
47.9 
54.0 
53.2 
53.6 
53.6 
53.5 
53.6 
51.0 
53.4 
53.6 
53.6 
53.6 
53.5 
53.6 
53.7 
53.8 
49.5 
49.5 
52.5 
53.7 
53.6 
53.6 
53.4 
53.6 
54.3 
53.5 
50.9 
