53.9 
57.0 
57.1 
57.3 
57.0 
57.1 
57.1 
56.5 
57.3 
57.0 
57.1 
57.0 
57.0 
57.0 
57.0 
57.1 
57.0 
56.9 
57.1 
57.0 
57.4 
56.3 
57.0 
56.3 
57.0 
57.4 
57.0 
57.0 
56.8 
57.1 
57.1 
56.8 
56.9 
57.1 
57.2 
57.1 
57.6 
56.8 
56.8 
57.2 
57.1 
56.8 
57.1 
57.1 
57.1 
56.9 
57.1 
56.8 
56.1 
57.1 
57.3 
57.0 
57.1 
57.0 
57.1 
57.4 
57.6 
57.0 
52.7 
57.1 
57.1 
56.9 
57.0 
57.1 
57.1 
57.1 
57.0 
57.0 
57.1 
57.0 
57.1 
56.9 
57.4 
57.2 
57.0 
57.0 
57.1 
57.0 
57.1 
57.2 
57.0 
57.2 
56.9 
56.9 
57.0 
57.3 
56.4 
53.7 
57.1 
57.1 
54.8 
57.1 
57.1 
57.2 
57.0 
57.1 
57.2 
57.0 
57.3 
57.0 
57.0 
56.3 
57.1 
57.4 
57.0 
57.1 
57.0 
56.9 
57.1 
57.0 
56.9 
57.1 
56.9 
