45.2 
42.8 
44.7 
45.4 
50.1 
45.3 
36.4 
44.3 
49.6 
47.9 
46.3 
43.8 
44.2 
44.7 
43.4 
44.9 
46.4 
45.1 
48.7 
39.5 
44.4 
46.7 
40.0 
50.4 
49.2 
47.6 
44.9 
45.4 
44.9 
38.9 
41.1 
44.5 
45.2 
44.9 
42.1 
37.7 
44.2 
46.1 
44.9 
44.8 
43.4 
43.7 
42.1 
44.8 
42.1 
48.0 
46.0 
42.1 
44.9 
42.5 
12.4 
41.0 
43.2 
44.1 
42.0 
35.8 
46.0 
44.9 
44.6 
44.8 
45.0 
44.7 
46.4 
43.7 
44.8 
47.4 
45.9 
44.7 
44.8 
44.3 
44.6 
44.6 
44.5 
43.1 
44.9 
46.1 
42.2 
39.0 
48.2 
48.1 
45.4 
45.0 
22.7 
20.3 
28.5 
33.4 
39.0 
29.5 
40.5 
26.2 
19.5 
38.5 
44.6 
32.3 
22.1 
43.8 
44.9 
44.8 
46.0 
44.9 
44.8 
43.6 
45.0 
42.2 
44.9 
49.2 
39.4 
47.2 
44.4 
49.4 
49.4 
48.3 
49.3 
46.9 
48.2 
46.1 
49.3 
49.2 
49.5 
49.1 
49.9 
48.4 
48.6 
47.6 
47.7 
49.2 
50.4 
49.4 
49.9 
49.6 
48.8 
49.5 
49.4 
47.4 
49.8 
46.5 
46.8 
49.3 
49.5 
48.9 
49.7 
49.6 
49.1 
46.5 
46.6 
47.1 
42.1 
48.4 
44.4 
48.8 
45.2 
48.9 
47.3 
49.5 
46.8 
49.5 
45.4 
49.3 
48.9 
48.9 
49.5 
50.3 
49.5 
49.4 
49.5 
49.5 
47.0 
47.3 
43.5 
39.6 
46.6 
49.1 
45.5 
47.8 
49.7 
43.4 
48.2 
49.4 
48.9 
49.4 
49.4 
46.8 
40.9 
49.0 
34.0 
49.9 
45.7 
44.8 
48.4 
43.9 
49.4 
45.0 
49.5 
48.9 
33.9 
49.0 
49.5 
49.4 
49.4 
50.4 
49.3 
49.4 
46.9 
45.0 
45.2 
49.1 
46.1 
