53.6 
55.8 
52.1 
57.0 
57.1 
57.1 
56.9 
50.9 
53.7 
53.9 
57.1 
56.8 
57.0 
57.1 
57.0 
57.0 
54.7 
57.1 
57.1 
57.1 
57.1 
57.1 
57.0 
57.1 
53.6 
57.1 
57.0 
54.8 
57.2 
57.1 
56.8 
57.1 
57.0 
57.0 
56.3 
57.1 
57.2 
57.1 
54.6 
57.1 
57.1 
56.9 
54.8 
56.8 
57.1 
56.5 
57.0 
57.1 
56.8 
57.1 
57.0 
57.1 
57.0 
57.1 
57.0 
57.2 
57.4 
57.0 
57.1 
57.1 
57.0 
57.1 
57.1 
56.9 
57.1 
56.9 
57.3 
57.1 
57.2 
53.9 
56.3 
57.0 
57.1 
54.7 
57.4 
57.1 
57.0 
57.0 
57.1 
48.7 
56.9 
57.1 
57.1 
57.4 
57.1 
57.0 
57.1 
56.9 
57.0 
57.0 
57.1 
57.0 
57.2 
57.1 
57.0 
56.4 
54.2 
57.1 
57.3 
57.2 
57.1 
57.1 
56.9 
57.0 
57.1 
55.2 
57.0 
57.1 
57.3 
56.7 
57.0 
57.1 
56.9 
56.4 
57.1 
57.1 
56.9 
57.1 
57.1 
57.0 
57.0 
57.1 
57.1 
57.0 
57.0 
57.1 
57.1 
57.1 
56.9 
57.1 
57.2 
56.5 
57.1 
57.1 
57.1 
37.8 
56.1 
57.2 
57.5 
57.0 
57.0 
57.0 
57.2 
57.4 
56.5 
57.1 
56.9 
57.1 
54.9 
57.0 
56.9 
56.8 
57.3 
56.8 
56.6 
57.1 
56.9 
53.9 
57.2 
57.0 
54.8 
57.1 
57.1 
56.2 
57.1 
57.1 
57.1 
57.1 
56.9 
57.2 
57.0 
57.1 
57.0 
52.2 
55.5 
57.2 
56.5 
57.0 
