53.7 
53.4 
53.6 
53.7 
46.0 
52.1 
50.0 
49.8 
49.6 
44.6 
53.6 
53.5 
53.6 
53.6 
52.8 
51.1 
53.7 
49.6 
53.4 
51.0 
53.6 
53.6 
53.5 
53.6 
53.5 
53.1 
53.7 
53.6 
53.5 
54.3 
50.2 
53.4 
53.7 
53.6 
53.9 
53.3 
50.1 
53.3 
50.8 
53.5 
53.7 
53.6 
53.6 
53.5 
53.5 
53.0 
53.6 
53.6 
50.0 
53.5 
39.2 
50.4 
53.0 
52.7 
53.6 
54.4 
53.5 
53.5 
53.4 
53.6 
53.6 
53.5 
53.6 
53.6 
53.6 
53.3 
51.0 
53.5 
53.6 
53.8 
53.5 
53.6 
53.6 
53.5 
53.5 
53.5 
53.6 
53.6 
53.6 
53.6 
53.6 
53.6 
53.4 
50.4 
52.4 
52.7 
53.4 
54.3 
54.3 
53.6 
53.6 
53.4 
49.6 
50.9 
52.5 
49.6 
53.6 
53.6 
53.5 
53.6 
53.5 
53.5 
53.6 
53.6 
53.6 
53.5 
53.7 
53.6 
53.6 
53.5 
53.2 
50.7 
53.1 
53.6 
54.3 
53.6 
53.8 
53.5 
52.7 
53.4 
49.6 
52.7 
53.5 
53.6 
53.6 
53.6 
53.6 
52.5 
54.3 
52.3 
53.0 
51.0 
53.3 
51.9 
54.0 
54.2 
50.5 
51.1 
50.3 
52.7 
53.8 
53.7 
53.7 
53.5 
52.9 
53.2 
50.6 
49.9 
49.5 
52.1 
52.3 
49.6 
53.6 
52.7 
53.5 
51.0 
54.5 
