40.8 
34.9 
39.8 
38.2 
39.4 
41.9 
40.8 
40.0 
40.4 
38.5 
37.8 
39.9 
39.7 
41.6 
34.0 
36.6 
41.0 
39.8 
39.9 
39.1 
39.3 
39.5 
41.4 
40.6 
40.2 
39.8 
39.8 
41.0 
39.8 
38.7 
40.0 
43.9 
39.3 
41.2 
39.9 
41.7 
44.8 
46.1 
44.6 
44.9 
45.0 
44.9 
46.5 
43.5 
46.1 
38.5 
34.6 
36.4 
40.3 
35.5 
39.1 
39.7 
37.0 
40.0 
41.2 
33.8 
31.9 
36.4 
37.3 
40.7 
39.0 
35.8 
37.6 
39.8 
43.0 
43.3 
39.0 
39.5 
37.2 
38.7 
41.0 
39.2 
39.9 
42.6 
40.5 
39.5 
40.0 
39.9 
38.9 
39.8 
41.3 
38.1 
39.7 
39.9 
39.3 
40.8 
39.2 
33.9 
39.9 
40.3 
39.9 
41.2 
41.9 
43.0 
39.9 
39.7 
40.0 
38.5 
39.9 
44.1 
36.4 
31.8 
39.5 
39.6 
39.7 
45.1 
43.0 
37.0 
38.7 
39.9 
40.0 
40.6 
41.5 
40.1 
37.2 
37.7 
40.5 
41.4 
42.2 
42.7 
39.9 
39.2 
39.8 
43.7 
44.3 
44.9 
44.8 
45.0 
44.9 
45.0 
43.9 
44.9 
40.3 
42.2 
31.8 
40.0 
38.2 
39.6 
38.8 
39.9 
38.5 
36.4 
38.8 
40.2 
39.9 
38.8 
39.9 
40.4 
39.9 
40.5 
37.2 
36.8 
45.0 
45.4 
44.9 
