57.1 
52.9 
53.5 
54.2 
52.6 
53.5 
53.6 
53.6 
53.7 
53.6 
53.7 
53.7 
53.2 
53.7 
53.6 
53.6 
53.7 
53.8 
52.1 
53.7 
53.6 
51.9 
53.7 
53.8 
54.6 
53.6 
53.6 
53.0 
53.6 
53.7 
50.8 
53.6 
51.0 
53.4 
53.4 
42.4 
53.4 
53.6 
54.3 
53.6 
53.6 
51.0 
53.6 
53.6 
53.5 
53.5 
53.5 
53.5 
53.2 
53.3 
53.8 
53.7 
53.6 
53.5 
53.8 
53.6 
53.6 
53.6 
53.6 
53.6 
53.6 
53.7 
49.4 
53.7 
52.0 
53.9 
53.7 
53.4 
53.6 
53.5 
53.7 
53.7 
53.6 
53.0 
53.6 
53.7 
53.6 
53.5 
53.6 
53.6 
53.8 
53.6 
52.6 
53.5 
53.6 
54.1 
53.6 
53.5 
53.7 
53.5 
53.7 
53.7 
53.5 
53.6 
53.1 
53.7 
53.7 
53.5 
53.5 
53.6 
53.5 
53.6 
53.6 
53.5 
53.7 
53.6 
53.5 
54.2 
53.1 
53.7 
53.8 
53.6 
54.0 
53.6 
53.6 
53.5 
54.4 
53.5 
49.8 
53.0 
53.5 
50.6 
53.4 
53.6 
53.6 
53.7 
53.4 
53.5 
53.6 
53.6 
53.5 
53.7 
53.6 
53.6 
53.5 
53.6 
53.3 
53.6 
53.1 
53.6 
52.7 
52.6 
53.6 
53.9 
53.5 
53.6 
53.6 
53.6 
53.6 
53.0 
53.6 
53.5 
54.4 
53.6 
53.7 
53.8 
54.4 
53.6 
53.6 
50.2 
50.2 
53.7 
53.5 
53.8 
53.6 
53.3 
53.6 
53.0 
53.7 
53.6 
53.6 
53.4 
52.9 
