53.9 
55.9 
54.8 
54.2 
56.8 
56.9 
57.0 
56.4 
56.9 
54.1 
56.4 
55.5 
57.1 
54.7 
57.0 
56.7 
57.0 
57.0 
57.1 
56.9 
57.4 
56.5 
57.1 
57.1 
57.1 
54.7 
57.1 
54.8 
57.0 
57.1 
57.3 
52.7 
56.6 
54.4 
57.0 
57.1 
57.1 
56.4 
57.2 
57.1 
57.0 
57.2 
57.0 
57.2 
56.9 
53.7 
57.1 
57.3 
57.1 
56.8 
57.3 
56.4 
57.1 
57.0 
57.2 
57.0 
54.7 
56.1 
57.1 
57.2 
57.0 
57.0 
57.1 
57.1 
57.5 
57.0 
56.7 
54.6 
57.0 
54.8 
56.2 
57.2 
52.6 
57.1 
57.0 
57.4 
57.1 
57.2 
57.1 
57.0 
57.1 
57.1 
57.1 
56.9 
56.3 
56.9 
56.9 
54.5 
56.1 
56.9 
57.0 
57.0 
57.0 
57.2 
57.1 
57.0 
57.2 
57.2 
57.1 
57.1 
57.1 
57.1 
57.1 
57.1 
57.0 
57.0 
57.0 
53.0 
57.1 
56.5 
56.8 
57.2 
57.0 
57.1 
57.1 
57.2 
57.1 
57.1 
56.9 
57.0 
57.1 
56.9 
56.6 
57.0 
57.0 
57.1 
57.1 
56.9 
57.1 
57.1 
57.2 
57.2 
57.1 
57.1 
52.6 
57.0 
57.1 
57.1 
56.6 
57.1 
57.1 
57.1 
57.0 
57.1 
57.1 
57.1 
57.1 
57.1 
56.9 
56.2 
57.1 
57.1 
57.1 
53.9 
57.1 
57.0 
57.1 
54.8 
57.0 
57.1 
56.8 
57.1 
57.0 
57.0 
57.1 
56.5 
57.1 
57.1 
56.9 
57.0 
57.1 
54.7 
57.1 
56.9 
56.8 
56.0 
54.9 
57.1 
