53.6 
52.1 
53.4 
53.5 
49.1 
53.2 
51.2 
53.6 
53.5 
53.6 
53.5 
54.2 
53.5 
53.1 
53.7 
53.5 
51.4 
53.4 
53.6 
53.6 
53.6 
53.5 
53.5 
54.1 
53.6 
53.6 
52.0 
53.7 
53.6 
53.8 
53.7 
53.7 
54.2 
53.6 
53.6 
53.6 
50.6 
53.5 
53.7 
53.6 
53.6 
53.6 
53.7 
53.5 
53.7 
53.6 
53.5 
53.6 
53.6 
53.2 
53.5 
53.0 
53.7 
53.5 
53.6 
53.6 
53.6 
53.6 
53.8 
53.7 
53.7 
53.6 
53.6 
53.6 
53.6 
48.3 
53.7 
54.3 
53.6 
53.7 
53.3 
53.7 
53.8 
51.2 
53.4 
53.6 
53.4 
53.5 
53.2 
53.6 
53.6 
53.7 
53.5 
52.2 
53.6 
53.5 
53.6 
53.6 
53.6 
53.6 
53.5 
53.5 
50.5 
53.6 
53.7 
53.0 
53.6 
53.6 
53.6 
53.6 
53.7 
53.3 
53.6 
53.6 
53.6 
53.6 
53.5 
53.6 
53.6 
53.4 
53.6 
52.2 
53.6 
50.6 
53.4 
53.5 
53.6 
53.5 
51.8 
53.6 
53.6 
53.7 
53.6 
53.7 
53.7 
53.6 
53.6 
53.7 
53.6 
53.6 
53.6 
51.9 
53.7 
53.7 
53.8 
53.6 
53.6 
53.6 
53.6 
53.5 
53.7 
53.6 
53.7 
53.4 
53.6 
53.6 
53.6 
53.8 
53.6 
53.6 
53.6 
53.6 
53.6 
53.5 
53.6 
53.6 
53.5 
53.9 
53.6 
53.6 
52.8 
53.7 
53.8 
53.6 
53.6 
53.5 
53.6 
53.6 
53.5 
53.6 
53.6 
53.6 
