57.0 
57.1 
57.1 
57.1 
57.0 
57.1 
57.1 
53.9 
56.7 
57.1 
57.1 
57.1 
57.1 
56.5 
56.8 
54.8 
56.3 
57.2 
54.7 
56.3 
57.0 
57.0 
53.7 
48.6 
57.1 
54.7 
54.8 
57.1 
54.0 
56.1 
57.1 
56.9 
56.9 
56.2 
57.0 
49.4 
57.1 
57.1 
57.0 
57.0 
57.1 
57.1 
57.1 
57.0 
57.1 
57.1 
54.7 
57.1 
56.3 
55.4 
57.0 
56.1 
53.1 
56.6 
57.0 
57.0 
57.1 
57.1 
54.2 
48.1 
57.0 
56.9 
57.0 
57.1 
57.0 
57.1 
57.1 
56.9 
57.2 
57.2 
57.1 
57.3 
57.4 
56.8 
54.2 
53.6 
53.7 
54.6 
55.9 
55.9 
57.3 
56.4 
57.0 
54.4 
57.1 
57.0 
54.8 
57.1 
57.0 
57.1 
57.1 
57.1 
57.0 
57.1 
57.1 
57.2 
56.8 
57.1 
57.1 
54.8 
56.9 
57.1 
57.1 
57.1 
57.0 
56.4 
56.2 
56.9 
57.3 
56.7 
57.0 
57.1 
57.1 
57.1 
54.5 
57.1 
56.3 
53.7 
56.8 
53.6 
56.1 
57.1 
57.0 
57.5 
56.5 
57.0 
57.1 
57.0 
57.1 
57.1 
57.2 
57.1 
56.9 
57.1 
57.1 
57.0 
57.1 
57.1 
54.8 
53.8 
53.9 
54.1 
57.0 
54.7 
57.1 
57.1 
57.1 
57.1 
57.0 
56.9 
56.5 
56.9 
57.1 
57.2 
57.0 
54.0 
57.2 
57.1 
57.0 
57.1 
57.0 
57.0 
57.1 
57.1 
57.0 
57.1 
56.9 
57.0 
56.8 
54.8 
57.0 
56.8 
55.8 
53.7 
54.8 
54.6 
56.9 
57.0 
57.1 
57.0 
57.1 
56.8 
57.0 
57.1 
57.1 
57.1 
57.0 
57.1 
56.7 
56.6 
57.1 
57.5 
57.1 
38.0 
56.7 
57.2 
57.1 
57.0 
54.6 
56.0 
54.3 
57.0 
57.1 
57.0 
57.2 
57.1 
57.1 
57.0 
57.1 
54.9 
57.0 
56.8 
55.1 
57.0 
57.1 
57.0 
56.3 
57.1 
57.1 
57.3 
54.0 
57.2 
55.5 
57.1 
57.1 
56.9 
57.0 
57.1 
57.1 
54.0 
57.0 
57.1 
57.0 
57.0 
57.1 
57.1 
57.1 
57.1 
57.1 
