48.3 
49.8 
51.2 
49.2 
51.4 
47.2 
50.5 
50.5 
47.4 
49.1 
49.6 
49.6 
49.8 
50.5 
46.8 
47.8 
52.8 
49.5 
49.7 
52.2 
52.3 
50.0 
49.5 
48.0 
50.7 
49.4 
48.8 
49.6 
48.5 
49.1 
53.8 
46.7 
53.0 
53.2 
50.6 
45.5 
49.5 
49.2 
49.7 
49.5 
46.8 
49.8 
50.1 
46.9 
50.1 
51.0 
48.3 
51.6 
48.6 
53.5 
50.0 
50.0 
49.8 
50.4 
50.1 
49.8 
52.1 
52.2 
49.5 
50.5 
52.1 
49.6 
45.8 
52.1 
49.6 
46.8 
49.1 
49.5 
49.9 
46.8 
46.9 
45.6 
52.1 
52.7 
53.1 
49.6 
49.5 
51.9 
49.7 
52.8 
49.6 
51.8 
46.7 
49.2 
49.7 
53.0 
46.9 
49.2 
49.3 
49.8 
49.5 
49.5 
49.6 
50.5 
49.6 
49.6 
48.6 
48.9 
46.4 
49.8 
52.7 
49.4 
52.5 
51.7 
48.7 
49.7 
49.7 
49.6 
49.7 
49.6 
50.7 
48.9 
50.4 
47.2 
48.5 
49.6 
46.9 
50.0 
51.2 
49.7 
50.1 
45.7 
49.7 
49.6 
50.0 
49.5 
49.9 
50.9 
49.2 
48.1 
49.5 
48.4 
49.7 
49.6 
52.9 
52.1 
53.1 
53.5 
52.0 
50.4 
50.7 
52.5 
47.1 
49.8 
50.6 
49.6 
49.5 
49.9 
49.1 
52.2 
52.7 
49.6 
49.6 
50.0 
51.6 
53.3 
52.7 
52.4 
50.7 
50.2 
49.0 
49.6 
52.1 
49.4 
48.9 
51.6 
53.2 
51.0 
52.4 
51.5 
51.2 
49.7 
49.8 
49.7 
50.1 
49.5 
49.6 
49.6 
