52.5 
52.6 
53.6 
53.5 
53.6 
53.5 
53.5 
53.6 
53.6 
53.6 
53.8 
53.6 
53.6 
53.6 
53.5 
53.6 
53.6 
53.5 
53.6 
53.6 
53.4 
53.6 
53.6 
53.6 
53.6 
53.6 
53.6 
53.5 
53.6 
53.6 
53.6 
53.6 
53.5 
53.6 
53.5 
53.6 
53.1 
53.6 
53.5 
53.6 
53.6 
53.7 
54.2 
53.7 
53.5 
53.6 
53.6 
53.5 
53.6 
53.6 
53.7 
52.6 
53.7 
53.6 
53.7 
53.7 
53.9 
53.7 
53.6 
53.0 
53.6 
53.4 
53.6 
53.0 
53.5 
53.6 
53.7 
53.7 
53.6 
53.6 
53.6 
53.7 
51.4 
54.1 
53.6 
53.6 
53.7 
53.5 
51.7 
54.2 
53.6 
53.6 
53.6 
53.7 
53.5 
53.6 
51.8 
53.0 
53.6 
53.8 
52.9 
53.6 
53.6 
53.6 
53.5 
53.6 
53.7 
53.6 
53.5 
53.6 
53.6 
53.5 
53.7 
53.7 
53.2 
53.5 
53.7 
53.6 
53.7 
53.6 
51.6 
53.3 
53.6 
53.6 
53.5 
53.6 
53.6 
53.0 
53.6 
53.5 
53.5 
50.2 
53.6 
53.7 
53.6 
53.6 
53.4 
53.6 
53.5 
53.6 
53.6 
53.6 
53.4 
53.6 
53.6 
53.6 
53.6 
53.6 
53.6 
53.5 
53.6 
53.6 
53.5 
53.6 
53.7 
53.6 
53.6 
53.6 
53.9 
53.7 
53.6 
53.6 
53.6 
