54.8 
57.1 
49.2 
56.2 
57.0 
53.3 
54.4 
42.0 
53.7 
56.6 
57.0 
56.9 
56.0 
56.5 
57.1 
54.7 
54.3 
57.0 
54.6 
54.0 
56.1 
57.0 
54.7 
57.1 
57.0 
55.0 
57.1 
56.2 
54.6 
57.0 
57.0 
57.0 
54.7 
57.0 
53.7 
54.5 
56.6 
53.7 
56.1 
56.9 
53.7 
57.1 
54.2 
56.8 
57.0 
57.1 
57.1 
49.2 
56.9 
56.8 
55.3 
53.2 
53.6 
55.9 
53.5 
57.2 
57.1 
57.1 
57.1 
53.8 
56.9 
54.5 
57.1 
54.8 
57.0 
55.1 
57.1 
56.8 
54.3 
54.8 
57.1 
56.8 
57.0 
54.2 
54.7 
54.0 
53.6 
56.9 
54.8 
56.8 
56.4 
52.9 
57.4 
49.4 
56.8 
57.1 
55.6 
54.5 
56.1 
56.8 
57.0 
56.4 
56.4 
57.1 
54.7 
54.6 
53.7 
56.2 
54.0 
53.8 
53.8 
57.1 
57.0 
57.0 
55.2 
57.1 
57.1 
56.2 
53.7 
53.7 
56.9 
57.1 
56.3 
56.4 
56.4 
54.7 
57.1 
54.4 
53.6 
53.9 
57.0 
53.6 
56.2 
56.9 
56.7 
57.0 
57.1 
57.1 
57.0 
57.1 
55.5 
53.9 
56.9 
54.5 
53.7 
53.6 
57.0 
56.2 
57.0 
54.4 
54.6 
57.0 
56.8 
57.0 
54.8 
56.1 
57.0 
56.9 
56.9 
57.2 
56.9 
56.9 
56.2 
54.0 
57.1 
48.5 
57.2 
56.9 
56.9 
57.2 
57.0 
57.1 
57.1 
57.1 
56.7 
57.1 
55.5 
53.5 
56.1 
57.0 
53.8 
54.7 
56.7 
57.2 
56.3 
53.7 
56.9 
56.2 
57.0 
57.2 
56.8 
57.1 
57.1 
54.2 
57.1 
56.4 
56.5 
57.1 
56.9 
56.3 
56.3 
49.9 
57.1 
57.1 
53.6 
53.6 
53.7 
53.8 
53.7 
56.2 
54.4 
53.6 
54.4 
53.8 
54.3 
56.1 
56.3 
56.8 
54.8 
56.0 
54.1 
55.4 
54.0 
53.5 
53.7 
56.3 
57.0 
54.0 
56.3 
54.4 
54.7 
56.3 
54.7 
57.2 
