47.7 
46.0 
47.7 
49.8 
48.2 
49.4 
51.8 
49.0 
50.1 
50.0 
52.0 
46.5 
48.9 
47.8 
46.4 
49.9 
48.5 
46.7 
52.9 
47.3 
53.3 
53.2 
48.9 
48.8 
48.5 
49.1 
47.9 
45.3 
46.0 
45.0 
49.0 
49.5 
48.9 
47.9 
42.2 
48.9 
47.0 
48.7 
49.4 
43.2 
45.7 
44.2 
47.9 
48.9 
53.1 
53.7 
52.9 
53.6 
52.7 
52.2 
53.6 
53.5 
50.0 
45.2 
49.5 
46.4 
45.1 
46.9 
49.4 
46.1 
44.5 
45.1 
47.5 
49.5 
51.6 
46.8 
49.6 
48.8 
48.0 
48.4 
49.4 
47.7 
45.2 
47.1 
46.4 
47.9 
48.5 
49.1 
44.5 
43.9 
46.2 
45.7 
49.4 
46.4 
45.1 
43.0 
47.8 
47.8 
51.1 
46.3 
45.0 
45.0 
46.9 
45.3 
46.4 
45.4 
47.8 
49.4 
48.3 
45.8 
46.4 
45.5 
46.2 
48.9 
47.9 
42.8 
49.4 
48.9 
45.1 
46.2 
42.7 
42.9 
41.7 
45.5 
45.6 
46.4 
49.5 
47.4 
46.1 
47.5 
49.2 
49.5 
45.5 
45.2 
47.6 
47.7 
48.8 
46.9 
48.4 
46.8 
45.6 
43.4 
49.4 
43.8 
49.1 
43.1 
41.0 
50.4 
48.4 
47.8 
46.8 
42.8 
43.7 
46.5 
42.7 
48.9 
43.7 
47.5 
43.7 
48.2 
44.6 
49.3 
43.5 
49.0 
49.3 
46.4 
47.6 
45.0 
47.8 
46.2 
41.1 
47.9 
48.1 
45.8 
45.0 
48.8 
48.0 
44.0 
47.6 
45.1 
49.5 
45.4 
45.5 
47.8 
46.5 
46.7 
46.7 
