51.2 
53.7 
53.7 
53.6 
51.2 
53.4 
53.1 
53.4 
53.5 
53.6 
53.6 
53.6 
53.5 
53.6 
53.7 
53.6 
53.0 
53.0 
53.6 
53.4 
53.6 
53.6 
53.7 
53.5 
50.9 
53.6 
53.7 
53.6 
53.6 
53.7 
53.6 
53.7 
51.4 
52.6 
53.5 
53.6 
53.5 
53.8 
53.6 
53.1 
53.7 
53.7 
53.5 
53.3 
53.8 
53.5 
53.6 
53.6 
53.8 
53.5 
51.0 
51.1 
53.5 
53.5 
51.2 
53.5 
53.6 
53.0 
53.6 
53.5 
53.5 
53.6 
53.6 
53.4 
53.7 
53.8 
53.6 
53.6 
54.1 
53.5 
53.7 
53.6 
53.5 
48.2 
51.8 
53.5 
52.8 
53.6 
53.5 
53.8 
53.5 
53.7 
53.6 
53.6 
53.6 
53.6 
53.7 
53.8 
53.5 
53.7 
54.1 
53.4 
53.5 
53.6 
54.2 
53.4 
53.7 
53.6 
53.7 
53.6 
53.6 
53.3 
53.6 
53.6 
53.6 
53.5 
53.6 
53.7 
53.6 
53.6 
53.5 
53.6 
53.5 
53.6 
53.6 
53.3 
53.7 
53.6 
53.0 
53.8 
53.6 
53.6 
53.6 
53.6 
53.6 
53.7 
53.6 
53.6 
53.7 
53.2 
53.4 
53.6 
52.0 
52.3 
53.6 
52.7 
52.9 
51.2 
53.8 
52.7 
53.5 
53.7 
52.8 
53.5 
53.2 
53.7 
53.5 
53.5 
53.6 
53.6 
53.8 
53.4 
53.5 
53.6 
53.7 
53.6 
53.3 
53.6 
53.8 
53.6 
52.1 
53.6 
53.5 
54.1 
53.7 
53.6 
53.5 
53.7 
53.6 
53.6 
53.6 
53.6 
53.8 
53.6 
53.6 
54.3 
53.6 
53.5 
46.1 
53.8 
51.9 
52.0 
53.7 
53.5 
51.2 
51.8 
53.6 
53.9 
53.5 
53.6 
53.7 
53.5 
53.8 
51.0 
53.6 
53.5 
53.7 
50.2 
53.4 
53.3 
53.8 
53.6 
52.0 
53.6 
53.6 
53.6 
53.2 
52.7 
53.6 
53.7 
53.4 
53.5 
53.6 
53.5 
51.0 
53.5 
52.6 
53.8 
50.1 
53.9 
53.6 
53.5 
53.5 
53.4 
53.3 
53.0 
53.6 
50.7 
53.4 
51.8 
50.3 
53.1 
53.6 
53.8 
53.8 
53.6 
53.5 
52.6 
49.0 
53.5 
53.6 
53.6 
53.5 
53.8 
53.5 
53.5 
53.5 
53.3 
53.4 
53.5 
53.8 
54.2 
53.6 
53.1 
53.6 
53.6 
