42.3 
45.3 
44.1 
44.4 
44.8 
45.6 
44.6 
44.9 
44.9 
44.9 
45.0 
45.0 
45.1 
42.8 
46.4 
44.7 
44.9 
44.8 
42.0 
47.8 
44.8 
43.5 
38.3 
44.2 
48.7 
39.2 
44.5 
44.7 
44.8 
44.7 
44.0 
42.1 
45.9 
44.7 
44.8 
44.7 
44.7 
44.8 
44.8 
44.9 
46.3 
43.7 
45.1 
45.0 
45.0 
42.3 
44.4 
43.0 
44.4 
44.8 
40.9 
44.9 
45.0 
44.8 
44.6 
43.8 
44.3 
44.8 
44.5 
44.8 
44.7 
42.1 
45.6 
41.5 
41.5 
42.0 
45.9 
44.9 
44.9 
48.9 
49.3 
49.8 
49.5 
49.6 
49.5 
49.5 
49.6 
49.5 
42.5 
47.6 
41.1 
42.0 
39.2 
44.8 
41.5 
41.6 
42.2 
45.4 
45.1 
45.4 
44.9 
45.3 
45.1 
42.1 
44.7 
45.1 
45.0 
44.9 
44.5 
45.5 
45.0 
45.3 
44.1 
41.0 
43.9 
45.0 
47.0 
42.1 
44.8 
46.0 
39.1 
44.8 
45.1 
44.9 
44.6 
44.8 
44.6 
43.6 
45.0 
44.8 
47.1 
38.0 
43.4 
41.7 
39.1 
44.3 
47.7 
42.0 
42.0 
44.7 
45.1 
44.9 
35.8 
42.1 
42.3 
45.5 
44.8 
45.0 
40.5 
44.9 
44.9 
43.5 
38.5 
44.3 
43.9 
39.7 
43.4 
44.8 
43.4 
44.7 
44.9 
44.9 
44.7 
45.1 
44.9 
42.0 
42.0 
44.9 
44.8 
45.0 
41.9 
45.0 
45.1 
46.2 
43.0 
43.6 
44.6 
44.9 
48.1 
49.2 
50.4 
46.7 
49.4 
