55.4 
53.5 
53.3 
53.5 
53.1 
53.6 
53.6 
53.5 
53.6 
53.6 
51.8 
53.6 
53.5 
51.9 
52.7 
53.5 
53.1 
53.3 
53.4 
49.7 
51.9 
53.8 
51.2 
53.3 
52.5 
51.1 
50.7 
53.5 
53.5 
53.7 
53.6 
53.6 
51.3 
49.6 
50.7 
54.2 
53.6 
53.5 
53.6 
51.2 
52.3 
53.7 
53.5 
53.3 
53.6 
51.1 
53.6 
53.6 
53.3 
53.6 
53.6 
52.0 
50.3 
53.7 
53.6 
53.5 
53.7 
54.2 
53.6 
50.8 
54.1 
51.0 
51.1 
53.8 
53.6 
53.5 
53.6 
53.6 
53.5 
53.6 
53.6 
53.5 
53.5 
53.6 
53.6 
53.5 
51.1 
53.6 
53.6 
53.5 
53.6 
53.2 
53.6 
53.7 
53.5 
53.6 
53.8 
53.6 
53.6 
53.5 
53.6 
53.6 
53.6 
53.6 
54.4 
53.3 
54.2 
53.5 
53.5 
51.3 
54.1 
53.6 
51.6 
53.2 
53.5 
53.6 
53.7 
53.7 
53.5 
53.3 
53.2 
53.6 
53.7 
53.8 
53.5 
53.7 
53.5 
50.2 
51.1 
53.7 
49.4 
54.3 
53.6 
53.5 
53.6 
53.3 
52.8 
53.6 
53.4 
53.6 
53.5 
53.6 
53.7 
53.6 
50.9 
49.5 
53.2 
53.3 
53.6 
53.6 
53.7 
51.3 
53.6 
52.0 
53.6 
53.5 
51.0 
53.6 
53.6 
53.6 
53.6 
53.6 
53.6 
53.6 
53.7 
53.6 
53.5 
53.6 
49.5 
53.5 
