44.8 
44.4 
45.0 
44.9 
42.0 
41.6 
43.7 
45.1 
44.8 
44.9 
44.4 
43.1 
44.8 
46.3 
44.8 
44.7 
44.7 
43.6 
44.8 
45.0 
29.8 
40.6 
44.6 
44.7 
31.8 
37.6 
42.0 
28.3 
43.3 
33.5 
44.8 
44.3 
43.9 
44.5 
46.0 
44.7 
45.3 
43.9 
44.9 
45.2 
46.1 
43.4 
45.3 
44.9 
44.9 
45.1 
42.1 
41.8 
42.7 
40.4 
41.3 
45.9 
43.3 
44.8 
46.2 
45.3 
44.3 
44.1 
40.9 
44.7 
44.9 
44.9 
42.9 
44.9 
46.0 
45.3 
44.9 
44.9 
44.8 
44.9 
45.0 
44.8 
44.4 
46.1 
44.9 
44.9 
46.2 
45.1 
46.1 
44.8 
44.9 
44.9 
44.8 
45.3 
40.7 
45.0 
44.9 
44.8 
44.5 
44.9 
45.9 
44.9 
46.1 
30.0 
39.8 
44.6 
46.0 
41.8 
44.9 
40.9 
44.9 
28.9 
41.4 
43.8 
44.4 
35.1 
41.9 
35.4 
41.7 
41.3 
44.5 
44.4 
44.9 
41.5 
38.6 
45.0 
44.1 
40.0 
43.6 
27.5 
36.6 
43.9 
44.8 
41.3 
39.7 
44.3 
44.9 
46.0 
45.8 
45.1 
38.0 
43.5 
44.8 
44.9 
33.1 
44.4 
44.9 
41.1 
44.8 
44.9 
44.8 
43.3 
44.9 
44.8 
46.1 
44.2 
44.9 
44.9 
42.0 
32.0 
44.5 
39.5 
33.5 
37.7 
44.4 
44.2 
44.9 
39.2 
44.2 
37.0 
40.2 
46.1 
44.7 
44.9 
30.4 
22.7 
40.4 
43.8 
44.6 
45.2 
41.4 
41.9 
46.0 
41.4 
41.9 
45.6 
40.5 
43.7 
38.4 
33.7 
43.9 
44.9 
44.9 
45.5 
44.9 
41.3 
30.7 
31.4 
40.5 
44.7 
44.5 
41.9 
44.9 
43.7 
42.3 
44.8 
43.3 
44.9 
44.5 
43.7 
44.9 
44.9 
44.6 
44.9 
45.0 
43.7 
45.3 
44.9 
45.0 
44.8 
44.0 
45.1 
44.8 
45.3 
44.9 
44.9 
44.7 
