53.8 
53.7 
53.6 
53.6 
51.4 
50.6 
54.3 
53.9 
53.8 
51.0 
53.6 
53.0 
52.3 
53.4 
53.6 
53.6 
53.6 
53.6 
53.5 
53.6 
53.5 
53.6 
53.8 
52.8 
53.2 
53.6 
53.5 
53.4 
52.5 
53.4 
54.2 
53.6 
53.8 
53.7 
53.6 
52.2 
52.7 
53.6 
53.7 
53.6 
50.9 
53.3 
53.8 
53.6 
53.5 
53.5 
53.6 
53.4 
52.6 
53.6 
53.5 
53.6 
53.3 
53.7 
53.7 
53.6 
53.5 
53.6 
53.6 
52.7 
53.6 
53.6 
54.4 
51.0 
53.4 
53.5 
53.5 
53.6 
53.6 
53.6 
52.8 
53.5 
53.5 
53.6 
53.7 
53.6 
49.0 
51.6 
54.3 
53.7 
53.7 
53.5 
53.4 
53.5 
53.6 
52.6 
53.6 
53.5 
53.4 
53.6 
54.3 
53.6 
53.5 
53.5 
53.5 
53.6 
53.7 
53.6 
53.6 
53.0 
53.5 
53.5 
51.0 
53.6 
53.6 
53.5 
53.5 
50.1 
53.3 
54.3 
53.6 
54.3 
53.6 
51.0 
52.6 
50.9 
53.6 
49.3 
53.6 
53.6 
53.8 
51.0 
53.8 
53.4 
51.1 
53.7 
53.7 
54.2 
51.1 
53.8 
53.4 
53.6 
53.4 
53.6 
53.6 
53.4 
53.5 
53.6 
53.7 
53.6 
53.4 
53.8 
53.6 
53.6 
51.1 
53.5 
51.1 
50.1 
53.5 
53.6 
53.7 
54.4 
54.2 
51.0 
52.7 
52.1 
53.7 
53.6 
