57.2 
57.1 
56.9 
57.1 
57.1 
57.2 
57.0 
57.1 
57.0 
57.0 
57.0 
57.3 
57.2 
57.1 
57.1 
56.9 
57.0 
56.4 
57.1 
57.1 
57.4 
56.9 
57.1 
57.2 
57.2 
57.4 
54.0 
57.1 
56.5 
48.9 
53.9 
54.7 
57.1 
57.0 
57.1 
57.0 
57.1 
56.9 
57.1 
57.2 
57.3 
57.1 
57.1 
56.9 
57.1 
57.1 
56.9 
57.2 
57.1 
56.8 
57.4 
57.0 
56.0 
57.0 
57.1 
57.1 
57.1 
57.2 
57.0 
57.2 
57.1 
57.0 
57.4 
57.1 
54.8 
41.0 
57.1 
57.4 
57.3 
57.0 
57.1 
57.0 
57.1 
57.1 
57.1 
57.5 
56.9 
57.0 
57.0 
57.1 
56.5 
57.4 
57.0 
56.9 
57.1 
57.0 
56.9 
57.0 
57.1 
57.0 
54.8 
57.0 
57.1 
57.0 
57.1 
57.2 
57.1 
56.1 
56.5 
56.9 
57.1 
57.1 
57.0 
57.0 
57.2 
57.1 
57.0 
57.1 
57.0 
55.1 
53.6 
56.1 
54.3 
57.0 
57.3 
57.1 
57.0 
57.1 
57.1 
57.1 
57.0 
57.1 
57.1 
56.9 
57.1 
57.1 
57.5 
57.0 
57.0 
56.9 
57.1 
57.3 
57.2 
56.7 
57.1 
57.1 
56.9 
57.1 
56.6 
56.8 
56.9 
57.1 
57.3 
56.9 
57.2 
57.1 
57.1 
57.0 
57.1 
57.5 
57.2 
56.4 
57.1 
56.2 
56.9 
57.2 
57.1 
57.1 
57.4 
57.0 
57.1 
57.1 
57.0 
57.1 
47.2 
57.1 
56.9 
57.1 
57.1 
57.0 
57.0 
57.0 
57.1 
57.3 
56.9 
57.1 
57.1 
56.8 
57.0 
56.6 
57.1 
56.9 
57.3 
57.1 
57.4 
57.1 
57.0 
57.0 
57.2 
56.8 
56.9 
57.1 
57.1 
57.1 
56.9 
57.0 
57.2 
