56.4 
57.1 
57.0 
57.6 
56.9 
57.3 
57.2 
57.0 
56.9 
57.1 
57.5 
56.9 
57.1 
57.1 
57.1 
57.1 
57.1 
57.0 
57.1 
57.0 
57.1 
57.1 
57.1 
57.0 
57.2 
57.1 
56.7 
57.3 
56.9 
57.3 
56.9 
55.1 
57.0 
57.0 
57.0 
57.1 
57.0 
57.1 
57.1 
57.0 
57.1 
57.2 
57.0 
56.9 
57.1 
57.1 
57.0 
56.9 
56.9 
57.1 
57.0 
57.1 
57.0 
57.2 
57.3 
57.2 
57.1 
56.8 
57.1 
57.2 
57.0 
57.1 
57.1 
57.4 
57.0 
57.1 
57.1 
57.1 
56.9 
57.2 
57.2 
57.3 
56.5 
56.9 
57.0 
57.1 
57.1 
57.3 
57.1 
57.0 
57.0 
57.1 
57.1 
56.9 
57.0 
56.9 
57.0 
57.3 
57.0 
56.9 
57.5 
57.0 
57.1 
57.0 
57.0 
57.1 
54.8 
57.4 
57.1 
57.1 
57.0 
57.1 
51.8 
57.1 
57.1 
57.1 
57.6 
56.3 
55.6 
57.2 
57.1 
57.6 
57.4 
57.4 
57.2 
57.3 
56.8 
57.4 
57.0 
57.4 
57.1 
56.8 
57.1 
57.2 
57.0 
57.4 
57.1 
57.1 
57.2 
57.1 
57.1 
57.1 
57.1 
57.2 
57.3 
57.3 
57.2 
56.8 
56.9 
56.7 
57.1 
56.9 
57.4 
57.1 
56.4 
57.1 
57.1 
56.9 
57.1 
57.5 
56.9 
57.0 
57.5 
57.1 
57.1 
56.9 
57.1 
57.3 
56.8 
56.9 
57.1 
57.0 
57.2 
57.1 
57.0 
57.4 
57.4 
57.1 
57.1 
57.1 
57.1 
57.5 
57.3 
57.1 
57.0 
57.1 
57.1 
56.9 
57.1 
57.1 
56.9 
57.0 
57.0 
56.9 
57.1 
57.1 
57.2 
56.7 
57.0 
54.1 
56.9 
57.1 
57.1 
56.9 
57.1 
47.6 
57.1 
57.1 
57.3 
57.1 
57.4 
57.0 
57.2 
57.3 
57.2 
57.0 
57.1 
57.1 
56.9 
57.1 
57.1 
57.4 
57.1 
57.4 
57.0 
57.1 
57.2 
56.8 
56.9 
57.1 
57.1 
56.3 
57.1 
57.2 
57.1 
57.3 
57.1 
57.0 
57.1 
57.0 
57.1 
57.0 
57.3 
57.1 
57.2 
57.1 
52.3 
57.1 
57.1 
57.5 
57.1 
57.2 
57.1 
57.3 
57.1 
57.1 
57.1 
57.3 
57.1 
57.1 
57.3 
57.1 
57.3 
57.0 
57.0 
57.0 
57.1 
57.2 
56.9 
57.1 
54.6 
57.1 
57.1 
57.0 
