56.9 
57.1 
57.1 
54.8 
57.0 
57.1 
56.9 
56.9 
57.1 
57.1 
56.9 
57.1 
57.1 
56.7 
57.1 
56.9 
57.1 
57.5 
57.1 
57.0 
56.9 
57.1 
57.0 
57.2 
57.2 
57.1 
57.1 
57.2 
57.0 
57.2 
57.0 
52.6 
57.1 
57.2 
56.9 
57.1 
57.1 
57.1 
57.2 
57.0 
57.1 
57.2 
57.2 
57.0 
56.9 
57.4 
57.1 
57.0 
57.1 
57.2 
57.1 
57.1 
57.2 
57.1 
57.1 
57.0 
57.0 
51.4 
57.1 
57.3 
57.4 
56.9 
57.7 
57.1 
57.1 
57.0 
56.9 
56.9 
57.1 
57.1 
56.9 
56.9 
57.1 
57.0 
57.1 
57.1 
57.2 
56.9 
57.2 
57.1 
57.0 
57.1 
57.1 
57.0 
57.0 
57.1 
57.2 
56.6 
56.7 
57.1 
57.2 
56.9 
57.0 
57.1 
57.1 
57.0 
57.1 
57.3 
57.1 
57.1 
57.0 
57.1 
57.1 
57.1 
56.9 
57.0 
57.1 
57.4 
57.1 
57.2 
56.8 
54.6 
57.0 
57.2 
57.1 
57.0 
57.2 
57.2 
57.1 
57.0 
57.0 
56.9 
57.1 
57.0 
57.2 
53.9 
57.0 
52.7 
57.1 
57.1 
56.9 
57.1 
57.1 
55.3 
49.7 
57.2 
57.2 
57.2 
57.1 
57.0 
57.3 
57.2 
57.0 
57.1 
