54.5 
53.7 
53.6 
53.5 
53.7 
53.3 
52.1 
53.6 
53.6 
54.2 
53.3 
51.1 
53.5 
53.7 
53.6 
53.6 
53.5 
53.6 
53.6 
53.7 
53.6 
54.2 
53.7 
53.5 
54.4 
53.3 
53.4 
53.6 
54.2 
53.7 
53.5 
53.7 
51.0 
50.6 
53.5 
53.6 
54.4 
53.5 
53.7 
54.2 
52.7 
53.6 
52.7 
53.5 
53.8 
53.6 
51.0 
53.3 
53.7 
53.8 
53.6 
53.5 
50.2 
50.8 
49.7 
53.7 
54.0 
53.6 
53.6 
53.5 
53.7 
53.9 
53.6 
50.4 
53.5 
53.5 
53.7 
50.9 
54.1 
50.9 
51.0 
53.5 
53.5 
53.5 
53.6 
53.5 
53.6 
53.7 
53.6 
51.1 
53.5 
53.6 
53.7 
53.5 
49.1 
53.7 
53.7 
53.9 
54.4 
53.6 
53.6 
50.0 
53.6 
46.6 
53.6 
53.6 
52.8 
53.6 
53.6 
53.3 
54.4 
53.5 
53.7 
53.6 
53.5 
53.4 
53.7 
53.8 
53.4 
53.6 
53.6 
53.5 
54.4 
53.5 
50.8 
53.4 
52.6 
53.1 
53.2 
53.7 
53.6 
53.4 
54.3 
53.7 
54.2 
53.7 
51.0 
53.6 
53.5 
51.0 
53.7 
51.2 
54.1 
54.1 
53.6 
53.4 
53.6 
