55.0 
56.7 
57.3 
57.0 
57.3 
57.1 
56.9 
57.1 
57.1 
56.9 
57.1 
57.2 
57.1 
57.1 
57.1 
57.1 
57.5 
57.2 
57.3 
57.1 
56.9 
57.0 
57.2 
57.1 
57.0 
57.1 
57.1 
57.0 
57.1 
57.0 
56.9 
57.1 
57.1 
57.1 
57.1 
57.2 
57.1 
57.2 
57.0 
57.1 
57.3 
56.9 
56.8 
54.7 
57.2 
57.1 
56.8 
56.9 
57.2 
57.0 
55.5 
56.3 
57.1 
57.3 
57.1 
57.3 
56.9 
57.0 
57.1 
57.1 
57.1 
57.0 
57.1 
56.8 
57.0 
56.8 
57.1 
57.0 
56.5 
57.1 
57.0 
57.5 
54.8 
57.1 
57.1 
57.1 
57.1 
57.0 
57.5 
57.1 
57.3 
57.1 
57.2 
57.1 
57.1 
56.9 
57.1 
57.1 
57.1 
56.7 
57.3 
56.9 
57.0 
57.1 
57.1 
57.5 
57.0 
57.6 
57.1 
56.6 
57.0 
57.1 
57.4 
55.3 
57.0 
56.9 
57.1 
57.0 
57.1 
57.1 
57.0 
54.6 
57.3 
56.7 
54.7 
56.9 
57.0 
57.2 
56.9 
56.8 
57.4 
57.0 
57.1 
57.1 
57.1 
57.1 
56.9 
57.0 
57.0 
56.8 
57.0 
57.1 
57.0 
57.1 
56.9 
57.1 
57.2 
57.5 
57.0 
57.1 
56.9 
57.0 
54.7 
57.1 
56.9 
57.0 
56.9 
57.1 
56.8 
54.4 
56.4 
57.4 
57.1 
57.1 
57.2 
57.2 
57.0 
57.1 
57.1 
57.0 
57.1 
57.0 
57.0 
56.7 
57.4 
57.2 
