53.0 
53.6 
53.6 
53.1 
53.4 
53.8 
53.7 
53.6 
53.8 
53.7 
53.6 
53.6 
53.6 
53.6 
53.6 
53.5 
53.8 
53.6 
54.2 
54.1 
54.1 
53.5 
53.5 
53.5 
54.2 
53.6 
53.7 
53.5 
53.7 
53.6 
53.4 
53.6 
53.6 
53.6 
53.7 
53.5 
53.6 
53.6 
54.4 
53.8 
53.6 
53.6 
54.0 
53.7 
53.5 
53.6 
53.8 
54.3 
53.6 
53.9 
53.9 
53.6 
53.6 
54.3 
51.8 
53.6 
53.7 
53.8 
53.8 
53.7 
53.6 
53.5 
53.5 
53.6 
53.6 
53.5 
53.6 
53.4 
53.7 
53.9 
53.4 
54.2 
54.2 
53.7 
53.6 
53.5 
53.6 
53.7 
53.6 
53.5 
52.3 
53.8 
53.5 
53.6 
53.9 
53.5 
53.6 
54.2 
53.7 
53.4 
53.7 
53.7 
53.7 
53.7 
53.4 
48.8 
53.6 
53.6 
53.7 
54.2 
53.7 
53.4 
53.2 
53.5 
53.7 
48.3 
53.6 
53.5 
53.5 
53.6 
54.2 
53.8 
53.7 
53.7 
54.3 
53.8 
53.4 
53.6 
53.6 
53.6 
53.5 
53.5 
53.8 
53.6 
53.7 
53.6 
53.8 
53.7 
53.5 
53.5 
53.5 
51.0 
53.6 
53.6 
53.4 
53.7 
53.6 
53.6 
54.6 
53.7 
53.6 
54.1 
54.2 
53.7 
53.7 
54.5 
53.9 
53.5 
53.6 
53.6 
53.4 
53.6 
53.9 
53.7 
53.5 
53.5 
53.8 
53.2 
53.6 
53.6 
53.6 
53.6 
53.6 
53.6 
53.6 
53.7 
54.2 
53.6 
53.5 
53.5 
53.6 
53.7 
53.6 
52.8 
53.6 
53.5 
53.6 
53.8 
53.6 
53.7 
53.4 
53.5 
53.6 
53.5 
53.5 
53.5 
53.8 
