53.0 
48.3 
53.5 
56.9 
53.6 
54.4 
51.9 
54.2 
53.2 
53.7 
49.5 
53.5 
53.7 
53.8 
53.4 
52.5 
54.2 
53.6 
53.5 
53.6 
53.6 
53.6 
53.4 
53.8 
53.3 
53.6 
50.0 
53.2 
53.6 
53.1 
53.6 
52.7 
53.8 
53.7 
53.4 
53.6 
53.6 
48.3 
52.6 
53.8 
53.5 
53.6 
54.2 
53.5 
49.8 
50.7 
53.6 
53.6 
53.6 
54.3 
54.2 
53.6 
53.5 
52.6 
53.5 
52.7 
53.5 
53.6 
53.7 
53.7 
53.6 
53.5 
52.7 
53.5 
53.4 
50.8 
53.7 
53.7 
53.3 
53.5 
53.7 
54.1 
53.6 
53.7 
53.7 
53.6 
50.0 
49.6 
48.7 
54.2 
53.6 
53.7 
53.9 
54.2 
53.5 
53.5 
53.3 
53.6 
53.8 
53.7 
53.6 
54.4 
53.5 
53.7 
53.6 
53.4 
53.4 
52.9 
53.8 
54.2 
53.4 
49.6 
53.6 
53.7 
53.6 
53.5 
53.6 
53.7 
53.5 
53.6 
53.7 
54.2 
53.8 
53.6 
53.6 
53.8 
51.0 
53.6 
53.5 
45.1 
51.1 
53.4 
50.1 
52.6 
53.6 
53.4 
53.6 
53.6 
53.4 
54.2 
53.6 
54.4 
53.6 
53.8 
53.6 
51.0 
49.8 
53.4 
52.6 
52.2 
52.5 
53.7 
53.7 
54.3 
53.7 
53.7 
51.1 
50.0 
53.5 
53.5 
53.6 
53.6 
