56.7 
55.4 
57.1 
57.3 
57.1 
53.3 
57.1 
57.2 
57.4 
57.1 
44.0 
57.2 
52.1 
56.9 
57.1 
47.6 
57.0 
54.8 
54.8 
57.1 
54.7 
57.2 
57.1 
57.0 
57.1 
57.0 
57.3 
57.1 
57.1 
57.0 
57.2 
56.9 
56.9 
57.1 
57.4 
57.1 
57.3 
57.1 
56.6 
57.3 
57.0 
57.0 
56.9 
57.0 
57.0 
57.3 
57.2 
54.8 
57.3 
57.1 
57.2 
57.1 
57.2 
57.4 
57.0 
57.0 
57.0 
57.0 
57.1 
57.1 
57.0 
57.0 
57.1 
56.8 
57.1 
56.8 
57.0 
57.5 
57.0 
57.1 
57.0 
57.1 
57.2 
57.0 
56.9 
57.1 
56.9 
57.0 
57.1 
55.5 
56.7 
57.0 
53.0 
57.1 
56.9 
56.9 
57.1 
57.2 
57.0 
57.1 
57.2 
57.0 
56.3 
57.1 
54.8 
57.1 
57.1 
57.1 
57.0 
56.8 
46.2 
40.1 
57.1 
56.9 
56.9 
57.1 
57.0 
57.0 
57.1 
56.9 
54.8 
57.0 
57.0 
57.5 
57.0 
57.0 
57.1 
57.1 
57.4 
57.1 
57.1 
54.7 
57.1 
57.1 
57.0 
57.0 
57.0 
57.2 
57.1 
57.1 
56.9 
57.0 
57.5 
57.1 
57.0 
57.1 
57.3 
57.2 
56.9 
57.0 
57.1 
57.3 
57.1 
54.7 
57.1 
57.0 
57.2 
57.1 
57.2 
57.3 
56.8 
57.1 
57.1 
