49.7 
51.0 
50.7 
49.6 
53.2 
51.6 
53.6 
50.3 
52.3 
53.3 
50.9 
53.0 
52.9 
53.5 
52.9 
49.7 
50.6 
50.1 
53.5 
52.0 
52.3 
49.4 
50.5 
52.1 
51.8 
50.6 
53.5 
52.8 
50.1 
49.6 
52.7 
51.1 
52.5 
52.0 
50.1 
49.9 
53.6 
50.8 
54.1 
51.0 
50.0 
50.0 
53.3 
52.6 
50.7 
50.3 
49.8 
53.4 
52.2 
51.0 
53.6 
53.6 
52.6 
52.2 
50.6 
51.8 
53.6 
53.1 
52.4 
50.9 
52.4 
52.3 
53.8 
50.9 
53.5 
53.0 
51.9 
52.9 
50.8 
51.0 
52.0 
53.0 
53.3 
50.3 
49.7 
51.5 
53.7 
53.6 
53.1 
53.5 
53.5 
53.6 
53.3 
53.4 
52.1 
50.5 
53.0 
53.8 
53.3 
52.8 
50.3 
54.2 
50.7 
52.6 
50.7 
52.6 
50.9 
50.6 
52.5 
49.8 
52.6 
50.5 
51.7 
53.5 
52.6 
52.7 
45.1 
52.2 
50.8 
51.0 
52.7 
50.7 
53.0 
53.7 
53.5 
53.7 
53.4 
53.5 
51.1 
52.5 
53.1 
51.8 
53.6 
52.5 
53.6 
53.8 
53.6 
53.6 
53.6 
53.5 
53.6 
53.6 
50.6 
53.6 
53.6 
53.6 
53.4 
53.4 
53.7 
53.2 
53.8 
53.7 
53.6 
53.3 
53.6 
53.9 
53.6 
53.5 
52.6 
53.3 
52.6 
54.4 
53.7 
53.6 
53.5 
53.6 
53.2 
53.6 
52.8 
51.0 
53.4 
50.4 
52.7 
50.7 
53.3 
52.6 
53.5 
53.3 
53.6 
50.9 
52.5 
49.6 
53.0 
51.1 
50.1 
51.5 
52.7 
53.8 
53.6 
50.7 
50.9 
52.7 
50.5 
49.7 
54.0 
53.7 
53.4 
50.8 
52.4 
51.0 
50.1 
53.5 
52.0 
51.0 
49.6 
53.1 
50.8 
53.2 
49.9 
49.5 
49.9 
