43.9 
45.2 
44.8 
48.3 
47.9 
45.4 
33.2 
45.1 
45.8 
45.6 
44.9 
47.5 
47.1 
49.4 
49.7 
48.4 
49.5 
49.4 
46.7 
45.4 
45.5 
47.7 
48.9 
46.5 
49.3 
46.8 
49.3 
48.5 
47.9 
48.3 
46.5 
45.7 
49.0 
49.5 
46.6 
48.1 
49.3 
38.8 
46.7 
49.5 
49.4 
44.9 
47.7 
46.2 
45.5 
47.9 
45.8 
44.9 
49.6 
48.6 
49.6 
46.6 
45.0 
48.8 
45.4 
45.4 
45.7 
44.9 
45.1 
44.7 
49.7 
46.4 
45.6 
43.5 
48.1 
46.0 
45.6 
49.1 
49.5 
46.7 
46.3 
47.6 
50.2 
46.4 
49.6 
46.3 
48.0 
49.7 
46.2 
45.5 
46.5 
49.4 
45.8 
45.2 
45.1 
44.8 
46.8 
49.6 
50.4 
49.0 
46.9 
48.5 
49.0 
49.2 
46.7 
46.8 
49.6 
45.6 
49.5 
46.5 
49.5 
49.1 
49.7 
49.5 
49.5 
49.6 
49.6 
48.2 
49.6 
49.4 
48.3 
48.9 
49.4 
49.4 
46.8 
49.6 
49.6 
49.2 
49.5 
49.6 
46.8 
49.3 
49.5 
49.5 
49.3 
48.8 
49.5 
49.2 
48.0 
47.8 
49.4 
49.4 
49.0 
49.5 
49.3 
49.7 
49.5 
49.1 
49.7 
48.1 
46.4 
48.3 
48.9 
49.0 
48.0 
49.5 
49.5 
46.8 
48.5 
49.3 
49.5 
49.5 
49.6 
49.3 
49.5 
48.7 
45.6 
48.2 
43.4 
48.2 
49.8 
49.4 
49.5 
49.4 
49.5 
49.4 
49.6 
49.4 
49.4 
49.2 
49.5 
44.9 
49.5 
48.8 
48.5 
50.1 
46.7 
50.3 
49.5 
48.0 
49.1 
49.3 
48.5 
49.6 
49.4 
47.6 
49.5 
49.4 
49.7 
49.5 
46.8 
48.2 
42.2 
49.4 
50.5 
49.3 
49.2 
49.2 
49.1 
48.9 
49.2 
49.3 
50.2 
48.2 
48.4 
49.4 
47.8 
46.6 
49.3 
49.4 
47.9 
47.9 
48.8 
46.8 
45.7 
49.1 
49.5 
49.6 
46.6 
49.4 
49.5 
49.3 
49.5 
49.6 
49.4 
50.1 
49.5 
49.2 
46.8 
49.6 
48.3 
49.5 
50.5 
49.4 
49.4 
49.3 
49.7 
49.5 
49.6 
49.2 
49.7 
49.6 
48.5 
48.0 
48.2 
46.7 
49.5 
46.8 
49.5 
48.5 
49.4 
47.7 
48.2 
46.6 
45.5 
41.8 
