55.6 
54.3 
46.6 
53.6 
49.9 
52.4 
53.1 
53.4 
51.7 
49.5 
51.0 
49.5 
53.5 
53.6 
54.3 
53.3 
53.1 
52.6 
53.6 
53.5 
53.9 
53.4 
53.5 
50.9 
50.3 
51.3 
53.6 
53.6 
53.6 
53.1 
53.5 
53.6 
53.9 
46.5 
50.6 
54.1 
53.6 
50.8 
49.6 
49.9 
49.9 
52.9 
50.9 
52.1 
53.3 
52.5 
53.5 
53.6 
53.8 
51.0 
53.5 
53.6 
53.6 
50.5 
52.3 
52.0 
49.6 
49.5 
49.5 
53.5 
51.0 
50.7 
53.6 
47.7 
53.6 
53.6 
53.6 
53.6 
53.8 
53.3 
53.6 
53.5 
53.6 
50.0 
50.9 
50.7 
50.2 
52.4 
53.6 
53.5 
51.2 
49.6 
49.8 
49.9 
54.0 
49.9 
49.4 
50.9 
53.5 
53.5 
53.5 
53.6 
53.7 
53.8 
53.4 
53.6 
53.6 
53.5 
53.6 
53.6 
53.5 
51.1 
53.6 
53.6 
53.6 
53.3 
54.4 
51.2 
50.1 
50.0 
49.5 
49.6 
52.2 
53.1 
50.8 
51.0 
53.1 
53.5 
53.4 
52.1 
52.1 
51.6 
49.5 
50.9 
53.5 
53.7 
53.6 
53.7 
53.6 
51.2 
49.7 
50.1 
53.3 
53.6 
53.6 
53.4 
53.6 
53.6 
53.3 
54.1 
54.1 
53.6 
52.7 
50.8 
50.6 
53.6 
53.6 
53.6 
53.6 
53.5 
53.5 
51.0 
54.1 
53.6 
51.7 
53.6 
53.5 
48.9 
53.6 
53.7 
50.7 
53.5 
53.6 
53.6 
53.4 
53.4 
50.0 
52.4 
53.4 
53.5 
53.5 
53.5 
53.6 
53.6 
52.6 
53.6 
50.6 
51.0 
51.8 
52.2 
50.9 
