57.1 
57.2 
57.1 
51.2 
57.1 
56.9 
56.9 
57.1 
51.2 
57.0 
57.2 
57.0 
53.9 
56.3 
57.0 
56.8 
57.0 
57.1 
57.3 
57.1 
57.2 
57.3 
57.0 
57.3 
57.1 
54.8 
57.1 
56.2 
57.3 
57.4 
56.9 
57.6 
57.0 
57.1 
57.1 
56.9 
57.0 
57.1 
57.0 
57.1 
57.1 
56.9 
55.3 
57.0 
57.1 
57.0 
57.3 
57.2 
57.2 
47.6 
57.1 
57.2 
57.0 
56.9 
57.1 
57.2 
56.8 
57.0 
57.3 
56.9 
57.0 
57.0 
57.4 
57.1 
57.1 
56.4 
57.1 
57.0 
57.3 
57.1 
56.7 
57.3 
57.1 
57.1 
57.1 
57.1 
57.2 
57.1 
57.1 
56.8 
57.1 
57.1 
56.4 
57.1 
57.1 
57.1 
57.1 
56.9 
57.0 
57.1 
57.1 
57.2 
56.2 
56.9 
57.1 
57.0 
57.1 
57.0 
56.8 
57.0 
57.0 
57.0 
57.1 
56.7 
57.1 
57.1 
57.1 
57.5 
56.9 
56.9 
57.1 
57.0 
56.9 
57.0 
56.9 
57.4 
57.2 
57.3 
56.6 
57.4 
57.0 
57.0 
56.7 
57.2 
57.2 
57.0 
57.0 
56.9 
57.0 
57.1 
57.1 
57.1 
57.0 
57.1 
56.3 
54.6 
57.1 
57.0 
57.4 
57.1 
57.3 
56.9 
57.3 
57.1 
57.1 
57.1 
54.9 
56.8 
54.6 
57.0 
57.1 
57.1 
57.1 
