50.6 
57.0 
50.2 
53.6 
53.6 
50.7 
52.1 
53.5 
53.7 
53.9 
53.7 
52.1 
49.6 
49.4 
50.8 
53.6 
51.0 
49.8 
50.9 
49.9 
53.4 
53.6 
49.0 
53.5 
53.6 
53.6 
51.0 
53.4 
53.6 
51.1 
53.6 
53.5 
52.7 
49.7 
50.4 
52.0 
52.2 
49.5 
49.4 
52.5 
53.2 
53.6 
53.6 
52.7 
52.0 
50.4 
53.6 
53.6 
53.6 
53.2 
53.8 
52.5 
53.6 
53.8 
53.6 
53.6 
53.7 
54.4 
53.6 
49.6 
53.6 
53.6 
45.9 
52.1 
52.3 
53.5 
53.6 
53.5 
53.5 
54.0 
53.6 
53.6 
53.7 
53.6 
53.6 
53.5 
53.6 
53.6 
53.6 
51.1 
53.6 
49.8 
53.4 
54.3 
53.5 
53.4 
54.3 
53.6 
53.8 
52.7 
53.2 
53.5 
53.1 
53.2 
53.1 
53.7 
49.7 
53.5 
53.4 
53.6 
54.4 
53.8 
50.0 
50.0 
50.9 
48.4 
49.6 
50.4 
53.4 
53.6 
53.6 
53.6 
53.3 
53.5 
53.3 
53.2 
52.6 
52.3 
49.5 
53.3 
53.5 
53.6 
54.3 
53.4 
52.5 
53.6 
54.2 
54.2 
53.6 
53.6 
53.9 
52.4 
53.6 
49.9 
49.6 
49.5 
50.4 
49.9 
54.1 
50.2 
53.7 
51.0 
53.6 
53.7 
53.6 
53.5 
48.3 
53.7 
53.6 
52.1 
53.5 
53.5 
53.5 
53.6 
53.6 
52.7 
51.2 
53.6 
53.3 
53.5 
52.8 
49.6 
53.8 
53.5 
53.5 
49.7 
49.6 
54.2 
53.6 
53.4 
53.6 
53.7 
53.3 
53.8 
53.6 
52.7 
51.2 
53.6 
51.0 
49.8 
49.7 
49.6 
49.6 
51.0 
49.4 
53.8 
53.8 
42.2 
53.7 
53.5 
53.7 
50.9 
53.5 
51.8 
53.7 
53.3 
49.6 
16.2 
50.1 
50.0 
53.3 
52.6 
53.5 
52.1 
53.5 
53.6 
53.6 
53.6 
53.6 
51.0 
49.7 
52.5 
53.5 
50.6 
47.3 
53.6 
53.6 
52.7 
54.1 
52.6 
52.0 
49.7 
53.0 
