21.0, 
24.2, 
25.2, 
21.9, 
23.9, 
23.2, 
23.6, 
21.8, 
24.3, 
24.3, 
25.8, 
18.1, 
23.3, 
23.8, 
24.4, 
25.6, 
25.4, 
22.6, 
24.4, 
25.4, 
28.4, 
27.7, 
21.8, 
24.1, 
23.0, 
23.3, 
23.9, 
24.4, 
26.5, 
28.1, 
23.8, 
23.9, 
24.4, 
26.1, 
24.8, 
24.6, 
22.5, 
22.8, 
25.5, 
25.4, 
22.9, 
25.6, 
27.3, 
26.2, 
28.0, 
26.6, 
25.4, 
23.3, 
26.5, 
24.3, 
25.4, 
24.0, 
25.3, 
25.9, 
28.7, 
33.1, 
26.9, 
26.2, 
29.3, 
27.1, 
23.3, 
26.8, 
22.6, 
26.7, 
26.8, 
26.6, 
24.6, 
26.9, 
30.7, 
27.4, 
26.8, 
25.0, 
26.8, 
27.1, 
26.9, 
27.1, 
29.5, 
26.1, 
25.0, 
32.8, 
29.2, 
28.6, 
27.8, 
29.5, 
32.2, 
26.9, 
30.3, 
27.1, 
25.3, 
27.8, 
27.0, 
25.3, 
25.2, 
27.8, 
30.1, 
25.9, 
26.9, 
28.3, 
26.7, 
25.7, 
27.7, 
26.7, 
22.3, 
31.5, 
23.9, 
26.8, 
27.9, 
29.8, 
28.0, 
29.6, 
28.9, 
28.7, 
25.7, 
26.2, 
24.9, 
23.1, 
28.1, 
33.9, 
30.5, 
29.2, 
29.1, 
32.2, 
24.8, 
28.8, 
28.9, 
24.1, 
27.3, 
25.9, 
26.4, 
24.9, 
27.6, 
26.7, 
27.1, 
32.0, 
29.7, 
29.8, 
29.1, 
31.9, 
28.2, 
28.2, 
27.4, 
27.2, 
28.8, 
31.8, 
24.1, 
29.1, 
27.1, 
29.2, 
30.3, 
26.8, 
29.9, 
27.9, 
28.0, 
27.9, 
28.0, 
27.5, 
34.2, 
27.0, 
28.0, 
25.9, 
26.5, 
30.0, 
29.5, 
28.3, 
28.5, 
29.1, 
28.5, 
28.5, 
25.8, 
25.8, 
26.5, 
27.5, 
28.4, 
28.3, 
28.3, 
30.8, 
29.0, 
27.2, 
27.1, 
27.3, 
25.2, 
28.5, 
25.9, 
26.5, 
25.5, 
25.5, 
26.3, 
23.1, 
26.1, 
24.4, 
27.4, 
28.2, 
26.7, 
29.6, 
33.0, 
30.0, 
28.4, 
27.7, 
25.9, 
27.6, 
26.7, 
