22.5, 
28.9, 
24.6, 
21.5, 
22.5, 
21.2, 
20.8, 
23.1, 
17.1, 
21.6, 
22.3, 
24.0, 
23.7, 
22.5, 
21.9, 
23.2, 
23.3, 
22.1, 
23.2, 
23.2, 
26.0, 
22.1, 
21.2, 
23.1, 
20.9, 
22.8, 
25.0, 
23.7, 
20.7, 
19.7, 
23.7, 
26.6, 
22.1, 
24.6, 
22.2, 
21.7, 
17.4, 
23.7, 
21.7, 
21.6, 
24.1, 
24.6, 
23.3, 
22.6, 
24.5, 
23.3, 
24.3, 
23.0, 
22.1, 
23.1, 
22.2, 
21.6, 
23.8, 
22.3, 
24.1, 
23.7, 
22.3, 
23.5, 
22.4, 
23.1, 
22.8, 
22.5, 
22.6, 
22.4, 
21.4, 
22.0, 
21.6, 
23.4, 
22.5, 
24.0, 
22.0, 
22.0, 
23.2, 
25.5, 
23.1, 
25.0, 
25.1, 
24.0, 
23.5, 
24.1, 
25.2, 
23.4, 
23.3, 
23.4, 
26.0, 
23.1, 
22.6, 
22.6, 
22.4, 
25.3, 
27.1, 
21.9, 
22.4, 
28.1, 
24.3, 
26.1, 
23.8, 
25.4, 
24.4, 
25.0, 
22.8, 
26.1, 
26.2, 
26.2, 
24.4, 
25.4, 
24.5, 
23.9, 
24.1, 
23.5, 
24.2, 
24.1, 
23.9, 
24.3, 
22.8, 
22.8, 
24.3, 
22.0, 
23.1, 
24.7, 
26.0, 
25.0, 
24.9, 
28.6, 
25.7, 
26.1, 
23.8, 
24.9, 
27.5, 
24.5, 
29.4, 
24.8, 
23.7, 
23.2, 
21.5, 
24.0, 
23.1, 
23.2, 
23.9, 
23.5, 
20.9, 
22.6, 
24.7, 
25.7, 
26.7, 
23.9, 
22.4, 
22.4, 
23.6, 
23.5, 
23.2, 
24.6, 
22.0, 
25.2, 
26.6, 
24.3, 
24.9, 
26.9, 
25.0, 
24.5, 
22.8, 
26.9, 
22.9, 
24.6, 
20.7, 
22.9, 
24.7, 
22.6, 
