18.1, 
21.8, 
21.7, 
18.8, 
20.2, 
20.2, 
20.7, 
20.4, 
19.7, 
20.3, 
20.2, 
19.2, 
19.0, 
20.3, 
20.6, 
20.7, 
19.4, 
22.4, 
19.2, 
22.2, 
20.3, 
20.5, 
21.2, 
22.4, 
21.2, 
24.0, 
21.8, 
21.9, 
20.2, 
21.4, 
19.0, 
20.0, 
19.7, 
20.7, 
21.6, 
20.7, 
19.7, 
20.9, 
21.7, 
20.3, 
19.8, 
21.5, 
20.9, 
20.4, 
19.8, 
21.3, 
20.9, 
21.0, 
21.7, 
21.9, 
20.3, 
20.5, 
21.2, 
21.4, 
21.8, 
22.3, 
21.7, 
22.1, 
22.8, 
21.3, 
20.9, 
20.8, 
18.7, 
19.8, 
21.2, 
20.9, 
24.6, 
22.6, 
21.7, 
22.2, 
22.0, 
20.8, 
21.8, 
21.5, 
21.4, 
20.1, 
20.2, 
21.4, 
18.5, 
21.8, 
21.4, 
21.9, 
22.1, 
19.7, 
19.9, 
20.4, 
20.9, 
21.9, 
19.8, 
22.3, 
21.3, 
20.0, 
19.9, 
22.4, 
19.0, 
22.1, 
21.8, 
21.8, 
20.2, 
19.2, 
19.2, 
20.9, 
22.4, 
23.0, 
19.9, 
19.8, 
19.4, 
19.4, 
22.5, 
20.5, 
23.1, 
22.8, 
21.8, 
19.9, 
18.5, 
20.9, 
21.0, 
22.9, 
22.0, 
21.9, 
20.4, 
20.4, 
20.0, 
22.1, 
20.9, 
21.0, 
22.3, 
20.4, 
20.4, 
20.4, 
20.3, 
20.8, 
22.1, 
21.3, 
20.7, 
19.9, 
21.4, 
20.1, 
20.7, 
23.0, 
22.1, 
21.9, 
21.4, 
20.5, 
