25.2, 
24.3, 
24.2, 
21.7, 
24.1, 
19.2, 
26.9, 
27.2, 
24.9, 
24.5, 
24.1, 
26.7, 
27.2, 
24.4, 
28.9, 
24.0, 
28.4, 
25.9, 
24.9, 
26.2, 
25.7, 
25.7, 
27.7, 
27.1, 
24.9, 
25.1, 
30.4, 
27.5, 
28.9, 
28.2, 
27.0, 
27.8, 
23.2, 
26.5, 
27.6, 
27.2, 
23.8, 
24.9, 
27.1, 
25.5, 
26.4, 
26.3, 
27.1, 
25.3, 
24.6, 
25.4, 
25.1, 
24.6, 
25.4, 
23.7, 
24.8, 
27.6, 
28.4, 
27.3, 
27.5, 
26.9, 
24.6, 
24.9, 
23.4, 
27.7, 
26.1, 
24.9, 
26.5, 
27.6, 
27.1, 
24.4, 
25.9, 
29.2, 
30.1, 
24.3, 
25.6, 
25.0, 
31.1, 
33.3, 
24.6, 
23.4, 
26.2, 
27.2, 
22.9, 
27.3, 
25.9, 
27.0, 
26.3, 
26.7, 
26.8, 
26.0, 
27.8, 
25.4, 
27.2, 
25.9, 
27.2, 
26.9, 
26.7, 
23.5, 
27.7, 
29.3, 
23.8, 
24.5, 
27.8, 
25.7, 
27.3, 
29.3, 
23.1, 
25.5, 
29.6, 
28.1, 
30.2, 
26.9, 
24.9, 
27.9, 
29.0, 
27.4, 
25.5, 
25.6, 
25.9, 
27.0, 
26.4, 
26.9, 
30.7, 
28.8, 
26.3, 
26.7, 
25.5, 
23.0, 
25.7, 
27.4, 
26.2, 
29.2, 
28.1, 
27.2, 
33.1, 
29.4, 
25.9, 
24.7, 
25.6, 
28.0, 
27.8, 
29.0, 
22.8, 
26.4, 
28.3, 
27.8, 
27.2, 
31.4, 
31.3, 
31.4, 
28.0, 
29.1, 
25.7, 
24.4, 
24.8, 
26.2, 
29.0, 
27.6, 
27.1, 
29.0, 
15.5, 
25.9, 
23.9, 
24.5, 
25.5, 
25.0, 
23.5, 
23.6, 
26.0, 
27.9, 
21.5, 
29.4, 
24.6, 
30.5, 
26.5, 
26.3, 
26.4, 
24.0, 
24.9, 
25.0, 
24.4, 
24.0, 
23.4, 
25.5, 
29.6, 
31.9, 
32.3, 
26.1, 
25.7, 
23.4, 
23.0, 
25.6, 
26.9, 
27.7, 
24.3, 
25.6, 
26.9, 
26.7, 
26.8, 
26.5, 
26.3, 
25.2, 
25.4, 
26.8, 
26.3, 
25.1, 
23.5, 
26.1, 
23.0, 
29.4, 
27.4, 
27.1, 
25.2, 
25.4, 
26.9, 
26.0, 
26.0, 
24.4, 
28.5, 
29.5, 
29.2, 
25.5, 
26.8, 
28.9, 
27.6, 
23.6, 
26.2, 
28.5, 
24.4, 
21.6, 
21.2, 
25.2, 
25.8, 
26.7, 
28.4, 
35.3, 
26.9, 
26.9, 
27.6, 
25.2, 
23.4, 
26.0, 
25.8, 
26.6, 
28.2, 
26.1, 
24.5, 
26.0, 
26.7, 
29.1, 
24.1, 
25.0, 
24.3, 