26.1, 
23.7, 
24.8, 
24.2, 
23.6, 
24.5, 
24.7, 
23.3, 
19.1, 
25.4, 
26.6, 
27.9, 
24.8, 
23.3, 
24.9, 
24.2, 
25.6, 
29.3, 
27.8, 
37.4, 
34.0, 
24.7, 
27.0, 
24.5, 
25.2, 
26.2, 
23.8, 
26.9, 
29.2, 
26.5, 
27.5, 
27.9, 
28.6, 
31.0, 
31.5, 
29.0, 
25.9, 
26.4, 
25.2, 
25.3, 
26.6, 
27.0, 
25.1, 
25.3, 
29.0, 
26.1, 
30.8, 
30.1, 
30.5, 
23.1, 
28.9, 
23.8, 
22.4, 
23.9, 
25.1, 
25.7, 
24.5, 
28.4, 
31.0, 
30.0, 
26.2, 
24.6, 
28.4, 
23.7, 
24.2, 
24.7, 
26.5, 
24.5, 
26.1, 
25.7, 
27.3, 
31.1, 
29.6, 
30.4, 
26.2, 
24.5, 
25.1, 
29.6, 
26.6, 
22.5, 
25.9, 
26.3, 
27.4, 
16.9, 
28.5, 
24.0, 
27.1, 
27.9, 
29.6, 
25.0, 
27.5, 
27.6, 
27.0, 
25.2, 
23.8, 
23.0, 
26.1, 
23.6, 
27.5, 
26.3, 
27.2, 
28.4, 
26.2, 
23.9, 
27.4, 
23.7, 
23.8, 
26.1, 
24.7, 
23.5, 
24.7, 
23.8, 
26.1, 
24.2, 
26.2, 
26.6, 
27.9, 
26.6, 
23.8, 
27.0, 
26.2, 
25.6, 
25.8, 
26.3, 
25.3, 
24.1, 
25.6, 
23.3, 
29.2, 
25.9, 
26.2, 
27.0, 
24.4, 
26.1, 
24.5, 
28.4, 
27.7, 
27.0, 
24.7, 
27.2, 
28.7, 
23.1, 
24.6, 
23.9, 
23.5, 
25.6, 
28.8, 
27.0, 
28.2, 
26.7, 
28.6, 
23.5, 
25.1, 
25.0, 
25.3, 
24.1, 
25.3, 
24.8, 
28.1, 
28.4, 
24.8, 
27.7, 
28.7, 
29.1, 
27.7, 
24.2, 
24.3, 
25.6, 
29.2, 
25.6, 
31.6, 
28.7, 
24.9, 
