20.1, 
25.6, 
19.7, 
18.7, 
22.8, 
16.5, 
20.5, 
20.7, 
21.2, 
21.4, 
20.0, 
22.7, 
21.3, 
26.0, 
25.4, 
24.0, 
27.5, 
26.9, 
21.9, 
24.1, 
25.3, 
20.8, 
25.7, 
22.8, 
21.9, 
21.1, 
20.0, 
21.4, 
21.6, 
22.5, 
30.1, 
25.5, 
25.6, 
24.5, 
22.9, 
21.2, 
21.2, 
25.3, 
21.7, 
21.3, 
22.3, 
21.3, 
24.5, 
25.5, 
24.8, 
22.6, 
20.3, 
23.9, 
22.2, 
20.2, 
21.2, 
20.6, 
22.7, 
22.0, 
21.5, 
18.7, 
21.2, 
22.8, 
20.9, 
21.1, 
22.2, 
23.4, 
21.2, 
22.3, 
24.1, 
22.5, 
23.1, 
23.8, 
25.2, 
24.1, 
23.3, 
20.7, 
23.0, 
23.3, 
20.6, 
23.0, 
21.8, 
23.9, 
21.2, 
25.2, 
25.4, 
22.4, 
21.4, 
22.8, 
22.6, 
22.6, 
21.1, 
22.3, 
24.1, 
25.7, 
25.9, 
22.4, 
22.0, 
27.1, 
24.6, 
23.1, 
24.0, 
23.3, 
25.1, 
26.1, 
24.8, 
24.7, 
22.6, 
24.6, 
19.5, 
23.3, 
22.4, 
23.1, 
23.0, 
24.9, 
23.3, 
24.0, 
21.6, 
21.7, 
23.3, 
23.9, 
23.4, 
22.3, 
21.7, 
25.2, 
22.8, 
25.7, 
23.8, 
23.3, 
23.5, 
25.1, 
22.6, 
22.7, 
23.6, 
24.8, 
17.8, 
20.0, 
21.7, 
21.9, 
21.9, 
21.8, 
22.6, 
21.0, 
24.6, 
22.4, 
20.8, 
20.5, 
23.2, 
23.6, 
22.9, 
23.3, 
21.7, 
21.4, 
25.4, 
22.3, 
23.3, 
25.3, 
22.6, 
26.5, 
21.9, 
24.1, 
25.0, 
22.2, 
23.2, 
22.6, 
22.4, 
21.4, 
21.4, 
20.9, 
23.6, 
23.2, 
20.9, 
24.7, 
23.5, 
22.2, 
24.8, 
22.0, 
23.4, 
22.6, 
23.4, 
20.8, 
21.6, 
21.6, 
22.6, 
22.5, 
24.5, 
22.9, 
22.3, 
26.7, 
23.1, 
21.5, 
21.4, 
21.4, 
22.9, 
21.7, 
19.9, 
23.2, 
21.0, 
23.2, 
22.7, 
22.7, 
26.1, 
22.9, 
26.3, 
22.2, 
21.1, 
22.9, 
20.7, 
22.2, 
23.6, 
22.1, 
21.8, 
23.6, 
23.3, 
23.5, 
27.6, 
22.0, 
28.0, 
23.5, 
21.9, 
22.8, 
23.4, 
24.5, 
22.9, 
23.4, 
24.3, 
22.5, 
25.0, 
24.7, 
23.5, 
24.8, 
23.0, 
23.0, 
