18.0, 
23.5, 
18.0, 
19.3, 
18.3, 
15.3, 
14.7, 
18.1, 
14.8, 
14.4, 
13.1, 
13.3, 
18.6, 
16.2, 
13.8, 
18.7, 
18.5, 
14.6, 
20.1, 
13.6, 
15.4, 
19.1, 
20.9, 
18.9, 
19.8, 
13.6, 
16.9, 
17.2, 
14.9, 
14.9, 
18.4, 
19.8, 
18.9, 
14.3, 
15.6, 
17.2, 
17.0, 
22.1, 
19.8, 
17.8, 
18.5, 
14.9, 
13.7, 
16.6, 
14.6, 
17.7, 
16.5, 
17.4, 
14.8, 
15.9, 
18.4, 
16.3, 
19.2, 
19.9, 
15.7, 
17.8, 
19.1, 
16.2, 
13.2, 
16.9, 
18.1, 
16.6, 
18.1, 
18.3, 
20.5, 
15.2, 
17.2, 
16.0, 
19.3, 
20.5, 
24.0, 
18.6, 
17.2, 
17.6, 
16.2, 
16.3, 
14.7, 
16.3, 
19.5, 
13.8, 
21.5, 
17.7, 
14.5, 
19.8, 
16.4, 
22.1, 
20.6, 
18.0, 
18.2, 
16.6, 
14.6, 
18.9, 
17.1, 
19.1, 
16.7, 
14.0, 
13.5, 
14.0, 
18.2, 
19.3, 
17.8, 
18.0, 
18.1, 
14.7, 
15.9, 
20.7, 
15.4, 
20.3, 
18.4, 
19.2, 
18.6, 
18.6, 
18.9, 
18.7, 
19.2, 
21.4, 
22.6, 
18.5, 
19.8, 
15.7, 
16.1, 
18.9, 
20.8, 
16.4, 
20.6, 
15.1, 
14.3, 
17.7, 
15.7, 
18.0, 
16.5, 
16.9, 
19.1, 
16.4, 
15.5, 
16.9, 
18.1, 
20.8, 
17.9, 
16.6, 
14.6, 
18.3, 
19.0, 
19.1, 
17.3, 
21.4, 
17.0, 
20.2, 
15.1, 
14.3, 
18.1, 
17.3, 
17.5, 
20.6, 
18.1, 
16.3, 
17.1, 
13.2, 
19.8, 
17.7, 
18.0, 
22.9, 
16.7, 
19.6, 
18.9, 
17.7, 
18.7, 
20.0, 
18.2, 
19.9, 
11.5, 
