21.2, 
28.7, 
25.8, 
24.4, 
26.8, 
23.7, 
21.1, 
23.8, 
24.8, 
24.9, 
26.4, 
21.3, 
24.0, 
25.3, 
28.9, 
26.2, 
23.0, 
24.1, 
27.5, 
27.3, 
25.0, 
25.5, 
25.5, 
28.0, 
27.1, 
24.8, 
26.6, 
27.4, 
26.8, 
22.4, 
26.9, 
24.6, 
29.9, 
24.2, 
24.4, 
26.9, 
24.9, 
23.5, 
23.9, 
24.6, 
23.6, 
28.0, 
24.2, 
27.7, 
26.8, 
27.1, 
30.2, 
24.2, 
24.7, 
28.8, 
26.2, 
25.8, 
25.6, 
24.0, 
23.7, 
23.7, 
27.3, 
31.9, 
28.9, 
31.3, 
25.9, 
25.8, 
25.9, 
25.6, 
23.8, 
24.2, 
25.2, 
27.7, 
27.3, 
27.4, 
27.1, 
30.7, 
27.5, 
27.6, 
27.6, 
30.8, 
26.5, 
26.9, 
25.8, 
25.6, 
25.6, 
26.3, 
25.6, 
26.7, 
27.6, 
26.0, 
30.3, 
26.7, 
30.7, 
27.9, 
26.4, 
26.8, 
26.4, 
26.7, 
28.1, 
26.4, 
26.6, 
27.9, 
26.5, 
29.6, 
32.5, 
31.9, 
22.9, 
24.1, 
30.2, 
22.7, 
25.2, 
27.5, 
23.9, 
26.5, 
30.0, 
29.4, 
28.8, 
25.4, 
26.3, 
28.9, 
28.9, 
27.9, 
26.6, 
25.6, 
25.8, 
25.5, 
25.3, 
26.6, 
22.3, 
26.7, 
27.5, 
26.8, 
22.9, 
28.2, 
25.1, 
24.7, 
26.7, 
25.2, 
25.5, 
26.6, 
27.1, 
30.4, 
25.1, 
25.2, 
28.2, 
25.5, 
25.0, 
24.5, 
24.3, 
23.1, 
25.0, 
27.2, 
24.6, 
29.9, 
24.1, 
28.3, 
26.8, 
26.8, 
26.4, 
28.2, 
26.8, 
26.6, 
27.9, 
28.3, 
24.4, 
26.6, 
19.6, 
27.6, 
27.1, 
24.3, 
24.7, 
23.9, 
27.6, 
27.1, 