22.7, 
24.2, 
21.9, 
20.9, 
18.1, 
20.2, 
20.4, 
22.3, 
25.0, 
23.5, 
22.3, 
21.5, 
20.4, 
22.6, 
25.7, 
25.0, 
22.8, 
22.3, 
25.6, 
23.2, 
25.6, 
24.1, 
23.0, 
23.3, 
23.5, 
20.9, 
23.2, 
22.6, 
21.8, 
24.0, 
21.9, 
21.8, 
22.2, 
22.8, 
24.6, 
20.6, 
25.5, 
22.1, 
21.5, 
20.1, 
20.5, 
22.9, 
26.7, 
25.0, 
23.3, 
22.3, 
26.7, 
29.5, 
21.8, 
24.4, 
23.9, 
25.0, 
22.0, 
23.4, 
20.7, 
23.0, 
24.6, 
25.1, 
24.3, 
22.6, 
24.7, 
24.7, 
22.0, 
24.1, 
17.5, 
21.6, 
24.2, 
21.3, 
22.4, 
24.6, 
23.9, 
23.4, 
23.1, 
25.0, 
22.1, 
25.3, 
23.9, 
22.5, 
25.4, 
25.5, 
22.1, 
21.9, 
21.2, 
24.4, 
22.1, 
21.0, 
21.6, 
22.3, 
23.8, 
24.7, 
24.4, 
23.2, 
25.5, 
24.4, 
24.8, 
22.2, 
21.7, 
22.8, 
23.8, 
21.9, 
23.6, 
24.2, 
21.7, 
25.0, 
23.0, 
25.8, 
22.3, 
23.8, 
21.6, 
23.9, 
16.9, 
20.4, 
22.1, 
24.1, 
24.9, 
22.1, 
23.1, 
23.6, 
22.4, 
22.5, 
24.9, 
24.8, 
22.6, 
23.9, 
22.7, 
23.3, 
25.1, 
22.3, 
23.6, 
23.0, 
24.3, 
24.0, 
20.5, 
22.5, 
22.2, 
27.3, 
22.4, 
23.3, 
24.4, 
21.0, 
21.3, 
22.2, 
21.5, 
22.5, 
23.9, 
24.1, 
24.9, 
24.0, 
27.0, 
26.2, 
23.3, 
23.2, 
22.2, 
22.8, 
22.7, 
15.3, 
20.0, 
21.1, 
22.0, 
25.3, 
23.1, 
24.1, 
24.1, 
24.0, 
21.9, 
22.3, 
23.7, 
25.3, 
21.2, 
21.3, 
20.5, 
23.2, 
23.6, 
26.2, 
22.6, 
23.6, 
21.4, 
23.5, 
24.6, 
24.5, 
24.8, 
23.4, 
24.6, 
21.3, 
23.0, 
23.9, 
24.7, 
24.5, 
22.4, 
24.3, 
21.3, 
21.9, 
21.7, 
24.4, 
23.2, 
23.1, 
24.5, 
23.4, 
23.1, 
21.4, 
24.2, 
21.0, 
22.2, 
26.1, 
22.2, 
21.9, 
21.5, 
21.7, 
26.0, 
21.8, 
24.4, 
21.6, 
21.3, 
20.6, 
20.8, 
22.9, 
21.8, 
21.6, 
22.5, 
24.4, 
25.6, 
22.6, 
23.2, 
24.6, 
25.7, 
24.9, 
25.1, 
25.1, 
15.3, 
23.5, 
24.0, 
21.6, 
21.0, 
22.1, 
23.9, 
24.2, 
