18.1, 
20.5, 
19.8, 
20.5, 
17.7, 
19.7, 
20.3, 
20.6, 
19.2, 
23.6, 
28.2, 
27.3, 
22.3, 
25.0, 
24.0, 
21.6, 
23.7, 
23.9, 
22.8, 
19.8, 
21.7, 
21.7, 
24.0, 
23.5, 
20.9, 
21.1, 
23.2, 
22.6, 
19.8, 
24.1, 
22.2, 
20.7, 
12.3, 
18.5, 
24.9, 
21.0, 
21.0, 
20.9, 
13.8, 
19.6, 
19.4, 
20.8, 
21.1, 
20.7, 
24.1, 
21.2, 
22.4, 
22.2, 
21.1, 
21.6, 
20.2, 
21.4, 
21.0, 
20.9, 
23.7, 
22.2, 
17.0, 
19.4, 
21.5, 
25.2, 
21.0, 
25.9, 
22.7, 
20.0, 
21.6, 
22.0, 
24.2, 
23.9, 
20.4, 
26.4, 
22.4, 
20.9, 
20.4, 
22.0, 
21.2, 
17.9, 
23.4, 
23.5, 
20.3, 
21.5, 
19.2, 
22.9, 
23.1, 
23.8, 
22.5, 
21.7, 
23.4, 
20.3, 
17.9, 
17.9, 
19.2, 
21.6, 
16.3, 
21.0, 
22.1, 
22.4, 
22.6, 
21.8, 
24.4, 
21.7, 
23.1, 
22.0, 
20.0, 
21.8, 
22.3, 
20.3, 
21.4, 
23.6, 
20.2, 
24.4, 
20.6, 
22.3, 
21.1, 
20.8, 
22.5, 
22.6, 
25.6, 
23.0, 
25.5, 
22.2, 
17.7, 
23.9, 
22.0, 
22.9, 
20.7, 
20.5, 
20.0, 
