8.4, 
10.3, 
10.9, 
12.7, 
10.7, 
10.7, 
13.6, 
9.9, 
13.4, 
9.0, 
11.4, 
12.5, 
10.8, 
9.6, 
10.2, 
7.9, 
8.2, 
10.2, 
9.1, 
11.0, 
10.5, 
12.0, 
10.0, 
10.5, 
9.0, 
9.4, 
8.8, 
10.3, 
11.2, 
10.7, 
11.1, 
13.5, 
12.3, 
9.5, 
11.0, 
10.0, 
10.4, 
9.5, 
6.5, 
9.4, 
11.5, 
8.9, 
9.6, 
8.1, 
10.1, 
9.3, 
9.3, 
9.6, 
12.0, 
10.6, 
9.3, 
9.4, 
11.7, 
11.1, 
10.9, 
13.6, 
13.3, 
10.3, 
8.6, 
8.3, 
10.1, 
8.9, 
7.1, 
7.7, 
9.5, 
10.3, 
6.7, 
6.2, 
7.4, 
6.6, 
7.2, 
7.7, 
8.1, 
12.5, 
9.3, 
11.2, 
9.3, 
10.4, 
8.5, 
9.8, 
9.9, 
10.2, 
9.3, 
8.8, 
10.3, 
9.9, 
11.1, 
10.7, 
11.6, 
10.2, 
12.2, 
12.9, 
10.6, 
12.5, 
12.5, 
10.3, 
10.1, 
9.4, 
10.0, 
8.5, 
10.0, 
10.8, 
11.3, 
11.1, 
9.6, 
10.1, 
12.5, 
11.2, 
13.3, 
11.2, 
11.5, 
11.1, 
10.2, 
13.0, 
10.2, 
8.7, 
9.6, 
10.7, 
9.4, 
10.5, 
9.9, 
7.2, 
7.2, 
7.8, 
8.6, 
10.4, 
12.1, 
9.9, 
10.4, 
7.2, 
9.1, 
6.1, 
10.4, 
10.8, 
8.8, 
