10.8, 
12.2, 
12.7, 
12.1, 
12.8, 
10.7, 
13.3, 
10.8, 
10.2, 
10.6, 
11.8, 
9.6, 
10.5, 
12.3, 
10.6, 
10.2, 
10.0, 
9.9, 
13.0, 
10.0, 
10.7, 
10.9, 
13.1, 
11.1, 
10.5, 
11.3, 
9.5, 
10.1, 
13.3, 
9.9, 
11.8, 
10.9, 
13.2, 
11.2, 
10.2, 
10.5, 
10.9, 
11.1, 
12.6, 
11.0, 
10.4, 
11.0, 
10.7, 
9.6, 
11.9, 
10.5, 
9.7, 
10.0, 
12.2, 
9.9, 
10.6, 
10.6, 
12.0, 
11.1, 
13.1, 
9.6, 
8.9, 
12.1, 
9.5, 
11.3, 
12.3, 
13.0, 
12.8, 
10.7, 
12.2, 
10.6, 
10.1, 
10.3, 
10.3, 
10.6, 
10.3, 
12.6, 
13.3, 
13.3, 
12.3, 
12.9, 
12.7, 
10.3, 
13.0, 
12.1, 
10.7, 
11.1, 
10.6, 
12.3, 
9.4, 
11.1, 
9.5, 
10.7, 
10.6, 
12.4, 
10.7, 
10.9, 
10.5, 
10.0, 
10.9, 
10.6, 
9.8, 
10.7, 
11.2, 
12.8, 
10.1, 
10.7, 
10.6, 
10.7, 
11.6, 
10.6, 
9.9, 
11.5, 
10.8, 
12.7, 
10.8, 
10.9, 
9.4, 
11.7, 
12.6, 
10.6, 
10.5, 
12.9, 
10.6, 
9.6, 
10.4, 
10.8, 
10.4, 
10.1, 
12.8, 
9.8, 
10.5, 
11.1, 
10.4, 
12.3, 
13.3, 
11.1, 
10.3, 
10.9, 
10.8, 
13.4, 
13.7, 
10.4, 
13.0, 
12.8, 
12.5, 
9.5, 
11.8, 
11.9, 
10.4, 
10.3, 
12.6, 
10.9, 
11.0, 
10.6, 
12.8, 
10.5, 
12.7, 
13.1, 
11.2, 
10.5, 
10.5, 
11.9, 
10.3, 
12.7, 
10.5, 
9.9, 
