20.9, 
22.5, 
19.6, 
19.5, 
19.9, 
23.4, 
18.9, 
14.5, 
19.5, 
19.5, 
18.0, 
20.2, 
22.8, 
22.3, 
22.5, 
20.9, 
19.5, 
23.3, 
25.9, 
23.5, 
24.2, 
24.6, 
22.0, 
24.2, 
22.3, 
22.1, 
20.0, 
20.9, 
20.5, 
21.3, 
22.1, 
25.8, 
21.2, 
26.0, 
21.8, 
23.3, 
29.0, 
21.5, 
25.5, 
21.7, 
21.7, 
19.9, 
22.6, 
18.6, 
21.2, 
20.7, 
22.6, 
23.0, 
23.0, 
27.6, 
23.0, 
20.7, 
24.5, 
23.0, 
22.2, 
20.2, 
22.7, 
20.5, 
24.0, 
23.4, 
28.0, 
23.7, 
25.9, 
21.7, 
22.8, 
21.7, 
21.5, 
22.8, 
21.2, 
22.2, 
21.2, 
21.6, 
23.8, 
24.6, 
23.1, 
24.5, 
23.0, 
23.5, 
24.1, 
22.8, 
19.2, 
25.8, 
21.1, 
21.1, 
20.5, 
21.2, 
21.4, 
26.2, 
22.5, 
24.6, 
26.5, 
26.2, 
23.8, 
21.2, 
22.5, 
22.8, 
23.2, 
23.1, 
25.7, 
21.3, 
22.4, 
23.8, 
24.1, 
20.5, 
21.9, 
22.9, 
23.7, 
23.8, 
22.6, 
19.6, 
23.3, 
23.2, 
25.1, 
21.7, 
22.3, 
21.3, 
22.4, 
25.3, 
24.9, 
23.5, 
21.9, 
21.3, 
21.6, 
22.8, 
22.2, 
23.9, 
25.3, 
24.3, 
15.4, 
21.7, 
24.2, 
21.4, 
22.1, 
20.6, 
20.1, 
20.8, 
21.3, 
20.8, 
20.8, 
21.5, 
20.7, 
23.2, 
24.3, 
23.9, 
22.7, 
24.3, 
23.2, 
22.3, 
20.9, 
22.0, 
22.2, 
19.9, 
21.2, 
22.1, 
22.4, 
22.9, 
24.4, 
22.2, 
21.2, 
24.0, 
21.5, 
21.4, 
21.0, 
20.5, 
22.5, 
21.8, 
24.5, 
20.8, 
24.1, 
24.5, 
23.8, 
28.1, 
27.4, 
23.4, 
24.7, 
20.8, 
20.1, 
21.9, 
20.7, 
21.5, 
21.1, 
20.9, 
23.5, 
23.5, 
24.4, 
25.5, 
26.2, 
21.9, 
21.1, 
22.1, 
24.3, 
23.3, 
18.7, 
22.3, 
21.6, 
21.7, 
21.9, 
24.7, 
24.4, 
30.7, 
27.5, 
23.1, 
23.7, 
20.3, 
22.0, 
22.8, 
21.3, 
22.9, 
23.6, 
23.8, 
23.1, 
23.6, 
24.8, 
26.9, 
24.2, 
23.1, 
23.7, 
23.8, 
21.0, 
21.2, 
20.2, 
21.0, 
22.5, 
24.2, 
21.4, 
27.6, 
25.7, 
15.6, 
22.5, 
21.3, 
21.6, 
20.5, 
21.8, 
22.5, 
20.9, 
20.0, 
19.6, 
21.1, 
23.1, 
23.4, 
26.8, 
38.8, 
27.0, 
25.9, 
20.2, 
21.9, 
20.4, 
22.5, 
21.9, 
20.9, 
20.3, 
19.2, 
20.9, 
22.1, 
32.3, 
26.4, 
26.8, 
27.9, 
22.3, 
21.0, 
20.4, 
23.4, 
20.9, 
22.5, 
22.1, 
21.9, 
25.6, 
29.1, 
