5.6, 
4.4, 
3.9, 
3.8, 
3.7, 
3.8, 
3.8, 
3.7, 
3.8, 
3.8, 
3.8, 
3.8, 
3.8, 
3.8, 
3.8, 
3.7, 
3.7, 
3.8, 
3.8, 
3.8, 
3.8, 
3.8, 
3.8, 
3.7, 
3.7, 
3.7, 
3.7, 
3.7, 
3.6, 
3.7, 
3.1, 
3.7, 
3.6, 
3.0, 
3.6, 
3.7, 
3.1, 
3.7, 
3.7, 
3.1, 
3.7, 
3.0, 
2.8, 
2.8, 
2.7, 
3.2, 
2.7, 
2.6, 
3.3, 
3.4, 
3.4, 
3.4, 
2.7, 
2.8, 
3.3, 
2.8, 
3.5, 
3.6, 
3.6, 
3.5, 
3.6, 
3.7, 
3.6, 
3.7, 
3.7, 
3.6, 
3.1, 
3.7, 
3.7, 
3.0, 
3.6, 
3.5, 
3.5, 
3.6, 
3.6, 
3.5, 
3.4, 
3.5, 
3.6, 
3.7, 
3.7, 
3.7, 
3.8, 
3.8, 
3.8, 
3.8, 
3.8, 
3.7, 
3.7, 
3.7, 
3.7, 
3.7, 
3.7, 
3.8, 
3.8, 
3.8, 
3.8, 
3.7, 
3.7, 
3.7, 
3.7, 
3.7, 
3.7, 
3.1, 
3.1, 
3.8, 
3.8, 
3.7, 
3.8, 
3.8, 
3.7, 
3.7, 
3.7, 
3.1, 
3.7, 
3.7, 
3.7, 
3.7, 
3.5, 
3.5, 
3.7, 
3.7, 
3.7, 
3.7, 
3.7, 
3.6, 
3.6, 
3.6, 
3.6, 
2.9, 
3.5, 
3.5, 
3.6, 
3.6, 
2.9, 
3.4, 
3.4, 
3.5, 
3.5, 
3.7, 
3.7, 
3.7, 
3.7, 
3.8, 
3.8, 
3.8, 
3.8, 
3.7, 
3.7, 
3.7, 
3.8, 
3.8, 
3.7, 
3.8, 
3.8, 
3.7, 
3.7, 
3.7, 
3.7, 
3.7, 
3.7, 
3.8, 
3.8, 
3.8, 
3.8, 
3.8, 
3.8, 
3.8, 
3.8, 
3.8, 
3.8, 
3.8, 
3.8, 
3.6, 
3.0, 
