22.6, 
23.0, 
15.9, 
21.2, 
19.5, 
20.7, 
20.2, 
15.6, 
21.3, 
19.4, 
21.9, 
21.7, 
22.7, 
22.9, 
24.2, 
23.7, 
20.4, 
22.9, 
19.9, 
20.8, 
23.0, 
21.9, 
22.5, 
21.8, 
23.7, 
22.4, 
22.3, 
24.3, 
24.1, 
20.9, 
23.7, 
22.3, 
21.3, 
21.6, 
21.4, 
21.6, 
20.0, 
24.1, 
21.8, 
23.3, 
20.4, 
23.2, 
23.7, 
25.1, 
21.7, 
19.9, 
19.1, 
19.9, 
22.0, 
20.5, 
20.3, 
20.1, 
22.2, 
19.5, 
22.1, 
19.4, 
20.0, 
22.9, 
21.3, 
17.6, 
20.1, 
20.9, 
23.5, 
22.1, 
19.7, 
21.1, 
21.9, 
22.3, 
18.5, 
21.9, 
21.0, 
20.4, 
22.1, 
22.1, 
20.2, 
20.7, 
23.5, 
21.2, 
22.7, 
22.7, 
24.1, 
24.6, 
24.2, 
21.4, 
24.2, 
23.5, 
22.8, 
20.4, 
18.6, 
19.9, 
23.6, 
19.6, 
20.9, 
19.6, 
22.2, 
20.5, 
17.9, 
13.4, 
19.2, 
22.0, 
22.2, 
23.7, 
23.1, 
22.4, 
23.3, 
20.5, 
22.1, 
23.2, 
23.7, 
21.1, 
21.5, 
23.0, 
19.8, 
22.1, 
23.0, 
21.3, 
21.1, 
22.5, 
20.7, 
23.6, 
22.0, 
23.0, 
22.8, 
21.8, 
24.3, 
21.9, 
20.4, 
22.5, 
23.0, 
21.9, 
21.6, 
23.8, 
26.4, 
20.1, 
21.1, 
23.4, 
26.3, 
22.7, 
19.4, 
21.7, 
24.5, 
23.5, 
20.9, 
23.8, 
20.8, 
21.0, 
25.9, 
25.9, 
23.2, 
23.8, 
21.6, 
21.9, 
21.0, 
20.3, 
19.7, 
26.0, 
22.3, 
21.8, 
21.6, 
21.3, 
22.4, 
21.7, 
22.8, 
19.8, 
21.5, 
20.9, 
20.0, 
25.6, 
23.0, 
