22.5, 
19.8, 
22.9, 
25.1, 
25.3, 
26.3, 
26.2, 
25.2, 
26.4, 
25.8, 
23.8, 
27.9, 
26.4, 
28.4, 
26.4, 
28.8, 
23.3, 
29.7, 
26.2, 
25.7, 
24.1, 
23.7, 
21.4, 
23.3, 
25.7, 
24.9, 
25.2, 
29.9, 
24.7, 
24.3, 
27.5, 
25.2, 
25.6, 
25.5, 
24.5, 
27.3, 
26.7, 
23.7, 
29.0, 
23.4, 
23.8, 
26.4, 
26.1, 
24.6, 
25.7, 
22.6, 
23.5, 
25.3, 
27.6, 
24.9, 
25.7, 
25.7, 
28.3, 
23.3, 
25.1, 
28.8, 
26.1, 
23.5, 
26.4, 
25.7, 
25.2, 
21.5, 
26.3, 
27.8, 
24.5, 
22.6, 
22.7, 
27.0, 
24.0, 
24.6, 
28.2, 
25.1, 
22.1, 
31.3, 
24.5, 
25.1, 
23.6, 
22.2, 
22.0, 
23.8, 
26.4, 
26.2, 
29.5, 
24.8, 
27.6, 
27.5, 
25.3, 
22.2, 
21.9, 
25.7, 
25.5, 
23.8, 
26.1, 
24.7, 
25.7, 
29.4, 
26.0, 
23.8, 
23.7, 
25.1, 
27.0, 
23.8, 
25.4, 
27.5, 
25.8, 
24.3, 
25.9, 
24.1, 
22.2, 
17.7, 
22.7, 
27.1, 
25.5, 
24.6, 
20.7, 
22.2, 
26.4, 
26.0, 
23.9, 
27.5, 
25.8, 
30.7, 
29.9, 
25.3, 
23.6, 
29.3, 
26.1, 
23.5, 
24.6, 
22.9, 
26.4, 
25.6, 
27.5, 
24.6, 
22.9, 
26.9, 
27.5, 
25.6, 
24.7, 
26.6, 
27.7, 
23.4, 
23.2, 
25.7, 
23.2, 
24.8, 
26.2, 
21.9, 
27.0, 
27.3, 
27.5, 
26.3, 
22.7, 
25.1, 
27.3, 
24.2, 
25.7, 
25.6, 
26.3, 
27.1, 
29.0, 
28.6, 
34.3, 
34.7, 
27.4, 
25.3, 
26.9, 
25.4, 
22.0, 
25.8, 
26.1, 
26.1, 
24.8, 
33.8, 
27.9, 
28.3, 
28.5, 
27.8, 
27.1, 
24.8, 
23.7, 
26.6, 
23.6, 
24.9, 
24.6, 
28.0, 
27.5, 
30.8, 
27.5, 
28.9, 
25.2, 
23.5, 
22.5, 
26.2, 
23.2, 
27.4, 
24.5, 
26.8, 
27.4, 
28.0, 
25.8, 
21.7, 
23.4, 
23.7, 
21.0, 
21.8, 
23.7, 
25.9, 
28.5, 
25.9, 
32.6, 
26.7, 
25.6, 
29.5, 
24.1, 
24.6, 
24.5, 
28.4, 
22.3, 
27.2, 
27.4, 
26.2, 
30.2, 
25.2, 
23.5, 
29.0, 
24.9, 
14.6, 
21.7, 
24.8, 
26.3, 
24.1, 
23.7, 
27.2, 
26.9, 
31.4, 
25.7, 
25.8, 
24.0, 
21.7, 
