5.2, 
3.4, 
3.7, 
3.4, 
2.8, 
2.7, 
2.6, 
2.5, 
2.6, 
3.2, 
2.7, 
3.2, 
2.6, 
2.5, 
3.1, 
3.1, 
3.0, 
3.1, 
2.6, 
3.2, 
3.3, 
2.7, 
3.3, 
3.3, 
2.7, 
2.7, 
3.3, 
3.3, 
3.3, 
3.3, 
3.3, 
3.3, 
2.7, 
2.7, 
3.3, 
2.7, 
3.2, 
3.2, 
3.2, 
3.2, 
2.6, 
3.2, 
2.7, 
3.2, 
2.7, 
2.2, 
2.9, 
2.5, 
3.1, 
2.6, 
2.7, 
3.2, 
3.3, 
3.3, 
3.3, 
2.7, 
3.2, 
2.6, 
2.7, 
2.7, 
2.7, 
3.3, 
3.3, 
3.3, 
3.3, 
3.3, 
3.3, 
2.7, 
2.7, 
3.2, 
3.1, 
2.6, 
2.6, 
3.2, 
3.2, 
3.3, 
3.3, 
3.3, 
3.3, 
3.3, 
3.2, 
3.2, 
2.7, 
2.6, 
2.6, 
3.1, 
2.7, 
2.7, 
3.2, 
3.1, 
2.6, 
2.6, 
3.1, 
2.7, 
3.2, 
3.3, 
3.3, 
3.2, 
2.7, 
2.7, 
3.2, 
3.3, 
3.2, 
2.7, 
2.7, 
3.3, 
2.7, 
2.7, 
2.7, 
3.3, 
3.2, 
2.6, 
3.1, 
2.6, 
2.6, 
3.2, 
3.2, 
2.7, 
2.7, 
2.7, 
2.7, 
2.8, 
2.8, 
2.7, 
2.7, 
2.7, 
2.6, 
2.6, 
3.1, 
2.6, 
3.2, 
3.2, 
2.6, 
3.0, 
2.6, 
2.5, 
3.0, 
3.0, 
2.6, 
2.7, 
2.7, 
2.3, 
2.6, 
2.6, 
3.1, 
2.7, 
2.7, 
2.7, 
3.2, 
2.6, 
2.4, 
3.0, 
2.5, 
2.8, 
2.3, 
2.3, 
2.3, 
3.0, 
2.5, 
2.5, 
2.5, 
3.0, 
2.6, 
2.6, 
3.1, 
3.2, 
3.3, 
3.3, 
3.3, 
2.8, 
2.8, 
3.3, 
3.3, 
3.2, 
3.2, 
2.6, 
2.6, 
3.1, 
2.6, 
2.6, 
3.1, 
2.6, 
3.2, 
2.7, 
2.7, 
2.7, 
2.7, 
2.7, 
3.2, 
2.6, 
2.6, 
3.1, 
2.6, 
3.0, 
3.0, 
3.0, 
3.1, 
3.1, 
2.6, 
2.2, 
3.1, 
3.2, 
2.7, 
3.0, 
2.6, 
2.5, 
3.1, 
2.5, 
2.6, 
3.1, 
2.6, 
2.6, 
3.1, 
2.6, 
2.6, 
2.6, 
3.1, 
3.1, 
2.6, 
2.4, 
2.9, 
2.5, 
2.2, 
3.0, 
2.6, 
3.1, 
3.1, 
3.1, 
2.6, 
2.7, 
