29.6, 
23.1, 
20.4, 
19.7, 
19.4, 
21.3, 
21.6, 
13.9, 
21.2, 
20.1, 
20.9, 
20.9, 
21.7, 
23.5, 
22.9, 
23.4, 
23.5, 
20.2, 
23.5, 
23.1, 
21.4, 
22.5, 
20.0, 
19.4, 
22.1, 
20.6, 
20.2, 
21.8, 
20.5, 
20.1, 
21.7, 
24.2, 
20.5, 
21.9, 
22.9, 
22.8, 
20.2, 
24.3, 
20.5, 
21.2, 
22.3, 
21.4, 
21.4, 
21.7, 
21.6, 
22.2, 
23.9, 
27.4, 
23.6, 
23.7, 
24.8, 
24.9, 
21.3, 
22.7, 
21.7, 
21.0, 
20.0, 
20.7, 
20.8, 
20.7, 
25.5, 
26.7, 
22.8, 
22.8, 
21.2, 
20.8, 
21.5, 
21.8, 
21.6, 
22.4, 
23.0, 
23.1, 
22.8, 
24.2, 
24.9, 
30.5, 
23.6, 
25.4, 
24.1, 
20.8, 
21.9, 
20.6, 
21.6, 
21.9, 
21.6, 
20.3, 
24.3, 
22.1, 
23.4, 
21.7, 
20.7, 
21.3, 
22.1, 
23.7, 
20.2, 
22.0, 
23.8, 
22.3, 
21.6, 
22.1, 
20.8, 
10.6, 
9.1, 
9.8, 
21.5, 
21.3, 
21.4, 
26.7, 
21.5, 
24.4, 
22.8, 
21.0, 
26.4, 
21.8, 
20.9, 
21.4, 
21.2, 
22.7, 
25.0, 
21.8, 
22.0, 
22.5, 
25.7, 
23.4, 
21.1, 
21.7, 
22.1, 
19.5, 
20.1, 
19.5, 
20.4, 
21.4, 
23.8, 
22.1, 
21.4, 
25.3, 
26.3, 
24.2, 
19.8, 
23.3, 
20.4, 
20.3, 
25.2, 
22.0, 
20.7, 
20.0, 
21.7, 
22.9, 
20.5, 
22.6, 
20.2, 
22.1, 
23.1, 
21.2, 
20.8, 
20.6, 
20.4, 
19.3, 
19.3, 
20.1, 
20.1, 
22.6, 
24.6, 
23.6, 
21.8, 
24.2, 
20.4, 
21.4, 
21.7, 
20.2, 
20.2, 
22.7, 
23.0, 
23.3, 
24.2, 
20.2, 
19.1, 
20.4, 
23.5, 
25.1, 
24.5, 
21.8, 
24.1, 
23.0, 
20.7, 
22.1, 
21.6, 
20.8, 
19.4, 
21.7, 
22.6, 
19.9, 
23.7, 
22.2, 
19.8, 
20.3, 
21.7, 
22.0, 
19.7, 
21.2, 
