26.4, 
25.2, 
27.0, 
21.5, 
19.4, 
21.0, 
17.1, 
20.0, 
21.7, 
22.3, 
20.5, 
23.2, 
23.5, 
25.0, 
26.1, 
25.3, 
26.5, 
24.1, 
26.6, 
22.6, 
22.1, 
22.5, 
21.3, 
21.9, 
24.4, 
24.1, 
21.2, 
23.0, 
23.1, 
19.5, 
25.9, 
25.3, 
25.4, 
24.9, 
22.4, 
20.8, 
20.1, 
21.4, 
25.1, 
20.6, 
20.5, 
25.7, 
26.0, 
25.6, 
22.6, 
23.5, 
23.2, 
21.8, 
21.7, 
23.9, 
22.7, 
21.7, 
23.3, 
24.9, 
23.4, 
27.1, 
21.5, 
22.1, 
22.9, 
21.1, 
22.6, 
21.2, 
23.7, 
24.2, 
24.6, 
22.0, 
24.3, 
25.7, 
25.1, 
26.0, 
23.9, 
21.4, 
24.2, 
24.4, 
23.9, 
22.7, 
24.2, 
22.6, 
21.1, 
23.4, 
23.1, 
15.6, 
20.6, 
22.8, 
20.8, 
21.7, 
20.4, 
22.0, 
23.0, 
23.0, 
27.5, 
23.1, 
23.1, 
24.1, 
26.5, 
22.4, 
23.7, 
24.6, 
23.3, 
24.3, 
23.6, 
22.5, 
21.8, 
21.7, 
28.6, 
24.3, 
21.1, 
24.3, 
24.2, 
21.2, 
21.8, 
23.4, 
26.3, 
23.4, 
22.3, 
21.2, 
25.7, 
23.0, 
26.0, 
22.9, 
24.6, 
23.9, 
25.2, 
21.7, 
23.4, 
21.5, 
24.3, 
22.5, 
23.8, 
26.3, 
21.7, 
23.1, 
21.4, 
24.0, 
22.7, 
24.8, 
23.7, 
22.7, 
22.3, 
22.1, 
23.4, 
24.9, 
21.6, 
23.1, 
23.5, 
25.6, 
25.1, 
25.3, 
24.7, 
21.2, 
23.3, 
26.8, 
21.9, 
25.1, 
25.9, 
23.2, 
26.3, 
26.0, 
23.6, 
21.8, 
19.4, 
20.5, 
22.2, 
22.3, 
25.2, 
23.2, 
26.4, 
24.4, 
22.2, 
24.0, 
24.0, 
21.2, 
22.8, 
22.0, 
23.6, 
21.5, 
26.2, 
22.8, 
22.4, 
24.0, 
26.2, 
24.0, 
23.1, 
22.3, 
22.9, 
16.1, 
21.6, 
20.8, 
23.4, 
24.6, 
26.2, 
27.2, 
22.4, 
22.8, 
20.5, 
25.7, 
23.3, 
22.8, 
23.1, 
23.1, 
23.0, 
20.1, 
22.3, 
23.7, 
24.4, 
24.4, 
28.5, 
25.1, 
21.4, 
23.8, 
23.0, 
21.0, 
24.0, 
23.9, 
25.0, 
22.8, 
23.8, 
25.6, 
23.4, 
23.8, 
26.8, 
26.7, 
23.4, 
22.2, 
21.9, 
23.4, 
23.1, 
22.0, 
23.1, 
21.7, 
13.8, 
20.3, 
25.9, 
25.0, 
24.8, 
25.2, 
23.4, 
22.6, 
22.9, 
19.6, 
21.8, 
20.2, 
20.1, 
22.6, 
21.6, 
19.9, 
21.9, 
25.5, 
24.1, 
23.5, 
23.3, 
22.3, 
22.4, 
23.5, 
22.4, 
21.6, 
23.2, 
25.0, 
24.4, 
25.0, 
27.3, 
25.7, 
26.2, 
22.6, 
24.8, 
24.6, 
23.9, 
23.5, 
24.1, 
20.2, 
23.1, 
26.9, 
24.1, 
23.8, 
27.8, 
23.5, 
23.0, 
21.8, 
24.3, 
24.7, 
22.4, 
24.1, 
21.9, 
19.6, 
21.2, 
22.4, 
24.9, 
25.2, 
21.3, 
28.7, 
23.7, 