3.7, 
2.7, 
2.4, 
1.9, 
1.8, 
1.7, 
2.1, 
2.1, 
2.1, 
2.1, 
2.1, 
2.1, 
2.1, 
2.1, 
2.1, 
2.1, 
2.1, 
1.7, 
1.6, 
2.0, 
2.0, 
2.1, 
2.0, 
1.9, 
1.9, 
2.0, 
2.0, 
2.0, 
1.7, 
1.7, 
2.1, 
2.0, 
1.7, 
2.0, 
1.7, 
1.7, 
2.1, 
2.0, 
2.1, 
2.1, 
2.0, 
2.0, 
2.0, 
2.0, 
2.0, 
2.0, 
2.1, 
2.0, 
2.0, 
1.7, 
2.0, 
2.0, 
1.6, 
1.6, 
1.6, 
2.0, 
2.0, 
2.1, 
2.1, 
1.7, 
2.0, 
1.7, 
1.7, 
1.4, 
2.0, 
2.0, 
1.6, 
2.0, 
2.0, 
1.7, 
2.0, 
2.1, 
2.1, 
2.1, 
1.7, 
2.1, 
1.7, 
2.1, 
2.1, 
2.1, 
2.1, 
2.1, 
2.0, 
2.0, 
1.6, 
1.6, 
1.5, 
1.8, 
1.9, 
1.7, 
1.9, 
1.6, 
1.6, 
1.5, 
1.5, 
1.8, 
1.6, 
1.6, 
2.0, 
2.0, 
2.0, 
1.7, 
2.0, 
2.0, 
2.0, 
2.0, 
2.0, 
1.7, 
1.7, 
2.1, 
2.1, 
2.1, 
2.1, 
2.1, 
1.7, 
1.7, 
2.1, 
2.1, 
2.1, 
