17.5, 
14.5, 
15.1, 
18.6, 
22.3, 
20.9, 
14.1, 
19.9, 
23.7, 
23.0, 
20.4, 
23.0, 
20.3, 
20.4, 
25.3, 
21.7, 
21.2, 
21.0, 
21.8, 
24.9, 
22.8, 
19.7, 
19.9, 
20.5, 
19.7, 
16.1, 
20.6, 
18.4, 
20.8, 
17.2, 
19.9, 
19.0, 
19.0, 
18.5, 
20.9, 
19.2, 
19.7, 
20.9, 
20.3, 
20.7, 
20.2, 
22.3, 
21.2, 
20.8, 
22.4, 
21.2, 
21.1, 
21.4, 
20.0, 
21.8, 
20.1, 
21.3, 
20.9, 
21.0, 
22.2, 
21.5, 
19.8, 
22.7, 
20.9, 
22.5, 
21.1, 
22.0, 
19.8, 
23.6, 
22.1, 
22.8, 
22.1, 
18.6, 
21.4, 
22.3, 
21.7, 
21.5, 
21.7, 
21.2, 
20.6, 
19.8, 
22.5, 
23.5, 
19.8, 
18.2, 
25.1, 
22.4, 
23.0, 
23.5, 
19.7, 
20.3, 
22.0, 
22.6, 
23.1, 
20.8, 
20.1, 
23.7, 
21.9, 
19.4, 
21.9, 
22.3, 
21.9, 
20.3, 
19.2, 
20.0, 
23.0, 
25.2, 
20.7, 
19.4, 
20.3, 
21.9, 
21.8, 
23.7, 
21.0, 
19.0, 
18.3, 
22.0, 
19.3, 
20.5, 
21.5, 
23.4, 
18.5, 
22.0, 
19.1, 
20.5, 
21.1, 
18.4, 
21.2, 
21.8, 
19.6, 
20.2, 
21.8, 
22.9, 
21.6, 
21.6, 
20.0, 
19.0, 
21.7, 
23.9, 
21.3, 
23.1, 
22.6, 
21.9, 
21.3, 
20.6, 
21.8, 
22.4, 
22.6, 
20.0, 
16.9, 
20.1, 
21.4, 
22.8, 
21.1, 
25.5, 
24.0, 
22.4, 
23.0, 
17.7, 
20.7, 
20.9, 
23.5, 
18.3, 
19.1, 
21.4, 
22.9, 
25.8, 
24.2, 
21.8, 
24.3, 
21.9, 
22.3, 
21.3, 
20.3, 
21.6, 
22.7, 
19.4, 
22.0, 
22.4, 
23.3, 
20.8, 
23.5, 
21.9, 
20.7, 
22.7, 
21.5, 
19.8, 
20.2, 
21.2, 
21.7, 
19.9, 
20.0, 
23.4, 
22.0, 
23.7, 
21.4, 
22.1, 
21.1, 
20.6, 
20.2, 
22.0, 
24.9, 
23.2, 
19.4, 
21.8, 
23.1, 
23.7, 
21.5, 
21.4, 
22.8, 
23.2, 
20.8, 
19.5, 
20.1, 
16.2, 
20.0, 
21.9, 
20.1, 
20.2, 
20.5, 
20.1, 
21.8, 
19.8, 
25.0, 
23.1, 
22.2, 
21.1, 
21.6, 
21.2, 
21.9, 
24.2, 
20.5, 
21.3, 
20.6, 
21.5, 
21.5, 
20.8, 
22.5, 
22.2, 
19.0, 
25.0, 
21.7, 
25.9, 
19.1, 
17.1, 
21.1, 
20.2, 
21.9, 
21.8, 
23.7, 
22.0, 
22.4, 
16.3, 
19.5, 
19.7, 
20.4, 
20.5, 
19.9, 
22.7, 
22.5, 
21.0, 
19.9, 
24.2, 
22.7, 
18.6, 
17.9, 
