16.9, 
19.0, 
21.0, 
21.7, 
20.6, 
22.3, 
20.2, 
20.6, 
19.4, 
20.4, 
22.7, 
21.1, 
22.2, 
21.1, 
21.2, 
21.0, 
24.8, 
21.6, 
24.0, 
25.1, 
26.9, 
23.1, 
24.9, 
22.5, 
22.5, 
24.5, 
22.6, 
24.0, 
22.2, 
22.4, 
23.2, 
22.3, 
24.5, 
25.1, 
23.8, 
24.1, 
24.1, 
23.1, 
22.2, 
20.6, 
21.9, 
24.0, 
22.3, 
22.4, 
23.1, 
21.5, 
24.1, 
23.6, 
23.0, 
25.0, 
23.5, 
22.5, 
23.8, 
22.9, 
21.6, 
22.1, 
22.8, 
23.0, 
25.4, 
22.4, 
21.9, 
25.9, 
21.5, 
23.3, 
24.1, 
25.2, 
28.8, 
22.1, 
22.9, 
25.8, 
21.8, 
21.0, 
25.8, 
20.8, 
20.6, 
24.5, 
22.6, 
23.9, 
20.4, 
24.1, 
21.0, 
23.4, 
24.8, 
25.6, 
25.7, 
24.4, 
24.7, 
24.5, 
25.3, 
22.4, 
25.7, 
26.3, 
26.7, 
24.3, 
25.0, 
21.1, 
20.9, 
23.2, 
23.6, 
23.2, 
23.4, 
23.8, 
26.3, 
24.1, 
21.7, 
23.6, 
23.1, 
25.8, 
21.4, 
24.0, 
24.0, 
20.0, 
19.7, 
21.4, 
20.6, 
22.5, 
22.1, 
22.3, 
19.7, 
19.9, 
22.2, 
21.6, 
23.2, 
22.9, 
21.5, 
20.7, 
25.9, 
23.4, 
25.2, 
26.5, 
24.3, 
24.5, 
22.3, 
23.9, 
23.2, 
22.0, 
24.7, 
22.0, 
23.3, 
24.0, 
21.7, 
20.4, 
22.8, 
20.5, 
23.8, 
23.7, 
25.1, 
23.7, 
23.9, 
22.5, 
22.8, 
22.5, 
21.2, 
26.0, 
23.9, 
21.4, 
21.6, 
23.0, 
21.4, 
23.1, 
22.5, 
20.8, 
21.2, 
26.3, 
23.7, 
22.3, 
23.8, 
28.5, 
22.0, 
24.7, 
22.9, 
21.1, 
23.4, 
20.7, 
21.0, 
23.9, 
22.8, 
22.5, 
24.3, 
31.3, 
21.6, 
25.0, 
25.3, 
20.8, 
25.4, 
24.7, 
18.9, 
23.2, 
22.6, 
22.8, 
20.4, 
21.3, 
22.1, 
21.9, 
22.7, 
24.1, 
25.7, 
28.7, 
21.0, 
22.5, 
23.2, 
21.0, 
23.1, 
22.2, 
21.7, 
23.9, 
22.0, 
27.3, 
22.1, 
33.3, 
25.1, 
19.5, 
23.5, 
21.9, 
21.6, 
23.8, 
22.9, 
24.8, 
23.1, 
21.3, 
23.7, 
22.4, 
21.8, 
23.8, 
22.6, 
24.1, 
22.1, 
24.4, 
22.7, 
22.8, 
16.8, 
20.3, 
22.6, 
25.7, 
23.1, 
25.0, 
22.9, 
21.5, 
20.8, 
20.4, 
21.1, 
21.0, 
20.5, 
21.9, 
22.4, 
22.9, 
20.8, 
23.3, 
25.4, 
24.4, 
