19.4, 
22.0, 
27.4, 
25.8, 
23.7, 
21.9, 
23.2, 
21.3, 
23.8, 
21.0, 
21.4, 
23.5, 
20.9, 
22.8, 
22.7, 
22.8, 
21.8, 
23.9, 
22.1, 
22.8, 
26.1, 
24.4, 
23.6, 
20.9, 
23.3, 
22.6, 
23.5, 
25.4, 
24.6, 
22.8, 
25.5, 
24.0, 
25.0, 
24.2, 
27.3, 
29.4, 
24.9, 
24.5, 
22.2, 
21.4, 
24.1, 
23.2, 
22.6, 
24.2, 
28.6, 
24.9, 
34.0, 
24.2, 
24.1, 
25.7, 
21.9, 
22.7, 
23.8, 
24.4, 
22.8, 
24.6, 
22.7, 
23.1, 
26.9, 
26.5, 
28.2, 
32.4, 
27.4, 
21.7, 
21.4, 
24.4, 
25.0, 
23.9, 
21.9, 
22.0, 
14.2, 
12.9, 
11.1, 
19.2, 
20.4, 
22.1, 
21.2, 
21.5, 
18.8, 
22.0, 
23.8, 
23.0, 
23.1, 
28.7, 
23.8, 
23.1, 
29.5, 
29.9, 
22.5, 
23.8, 
26.0, 
22.1, 
22.7, 
23.3, 
21.6, 
20.2, 
23.2, 
21.7, 
26.1, 
26.6, 
31.4, 
27.6, 
26.8, 
22.2, 
21.9, 
23.5, 
24.2, 
22.3, 
21.1, 
24.2, 
25.7, 
25.9, 
25.9, 
23.6, 
20.8, 
21.4, 
20.5, 
21.7, 
21.9, 
22.0, 
22.4, 
23.0, 
27.6, 
21.6, 
24.5, 
23.4, 
22.6, 
25.4, 
23.8, 
21.7, 
23.9, 
22.1, 
21.8, 
24.4, 
23.1, 
24.0, 
21.3, 
24.4, 
26.3, 
24.4, 
23.7, 
21.8, 
20.6, 
24.5, 
23.3, 
24.3, 
25.9, 
22.9, 
29.1, 
26.2, 
24.2, 
28.2, 
23.1, 
24.9, 
23.3, 
22.3, 
24.4, 
23.9, 
21.6, 
25.1, 
24.3, 
25.0, 
27.0, 
25.2, 
22.1, 
22.3, 
24.4, 
21.9, 
23.5, 
23.3, 
25.2, 
23.4, 
20.9, 
22.1, 
24.0, 
28.3, 
25.9, 
21.8, 
26.4, 
21.7, 
21.6, 
22.3, 
24.2, 
21.5, 
24.6, 
21.2, 
