14.9, 
20.0, 
18.2, 
16.6, 
20.5, 
26.1, 
22.4, 
24.7, 
24.1, 
25.1, 
25.8, 
19.3, 
24.2, 
26.3, 
25.1, 
24.8, 
26.1, 
24.5, 
23.7, 
25.2, 
26.7, 
30.7, 
26.2, 
28.9, 
26.2, 
24.0, 
26.2, 
27.5, 
26.3, 
23.2, 
26.3, 
27.5, 
31.7, 
26.4, 
22.4, 
28.8, 
25.0, 
26.1, 
26.9, 
25.2, 
25.0, 
28.0, 
27.5, 
29.3, 
27.9, 
29.1, 
24.3, 
24.5, 
24.3, 
24.5, 
22.0, 
27.2, 
27.4, 
24.0, 
30.3, 
27.0, 
31.2, 
27.4, 
25.5, 
25.8, 
25.1, 
24.1, 
25.2, 
24.6, 
24.6, 
29.3, 
25.7, 
28.9, 
32.4, 
27.6, 
31.3, 
27.2, 
25.1, 
21.7, 
25.6, 
24.4, 
21.3, 
23.3, 
26.2, 
26.6, 
30.8, 
27.1, 
27.6, 
24.2, 
28.7, 
25.9, 
23.3, 
24.9, 
22.7, 
24.3, 
24.3, 
24.8, 
32.4, 
30.5, 
35.3, 
30.5, 
24.9, 
22.6, 
25.4, 
25.1, 
23.4, 
23.6, 
21.1, 
27.1, 
26.3, 
24.0, 
22.9, 
28.3, 
33.0, 
33.1, 
28.1, 
27.2, 
27.3, 
28.3, 
25.9, 
25.5, 
25.2, 
23.6, 
28.1, 
30.6, 
27.4, 
24.0, 
28.7, 
29.7, 
26.3, 
25.1, 
24.5, 
26.9, 
23.7, 
27.3, 
24.6, 
28.3, 
18.3, 
23.9, 
26.7, 
30.5, 
31.1, 
27.4, 
24.9, 
23.6, 
23.3, 
26.1, 
25.6, 
24.7, 
31.2, 
30.8, 
29.1, 
24.7, 
30.5, 
25.6, 
25.6, 
26.6, 
27.2, 
23.9, 
25.4, 
24.7, 
27.5, 
26.4, 
24.9, 
26.1, 
30.4, 
26.5, 
28.5, 
25.8, 
23.6, 
25.4, 
24.5, 
25.8, 
25.8, 
26.5, 
24.6, 
26.3, 
26.0, 
27.3, 
26.2, 
24.2, 
26.6, 
23.8, 
26.9, 
24.1, 
25.8, 
24.1, 
24.6, 
28.3, 
27.4, 
24.3, 
22.8, 
25.6, 
23.0, 
26.5, 
25.8, 
25.7, 
26.6, 
31.3, 
24.2, 
23.6, 
22.8, 
27.5, 
22.6, 
24.3, 
24.4, 
30.8, 
26.0, 
23.2, 
27.3, 
24.9, 
28.6, 
27.5, 
25.2, 
25.8, 
21.4, 
30.3, 
26.1, 
25.1, 
25.0, 
25.6, 
27.1, 
24.9, 
27.1, 
25.5, 
25.6, 
25.9, 
26.2, 
26.4, 
24.3, 
26.9, 
26.5, 
26.2, 
24.2, 
27.1, 
29.3, 
25.4, 
20.7, 
28.2, 
23.9, 
24.8, 