51.6 
45.5 
53.3 
43.2 
50.7 
48.7 
53.1 
54.0 
54.2 
54.4 
53.4 
51.2 
53.5 
49.8 
36.6 
48.5 
53.9 
53.8 
49.7 
53.0 
52.8 
51.2 
53.6 
52.5 
50.5 
47.5 
46.6 
53.2 
53.9 
48.3 
51.0 
49.4 
53.7 
52.7 
50.4 
51.4 
46.2 
45.8 
53.2 
52.0 
53.4 
54.6 
42.5 
53.1 
46.1 
52.1 
48.9 
54.7 
56.2 
52.0 
55.1 
51.8 
53.5 
54.2 
57.0 
56.7 
54.6 
56.1 
56.8 
54.2 
57.0 
56.8 
56.8 
56.5 
56.2 
55.8 
55.6 
57.2 
56.6 
56.5 
43.9 
56.2 
44.2 
57.4 
55.7 
54.9 
54.6 
50.3 
54.5 
53.2 
50.7 
42.7 
52.8 
54.9 
39.7 
47.8 
54.2 
53.3 
54.1 
51.6 
35.2 
45.9 
54.1 
39.2 
51.6 
53.4 
54.7 
50.2 
53.1 
57.3 
49.2 
