37.8 
31.8 
25.3 
31.0 
31.8 
19.0 
28.7 
27.3 
28.5 
32.4 
26.7 
35.9 
33.6 
36.6 
34.1 
30.8 
33.3 
26.6 
26.7 
28.7 
30.4 
34.5 
32.3 
30.6 
30.5 
29.0 
32.7 
32.7 
21.9 
27.7 
29.2 
31.4 
30.6 
30.4 
31.6 
32.0 
29.3 
17.5 
25.8 
25.1 
28.2 
27.6 
29.3 
37.7 
31.2 
31.1 
31.3 
38.3 
32.5 
28.0 
31.8 
29.0 
23.0 
28.7 
29.1 
33.6 
38.8 
36.3 
28.7 
29.0 
27.8 
19.5 
27.5 
30.9 
29.3 
33.3 
35.7 
33.4 
36.3 
33.9 
31.4 
28.1 
32.0 
31.1 
24.1 
32.9 
33.0 
29.0 
33.6 
33.9 
36.1 
26.0 
31.5 
20.3 
29.5 
29.2 
34.4 
32.2 
35.7 
31.9 
35.0 
37.6 
35.3 
21.6 
27.7 
29.8 
18.8 
29.4 
28.5 
