32.8 
33.9 
32.2 
32.6 
27.8 
29.6 
30.6 
29.7 
33.7 
41.5 
40.9 
42.3 
31.5 
39.0 
44.9 
39.1 
31.2 
33.2 
35.1 
36.5 
41.2 
38.5 
34.5 
35.9 
38.0 
38.8 
37.4 
32.5 
29.4 
50.7 
47.6 
33.6 
42.8 
39.1 
46.6 
48.2 
42.4 
46.0 
40.4 
44.8 
38.5 
34.2 
43.2 
49.8 
40.4 
32.7 
43.5 
43.6 
39.6 
40.5 
30.9 
38.8 
38.2 
33.5 
47.3 
45.6 
45.6 
44.5 
41.9 
38.8 
37.3 
38.9 
36.5 
40.0 
50.7 
37.5 
45.2 
35.4 
34.0 
41.5 
36.1 
34.8 
32.7 
34.8 
46.5 
33.9 
37.5 
47.5 
48.7 
37.1 
32.1 
35.7 
36.9 
31.7 
33.9 
35.4 
35.5 
28.5 
46.0 
39.6 
41.0 
35.2 
39.4 
31.0 
31.2 
35.7 
29.7 
32.7 
36.7 
38.3 
45.0 
34.3 
31.6 
38.6 
36.7 
47.5 
29.5 
35.1 
41.4 
42.4 
44.4 
33.6 
39.4 
32.5 
34.2 
34.3 
32.5 
43.6 
48.7 
46.4 
40.5 
46.7 
36.5 
34.0 
39.0 
32.3 
38.5 
44.4 
