27.5 
23.2 
28.8 
27.8 
28.8 
29.1 
30.1 
30.1 
30.2 
30.0 
30.0 
30.1 
29.7 
29.3 
29.9 
29.1 
30.0 
30.3 
27.5 
30.5 
30.1 
30.0 
30.1 
29.6 
30.0 
30.1 
30.3 
30.3 
30.4 
30.5 
29.9 
29.7 
29.9 
26.3 
29.4 
28.2 
30.1 
30.0 
27.5 
28.0 
30.9 
29.5 
29.8 
29.9 
28.0 
30.3 
31.4 
29.4 
28.3 
27.3 
29.5 
29.2 
29.1 
28.6 
28.9 
27.6 
27.6 
25.0 
30.2 
27.8 
27.5 
29.3 
27.8 
26.8 
30.0 
30.0 
27.3 
28.3 
30.2 
30.1 
30.2 
30.1 
30.0 
26.8 
27.2 
30.0 
30.0 
30.0 
26.1 
30.5 
30.1 
31.4 
30.2 
29.9 
29.0 
30.0 
27.8 
31.6 
28.0 
28.8 
