24.8 
9.8 
11.5 
11.1 
12.4 
15.3 
9.2 
11.1 
13.5 
16.5 
16.2 
11.3 
9.9 
14.5 
12.2 
10.9 
14.3 
13.5 
16.0 
13.7 
13.6 
16.4 
14.1 
17.2 
13.2 
14.8 
12.8 
12.7 
16.7 
16.4 
14.6 
17.2 
15.6 
14.9 
16.9 
13.6 
16.1 
16.6 
16.3 
16.7 
15.1 
14.8 
8.0 
8.4 
13.0 
12.4 
9.3 
11.1 
8.9 
11.7 
13.6 
14.4 
14.5 
14.8 
14.3 
15.9 
11.3 
10.3 
16.0 
14.2 
12.0 
12.9 
14.8 
11.7 
9.9 
11.3 
11.8 
12.9 
15.3 
9.4 
11.3 
13.0 
14.5 
17.5 
13.4 
16.0 
18.1 
14.1 
12.7 
12.2 
14.8 
16.0 
11.2 
14.5 
10.8 
15.7 
17.9 
17.4 
13.9 
16.8 
19.5 
19.8 
17.6 
17.7 
11.6 
14.4 
15.6 
10.9 
12.2 
10.1 
11.1 
12.0 
13.2 
15.0 
17.4 
15.4 
15.9 
10.9 
14.7 
12.5 
12.6 
13.0 
12.6 
8.1 
8.9 
16.6 
12.1 
