20.5 
21.6 
21.5 
16.8 
21.0 
21.0 
20.7 
20.7 
20.4 
20.2 
21.1 
21.3 
21.0 
21.1 
20.9 
20.6 
21.9 
19.9 
21.2 
22.1 
22.4 
20.8 
21.5 
20.7 
21.3 
21.4 
15.6 
20.1 
22.2 
20.8 
21.2 
22.0 
21.6 
21.9 
23.0 
24.4 
21.6 
21.9 
19.7 
23.1 
21.6 
24.4 
22.1 
20.7 
21.5 
21.2 
21.6 
21.3 
23.0 
23.2 
21.8 
23.0 
18.9 
21.7 
21.4 
20.2 
18.7 
21.1 
20.5 
21.2 
21.4 
21.2 
22.0 
21.3 
21.7 
21.5 
23.1 
24.2 
22.9 
23.6 
20.9 
23.0 
21.4 
23.5 
21.7 
21.5 
21.5 
22.8 
20.4 
21.2 
21.7 
22.7 
21.4 
21.3 
21.9 
22.9 
23.0 
19.6 
21.4 
21.0 
21.3 
21.9 
21.8 
21.4 
21.2 
23.2 
21.7 
22.0 
23.0 
