53.3 
51.9 
54.2 
54.5 
41.2 
56.7 
57.2 
51.8 
57.2 
56.9 
57.2 
57.5 
54.5 
56.3 
56.1 
57.1 
57.1 
57.0 
56.8 
57.1 
55.2 
54.4 
55.2 
54.2 
57.0 
53.4 
57.1 
57.2 
51.8 
54.9 
57.0 
57.3 
57.0 
56.9 
56.0 
57.4 
56.7 
56.8 
57.0 
57.0 
48.3 
57.2 
54.8 
54.4 
57.1 
54.3 
56.2 
57.3 
55.1 
53.5 
57.0 
56.4 
55.1 
50.0 
54.6 
56.7 
53.7 
54.6 
55.2 
54.8 
57.3 
54.5 
56.7 
56.6 
56.9 
57.2 
57.2 
57.0 
56.9 
57.2 
57.1 
56.4 
56.9 
57.3 
55.0 
57.4 
57.4 
56.3 
56.9 
54.4 
57.3 
54.0 
54.4 
52.0 
47.6 
56.6 
54.1 
56.5 
54.6 
54.9 
57.3 
56.8 
55.5 
56.7 
55.1 
57.0 
57.1 
54.9 
54.1 
56.8 
57.2 
57.4 
57.2 
57.0 
57.1 
54.6 
56.9 
56.8 
57.1 
57.2 
56.5 
54.4 
55.0 
54.6 
57.1 
57.3 
55.2 
57.0 
57.2 
55.1 
56.9 
57.0 
53.9 
56.9 
55.1 
