53.1 
53.3 
53.7 
54.2 
51.9 
54.7 
53.5 
56.3 
56.7 
53.8 
54.5 
56.4 
54.1 
53.8 
54.1 
52.6 
53.0 
57.3 
54.8 
53.6 
56.3 
54.3 
51.8 
54.8 
54.4 
57.4 
52.9 
54.4 
56.2 
52.5 
55.3 
55.2 
56.3 
54.7 
55.3 
57.0 
57.0 
55.9 
57.1 
57.1 
57.3 
51.4 
51.4 
54.5 
54.7 
57.4 
51.3 
54.4 
53.7 
54.3 
51.7 
53.7 
53.5 
54.1 
54.2 
54.3 
54.4 
54.3 
54.2 
53.6 
53.6 
54.3 
54.9 
57.2 
54.5 
56.4 
55.2 
55.1 
53.6 
55.3 
57.0 
57.4 
56.6 
56.3 
57.0 
55.2 
54.8 
54.3 
53.6 
56.1 
54.2 
53.4 
50.4 
53.8 
54.0 
53.7 
52.5 
53.5 
54.0 
42.2 
53.7 
54.4 
53.4 
53.9 
54.0 
37.3 
51.0 
54.5 
54.3 
53.7 
53.8 
55.0 
54.3 
53.7 
53.9 
50.8 
54.3 
54.5 
53.5 
56.2 
54.7 
53.7 
53.8 
54.2 
55.2 
56.9 
55.0 
55.0 
54.5 
54.3 
53.9 
53.9 
56.0 
54.1 
56.5 
54.5 
54.3 
53.4 
53.8 
53.8 
54.0 
