53.1 
44.8 
50.0 
35.8 
50.5 
50.2 
48.4 
49.7 
49.9 
50.7 
50.3 
50.6 
50.1 
50.0 
49.8 
49.3 
49.9 
49.9 
49.7 
50.5 
49.7 
50.2 
50.7 
49.5 
50.5 
49.2 
50.4 
49.6 
50.0 
49.7 
49.8 
49.8 
49.8 
49.7 
50.3 
49.6 
50.8 
49.5 
50.8 
50.8 
50.7 
50.5 
49.5 
50.1 
50.9 
50.4 
49.1 
50.7 
49.6 
50.4 
49.7 
49.6 
50.4 
50.6 
50.5 
50.0 
45.5 
50.2 
49.7 
49.8 
50.3 
50.3 
50.8 
49.6 
50.2 
49.8 
50.8 
49.3 
49.6 
50.2 
50.6 
50.7 
49.8 
38.2 
49.7 
50.4 
49.8 
49.6 
50.6 
50.8 
46.7 
49.8 
45.7 
36.5 
50.5 
50.5 
49.8 
50.6 
49.8 
50.4 
49.8 
48.5 
50.5 
50.5 
49.5 
50.5 
49.4 
50.4 
50.6 
50.4 
49.7 
49.9 
49.8 
50.0 
49.6 
40.7 
50.5 
47.0 
49.5 
50.5 
50.6 
49.9 
49.5 
49.0 
50.2 
50.6 
49.8 
49.6 
50.3 
50.3 
50.6 
50.5 
49.9 
49.8 
49.8 
49.8 
50.4 
50.8 
50.8 
49.7 
49.6 
49.7 
42.7 
50.3 
49.7 
49.4 
50.3 
50.4 
49.8 
50.2 
49.9 
50.3 
50.4 
50.0 
50.1 
49.9 
50.5 
49.9 
49.9 
50.2 
50.4 
50.4 
50.3 
50.4 
50.4 
50.5 
50.4 
49.3 
50.2 
49.8 
49.9 
49.5 
50.4 
50.3 
50.4 
49.7 
49.1 
49.8 
49.8 
49.1 
50.4 
50.5 
50.3 
50.3 
49.1 
41.7 
49.2 
49.6 
49.8 
44.1 
49.6 
49.6 
50.4 
50.5 
39.7 
49.7 
41.3 
50.0 
49.8 
49.8 
49.6 
50.3 
49.9 
49.5 
46.0 
49.9 
50.9 
49.5 
49.4 
49.8 
49.9 
49.9 
49.3 
50.5 
49.4 
50.4 
49.4 
50.6 
49.5 
50.8 
49.7 
49.5 
45.0 
49.6 
45.4 
35.4 
50.3 
49.6 
50.3 
49.9 
50.7 
50.4 
49.7 
50.4 
49.7 
