48.4 
53.6 
52.9 
54.4 
53.5 
53.7 
54.1 
48.9 
53.4 
45.3 
53.5 
54.2 
50.8 
53.6 
53.7 
55.4 
53.8 
56.6 
54.3 
53.9 
54.1 
53.6 
53.3 
46.9 
53.9 
53.9 
53.5 
52.5 
53.7 
54.5 
56.3 
47.7 
53.5 
52.9 
53.8 
43.2 
39.7 
53.5 
54.3 
53.5 
54.3 
53.4 
54.2 
53.7 
53.5 
54.1 
44.2 
53.9 
56.0 
53.5 
54.2 
53.8 
54.2 
53.5 
39.6 
54.2 
54.6 
52.9 
42.4 
53.4 
45.5 
56.3 
53.7 
53.6 
41.0 
53.8 
53.7 
53.6 
53.4 
54.0 
54.1 
56.9 
53.0 
52.5 
53.5 
52.9 
54.1 
53.4 
53.9 
53.6 
53.4 
54.3 
54.2 
54.5 
53.6 
51.9 
53.9 
53.9 
56.8 
53.7 
57.3 
53.4 
54.0 
52.7 
49.5 
53.7 
56.1 
54.3 
53.6 
53.5 
54.1 
53.9 
53.9 
52.5 
53.6 
54.2 
56.6 
54.7 
54.0 
53.9 
54.3 
53.3 
54.2 
