6.6 
4.5 
3.9 
3.0 
3.4 
3.4 
3.3 
2.8 
3.4 
3.4 
3.3 
3.4 
2.8 
3.4 
2.8 
3.4 
3.4 
2.8 
3.4 
3.4 
3.4 
3.4 
3.4 
2.9 
3.4 
2.9 
3.5 
3.5 
3.4 
3.4 
3.4 
2.8 
3.4 
3.4 
3.4 
3.3 
3.4 
2.8 
2.8 
2.8 
3.4 
3.4 
3.4 
3.3 
3.3 
3.3 
3.3 
3.3 
3.3 
3.4 
2.8 
3.4 
3.5 
3.5 
3.5 
2.9 
3.5 
2.9 
2.8 
3.4 
2.9 
3.5 
3.4 
3.4 
3.4 
3.4 
3.3 
3.3 
3.3 
3.3 
3.3 
2.8 
3.3 
2.8 
3.4 
3.4 
2.8 
3.3 
3.3 
3.3 
2.7 
2.7 
3.3 
3.3 
3.4 
3.4 
3.4 
3.4 
3.5 
3.4 
2.9 
2.8 
2.8 
2.8 
3.3 
2.8 
2.8 
2.8 
2.8 
2.8 
3.4 
2.9 
3.4 
2.9 
2.8 
2.8 
2.8 
3.4 
