54.0 
56.5 
56.7 
57.6 
51.9 
54.7 
54.5 
56.6 
54.9 
54.1 
54.6 
54.6 
54.7 
55.1 
55.2 
54.5 
56.8 
53.6 
54.7 
57.1 
54.7 
54.5 
55.2 
56.7 
52.5 
54.5 
54.6 
52.1 
51.3 
54.7 
54.6 
54.5 
54.6 
54.8 
54.6 
56.8 
56.9 
54.6 
55.0 
56.4 
54.6 
54.8 
56.7 
54.8 
54.4 
54.4 
54.4 
53.6 
54.6 
54.0 
56.7 
54.6 
54.9 
56.7 
57.0 
46.4 
54.2 
54.6 
56.8 
55.4 
55.2 
54.7 
53.8 
54.6 
57.8 
57.4 
54.8 
54.6 
54.5 
55.3 
54.5 
54.8 
54.1 
54.7 
54.7 
53.8 
54.6 
53.9 
54.7 
54.5 
54.5 
54.7 
56.6 
54.7 
56.9 
57.6 
58.0 
57.4 
57.6 
57.5 
57.6 
56.6 
54.6 
54.9 
56.5 
54.3 
54.3 
57.2 
53.9 
55.3 
54.1 
54.9 
55.3 
54.7 
54.6 
54.5 
54.6 
54.8 
57.6 
54.6 
54.4 
54.7 
54.7 
54.9 
54.6 
54.8 
51.6 
54.6 
52.3 
54.6 
53.7 
54.6 
54.6 
55.4 
55.8 
54.6 
54.5 
54.9 
54.5 
54.9 
53.7 
57.3 
54.9 
57.6 
54.6 
54.7 
53.8 
54.2 
54.5 
56.7 
54.6 
57.5 
57.6 
55.5 
53.3 
54.7 
54.0 
56.8 
54.3 
54.9 
54.6 
54.9 
54.5 
54.4 
54.5 
55.3 
54.8 
54.7 
57.5 
57.4 
54.6 
54.6 
54.0 
54.6 
53.3 
51.7 
54.9 
54.6 
54.6 
52.7 
54.4 
54.4 
54.8 
54.9 
55.1 
57.5 
57.5 
57.5 
55.5 
54.4 
54.8 
54.4 
54.9 
55.2 
53.8 
54.6 
54.8 
53.8 
54.5 
54.6 
54.6 
54.6 
54.4 
53.8 
54.6 
56.7 
54.6 
54.6 
54.9 
55.0 
54.8 
57.3 
55.0 
55.2 
54.9 
54.4 
55.3 
57.4 
