54.5 
56.5 
54.3 
54.1 
53.3 
50.9 
47.1 
54.5 
54.5 
54.2 
54.4 
53.1 
54.6 
52.0 
54.2 
54.4 
53.8 
54.6 
54.5 
54.8 
53.7 
52.5 
54.7 
52.4 
53.7 
53.7 
54.4 
54.6 
54.2 
54.6 
51.6 
52.2 
52.2 
54.6 
54.7 
54.6 
54.7 
54.6 
54.5 
54.5 
54.3 
53.6 
51.1 
54.3 
53.8 
52.8 
51.1 
54.6 
54.9 
54.4 
54.9 
54.6 
54.6 
54.6 
54.3 
54.6 
54.5 
54.9 
54.6 
54.8 
54.4 
52.7 
54.7 
54.5 
54.5 
53.3 
54.6 
54.4 
54.5 
54.5 
54.5 
54.6 
54.6 
54.6 
53.8 
51.1 
53.8 
51.2 
54.7 
54.3 
53.9 
54.7 
53.6 
52.0 
54.6 
54.6 
54.7 
54.6 
54.5 
53.9 
54.6 
54.6 
53.7 
