42.3 
54.4 
51.1 
54.3 
54.1 
50.8 
52.1 
54.1 
53.7 
52.0 
54.3 
53.5 
52.2 
51.4 
52.3 
54.6 
54.6 
54.4 
54.5 
51.2 
54.5 
51.9 
54.5 
54.6 
54.5 
54.6 
52.2 
51.4 
52.2 
54.5 
54.5 
54.6 
53.5 
54.4 
54.5 
52.2 
51.2 
54.5 
53.7 
51.9 
53.3 
54.5 
51.9 
54.5 
54.7 
54.6 
54.0 
54.6 
53.7 
54.6 
54.5 
51.4 
51.0 
53.7 
51.5 
52.3 
50.6 
54.6 
51.6 
54.4 
53.7 
52.7 
51.2 
52.3 
51.3 
54.4 
53.7 
51.9 
54.6 
54.7 
53.8 
54.6 
54.3 
51.9 
54.3 
54.4 
51.2 
53.4 
54.4 
54.1 
51.2 
51.1 
54.3 
54.3 
