29.6 
23.9 
27.3 
27.3 
31.2 
24.3 
27.1 
25.0 
26.7 
23.6 
18.2 
22.2 
30.1 
30.0 
26.8 
22.1 
25.9 
28.5 
24.3 
29.2 
20.1 
28.4 
21.5 
25.2 
28.8 
28.8 
29.8 
25.8 
30.6 
29.0 
30.3 
23.6 
30.3 
26.4 
29.0 
29.8 
24.3 
29.6 
24.2 
29.4 
31.1 
24.6 
34.0 
25.3 
27.3 
29.8 
23.6 
30.5 
25.6 
30.0 
28.4 
28.9 
25.9 
27.2 
25.7 
26.8 
29.8 
31.7 
26.3 
30.5 
29.6 
30.5 
30.2 
29.4 
25.9 
28.9 
31.2 
30.2 
29.3 
25.7 
28.0 
24.7 
29.6 
29.3 
24.5 
29.1 
26.2 
30.4 
31.4 
30.1 
30.1 
26.8 
30.1 
29.8 
29.1 
30.6 
26.6 
29.8 
30.6 
25.7 
29.6 
31.1 
24.8 
29.7 
29.4 
30.2 
29.2 
30.9 
26.1 
30.4 
29.7 
30.3 
30.4 
30.0 
24.9 
30.4 
27.0 
30.9 
25.2 
30.1 
29.5 
31.3 
24.3 
34.1 
30.0 
30.6 
29.8 
30.5 
31.1 
30.0 
30.0 
29.4 
24.4 
30.4 
26.2 
31.0 
29.1 
31.1 
30.2 
25.9 
29.3 
25.8 
27.8 
25.8 
30.1 
30.1 
31.3 
25.3 
29.8 
30.0 
30.1 
27.1 
31.4 
29.7 
31.1 
29.6 
26.0 
27.7 
30.4 
27.8 
26.6 
