54.0 
54.0 
55.9 
54.7 
54.6 
53.9 
54.1 
50.8 
54.0 
53.7 
53.6 
56.3 
53.6 
53.9 
54.0 
54.3 
54.4 
56.3 
54.0 
55.0 
53.9 
53.9 
53.9 
54.0 
54.1 
54.2 
54.4 
53.9 
53.8 
54.4 
54.0 
54.4 
54.7 
54.5 
53.9 
53.2 
53.7 
53.7 
54.2 
54.7 
54.3 
53.8 
53.6 
55.0 
54.2 
54.5 
53.9 
54.4 
53.7 
54.2 
54.1 
54.6 
54.3 
54.0 
55.0 
53.8 
54.1 
52.5 
54.3 
53.7 
54.5 
54.3 
54.8 
53.7 
53.9 
53.9 
54.2 
54.3 
54.5 
54.4 
53.5 
53.3 
55.2 
54.3 
54.5 
54.1 
51.4 
54.4 
54.5 
54.3 
54.4 
53.9 
53.8 
53.9 
54.5 
54.2 
54.2 
54.4 
53.8 
54.2 
53.6 
56.2 
56.6 
55.0 
53.7 
54.6 
54.1 
54.3 
53.7 
54.6 
54.5 
56.1 
54.1 
54.5 
54.3 
55.0 
53.9 
54.5 
54.7 
