47.6 
50.5 
50.2 
49.3 
50.1 
49.9 
50.0 
50.9 
50.6 
49.8 
46.8 
49.6 
49.7 
50.0 
49.6 
50.0 
50.3 
50.4 
50.5 
51.4 
50.7 
50.8 
47.5 
50.0 
50.1 
50.7 
50.8 
49.9 
49.7 
50.0 
50.7 
50.5 
50.6 
50.0 
50.2 
49.7 
51.7 
49.4 
50.1 
49.6 
53.9 
49.9 
50.3 
50.8 
50.7 
50.2 
50.0 
51.1 
51.0 
50.7 
51.0 
49.9 
49.9 
39.5 
50.6 
49.8 
49.9 
50.6 
50.6 
50.1 
49.9 
50.6 
50.7 
49.9 
50.2 
50.9 
50.0 
50.6 
50.6 
50.6 
50.9 
50.1 
49.6 
49.9 
50.5 
50.6 
49.9 
49.7 
50.7 
50.5 
50.3 
49.9 
51.8 
49.7 
50.6 
50.8 
49.9 
50.9 
50.2 
49.8 
49.8 
49.7 
49.8 
50.9 
46.9 
50.9 
49.8 
50.0 
51.0 
49.6 
50.6 
50.9 
50.5 
50.9 
50.1 
51.0 
50.5 
50.1 
49.7 
49.7 
50.0 
50.8 
50.5 
