50.2 
53.7 
52.1 
54.1 
53.0 
54.2 
54.0 
50.9 
49.8 
54.4 
44.6 
54.1 
51.5 
54.3 
50.1 
53.7 
54.1 
54.6 
54.4 
53.5 
54.4 
54.1 
51.2 
53.0 
51.3 
51.8 
50.5 
54.4 
53.2 
53.7 
54.0 
53.7 
54.0 
54.0 
53.9 
53.3 
52.2 
54.2 
53.7 
52.9 
53.7 
54.2 
54.4 
53.7 
53.7 
53.9 
54.3 
51.5 
54.3 
53.2 
53.7 
52.5 
53.5 
53.5 
54.4 
53.5 
51.3 
52.0 
49.2 
50.6 
54.1 
49.4 
53.8 
54.5 
51.8 
51.2 
53.9 
52.0 
53.5 
51.1 
50.9 
51.2 
53.7 
53.6 
50.9 
53.3 
53.9 
53.9 
51.1 
54.5 
53.9 
54.3 
52.6 
53.7 
54.0 
49.9 
54.1 
54.1 
