60.0 
60.1 
50.7 
48.3 
51.6 
52.5 
53.1 
53.1 
48.5 
50.5 
51.6 
51.1 
54.1 
50.0 
50.6 
50.8 
52.3 
54.3 
49.2 
50.1 
48.6 
49.9 
53.8 
50.8 
50.7 
50.5 
50.7 
50.1 
52.6 
53.4 
50.1 
50.7 
47.0 
50.8 
50.7 
47.6 
50.6 
52.5 
50.9 
51.1 
53.6 
49.8 
51.3 
50.1 
49.9 
52.0 
47.5 
51.3 
53.2 
49.9 
49.9 
53.3 
54.0 
50.0 
50.4 
52.1 
51.3 
53.6 
51.0 
53.1 
50.1 
50.7 
53.2 
51.0 
50.5 
52.7 
52.1 
53.6 
49.9 
50.1 
50.2 
50.8 
50.1 
48.9 
51.4 
53.5 
51.5 
54.0 
51.2 
49.4 
51.3 
51.1 
53.7 
51.2 
50.0 
50.2 
51.2 
51.0 
53.7 
48.0 
50.5 
53.1 
50.2 
