45.4 
45.4 
46.9 
46.6 
41.8 
47.1 
48.0 
49.4 
48.7 
51.1 
48.7 
51.2 
47.6 
51.3 
50.9 
48.6 
44.6 
50.2 
50.9 
51.0 
51.1 
48.4 
50.3 
46.1 
50.1 
40.0 
50.6 
49.7 
44.8 
50.7 
48.2 
49.5 
44.7 
44.7 
47.0 
44.0 
47.9 
48.3 
47.0 
44.0 
48.2 
44.0 
48.5 
49.4 
49.4 
45.4 
48.7 
47.0 
46.4 
47.2 
47.9 
47.6 
49.3 
50.5 
48.3 
47.2 
45.0 
47.7 
49.7 
47.1 
50.5 
46.1 
47.1 
50.5 
48.1 
44.4 
49.9 
48.4 
46.1 
50.5 
50.8 
51.6 
47.4 
50.7 
48.2 
49.9 
50.6 
47.4 
49.5 
47.7 
47.1 
49.6 
48.4 
48.3 
49.9 
47.1 
47.5 
48.0 
45.2 
51.0 
47.4 
47.0 
47.8 
42.5 
44.6 
46.7 
44.8 
46.7 
44.3 
50.5 
47.9 
51.1 
45.6 
45.0 
51.4 
47.2 
47.0 
51.5 
49.0 
50.7 
46.9 
47.1 
49.1 
50.8 
48.5 
45.0 
49.9 
48.0 
45.4 
45.9 
50.1 
50.5 
50.8 
44.8 
48.3 
44.1 
49.8 
48.2 
47.4 
42.1 
48.6 
46.4 
47.5 
48.9 
51.7 
44.5 
51.2 
45.4 
49.3 
44.3 
47.7 
49.2 
49.3 
49.8 
50.9 
47.5 
49.8 
47.9 
43.3 
48.3 
47.1 
44.1 
44.7 
48.2 
50.0 
47.4 
46.5 
47.6 
50.4 
45.6 
47.0 
