44.6 
48.6 
47.0 
49.6 
48.4 
45.4 
49.5 
50.8 
50.2 
50.9 
47.4 
46.8 
47.6 
50.9 
51.0 
45.1 
50.3 
48.5 
47.1 
47.9 
48.3 
47.9 
48.3 
47.4 
44.5 
47.2 
48.3 
47.7 
47.7 
47.5 
50.7 
43.9 
47.5 
51.1 
47.9 
49.7 
50.9 
48.7 
47.3 
50.7 
49.7 
47.6 
50.9 
47.4 
51.0 
48.1 
50.9 
47.3 
50.1 
50.1 
50.9 
47.4 
44.0 
50.6 
45.2 
51.0 
48.5 
51.0 
50.8 
48.5 
46.8 
46.0 
50.7 
47.5 
48.4 
51.1 
50.5 
51.1 
49.6 
51.0 
47.2 
48.5 
44.3 
49.6 
48.4 
47.6 
47.2 
49.7 
47.6 
49.6 
51.0 
44.9 
47.8 
49.7 
47.8 
50.5 
50.8 
46.9 
48.3 
49.4 
47.3 
51.0 
50.3 
49.8 
50.3 
45.4 
50.5 
51.1 
50.1 
46.9 
47.2 
50.5 
51.0 
49.9 
51.0 
50.2 
50.6 
51.1 
46.7 
50.7 
50.8 
50.7 
51.0 
50.0 
48.3 
47.9 
47.3 
50.9 
48.5 
50.7 
45.0 
47.4 
49.6 
47.7 
50.9 
50.0 
50.3 
50.1 
47.0 
51.0 
51.0 
47.6 
48.4 
46.9 
48.4 
50.1 
46.4 
49.9 
51.1 
50.7 
50.9 
50.0 
47.2 
49.6 
48.3 
50.8 
50.7 
50.0 
50.8 
48.4 
49.8 
49.6 
50.9 
49.5 
51.0 
48.3 
46.9 
