28.8 
34.1 
36.9 
32.7 
31.7 
26.3 
35.6 
33.6 
29.0 
31.6 
31.1 
35.6 
26.9 
35.3 
35.9 
36.7 
37.0 
33.9 
32.5 
33.5 
33.8 
37.2 
35.3 
35.4 
35.1 
30.5 
32.8 
35.3 
33.6 
31.3 
26.1 
35.1 
33.2 
36.7 
36.2 
35.6 
34.6 
30.1 
36.4 
27.6 
36.6 
36.3 
29.8 
27.9 
33.5 
29.6 
30.8 
28.3 
29.8 
36.8 
27.2 
33.9 
36.6 
32.7 
34.2 
35.9 
33.3 
35.2 
37.3 
33.1 
35.9 
29.6 
28.2 
29.9 
32.8 
32.4 
32.7 
35.6 
29.3 
30.3 
34.9 
32.2 
30.2 
28.7 
27.0 
32.0 
36.6 
33.5 
31.6 
30.9 
29.5 
36.6 
32.6 
29.4 
35.4 
27.5 
26.2 
28.2 
36.4 
34.9 
28.3 
28.1 
