30.7 
50.0 
50.6 
48.4 
49.4 
48.1 
48.4 
50.8 
46.6 
50.8 
47.2 
50.1 
48.0 
50.6 
50.6 
47.6 
49.1 
47.3 
50.9 
47.1 
47.3 
50.0 
51.0 
50.5 
48.2 
48.5 
48.1 
47.4 
50.1 
48.1 
47.4 
51.0 
49.6 
50.9 
46.3 
48.2 
50.0 
45.9 
48.5 
51.0 
50.7 
51.0 
50.9 
50.0 
50.2 
50.9 
48.3 
47.6 
50.9 
47.3 
49.8 
50.8 
51.0 
49.6 
47.4 
47.0 
47.0 
47.0 
51.0 
50.0 
51.1 
47.2 
48.3 
49.6 
50.5 
51.0 
49.7 
48.2 
48.4 
51.0 
46.8 
47.1 
50.0 
48.1 
51.0 
47.9 
50.5 
50.7 
50.0 
50.7 
46.9 
47.9 
49.7 
48.4 
47.4 
48.2 
50.8 
