50.6 
48.2 
51.1 
50.9 
48.3 
54.7 
54.7 
53.5 
48.6 
53.6 
50.9 
51.8 
50.3 
52.1 
51.3 
51.5 
51.0 
50.6 
52.6 
50.1 
48.4 
50.8 
51.0 
51.1 
50.9 
50.7 
50.1 
50.3 
49.9 
52.6 
51.1 
49.9 
48.5 
51.6 
51.3 
50.1 
51.4 
51.0 
50.7 
53.8 
50.8 
50.0 
50.9 
50.9 
50.7 
51.1 
50.1 
53.5 
50.4 
50.1 
50.9 
48.5 
47.8 
49.0 
47.4 
51.1 
51.0 
49.9 
51.1 
50.4 
50.5 
53.5 
50.8 
51.1 
52.3 
53.5 
51.0 
54.7 
48.9 
50.6 
48.6 
52.2 
51.0 
48.5 
50.5 
54.3 
50.9 
48.6 
54.3 
51.1 
51.2 
49.8 
51.7 
52.5 
52.5 
51.1 
53.5 
52.1 
54.1 
51.1 
52.3 
53.6 
51.9 
51.8 
54.3 
54.4 
51.7 
54.4 
51.1 
50.4 
48.2 
