49.2 
45.5 
47.0 
39.0 
51.0 
50.0 
48.0 
49.7 
48.8 
50.6 
48.3 
49.9 
50.9 
48.2 
48.0 
51.1 
50.6 
50.6 
50.5 
47.6 
47.3 
47.2 
47.5 
49.9 
49.7 
47.1 
48.4 
51.0 
49.7 
47.9 
50.9 
50.1 
50.9 
47.3 
46.9 
47.1 
51.0 
47.7 
47.3 
50.0 
51.0 
51.0 
48.4 
50.3 
50.7 
48.3 
50.1 
48.0 
50.7 
47.1 
47.3 
49.8 
47.5 
50.6 
33.9 
50.8 
51.0 
50.7 
49.7 
50.5 
50.5 
50.0 
47.1 
50.9 
48.3 
50.7 
49.8 
47.2 
50.7 
48.0 
48.4 
47.0 
46.8 
49.5 
47.1 
50.1 
47.5 
47.5 
48.1 
50.6 
50.7 
50.6 
51.1 
50.9 
50.7 
50.1 
49.8 
50.9 
46.9 
47.3 
50.8 
48.5 
47.9 
47.5 
47.4 
48.1 
48.2 
51.0 
50.1 
51.0 
49.7 
48.4 
48.5 
50.9 
49.7 
47.1 
47.2 
47.0 
48.3 
49.7 
51.0 
