57.4 
57.5 
57.4 
57.8 
51.3 
57.4 
57.5 
57.5 
56.7 
57.6 
55.6 
57.6 
56.0 
57.5 
57.5 
57.2 
55.5 
57.7 
57.1 
57.5 
57.5 
57.6 
55.5 
55.5 
55.4 
55.6 
57.2 
57.6 
57.6 
57.6 
57.6 
55.4 
57.1 
57.1 
54.6 
57.6 
57.7 
54.7 
56.7 
55.0 
57.6 
55.3 
56.1 
56.6 
56.8 
57.0 
56.8 
57.5 
57.5 
57.6 
57.1 
55.3 
57.7 
57.3 
57.6 
57.4 
55.1 
56.8 
57.5 
57.7 
55.4 
55.8 
57.4 
57.5 
55.5 
57.6 
54.7 
55.6 
54.8 
54.6 
54.9 
52.4 
57.4 
57.7 
54.8 
54.7 
55.0 
55.2 
55.0 
53.8 
56.8 
54.6 
54.7 
57.2 
54.4 
54.7 
53.9 
54.7 
54.8 
54.7 
49.9 
54.6 
53.6 
57.3 
54.5 
54.7 
54.6 
54.6 
56.7 
52.1 
54.8 
54.9 
54.8 
54.6 
54.9 
56.9 
57.7 
56.9 
54.7 
54.7 
54.9 
54.6 
54.5 
50.2 
54.1 
54.9 
55.4 
54.6 
56.8 
54.8 
54.7 
54.8 
54.6 
52.4 
54.6 
54.5 
56.7 
56.9 
55.5 
55.5 
54.7 
57.4 
54.5 
54.8 
54.8 
57.8 
53.3 
54.8 
49.6 
52.4 
57.2 
54.9 
55.7 
52.2 
55.4 
55.1 
54.6 
56.8 
54.6 
57.0 
57.5 
54.6 
55.3 
54.0 
56.9 
55.5 
57.6 
57.7 
57.5 
56.5 
57.6 
57.5 
57.7 
56.5 
57.0 
57.6 
57.1 
57.7 
57.8 
54.7 
56.7 
55.4 
56.5 
57.5 
53.5 
57.5 
54.8 
55.2 
54.8 
55.0 
58.0 
57.6 
57.1 
57.6 
57.5 
54.7 
53.7 
55.7 
56.9 
57.6 
54.7 
56.8 
55.5 
53.7 
57.7 
56.9 
57.4 
54.6 
57.0 
55.3 
55.4 
54.6 
55.3 
54.6 
52.3 
54.6 
54.5 
54.7 
