45.2 
47.2 
47.3 
48.0 
47.8 
49.4 
40.0 
46.9 
47.0 
47.0 
46.4 
45.0 
38.8 
46.4 
47.0 
46.8 
46.9 
48.0 
47.9 
47.2 
47.9 
46.9 
45.5 
46.5 
44.4 
40.9 
46.6 
46.9 
47.4 
47.3 
47.4 
46.9 
47.5 
45.6 
45.6 
45.8 
47.0 
46.5 
46.9 
43.5 
46.9 
46.8 
45.8 
47.6 
47.0 
46.1 
46.8 
46.6 
47.4 
44.9 
46.8 
47.0 
46.2 
46.8 
49.6 
44.3 
47.2 
44.7 
47.1 
46.9 
43.8 
43.0 
44.1 
46.5 
49.3 
47.3 
47.0 
46.8 
45.8 
43.9 
44.4 
46.9 
46.9 
48.0 
47.9 
45.2 
46.7 
43.9 
47.9 
47.9 
49.6 
47.0 
47.9 
47.1 
45.9 
48.3 
49.5 
45.4 
44.7 
47.9 
47.1 
47.5 
46.9 
48.0 
46.2 
46.8 
45.2 
46.0 
46.9 
47.0 
46.9 
46.5 
50.0 
46.9 
45.8 
42.7 
48.2 
47.5 
48.0 
47.1 
46.9 
46.6 
47.0 
43.9 
50.1 
44.2 
47.3 
46.9 
47.8 
47.0 
46.8 
47.0 
43.8 
44.6 
47.2 
48.3 
48.3 
48.3 
45.5 
47.1 
47.1 
46.9 
47.4 
47.0 
47.5 
47.0 
49.6 
49.7 
42.3 
42.5 
43.1 
43.6 
50.0 
47.3 
46.7 
45.1 
46.9 
47.1 
