42.7 
47.3 
42.8 
46.3 
44.9 
37.7 
34.8 
46.2 
45.3 
42.4 
45.8 
38.4 
45.0 
47.9 
46.6 
49.2 
45.1 
46.4 
46.8 
45.8 
46.7 
46.8 
45.0 
44.3 
46.3 
45.1 
45.5 
45.2 
42.9 
47.6 
45.6 
46.3 
45.2 
41.7 
48.7 
45.1 
42.7 
45.3 
46.7 
46.1 
45.9 
46.5 
45.2 
46.2 
49.3 
45.1 
46.7 
47.0 
48.2 
47.2 
46.6 
46.1 
45.1 
47.3 
48.2 
46.7 
44.8 
39.2 
45.1 
41.4 
45.7 
47.4 
45.8 
43.1 
44.2 
46.8 
43.9 
44.0 
44.3 
39.2 
49.3 
41.7 
45.0 
44.2 
46.5 
46.3 
47.0 
45.6 
44.0 
45.5 
46.3 
42.1 
49.3 
47.3 
45.5 
44.9 
41.5 
45.1 
45.7 
46.3 
49.5 
44.1 
46.9 
47.5 
42.2 
46.8 
45.8 
49.2 
45.6 
47.7 
45.7 
43.4 
45.5 
48.8 
46.5 
45.2 
45.2 
40.9 
46.6 
46.8 
45.8 
46.3 
45.6 
44.5 
45.5 
49.2 
46.5 
45.7 
46.8 
48.7 
45.8 
49.6 
48.0 
48.2 
45.6 
48.5 
45.3 
45.3 
46.0 
42.1 
46.8 
45.8 
49.0 
42.3 
49.7 
41.5 
45.7 
46.6 
45.4 
44.4 
46.5 
45.5 
46.4 
45.2 
41.6 
49.6 
47.9 
47.4 
48.2 
46.7 
46.8 
45.3 
45.6 
43.8 
45.2 
43.2 
45.4 
46.6 
45.6 
46.7 
46.8 
46.3 
