54.0 
54.7 
51.5 
44.3 
54.2 
51.9 
51.4 
50.1 
53.5 
52.1 
51.0 
53.5 
51.7 
50.9 
54.5 
50.0 
54.6 
53.1 
54.6 
54.7 
54.4 
54.6 
54.5 
54.6 
52.2 
53.6 
49.0 
54.2 
54.7 
52.0 
52.1 
54.4 
51.2 
54.4 
52.6 
51.1 
53.7 
53.7 
52.3 
52.2 
54.5 
51.1 
54.6 
54.7 
54.6 
53.4 
54.5 
54.6 
54.6 
53.5 
54.6 
54.8 
54.5 
53.8 
54.7 
54.7 
54.6 
54.6 
50.5 
54.6 
52.3 
54.4 
54.5 
54.6 
54.5 
54.6 
54.5 
48.7 
51.1 
51.8 
53.3 
54.7 
52.3 
54.4 
51.3 
52.0 
53.9 
52.2 
53.6 
51.1 
43.5 
54.0 
51.3 
51.5 
52.2 
