35.3 
37.9 
40.8 
41.5 
41.4 
28.5 
41.6 
39.3 
40.9 
42.2 
35.5 
40.1 
38.6 
36.1 
37.4 
40.6 
42.1 
40.3 
39.8 
41.9 
39.7 
40.5 
39.6 
41.3 
37.4 
39.6 
42.1 
38.8 
42.1 
39.2 
40.2 
37.7 
41.2 
40.2 
41.5 
38.6 
40.5 
41.5 
41.7 
40.6 
40.2 
42.2 
44.0 
41.8 
42.1 
40.5 
40.3 
40.7 
37.2 
35.0 
38.5 
41.6 
39.2 
41.4 
38.8 
42.6 
40.0 
42.1 
34.5 
38.3 
36.8 
41.5 
39.0 
33.8 
39.4 
40.4 
39.3 
37.1 
40.1 
41.9 
41.5 
40.7 
40.6 
40.6 
38.9 
42.0 
41.4 
40.7 
37.1 
37.9 
41.3 
37.5 
39.1 
37.6 
35.7 
41.5 
42.0 
37.0 
38.3 
40.5 
40.6 
38.7 
41.5 
40.2 
43.5 
40.4 
41.5 
38.9 
41.7 
42.1 
41.8 
41.7 
44.1 
40.2 
41.4 
40.1 
43.6 
39.3 
38.7 
40.5 
41.9 
41.2 
37.1 
40.5 
30.6 
40.6 
39.3 
37.6 
36.9 
42.2 
43.7 
41.4 
41.1 
38.3 
41.0 
40.3 
39.3 
39.9 
40.2 
