37.3 
33.1 
28.7 
39.0 
34.3 
36.0 
39.7 
34.8 
39.7 
39.1 
39.2 
34.6 
34.7 
38.8 
41.6 
41.6 
35.7 
38.1 
41.4 
37.8 
39.0 
35.2 
41.3 
34.0 
30.7 
40.2 
41.5 
38.2 
36.5 
38.8 
39.8 
37.5 
36.5 
37.2 
36.2 
36.2 
36.5 
34.7 
35.1 
40.0 
39.1 
37.5 
31.4 
29.4 
34.7 
34.5 
26.2 
32.3 
32.0 
31.8 
28.3 
36.2 
33.8 
34.9 
29.0 
38.7 
34.7 
33.2 
35.6 
37.3 
27.9 
33.8 
30.3 
30.3 
27.6 
37.0 
25.6 
25.3 
30.0 
36.2 
39.9 
36.5 
31.6 
34.6 
30.1 
25.1 
34.6 
28.7 
37.0 
31.0 
36.6 
35.0 
32.2 
28.6 
33.7 
38.5 
39.2 
32.3 
22.1 
31.5 
35.3 
41.5 
41.1 
31.3 
36.7 
37.3 
37.6 
36.1 
36.4 
31.7 
35.9 
33.8 
36.6 
35.0 
27.2 
34.9 
35.3 
37.4 
36.5 
34.9 
29.5 
34.3 
36.1 
38.8 
36.9 
35.3 
36.7 
34.0 
36.1 
38.3 
37.2 
34.1 
33.1 
33.8 
33.4 
26.0 
32.0 
39.0 
36.4 
35.7 
34.6 
37.9 
37.2 
34.1 
33.1 
36.6 
35.5 
38.6 
33.3 
38.2 
40.3 
41.4 
40.6 
38.0 
38.8 
37.6 
38.5 
33.8 
39.6 
32.9 
36.3 
37.7 
36.3 
38.3 
40.3 
38.0 
31.7 
37.6 
36.5 
35.2 
34.3 
27.4 
34.8 
35.4 
36.1 
35.7 
37.5 
