30.4 
37.8 
34.6 
35.4 
35.8 
33.2 
36.6 
36.8 
38.1 
38.3 
36.9 
32.0 
33.5 
29.7 
37.3 
36.9 
38.8 
36.1 
41.2 
29.4 
33.5 
32.4 
37.0 
38.9 
29.4 
31.6 
33.0 
39.1 
38.1 
40.4 
38.1 
33.2 
36.2 
29.7 
34.7 
30.5 
31.2 
31.0 
35.1 
37.6 
37.7 
38.2 
37.3 
37.9 
37.1 
39.5 
36.3 
39.2 
36.9 
41.0 
37.0 
32.4 
37.4 
38.2 
33.0 
32.9 
34.1 
34.3 
40.7 
35.9 
34.6 
36.9 
39.3 
37.9 
39.0 
37.2 
32.5 
37.5 
38.0 
37.8 
35.0 
40.6 
40.6 
38.0 
41.4 
40.8 
33.4 
40.3 
37.9 
40.1 
38.7 
37.6 
37.8 
35.5 
33.4 
34.3 
36.7 
41.8 
37.0 
35.6 
33.5 
36.7 
36.6 
40.8 
38.6 
41.2 
39.7 
37.0 
37.0 
36.3 
31.2 
36.5 
36.2 
39.2 
38.4 
42.3 
37.2 
36.1 
37.9 
40.0 
41.9 
37.9 
34.0 
34.1 
36.0 
38.7 
29.5 
39.2 
36.6 
40.0 
38.9 
38.9 
39.0 
21.4 
31.8 
34.8 
35.6 
38.3 
34.0 
38.8 
31.7 
39.7 
37.6 
36.0 
41.7 
37.4 
37.7 
31.2 
36.0 
38.7 
36.0 
35.9 
38.3 
41.0 
41.5 
34.7 
31.5 
32.3 
38.0 
31.3 
37.2 
37.4 
37.9 
37.3 
34.4 
33.5 
37.5 
35.1 
37.3 
40.9 
35.3 
39.3 
36.4 
29.5 
38.6 
37.6 
37.0 
38.1 
32.2 
27.9 
35.1 
37.1 
37.0 
35.5 
39.5 
39.0 
33.8 
37.2 
38.1 
36.8 
39.4 
31.5 
38.2 
36.7 
35.3 
31.8 
37.0 
35.0 
36.2 
41.5 
38.4 
38.3 
34.9 
38.4 
36.7 
40.9 
34.4 
38.0 
36.8 
38.9 
38.4 
39.1 
39.2 
25.6 
38.7 
37.9 
39.6 
35.9 
32.1 
32.3 
37.5 
37.2 
35.3 
37.3 
42.0 
39.0 
32.5 
35.9 
37.3 
38.6 
40.9 
38.2 
36.1 
29.2 
41.8 
37.8 
42.1 
39.8 
39.3 
38.3 
33.6 
35.1 
38.9 
39.9 
35.3 
41.8 
35.0 
39.0 
