40.3 
38.4 
39.0 
35.9 
37.4 
41.7 
32.8 
40.9 
39.7 
39.7 
39.1 
36.4 
37.9 
38.4 
40.7 
36.2 
40.2 
30.3 
40.1 
38.9 
30.4 
39.2 
39.2 
36.9 
43.6 
39.0 
35.1 
38.9 
39.7 
41.5 
40.0 
38.2 
37.3 
33.6 
40.4 
37.9 
38.4 
36.7 
41.9 
38.4 
42.3 
36.8 
37.5 
41.0 
37.9 
41.6 
35.9 
39.9 
32.6 
36.5 
41.6 
37.6 
31.2 
42.4 
34.0 
40.2 
40.3 
40.3 
41.4 
39.5 
34.9 
35.4 
41.4 
41.4 
39.3 
37.9 
35.9 
31.4 
42.7 
36.1 
35.6 
37.6 
40.6 
38.0 
30.2 
31.8 
38.2 
35.5 
32.0 
36.1 
37.3 
43.4 
36.5 
39.5 
35.3 
41.9 
38.3 
34.4 
39.1 
37.1 
33.4 
36.0 
33.5 
33.6 
35.6 
34.2 
27.7 
40.5 
36.9 
38.8 
33.5 
37.7 
42.8 
38.5 
35.1 
38.3 
34.9 
31.4 
34.3 
36.7 
41.3 
41.9 
41.9 
38.3 
41.4 
39.3 
39.1 
41.0 
41.3 
38.5 
39.6 
36.2 
41.4 
36.6 
39.2 
41.0 
37.0 
38.9 
40.4 
41.5 
39.7 
34.6 
39.2 
39.3 
41.8 
35.2 
39.4 
