17.1 
16.6 
18.6 
23.2 
24.0 
20.5 
16.9 
16.2 
16.6 
15.8 
21.4 
17.4 
21.4 
19.4 
16.5 
20.3 
20.2 
23.6 
24.2 
17.3 
19.2 
20.0 
26.1 
26.4 
26.3 
21.6 
21.3 
21.4 
17.9 
25.2 
23.5 
26.0 
20.7 
19.1 
21.2 
20.4 
24.8 
22.7 
23.8 
26.2 
23.5 
24.4 
26.3 
22.0 
20.5 
19.8 
26.2 
21.0 
20.1 
21.1 
20.6 
18.7 
19.8 
20.9 
24.5 
24.0 
25.7 
21.8 
26.4 
20.6 
20.3 
22.2 
25.5 
25.5 
25.7 
22.4 
25.1 
26.3 
26.0 
24.4 
20.7 
21.2 
21.7 
26.0 
26.4 
25.3 
26.3 
21.4 
25.9 
21.7 
25.0 
20.3 
21.7 
20.0 
21.6 
19.6 
18.4 
23.5 
