54.0 
56.0 
54.5 
56.2 
54.7 
56.4 
56.0 
49.9 
55.1 
56.8 
54.6 
56.7 
54.6 
53.7 
56.3 
53.7 
56.8 
53.9 
57.3 
54.5 
56.4 
53.0 
57.5 
54.6 
55.1 
55.0 
57.4 
54.4 
54.8 
54.4 
57.1 
55.1 
57.1 
56.6 
56.9 
57.1 
56.3 
57.2 
54.9 
57.2 
56.9 
56.9 
57.6 
57.0 
57.3 
57.0 
57.3 
57.5 
55.2 
54.4 
57.4 
54.8 
57.5 
53.6 
57.5 
56.9 
56.9 
54.0 
54.0 
54.1 
57.5 
54.5 
54.5 
51.4 
54.6 
55.1 
54.3 
54.4 
53.9 
54.1 
52.5 
53.7 
56.3 
55.1 
54.3 
54.7 
56.1 
53.6 
54.8 
55.9 
54.1 
53.9 
56.4 
54.4 
56.1 
56.3 
54.4 
53.9 
56.5 
54.6 
55.5 
53.2 
53.8 
54.2 
56.8 
55.9 
54.7 
54.8 
54.8 
54.6 
54.5 
54.2 
54.5 
55.0 
55.6 
54.5 
53.7 
54.6 
57.4 
53.7 
54.2 
55.1 
56.5 
56.3 
56.4 
57.0 
54.4 
56.3 
56.3 
56.3 
49.2 
57.0 
57.0 
54.3 
54.5 
56.4 
53.9 
56.3 
57.3 
53.5 
53.8 
54.1 
54.2 
51.8 
54.8 
52.4 
48.1 
57.3 
55.3 
55.4 
53.2 
55.2 
54.8 
52.8 
