34.7 
34.2 
36.6 
36.8 
28.5 
37.5 
35.0 
36.5 
35.1 
34.9 
38.9 
34.2 
33.2 
41.6 
37.5 
39.7 
36.0 
37.6 
38.4 
36.6 
35.9 
36.6 
34.0 
36.2 
37.2 
34.5 
36.2 
35.5 
35.6 
33.6 
28.5 
39.3 
37.4 
37.7 
38.9 
37.7 
35.7 
35.1 
40.0 
36.3 
36.0 
34.6 
32.0 
35.1 
32.9 
38.7 
39.2 
36.6 
35.3 
41.4 
34.6 
37.1 
35.6 
36.2 
30.1 
36.9 
35.7 
35.9 
35.2 
35.1 
40.7 
41.7 
36.8 
37.1 
37.9 
33.7 
35.9 
40.4 
37.8 
36.7 
39.6 
38.6 
35.8 
35.1 
35.4 
37.1 
38.9 
40.2 
35.9 
39.2 
29.6 
37.1 
37.4 
40.6 
36.3 
34.6 
34.8 
34.8 
36.0 
39.1 
37.6 
35.6 
34.3 
38.4 
34.6 
31.7 
36.5 
33.0 
30.3 
40.3 
26.8 
30.9 
37.7 
37.8 
36.5 
39.7 
31.9 
34.1 
34.4 
37.1 
38.3 
35.6 
37.1 
36.4 
36.0 
