59.9 
58.2 
59.8 
59.9 
60.0 
59.9 
60.2 
59.9 
59.9 
59.4 
59.9 
60.0 
56.1 
59.9 
56.3 
59.8 
60.1 
60.2 
60.0 
60.0 
60.1 
59.9 
59.9 
60.2 
60.1 
60.1 
60.0 
60.0 
60.1 
60.0 
60.0 
60.0 
59.9 
60.0 
60.0 
60.1 
60.0 
60.0 
60.1 
60.2 
60.3 
59.9 
60.0 
60.3 
59.7 
60.1 
59.7 
60.1 
60.2 
59.9 
59.9 
59.9 
60.0 
60.1 
59.9 
60.0 
59.8 
59.9 
60.0 
60.1 
59.9 
60.0 
59.9 
59.9 
59.9 
59.9 
60.0 
59.2 
60.0 
59.9 
60.0 
60.0 
59.5 
60.0 
60.1 
60.2 
60.0 
60.2 
60.1 
60.2 
59.9 
60.0 
59.9 
60.1 
60.0 
60.0 
60.0 
59.9 
60.0 
59.9 
60.2 
55.3 
60.0 
59.9 
60.0 
60.1 
59.9 
59.8 
59.9 
60.0 
60.0 
60.1 
60.0 
60.0 
60.1 
