31.3 
29.5 
32.2 
34.1 
31.7 
28.1 
23.2 
27.3 
25.5 
26.8 
18.9 
30.0 
32.6 
37.2 
35.6 
33.7 
33.7 
28.9 
35.1 
33.7 
32.3 
34.5 
33.1 
35.8 
30.0 
35.3 
32.8 
31.9 
25.7 
25.8 
30.7 
30.2 
28.1 
34.8 
30.8 
35.7 
36.2 
37.0 
37.0 
35.9 
30.6 
29.1 
26.2 
29.7 
37.0 
25.9 
37.0 
33.4 
36.7 
35.7 
31.1 
37.0 
37.3 
34.8 
31.1 
32.6 
34.1 
27.9 
27.3 
33.6 
27.4 
30.2 
35.3 
30.5 
28.5 
29.9 
33.6 
37.2 
32.7 
33.7 
33.1 
35.2 
34.6 
34.6 
34.2 
31.9 
27.3 
27.0 
36.9 
33.2 
31.5 
36.1 
33.7 
29.6 
30.9 
37.1 
35.1 
35.0 
33.2 
29.8 
33.7 
37.3 
31.4 
33.5 
25.2 
36.6 
36.8 
32.3 
33.6 
33.9 
34.5 
33.4 
27.0 
36.3 
31.9 
32.5 
30.7 
30.7 
34.0 
34.1 
27.1 
36.8 
37.1 
35.8 
37.0 
33.3 
31.7 
37.2 
30.6 
