41.9 
43.3 
45.0 
44.3 
40.6 
42.9 
42.9 
41.8 
42.9 
44.8 
45.0 
34.2 
45.6 
44.7 
44.5 
45.6 
45.8 
44.7 
41.8 
41.0 
45.7 
45.6 
45.7 
39.0 
39.8 
46.3 
44.8 
45.0 
45.2 
41.5 
45.2 
42.8 
40.9 
45.0 
43.2 
41.2 
41.1 
47.4 
46.1 
42.5 
45.5 
41.9 
44.5 
43.3 
44.8 
46.9 
36.7 
46.0 
45.0 
45.2 
42.7 
45.3 
39.8 
46.7 
44.8 
47.7 
46.4 
44.5 
42.9 
45.0 
43.8 
42.8 
45.0 
40.7 
44.6 
43.9 
44.8 
40.4 
45.4 
45.8 
43.5 
39.7 
42.2 
45.4 
46.0 
41.3 
46.3 
45.7 
44.5 
46.3 
46.6 
45.7 
45.1 
45.4 
38.4 
45.1 
43.8 
45.0 
44.9 
44.7 
46.0 
44.7 
43.9 
42.5 
46.4 
44.1 
41.2 
46.4 
46.3 
42.8 
45.2 
39.9 
45.1 
43.7 
42.6 
45.4 
47.0 
45.6 
45.8 
42.5 
46.9 
43.7 
42.4 
45.6 
46.1 
42.7 
44.8 
42.2 
44.0 
46.4 
45.3 
43.3 
43.2 
46.0 
44.4 
44.1 
44.1 
42.7 
45.4 
45.7 
42.7 
45.5 
46.1 
44.9 
42.2 
45.5 
42.1 
41.8 
44.8 
44.0 
46.9 
45.6 
44.9 
45.5 
41.8 
46.5 
41.5 
