19.9 
30.5 
28.6 
31.9 
31.0 
26.6 
31.5 
31.9 
14.9 
32.7 
28.8 
32.4 
32.4 
31.5 
31.8 
26.7 
31.7 
31.7 
32.6 
23.0 
26.5 
27.2 
32.0 
31.7 
31.9 
31.9 
32.0 
27.3 
25.6 
31.9 
31.5 
31.9 
30.0 
31.5 
31.9 
31.9 
31.9 
28.8 
26.6 
28.8 
32.0 
30.6 
31.9 
32.0 
31.6 
31.7 
31.8 
26.6 
26.6 
30.4 
32.0 
32.5 
29.1 
30.8 
31.9 
26.0 
26.6 
31.2 
31.9 
31.6 
32.5 
26.5 
31.8 
27.5 
26.6 
31.9 
31.9 
31.6 
27.2 
25.4 
31.9 
33.2 
30.8 
32.0 
32.1 
31.9 
31.9 
26.6 
26.6 
26.4 
33.3 
32.0 
30.4 
30.3 
31.9 
22.6 
31.8 
31.9 
32.0 
32.0 
31.9 
31.9 
29.1 
31.9 
31.9 
32.0 
26.6 
31.2 
26.4 
30.5 
26.6 
26.6 
27.5 
26.6 
32.9 
32.0 
31.9 
32.1 
