31.1 
31.0 
31.7 
27.4 
31.0 
22.8 
26.5 
30.8 
30.0 
31.1 
27.4 
23.0 
25.9 
31.8 
31.9 
31.5 
31.5 
27.5 
26.4 
29.2 
26.1 
32.0 
31.9 
31.7 
31.5 
30.5 
29.2 
29.3 
31.5 
25.4 
29.3 
31.6 
32.0 
31.7 
31.1 
31.9 
31.8 
32.0 
31.9 
26.6 
25.2 
26.5 
31.9 
31.8 
31.9 
31.9 
31.9 
28.7 
31.8 
31.9 
26.0 
19.9 
31.3 
31.1 
22.2 
31.7 
31.3 
31.6 
31.5 
28.2 
31.1 
28.1 
28.3 
31.9 
25.9 
30.8 
30.6 
31.1 
28.5 
24.6 
30.3 
20.2 
26.4 
31.8 
31.7 
32.0 
30.7 
29.7 
28.6 
30.5 
27.8 
26.6 
31.6 
31.7 
31.3 
31.1 
31.9 
31.9 
30.0 
25.5 
31.6 
32.0 
31.6 
31.1 
22.3 
31.6 
31.1 
18.3 
30.6 
31.9 
31.9 
31.7 
30.4 
29.3 
29.0 
27.9 
29.4 
31.4 
25.9 
25.4 
22.0 
24.0 
31.0 
22.2 
31.6 
21.9 
23.3 
23.7 
31.4 
29.4 
31.1 
27.7 
31.8 
