22.1 
32.0 
32.2 
35.1 
29.5 
27.8 
24.1 
27.0 
21.4 
24.5 
30.5 
31.9 
35.8 
22.0 
25.4 
31.3 
29.2 
28.8 
31.4 
31.7 
26.4 
24.5 
21.6 
30.4 
27.9 
25.4 
27.8 
30.6 
31.8 
28.6 
20.9 
26.5 
31.0 
34.5 
32.0 
27.2 
27.3 
26.6 
25.8 
27.2 
31.8 
33.0 
30.9 
28.0 
30.4 
25.7 
26.4 
33.1 
30.4 
33.8 
34.0 
33.8 
30.5 
31.4 
32.1 
35.1 
30.8 
27.9 
27.7 
33.7 
30.9 
32.1 
27.6 
27.7 
19.5 
32.2 
32.4 
27.9 
18.4 
30.9 
28.9 
27.1 
26.7 
26.9 
32.3 
30.0 
23.4 
31.0 
24.0 
27.3 
31.7 
31.7 
30.1 
35.1 
29.0 
32.3 
26.7 
28.1 
27.9 
29.3 
34.0 
29.7 
30.3 
31.2 
27.4 
25.7 
29.3 
31.2 
28.5 
30.3 
33.5 
30.5 
27.5 
31.9 
34.1 
23.7 
32.6 
30.1 
30.3 
31.8 
23.0 
28.3 
29.5 
27.1 
31.2 
26.1 
34.4 
31.6 
31.6 
32.5 
31.9 
23.1 
28.4 
35.1 
31.7 
29.6 
24.0 
28.1 
23.8 
31.3 
30.9 
25.1 
