9.5 
9.1 
8.9 
10.2 
9.1 
12.3 
11.4 
10.9 
12.4 
11.1 
12.6 
10.2 
9.1 
9.2 
11.3 
8.9 
11.7 
9.9 
9.7 
9.5 
9.9 
10.5 
10.2 
10.1 
10.7 
9.9 
8.7 
8.3 
10.5 
9.3 
10.9 
11.0 
10.5 
11.0 
9.5 
11.4 
8.4 
10.7 
9.0 
10.8 
11.1 
11.8 
10.2 
11.2 
10.0 
10.7 
11.6 
9.4 
11.3 
14.1 
11.7 
12.5 
12.5 
12.1 
10.3 
9.7 
10.9 
12.3 
13.7 
12.4 
11.7 
12.3 
9.6 
9.0 
11.0 
11.7 
12.3 
12.1 
11.4 
10.7 
9.5 
10.1 
11.3 
10.8 
9.5 
10.2 
11.5 
10.6 
10.8 
8.6 
7.8 
9.9 
9.6 
8.6 
8.6 
9.7 
9.6 
10.2 
10.8 
10.0 
9.1 
10.4 
10.0 
9.9 
9.0 
9.3 
8.9 
9.8 
9.5 
9.5 
9.7 
9.1 
10.7 
12.0 
9.0 
13.2 
10.5 
9.5 
10.9 
9.6 
10.2 
9.6 
11.8 
11.1 
9.8 
10.5 
8.4 
7.3 
5.8 
8.2 
8.8 
9.9 
9.7 
8.1 
8.7 
9.8 
6.8 
7.4 
8.5 
8.3 
9.4 
10.7 
9.6 
10.0 
