15.8 
23.3 
15.2 
18.4 
21.6 
21.6 
23.2 
16.2 
23.3 
19.3 
19.0 
23.7 
21.9 
22.0 
22.0 
22.0 
21.4 
17.5 
17.8 
25.6 
26.3 
20.4 
21.7 
24.0 
26.2 
17.5 
24.6 
26.3 
24.1 
20.0 
18.0 
21.3 
24.5 
25.4 
25.6 
21.5 
21.2 
22.8 
19.3 
26.0 
26.3 
18.1 
23.7 
26.3 
21.8 
26.1 
17.1 
21.5 
26.3 
19.1 
26.2 
19.2 
24.9 
26.4 
16.9 
24.3 
25.6 
26.3 
21.7 
18.9 
21.1 
20.0 
21.9 
23.7 
26.2 
18.5 
21.3 
21.0 
21.7 
26.3 
26.3 
24.1 
21.7 
21.5 
22.3 
26.2 
26.3 
21.9 
26.3 
22.0 
21.3 
20.4 
26.3 
20.9 
16.4 
25.7 
26.3 
20.8 
21.0 
24.8 
15.2 
17.8 
23.8 
21.9 
21.2 
21.2 
24.0 
26.3 
26.0 
20.8 
21.7 
21.5 
18.1 
25.6 
17.8 
21.9 
21.8 
20.9 
18.5 
21.8 
24.9 
25.3 
20.6 
20.5 
15.3 
24.8 
20.3 
20.3 
