17.6 
18.5 
16.2 
17.3 
21.4 
16.6 
13.9 
15.3 
20.9 
18.8 
20.6 
19.2 
15.4 
19.3 
23.2 
21.9 
22.9 
20.3 
19.6 
17.2 
17.5 
16.2 
17.1 
20.0 
20.5 
24.3 
15.9 
17.5 
18.6 
19.3 
14.1 
17.9 
17.0 
21.6 
21.3 
20.4 
17.8 
15.8 
24.2 
18.7 
16.0 
18.1 
17.9 
18.4 
20.2 
15.4 
22.4 
16.9 
15.5 
16.4 
20.3 
14.7 
19.0 
21.6 
21.3 
18.1 
17.6 
18.0 
18.1 
16.4 
19.6 
19.3 
15.8 
17.4 
19.3 
14.6 
15.9 
19.9 
23.5 
22.8 
18.2 
16.0 
16.6 
20.7 
21.0 
21.3 
25.2 
23.7 
19.0 
20.4 
21.5 
18.6 
20.0 
17.9 
20.0 
23.8 
25.4 
20.3 
23.3 
24.8 
25.2 
23.3 
21.3 
19.2 
17.5 
22.1 
24.7 
23.2 
24.8 
24.0 
20.9 
20.3 
19.9 
18.8 
25.0 
23.2 
25.9 
25.6 
17.1 
19.1 
18.7 
18.4 
18.5 
20.8 
19.7 
23.8 
22.1 
24.8 
25.2 
19.5 
17.4 
20.3 
26.0 
21.8 
22.8 
24.3 
18.7 
18.0 
17.3 
19.7 
17.2 
18.3 
19.2 
17.6 
19.4 
20.3 
19.4 
19.1 
20.3 
20.4 
20.3 
16.2 
18.3 
23.7 
21.5 
15.5 
19.8 
24.5 
23.7 
