18.1 
24.9 
19.9 
19.6 
20.7 
14.8 
13.6 
16.0 
13.4 
20.1 
16.3 
17.2 
17.6 
19.9 
18.2 
20.0 
16.9 
22.1 
17.0 
20.6 
21.2 
22.1 
19.5 
17.1 
20.5 
16.3 
15.9 
17.1 
18.4 
18.3 
19.0 
19.4 
18.8 
20.8 
21.0 
21.0 
20.9 
20.8 
21.4 
17.6 
21.1 
22.5 
19.5 
16.7 
16.1 
18.6 
16.9 
18.0 
18.4 
17.3 
16.4 
19.4 
22.3 
16.0 
16.3 
20.9 
22.4 
20.3 
16.4 
17.3 
17.0 
19.7 
16.9 
17.5 
17.7 
17.7 
19.1 
18.8 
19.9 
21.9 
20.8 
17.1 
15.6 
18.2 
20.6 
21.9 
18.1 
19.7 
19.7 
21.0 
18.7 
17.5 
16.5 
17.7 
18.0 
20.3 
21.1 
19.8 
18.2 
16.8 
16.7 
15.9 
16.6 
15.8 
20.6 
22.0 
19.9 
22.6 
21.3 
16.8 
17.6 
16.9 
