21.4 
12.6 
21.1 
20.4 
20.3 
20.2 
15.9 
19.9 
16.8 
16.4 
15.3 
19.7 
18.0 
16.5 
19.4 
20.8 
23.4 
23.2 
23.3 
21.2 
22.1 
22.4 
19.3 
20.4 
20.6 
20.2 
12.9 
19.5 
22.8 
19.6 
15.2 
16.3 
24.2 
20.0 
16.7 
20.3 
19.7 
20.2 
22.7 
22.5 
20.3 
18.5 
16.8 
18.5 
24.5 
15.3 
17.5 
22.3 
24.4 
23.2 
23.8 
18.9 
15.6 
18.1 
19.9 
20.1 
22.0 
17.7 
18.9 
20.4 
22.2 
23.8 
18.7 
18.1 
24.1 
24.9 
22.0 
17.5 
17.9 
18.8 
19.5 
19.3 
20.3 
16.7 
21.4 
19.3 
19.5 
21.2 
20.2 
15.9 
20.7 
23.7 
24.1 
23.3 
22.0 
18.0 
18.2 
21.1 
20.1 
17.4 
20.0 
20.3 
18.6 
11.1 
19.9 
17.5 
16.8 
15.4 
19.0 
22.6 
18.2 
16.2 
20.5 
20.0 
17.9 
14.7 
19.0 
18.9 
17.0 
21.8 
22.3 
22.4 
16.1 