19.4 
18.7 
17.0 
16.5 
16.9 
20.0 
17.0 
18.3 
13.6 
15.6 
19.9 
20.0 
23.2 
18.5 
18.2 
23.2 
21.2 
21.2 
20.6 
20.8 
18.8 
22.7 
18.9 
20.5 
19.4 
22.7 
23.4 
25.4 
23.3 
21.1 
22.1 
24.0 
21.4 
19.2 
18.5 
21.6 
18.7 
20.0 
21.4 
21.1 
18.9 
19.6 
20.9 
25.2 
23.6 
22.3 
21.1 
21.7 
18.0 
17.1 
16.6 
17.7 
18.7 
18.2 
13.2 
19.6 
20.5 
21.5 
22.5 
17.8 
20.2 
22.1 
21.1 
20.3 
21.0 
17.1 
17.0 
16.3 
18.6 
20.3 
22.7 
17.6 
19.7 
20.6 
25.2 
22.4 
22.5 
21.6 
20.9 
16.3 
17.8 
16.0 
18.9 
22.3 
19.1 
18.9 
21.5 
17.2 
20.5 
21.4 
16.9 
19.0 
24.2 
21.1 
20.3 
24.6 
18.3 
21.9 
21.0 
22.7 
20.5 
23.3 
20.6 
20.2 
24.2 
24.9 
21.6 
23.4 
19.9 
21.3 
20.1 
21.5 
20.8 
22.8 
21.3 
21.9 
13.6 
18.2 
20.4 
17.5 
18.2 
15.2 
20.3 
