12.5 
10.5 
10.4 
7.7 
10.0 
12.1 
11.9 
12.2 
10.7 
12.0 
8.5 
11.3 
14.5 
12.0 
12.3 
12.1 
12.3 
14.4 
13.6 
14.0 
15.6 
14.1 
10.4 
15.4 
14.0 
12.9 
15.7 
11.0 
9.4 
11.3 
12.4 
12.3 
11.2 
12.1 
12.4 
12.6 
14.9 
15.2 
14.6 
11.5 
11.9 
13.0 
12.1 
16.6 
13.9 
13.4 
13.5 
10.5 
14.5 
10.4 
10.7 
14.5 
13.0 
12.4 
14.7 
12.4 
15.6 
14.5 
13.4 
15.9 
11.2 
13.2 
18.3 
13.0 
17.1 
14.6 
13.5 
13.3 
12.4 
12.2 
12.9 
14.8 
15.3 
14.8 
14.8 
12.3 
14.5 
11.9 
13.2 
12.8 
15.4 
13.8 
11.3 
11.1 
17.4 
12.5 
11.4 
11.3 
13.5 
11.1 
12.1 
14.4 
12.3 
15.2 
12.8 
15.5 
13.5 
15.6 
14.9 
