12.7 
13.7 
10.5 
16.0 
11.9 
12.2 
12.3 
10.8 
12.1 
12.0 
12.2 
14.8 
15.8 
13.5 
12.6 
15.9 
13.5 
16.1 
13.2 
15.5 
18.1 
13.3 
14.6 
15.3 
16.3 
17.2 
15.8 
13.1 
14.5 
16.0 
20.5 
19.8 
18.8 
17.8 
15.5 
15.0 
14.0 
13.5 
13.8 
14.6 
16.7 
14.1 
16.4 
15.1 
19.4 
22.1 
20.3 
19.4 
15.9 
15.6 
16.2 
15.4 
15.8 
14.5 
16.4 
16.0 
16.0 
14.3 
15.5 
16.6 
17.3 
16.9 
14.5 
16.5 
20.6 
18.2 
16.8 
18.4 
17.1 
11.7 
14.8 
15.7 
16.1 
14.9 
12.9 
15.0 
12.6 
18.4 
14.5 
14.1 
15.2 
16.0 
17.2 
17.2 
17.2 
16.2 
16.5 
19.1 
14.6 
16.3 
16.8 
14.9 
18.6 
16.0 
13.6 
14.8 
12.7 
11.2 
