8.3 
7.9 
7.9 
9.1 
9.6 
11.1 
9.3 
12.2 
9.1 
11.6 
9.8 
9.4 
12.2 
11.9 
9.5 
9.5 
9.6 
11.4 
9.6 
9.2 
9.2 
8.8 
10.6 
7.7 
9.4 
8.7 
10.2 
8.5 
7.9 
8.1 
7.6 
8.4 
5.3 
7.0 
8.0 
8.8 
8.9 
10.2 
8.6 
7.7 
7.8 
9.0 
7.6 
9.1 
8.3 
10.4 
7.7 
9.7 
8.4 
8.5 
8.3 
8.5 
8.5 
9.4 
11.5 
9.0 
7.6 
8.2 
8.7 
10.0 
8.5 
8.9 
9.5 
11.0 
8.3 
8.7 
9.2 
9.1 
8.0 
8.4 
8.3 
9.2 
8.3 
9.9 
9.6 
9.8 
8.6 
7.4 
8.9 
11.1 
7.9 
8.9 
8.9 
10.0 
7.6 
9.0 
7.6 
9.3 
9.0 
10.1 
10.9 
9.8 
9.7 
8.3 
9.2 
11.8 
11.6 
11.4 
9.9 
8.3 
11.2 
10.3 
8.6 
9.3 
9.9 
11.3 
11.5 
9.4 
6.7 
