33.9 
38.2 
36.9 
33.3 
37.4 
41.5 
34.3 
36.1 
35.8 
38.7 
38.6 
30.6 
39.7 
40.0 
46.4 
40.2 
39.6 
42.5 
40.2 
42.4 
47.0 
42.3 
36.3 
43.3 
41.7 
41.2 
35.5 
39.2 
37.4 
45.6 
42.7 
38.4 
41.8 
38.9 
42.5 
46.5 
36.2 
38.3 
34.6 
35.3 
34.6 
40.0 
42.3 
39.0 
42.1 
35.8 
45.4 
41.5 
33.4 
38.5 
36.8 
36.0 
38.1 
40.9 
34.9 
35.0 
37.8 
36.4 
30.9 
33.9 
33.5 
37.7 
32.8 
38.2 
39.8 
42.1 
41.2 
36.9 
36.0 
33.9 
34.7 
31.0 
36.3 
33.9 
34.1 
36.1 
41.1 
35.9 
37.4 
34.7 
37.1 
41.9 
33.3 
42.7 
36.1 
36.9 
32.7 
38.2 
31.4 
