7.9 
5.1 
4.4 
9.8 
12.0 
12.5 
11.2 
12.4 
14.7 
14.7 
14.4 
14.4 
14.4 
11.5 
14.4 
14.7 
12.7 
16.8 
15.6 
13.0 
10.0 
12.5 
16.3 
13.8 
15.3 
16.2 
13.1 
14.2 
13.9 
16.5 
15.2 
15.5 
16.3 
15.8 
13.0 
13.0 
13.4 
13.8 
14.3 
16.0 
15.5 
13.2 
12.8 
13.7 
14.3 
15.8 
13.0 
13.1 
14.8 
15.7 
12.9 
14.4 
18.1 
15.7 
13.3 
12.7 
14.2 
12.0 
13.8 
15.0 
15.6 
15.9 
15.0 
14.6 
11.6 
12.2 
15.2 
14.3 
14.2 
15.3 
13.1 
13.2 
14.2 
16.1 
14.8 
12.9 
13.4 
12.7 
14.8 
15.0 
12.8 
13.0 
12.7 
15.4 
16.6 
13.6 
10.8 
15.2 
14.8 
13.6 
11.2 
12.1 
12.4 
11.5 
