5.6 
3.6 
3.2 
3.6 
3.0 
3.5 
2.9 
3.4 
3.5 
3.4 
2.8 
3.4 
3.4 
3.4 
3.4 
2.8 
3.4 
2.9 
3.5 
3.5 
2.9 
3.5 
3.5 
3.5 
3.4 
2.9 
3.5 
3.5 
3.5 
2.9 
2.9 
3.5 
3.4 
3.5 
2.9 
3.4 
2.9 
3.4 
2.9 
3.5 
3.5 
3.5 
3.5 
2.9 
3.4 
2.9 
2.9 
2.9 
3.6 
3.6 
3.0 
3.0 
3.6 
3.9 
3.7 
3.1 
3.0 
3.0 
3.6 
3.9 
3.7 
3.7 
3.7 
3.6 
3.6 
3.4 
3.5 
3.5 
3.6 
3.6 
3.6 
3.6 
3.6 
3.6 
3.6 
3.6 
4.0 
3.8 
3.7 
3.7 
3.6 
3.0 
3.6 
3.6 
3.0 
3.0 
3.5 
3.6 
3.6 
3.6 
3.6 
3.0 
3.0 
3.6 
3.6 
3.1 
3.6 
3.0 
3.5 
3.6 
3.6 
3.6 
3.6 
3.6 
3.6 
3.0 
3.7 
3.6 
3.7 
3.7 
3.6 
3.6 
3.6 
3.6 
3.6 
3.6 
3.6 
3.0 
3.6 
3.6 
3.1 
3.6 
3.6 
3.5 
3.6 
3.0 
3.6 
3.7 
3.7 
3.7 
3.6 
3.0 
3.6 
3.6 
