13.7 
9.9 
6.7 
4.7 
4.1 
6.9 
9.9 
7.0 
7.9 
12.0 
9.7 
10.1 
8.6 
8.4 
9.2 
11.0 
11.8 
11.3 
11.5 
11.5 
11.4 
8.2 
8.7 
11.1 
10.7 
8.7 
8.9 
10.5 
13.5 
11.4 
14.1 
11.9 
16.6 
15.0 
9.9 
8.7 
8.7 
11.3 
11.2 
11.4 
12.8 
11.8 
9.8 
9.3 
8.1 
11.1 
12.4 
11.8 
10.9 
12.1 
12.1 
12.2 
12.3 
11.6 
10.5 
9.7 
10.1 
7.6 
9.1 
10.8 
10.7 
11.9 
12.4 
11.1 
13.6 
10.8 
11.7 
11.3 
9.8 
10.8 
8.7 
13.0 
11.8 
11.9 
13.8 
11.7 
9.3 
9.9 
9.8 
10.3 
11.4 
11.5 
11.4 
10.3 
13.8 
11.9 
11.6 
14.1 
10.8 
11.3 
8.5 
13.4 
13.9 
