60.0 
60.0 
60.0 
59.9 
60.2 
60.2 
60.1 
60.2 
60.2 
60.1 
58.6 
60.3 
60.3 
59.9 
60.2 
60.1 
60.1 
59.9 
60.2 
60.1 
60.1 
59.9 
60.1 
60.1 
60.1 
60.1 
60.1 
60.2 
60.1 
60.2 
60.1 
60.2 
60.1 
60.1 
60.1 
60.1 
60.1 
60.1 
60.1 
60.1 
60.1 
60.1 
60.1 
60.1 
60.1 
60.2 
60.1 
60.1 
59.9 
60.1 
60.2 
60.1 
60.1 
60.1 
60.1 
59.9 
60.2 
60.1 
60.1 
60.1 
60.1 
58.8 
60.2 
60.1 
60.1 
60.0 
60.2 
60.1 
60.1 
60.1 
60.2 
45.3 
60.1 
60.1 
60.1 
60.0 
60.1 
60.2 
60.2 
60.1 
60.1 
60.1 
60.1 
60.1 
60.1 
60.2 
60.1 
60.2 
60.1 
