4.9 
4.4 
3.9 
3.0 
3.3 
3.3 
2.7 
2.7 
3.3 
2.7 
3.3 
3.3 
2.7 
2.7 
2.8 
2.7 
2.7 
3.3 
3.3 
3.3 
3.3 
3.3 
2.7 
2.7 
2.7 
2.8 
3.3 
3.3 
3.3 
3.3 
3.3 
3.3 
3.3 
3.3 
3.3 
3.3 
3.3 
3.3 
3.3 
2.7 
3.3 
3.3 
3.3 
3.3 
2.8 
2.8 
2.8 
2.8 
2.8 
2.8 
2.8 
2.8 
3.2 
2.7 
2.7 
3.3 
2.8 
2.8 
3.3 
3.3 
3.3 
3.3 
3.3 
3.3 
3.3 
3.3 
3.3 
3.3 
3.3 
3.3 
3.3 
2.7 
3.3 
2.8 
2.8 
2.8 
2.8 
2.8 
2.8 
2.8 
2.8 
2.8 
2.8 
3.3 
3.3 
3.3 
3.3 
3.3 
3.3 
3.3 
2.7 
2.7 
3.3 
3.3 
3.3 
3.3 
2.7 
3.3 
3.3 
3.3 
3.3 
3.3 
3.3 
3.3 
3.3 
2.7 
2.7 
2.8 
2.7 
2.8 
2.8 
2.8 
2.8 
3.3 
3.3 
3.3 
3.3 
3.3 
2.6 
2.7 
2.7 
3.3 
