5.0 
4.5 
4.2 
3.3 
3.9 
3.1 
3.7 
3.8 
3.8 
3.8 
3.8 
3.8 
3.8 
3.8 
3.8 
3.8 
3.9 
3.8 
3.8 
3.8 
3.9 
3.9 
3.9 
3.9 
3.9 
3.8 
3.8 
3.8 
3.9 
3.9 
3.8 
3.8 
3.8 
3.6 
3.7 
3.7 
3.8 
3.1 
3.6 
3.0 
3.5 
3.4 
3.4 
3.5 
2.8 
3.4 
2.9 
3.4 
2.9 
2.9 
2.7 
2.7 
2.7 
2.8 
2.8 
2.8 
3.3 
3.3 
2.7 
3.2 
3.3 
2.7 
3.3 
2.8 
3.3 
3.3 
3.3 
2.8 
3.4 
2.8 
3.3 
2.8 
2.8 
2.8 
2.8 
2.8 
2.8 
2.8 
2.8 
3.4 
3.4 
2.8 
3.4 
3.4 
2.7 
2.8 
3.3 
2.8 
2.8 
3.3 
3.4 
2.8 
2.8 
3.4 
3.4 
3.5 
3.4 
3.2 
2.6 
3.2 
3.4 
