4.2 
3.9 
2.8 
2.6 
2.6 
3.1 
3.1 
3.1 
3.1 
2.6 
2.6 
2.6 
2.5 
3.1 
3.1 
3.1 
2.6 
2.5 
2.9 
2.9 
2.4 
2.4 
2.5 
2.5 
2.5 
2.4 
2.3 
2.3 
2.3 
2.3 
2.4 
2.2 
2.3 
2.3 
2.3 
2.3 
2.4 
2.4 
2.4 
2.9 
2.4 
2.4 
2.4 
2.8 
2.4 
2.4 
2.4 
2.4 
2.8 
2.4 
2.4 
2.4 
2.4 
2.9 
2.4 
2.4 
2.4 
2.8 
2.4 
2.8 
2.4 
2.4 
2.4 
2.4 
2.9 
2.4 
2.9 
2.9 
2.4 
2.4 
2.4 
2.4 
2.9 
2.4 
2.8 
2.4 
2.4 
2.4 
2.4 
2.4 
2.4 
2.0 
2.4 
2.8 
2.4 
2.4 
2.3 
2.3 
2.3 
2.3 
2.4 
2.9 
2.4 
2.4 
2.4 
2.4 
2.4 
2.4 
2.9 
2.4 
2.4 
2.9 
2.9 
2.4 
2.4 
2.4 
2.4 
2.4 
2.8 
2.3 
2.4 
2.9 
2.4 
2.4 
2.4 
2.5 
2.5 
