23.4 
35.5 
28.1 
29.8 
27.4 
22.4 
28.7 
26.9 
28.3 
26.9 
29.5 
33.0 
30.9 
36.1 
38.3 
36.9 
30.7 
38.3 
40.3 
36.1 
27.2 
34.3 
28.2 
38.1 
27.8 
30.2 
27.8 
35.4 
34.4 
31.8 
45.6 
37.8 
33.4 
30.8 
33.5 
31.5 
26.7 
30.9 
33.5 
36.1 
32.0 
34.7 
34.7 
32.7 
29.5 
31.1 
28.8 
27.0 
27.0 
24.6 
27.7 
27.5 
28.7 
34.5 
43.2 
33.8 
36.2 
38.5 
29.7 
26.9 
32.4 
27.1 
27.4 
26.9 
28.9 
26.0 
32.1 
29.3 
27.2 
28.2 
28.8 
35.7 
28.9 
29.8 
32.6 
37.2 
36.7 
36.0 
39.1 
37.1 
29.9 
33.5 
36.8 
34.6 
30.9 
28.4 
27.2 
27.1 
27.8 
25.9 
26.9 
27.2 
28.0 
26.8 
32.5 
30.5 
40.8 
33.8 
30.1 
43.9 
38.6 
27.1 
27.8 
32.3 
26.1 
27.2 
32.9 
32.5 
28.4 
33.7 
30.8 
36.4 
34.2 
32.8 
30.0 
21.9 
28.6 
27.5 
26.8 
33.2 
37.0 
33.1 
36.9 
28.3 
28.7 
33.6 
28.2 
28.8 
29.0 
