24.5 
29.9 
26.8 
24.0 
24.6 
26.1 
22.8 
21.6 
23.4 
24.1 
22.7 
21.7 
22.3 
22.9 
24.9 
25.2 
24.5 
23.7 
23.7 
22.6 
26.9 
27.6 
26.6 
25.0 
23.4 
23.6 
24.1 
22.7 
22.2 
24.2 
24.8 
23.8 
23.6 
24.4 
22.6 
21.8 
25.0 
24.4 
21.8 
22.6 
22.2 
23.7 
22.9 
24.1 
25.1 
25.2 
24.9 
24.5 
26.2 
22.7 
23.8 
25.9 
23.1 
25.2 
24.7 
24.2 
20.1 
25.6 
24.0 
23.7 
24.5 
22.7 
23.9 
25.9 
24.2 
25.0 
25.6 
23.7 
24.9 
25.5 
25.4 
25.1 
22.4 
24.5 
24.7 
24.1 
22.8 
24.2 
24.1 
25.1 
23.1 
23.3 
25.1 
23.1 
25.0 
25.3 
24.9 
22.8 
23.6 
23.9 
25.2 
22.4 
23.4 
25.3 
23.6 
24.8 
24.8 
25.3 
24.6 
25.3 
24.9 
23.5 
22.8 
24.8 
25.2 
25.7 
27.5 
26.6 
26.1 
26.2 
22.0 
24.7 
25.2 
26.2 
23.0 
23.2 
24.2 
25.2 
24.4 
24.8 
25.2 
25.2 
25.6 
25.8 
