57.2 
56.9 
57.6 
57.6 
57.6 
57.6 
57.6 
59.3 
57.5 
59.5 
57.6 
57.7 
57.2 
57.6 
57.4 
59.5 
55.5 
57.5 
57.6 
57.6 
57.6 
59.5 
57.8 
57.6 
55.9 
59.5 
57.5 
57.7 
57.7 
59.5 
57.6 
57.7 
57.6 
57.7 
57.7 
57.6 
57.5 
57.7 
57.1 
55.9 
57.4 
57.6 
57.6 
57.7 
57.7 
57.7 
57.6 
54.3 
57.6 
57.6 
57.6 
57.6 
57.5 
57.4 
53.5 
57.4 
57.6 
57.5 
57.7 
57.5 
57.6 
57.7 
57.3 
59.8 
57.5 
57.6 
57.6 
57.3 
57.5 
59.6 
40.7 
57.6 
57.6 
57.5 
57.8 
57.4 
57.8 
57.5 
57.3 
59.5 
57.7 
57.7 
58.1 
57.7 
57.7 
57.6 
57.6 
57.6 
57.1 
57.3 
57.6 
57.6 
57.6 
57.7 
57.7 
59.6 
57.6 
57.7 
57.6 
59.5 
57.7 
57.7 
57.7 
57.5 
57.5 
53.4 
57.6 
59.5 
57.7 
56.9 
57.6 
57.7 
57.7 
57.6 
57.6 
57.7 
57.8 
47.1 
57.6 
57.4 
57.6 
57.6 
57.7 
57.7 
57.7 
57.5 
57.5 
59.4 
57.5 
57.7 
57.4 
57.7 
57.6 
57.6 
57.5 
57.6 
57.5 
57.8 
57.3 
57.6 
43.7 
57.6 
57.7 
57.6 
57.7 
57.6 
57.7 
57.7 
57.5 
57.7 
57.5 
57.6 
57.6 
57.7 
57.6 
52.6 
57.0 
57.7 
57.4 
57.4 
57.3 
57.5 
57.5 
53.5 
57.4 
57.4 
57.3 
57.7 
57.7 
59.4 
