57.1 
57.4 
57.3 
50.9 
57.7 
57.6 
57.6 
57.7 
53.4 
57.2 
57.2 
57.6 
57.7 
57.2 
57.6 
57.6 
57.6 
57.5 
57.6 
57.9 
57.6 
59.2 
57.6 
57.6 
57.7 
57.6 
57.7 
57.7 
57.6 
57.6 
57.4 
57.6 
56.6 
57.6 
57.6 
57.7 
57.4 
58.1 
57.6 
57.6 
57.7 
57.6 
57.6 
57.8 
59.5 
59.4 
57.6 
57.5 
57.7 
57.7 
57.6 
57.5 
57.0 
57.7 
57.5 
57.6 
58.1 
57.6 
57.9 
57.6 
57.9 
54.6 
57.6 
57.6 
57.9 
57.6 
57.6 
57.2 
57.7 
57.5 
57.8 
57.6 
57.6 
57.6 
57.7 
57.7 
57.6 
57.4 
57.5 
57.6 
57.6 
57.4 
57.6 
57.6 
57.6 
57.9 
57.6 
57.9 
56.7 
57.6 
57.9 
57.7 
57.6 
57.3 
