50.9 
55.4 
57.3 
57.8 
57.1 
57.4 
51.0 
55.9 
57.8 
57.5 
57.6 
57.0 
57.2 
57.2 
57.5 
56.8 
56.7 
57.4 
57.3 
59.3 
57.7 
57.0 
57.2 
57.4 
57.5 
57.5 
57.3 
57.5 
57.6 
57.1 
57.1 
56.3 
57.4 
57.5 
57.1 
57.4 
57.8 
57.2 
57.4 
57.0 
57.2 
57.4 
57.2 
57.4 
56.7 
57.1 
57.1 
57.2 
57.3 
57.6 
57.5 
57.0 
57.3 
57.0 
57.0 
57.5 
57.7 
57.3 
57.5 
57.1 
59.1 
57.4 
57.3 
57.3 
57.3 
57.4 
57.1 
57.2 
57.0 
57.6 
57.3 
57.4 
57.4 
57.1 
57.1 
54.9 
56.9 
57.3 
57.3 
57.4 
57.3 
57.4 
57.0 
57.8 
57.0 
57.3 
57.3 
57.0 
