50.8 
53.6 
51.4 
53.9 
54.2 
53.6 
50.8 
53.5 
53.6 
51.4 
50.1 
53.7 
50.7 
54.4 
53.4 
50.3 
52.1 
54.3 
53.6 
53.3 
51.5 
51.8 
54.3 
50.9 
53.0 
53.9 
53.8 
53.9 
53.6 
53.6 
53.6 
54.3 
56.0 
51.5 
52.7 
51.4 
55.8 
53.4 
52.2 
53.6 
52.0 
54.1 
56.3 
51.0 
55.1 
51.2 
53.7 
51.2 
53.4 
54.3 
50.9 
53.9 
51.4 
53.4 
51.0 
50.9 
53.8 
54.3 
53.7 
51.5 
53.8 
47.6 
51.2 
51.6 
53.8 
54.7 
54.7 
54.1 
51.7 
53.3 
53.6 
51.2 
54.8 
53.4 
53.7 
54.3 
54.4 
54.3 
53.9 
51.6 
53.0 
56.8 
51.2 
53.0 
50.8 
53.5 
51.0 
54.6 
53.9 
53.4 
52.5 
54.0 
53.9 
53.7 
52.6 
53.7 
53.8 
51.0 
53.9 
52.0 
51.8 
53.9 
53.4 
52.1 
53.7 
51.1 
53.0 
53.3 
54.2 
53.3 
53.8 
56.0 
53.5 
52.5 
53.7 
54.1 
53.4 
52.0 
51.6 
53.8 
53.6 
54.1 
53.4 
52.4 
53.6 
50.8 
51.2 
54.4 
53.7 
50.7 
52.9 
51.8 
53.4 
51.2 
51.1 
53.5 
51.5 
54.5 
53.5 
53.8 
54.5 
53.2 
52.8 
51.1 
50.8 
53.6 
53.5 
53.6 
51.1 
52.6 
53.1 
54.0 
