57.4 
56.2 
57.4 
57.2 
57.5 
56.9 
55.7 
57.1 
57.0 
57.2 
57.6 
57.4 
57.6 
57.5 
57.5 
57.4 
57.5 
57.2 
57.2 
57.3 
57.1 
57.3 
57.0 
57.4 
57.3 
57.0 
57.5 
57.0 
57.7 
57.3 
57.2 
56.9 
57.4 
57.0 
57.4 
57.4 
57.2 
57.0 
57.0 
57.2 
54.7 
57.6 
57.4 
57.6 
57.3 
57.4 
57.0 
57.2 
57.4 
57.2 
57.0 
57.2 
57.5 
57.5 
53.7 
57.5 
57.1 
57.1 
57.1 
57.6 
57.5 
57.1 
56.9 
57.6 
57.3 
57.6 
57.6 
57.3 
57.5 
57.5 
57.3 
57.6 
57.4 
57.4 
57.3 
57.1 
57.6 
57.1 
55.3 
57.2 
57.1 
57.3 
57.5 
57.2 
57.2 
57.0 
57.5 
57.3 
57.2 
57.4 
57.5 
57.2 
57.0 
57.0 
57.4 
57.1 
57.4 
57.0 
57.4 
57.5 
57.1 
57.4 
57.4 
57.0 
57.2 
57.4 
57.3 
56.0 
56.8 
57.3 
57.1 
57.8 
57.3 
57.3 
57.4 
56.7 
57.3 
57.3 
57.4 
57.5 
57.4 
57.2 
57.1 
57.3 
57.0 
57.5 
57.1 
57.6 
57.5 
57.0 
57.3 
57.3 
57.0 
57.4 
57.2 
57.3 
57.0 
57.4 
57.1 
57.4 
57.1 
57.4 
57.5 
57.3 
57.2 
57.2 
57.3 
57.3 
57.2 
57.2 
57.3 
57.2 
57.2 
57.4 
57.1 
57.2 
57.5 
57.0 
57.4 
57.5 
57.6 
57.5 
57.6 
57.3 
57.1 
57.5 
57.4 
57.1 
57.7 
57.2 
57.2 
57.4 
57.3 
57.3 
57.5 
57.0 
57.2 
57.3 
57.4 
57.6 
57.2 
56.7 
57.0 
57.2 
