45.7 
46.3 
45.9 
46.3 
48.6 
45.5 
44.1 
44.4 
47.8 
46.6 
45.2 
46.2 
45.5 
46.7 
47.3 
45.5 
45.2 
46.6 
46.5 
45.2 
50.1 
47.7 
45.3 
46.5 
45.1 
46.8 
46.5 
49.6 
47.6 
45.5 
45.4 
45.1 
48.6 
45.5 
45.6 
46.7 
45.3 
45.4 
47.3 
46.4 
45.6 
46.1 
46.3 
45.6 
46.2 
46.4 
45.9 
46.7 
46.8 
45.5 
45.2 
46.5 
45.2 
46.7 
46.9 
45.9 
49.3 
45.7 
44.0 
46.2 
45.6 
45.1 
45.5 
46.2 
45.6 
45.2 
47.1 
45.7 
45.4 
48.9 
45.3 
47.3 
49.4 
43.5 
46.7 
48.4 
46.8 
46.3 
46.3 
46.9 
49.4 
42.7 
45.0 
46.4 
46.4 
46.6 
47.9 
45.9 
46.4 
45.7 
46.9 
45.5 
45.9 
43.9 
45.1 
46.4 
46.5 
45.3 
45.4 
45.1 
46.1 
46.8 
45.5 
49.8 
45.2 
45.6 
45.6 
45.5 
45.8 
46.3 
