19.8 
15.3 
17.3 
15.0 
17.5 
13.9 
17.9 
13.9 
15.7 
19.0 
14.9 
18.0 
18.9 
17.4 
18.4 
15.9 
15.4 
15.1 
14.2 
15.8 
15.0 
19.3 
18.6 
16.9 
13.9 
16.1 
19.7 
18.3 
12.9 
14.7 
13.1 
17.3 
17.7 
17.5 
16.7 
16.4 
16.0 
15.3 
19.7 
18.7 
16.9 
15.9 
17.0 
18.5 
10.4 
17.8 
20.0 
19.2 
16.1 
17.3 
12.3 
13.3 
16.5 
16.4 
20.5 
14.0 
20.9 
17.2 
20.9 
20.5 
18.3 
21.7 
18.2 
18.0 
18.3 
15.9 
16.6 
14.3 
14.4 
15.5 
15.1 
16.7 
18.2 
18.6 
16.0 
17.4 
15.1 
15.2 
14.3 
17.3 
16.2 
14.1 
15.9 
16.9 
15.5 
16.9 
17.8 
19.1 
15.9 
19.4 
13.8 
21.0 
15.5 
16.4 
15.5 
16.3 
15.8 
14.9 
17.3 
17.1 
17.6 
14.0 
18.2 
16.7 
17.9 
18.3 
15.1 
20.7 
16.4 
19.2 
16.4 
14.9 
20.8 
17.1 
18.3 
17.2 
15.9 
17.9 
16.2 
16.7 
20.3 
15.6 
17.7 
20.7 
12.9 
18.2 
13.6 
15.4 
16.0 
