56.5 
57.3 
57.3 
57.0 
53.7 
57.6 
57.4 
56.9 
57.0 
54.0 
57.2 
57.2 
57.6 
57.1 
56.7 
57.6 
57.5 
57.3 
57.2 
56.4 
57.2 
57.3 
57.3 
57.0 
57.6 
57.4 
57.5 
57.2 
57.2 
57.3 
56.9 
57.5 
57.4 
57.2 
57.3 
57.4 
57.3 
57.3 
57.2 
57.5 
57.6 
57.6 
57.3 
57.6 
56.9 
57.4 
57.4 
57.3 
57.2 
57.1 
57.3 
57.2 
57.1 
57.1 
57.2 
57.2 
57.4 
52.8 
57.4 
57.1 
57.2 
57.1 
57.6 
57.4 
57.1 
57.1 
57.0 
57.2 
57.5 
57.3 
57.3 
57.6 
57.2 
57.0 
57.4 
57.1 
57.4 
57.4 
57.3 
57.4 
57.0 
57.5 
57.6 
57.1 
57.1 
57.2 
57.1 
57.5 
57.2 
57.4 
57.1 
57.2 
57.3 
57.2 
57.3 
57.1 
57.2 
57.3 
57.3 
57.2 
57.6 
57.0 
57.5 
57.0 
56.9 
57.8 
57.6 
57.2 
57.3 
57.6 
57.5 
57.7 
57.4 
56.9 
57.4 
57.6 
57.7 
57.3 
57.3 
58.2 
56.7 
57.6 
56.9 
57.1 
57.1 
57.4 
