49.0 
47.6 
54.3 
57.2 
56.9 
57.0 
57.3 
54.5 
57.2 
57.6 
56.9 
57.1 
56.9 
57.5 
53.7 
57.1 
53.9 
57.3 
54.5 
57.1 
57.4 
57.1 
55.2 
53.4 
57.4 
55.0 
57.3 
53.9 
56.2 
54.7 
57.2 
57.1 
56.5 
57.3 
56.2 
57.3 
54.7 
57.2 
57.5 
57.4 
57.1 
56.4 
54.9 
57.3 
57.3 
55.1 
57.2 
57.6 
54.1 
54.8 
54.7 
56.3 
57.7 
54.9 
55.2 
55.4 
56.8 
54.6 
56.6 
57.3 
54.7 
56.2 
56.7 
48.4 
53.9 
53.7 
54.2 
53.5 
54.1 
57.3 
56.5 
57.6 
55.3 
57.3 
57.4 
57.6 
54.1 
54.7 
57.0 
57.4 
57.0 
57.0 
57.2 
56.0 
53.9 
56.7 
55.0 
54.8 
54.5 
57.1 
55.4 
56.5 
57.2 
57.3 
56.6 
54.5 
57.3 
56.4 
57.4 
57.3 
57.1 
54.0 
57.0 
57.4 
53.7 
57.2 
54.7 
57.1 
54.5 
54.2 
57.1 
53.8 
57.3 
57.3 
55.3 
57.4 
56.0 
54.7 
54.7 
56.3 
57.4 
54.8 
54.0 
54.2 
54.3 
57.1 
54.2 
57.1 
56.3 
55.3 
54.6 
54.8 
57.2 
56.8 
54.4 
55.0 
57.0 
56.2 
55.0 
56.4 
55.5 
57.2 
57.2 
56.4 
53.8 
56.7 
54.5 
57.3 
56.7 
57.2 
57.4 
54.8 
57.7 
57.0 
54.8 
57.2 
57.3 
57.3 
54.1 
57.1 
54.1 
55.4 
57.4 
57.3 
56.6 
54.2 
57.3 
54.1 
57.1 
57.0 
54.5 
57.2 
55.3 
53.8 
56.8 
56.2 
54.2 
55.0 
53.6 
57.2 
57.2 
57.5 
55.4 
54.1 
57.2 
57.3 
53.9 
53.7 
57.1 
53.7 
55.4 
56.8 
57.0 
57.3 
54.7 
57.3 
54.4 
55.3 
53.9 
57.2 
56.9 
56.8 
57.3 
54.8 
56.6 
57.3 
55.2 
56.9 
54.8 
57.2 
56.5 
54.6 
56.7 
57.2 
55.4 
