45.3 
45.1 
46.4 
46.6 
46.5 
46.9 
43.3 
47.4 
49.6 
45.1 
50.0 
50.2 
45.5 
46.6 
49.4 
49.7 
46.8 
47.7 
47.6 
46.7 
48.0 
49.0 
45.4 
46.9 
48.7 
49.7 
47.8 
48.2 
46.6 
46.9 
47.2 
50.5 
47.3 
46.1 
45.9 
47.8 
43.9 
47.0 
46.3 
49.8 
45.3 
47.3 
48.0 
45.3 
46.3 
46.6 
49.1 
47.8 
45.8 
48.7 
48.8 
49.3 
46.6 
47.0 
45.5 
50.9 
47.3 
46.4 
47.8 
50.0 
46.7 
48.3 
49.7 
45.2 
42.4 
46.8 
46.9 
50.6 
50.3 
46.0 
45.8 
50.9 
46.7 
45.0 
45.1 
45.1 
49.1 
46.5 
45.3 
45.7 
47.6 
47.2 
47.0 
46.6 
46.5 
47.7 
46.7 
47.9 
48.1 
46.4 
49.7 
49.5 
47.6 
46.2 
46.0 
49.5 
45.7 
48.7 
46.9 
50.3 
48.6 
48.2 
47.3 
45.2 
48.1 
45.9 
49.7 
49.3 
47.9 
46.5 
47.1 
47.6 
49.7 
47.8 
48.0 
48.0 
45.7 
46.1 
47.7 
46.7 
49.3 
45.6 
46.7 
46.9 
49.5 
45.0 
48.2 
44.2 
47.9 
50.3 
44.8 
47.5 
47.8 
