50.3 
53.7 
54.1 
54.1 
56.2 
53.9 
53.9 
54.4 
54.4 
54.5 
54.1 
53.6 
54.1 
53.8 
54.3 
54.4 
54.7 
54.3 
54.1 
53.8 
53.7 
54.0 
53.9 
53.7 
54.5 
54.1 
54.3 
53.8 
53.6 
54.1 
53.8 
54.0 
54.0 
55.2 
53.7 
54.0 
53.6 
54.4 
53.7 
54.6 
53.8 
55.9 
53.8 
53.8 
53.6 
53.6 
54.3 
54.4 
53.8 
54.0 
54.4 
53.5 
53.5 
53.7 
54.3 
53.8 
53.8 
54.1 
51.9 
53.9 
53.5 
53.8 
54.5 
54.6 
53.9 
54.0 
54.2 
54.5 
53.8 
54.6 
53.6 
54.3 
54.7 
56.5 
54.8 
54.4 
54.0 
53.6 
53.7 
54.2 
51.3 
54.4 
54.4 
54.1 
53.8 
54.0 
54.1 
53.5 
53.8 
54.3 
54.1 
53.6 
53.7 
53.6 
54.4 
54.4 
54.0 
54.0 
53.6 
53.7 
54.4 
54.4 
53.8 
53.7 
54.2 
53.8 
54.6 
