50.1 
51.7 
54.6 
55.2 
55.3 
54.8 
54.7 
54.5 
54.6 
54.6 
54.6 
53.6 
54.6 
54.6 
57.3 
54.6 
53.9 
54.4 
54.5 
54.7 
54.6 
54.8 
57.6 
54.6 
54.5 
54.7 
54.5 
54.5 
54.6 
54.6 
54.8 
54.6 
54.8 
54.5 
54.9 
57.4 
55.0 
54.4 
56.5 
54.6 
54.6 
54.6 
54.8 
54.6 
54.7 
54.6 
55.2 
56.9 
57.6 
56.9 
54.5 
54.6 
54.6 
54.6 
54.6 
55.2 
54.6 
55.4 
56.8 
54.4 
54.5 
55.9 
54.7 
54.6 
54.6 
57.4 
55.2 
54.6 
54.5 
54.9 
54.5 
54.4 
54.4 
54.5 
56.8 
54.8 
56.7 
54.6 
54.6 
54.8 
54.7 
54.4 
54.8 
54.8 
54.9 
54.7 
54.6 
54.6 
54.8 
54.7 
56.2 
54.5 
54.4 
54.4 
57.0 
54.9 
55.4 
54.6 
54.6 
54.6 
54.6 
54.6 
54.6 
56.1 
55.4 
54.6 
