57.2 
59.5 
57.3 
53.2 
56.6 
57.1 
54.0 
57.0 
57.4 
54.9 
56.1 
56.3 
54.9 
54.1 
56.1 
54.9 
56.3 
55.2 
56.7 
54.4 
56.7 
56.9 
57.3 
54.1 
54.0 
55.7 
57.3 
53.7 
57.1 
54.7 
57.5 
57.3 
53.8 
57.0 
54.6 
57.2 
54.1 
57.6 
56.9 
57.4 
54.2 
57.4 
56.1 
54.9 
57.0 
54.1 
57.2 
56.9 
55.6 
57.2 
54.2 
57.2 
57.2 
54.1 
57.0 
54.4 
57.0 
56.4 
57.2 
56.4 
57.3 
57.2 
53.9 
56.1 
54.2 
56.2 
54.9 
57.4 
54.3 
57.2 
53.1 
57.4 
55.1 
56.9 
57.0 
57.0 
53.9 
54.4 
56.8 
56.9 
55.1 
56.7 
57.2 
57.4 
56.7 
57.4 
55.2 
57.4 
56.8 
55.3 
54.1 
56.2 
54.4 
57.4 
53.9 
54.0 
56.2 
54.1 
57.5 
54.8 
57.5 
53.6 
54.8 
54.4 
56.8 
56.7 
56.1 
56.2 
54.0 
55.3 
54.1 
57.5 
54.2 
54.6 
56.1 
56.3 
55.3 
54.6 
56.9 
57.6 
57.6 
53.5 
56.2 
54.1 
54.1 
53.9 
54.9 
54.6 
55.3 
