54.5 
57.3 
57.1 
57.4 
57.7 
57.3 
57.6 
57.3 
57.6 
57.3 
57.5 
57.1 
57.7 
57.2 
57.2 
57.3 
57.7 
56.9 
57.5 
57.4 
58.1 
57.5 
59.6 
57.3 
57.2 
57.1 
57.2 
56.8 
58.0 
57.0 
57.2 
59.5 
57.0 
57.1 
57.3 
57.1 
57.8 
57.0 
57.3 
56.9 
57.2 
57.1 
57.3 
57.0 
57.8 
57.1 
57.3 
57.6 
57.5 
57.1 
57.2 
57.3 
57.2 
57.6 
57.1 
57.2 
57.3 
56.9 
57.5 
58.9 
57.2 
57.4 
57.5 
57.5 
57.3 
57.4 
59.4 
57.6 
57.6 
57.2 
56.7 
57.4 
57.2 
57.2 
57.5 
57.2 
57.4 
57.2 
57.2 
57.4 
57.6 
57.5 
57.0 
57.1 
57.6 
57.4 
57.3 
57.5 
57.0 
57.3 
59.4 
57.4 
57.0 
57.2 
57.2 
59.3 
56.4 
57.5 
57.3 
57.3 
57.5 
57.4 
57.3 
57.4 
57.2 
57.3 
57.5 
59.5 
57.6 
57.3 
57.5 
57.3 
57.4 
57.2 
57.2 
57.2 
57.4 
57.5 
57.6 
57.6 
57.4 
57.1 
57.5 
57.2 
57.3 
57.2 
57.0 
57.3 
57.5 
57.4 
57.5 
57.3 
57.0 
57.3 
57.7 
57.6 
57.1 
57.8 
57.5 
57.7 
59.0 
57.6 
59.4 
57.2 
59.1 
54.0 
57.0 
59.5 
57.4 
56.8 
57.6 
57.4 
57.3 
57.4 
57.4 
57.2 
57.3 
57.3 
57.4 
57.6 
57.4 
59.8 
57.4 
57.6 
59.8 
57.3 
57.3 
57.8 
57.5 
56.9 
57.0 
57.5 
57.1 
57.2 
57.1 
57.1 
57.2 
57.2 
57.6 
57.3 
57.6 
57.4 
57.5 
57.4 
57.4 
59.2 
57.4 
59.3 
57.4 
57.6 
57.3 
57.7 
57.1 
57.1 
57.6 
57.8 
57.9 
57.1 
57.3 
57.5 
57.4 
57.6 
57.1 
57.2 
57.3 
55.8 
59.2 
57.6 
56.9 
57.6 
59.8 
57.1 
57.4 
57.6 
59.4 
57.2 
57.1 
57.5 
57.4 
57.3 
57.2 
57.6 
57.2 
57.1 
57.8 
57.9 
59.5 
57.2 
58.0 
57.1 
57.4 
57.2 
57.4 
57.0 
