53.7 
54.1 
53.6 
53.9 
54.0 
52.4 
53.7 
55.0 
53.0 
54.3 
54.3 
53.9 
53.9 
54.5 
54.0 
54.0 
53.7 
53.9 
54.4 
53.7 
54.4 
54.6 
54.3 
54.1 
53.3 
53.9 
54.5 
53.8 
53.7 
53.8 
51.7 
53.8 
53.8 
54.2 
54.0 
54.0 
53.9 
54.6 
54.1 
54.1 
54.2 
51.9 
54.2 
51.3 
53.8 
54.0 
53.7 
54.2 
54.5 
53.6 
56.3 
54.0 
54.2 
54.3 
53.9 
53.8 
54.2 
54.0 
52.4 
53.6 
53.4 
53.5 
51.7 
53.8 
53.8 
53.7 
54.5 
53.5 
53.0 
51.8 
51.9 
53.9 
53.9 
54.6 
52.9 
54.4 
52.5 
54.6 
54.2 
54.9 
54.0 
54.1 
54.0 
53.7 
53.9 
54.5 
54.3 
53.6 
53.7 
53.8 
54.0 
54.5 
53.8 
53.1 
54.4 
54.2 
54.2 
54.2 
53.8 
54.1 
53.9 
51.1 
54.3 
53.8 
54.0 
54.3 
54.6 
54.4 
54.0 
53.5 
54.7 
54.2 
53.9 
53.9 
54.0 
54.5 
53.9 
56.2 
53.9 
56.2 
52.9 
54.2 
54.5 
53.8 
54.2 
54.1 
53.8 
54.2 
54.4 
53.9 
54.2 
54.1 
54.0 
54.4 
53.9 
54.2 
54.1 
54.6 
54.3 
53.7 
53.4 
53.0 
53.6 
54.7 
54.4 
54.3 
53.8 
53.6 
53.9 
53.9 
53.9 
54.6 
54.4 
53.6 
56.1 
53.6 
53.8 
53.7 
54.2 
53.5 
54.4 
53.8 
