49.9 
50.9 
54.4 
46.5 
50.9 
53.9 
54.0 
52.7 
54.2 
53.5 
50.7 
51.2 
51.1 
54.0 
51.3 
50.7 
50.0 
50.9 
53.2 
50.4 
54.1 
50.3 
53.9 
53.5 
54.0 
51.7 
50.8 
53.5 
51.1 
53.9 
51.2 
51.8 
53.5 
52.9 
53.7 
53.9 
53.9 
50.4 
53.3 
53.3 
51.5 
54.4 
53.7 
53.5 
50.5 
53.8 
52.5 
54.2 
50.6 
53.5 
54.5 
53.0 
50.6 
50.8 
52.6 
53.8 
52.8 
54.3 
52.7 
53.7 
52.8 
54.5 
50.7 
53.8 
53.8 
51.2 
54.5 
51.6 
50.1 
51.9 
51.3 
51.4 
52.5 
56.6 
51.0 
51.4 
51.5 
53.7 
53.3 
53.7 
50.7 
51.5 
51.5 
54.4 
50.1 
51.3 
53.7 
52.9 
51.9 
52.8 
55.4 
54.4 
50.8 
53.7 
50.8 
51.8 
54.1 
52.9 
54.1 
52.0 
54.2 
53.1 
55.6 
52.8 
54.4 
50.7 
51.0 
51.4 
53.8 
51.4 
54.0 
54.0 
53.2 
53.7 
54.4 
51.6 
52.0 
52.7 
51.9 
54.8 
54.1 
56.8 
55.1 
54.5 
51.6 
54.4 
53.2 
51.2 
53.9 
56.4 
51.5 
56.5 
55.0 
54.0 
56.4 
56.2 
53.8 
54.2 
54.7 
52.7 
54.7 
53.8 
54.5 
53.6 
53.7 
54.0 
