49.1 
50.8 
49.9 
50.5 
50.1 
49.7 
46.6 
48.0 
51.0 
53.1 
50.9 
51.5 
48.8 
50.5 
49.6 
48.7 
50.1 
50.6 
50.4 
50.4 
50.7 
50.6 
49.9 
49.9 
50.6 
50.2 
52.1 
50.2 
50.9 
50.9 
50.9 
50.4 
50.4 
52.4 
50.9 
49.8 
50.4 
47.9 
50.4 
48.0 
52.1 
49.6 
49.7 
50.7 
49.7 
54.0 
50.7 
50.9 
49.5 
50.0 
51.2 
50.6 
49.9 
51.6 
50.1 
50.8 
49.2 
50.8 
49.7 
48.3 
49.7 
50.8 
50.0 
50.0 
50.4 
50.7 
45.2 
51.1 
50.4 
50.7 
49.6 
50.6 
53.8 
51.1 
48.3 
44.1 
50.5 
49.6 
53.3 
50.3 
47.2 
50.4 
53.9 
50.5 
50.8 
50.5 
51.8 
50.5 
50.8 
50.9 
49.8 
53.6 
54.3 
54.4 
53.8 
54.1 
54.1 
54.4 
53.8 
52.0 
54.4 
54.4 
53.7 
53.6 
54.1 
53.8 
54.1 
53.9 
53.8 
53.7 
53.7 
54.4 
54.0 
53.7 
53.8 
53.8 
53.9 
53.7 
53.6 
54.3 
53.6 
53.8 
54.6 
53.8 
54.1 
53.6 
54.1 
53.4 
54.5 
53.7 
54.3 
54.3 
54.4 
54.2 
54.4 
54.0 
53.9 
53.8 
54.5 
54.4 
54.2 
54.0 
53.8 
53.9 
53.9 
34.7 
53.8 
54.5 
50.8 
54.8 
54.3 
53.2 
53.7 
51.1 
54.1 
54.2 
54.1 
54.4 
54.3 
53.7 
54.2 
54.1 
54.3 
54.4 
54.5 
54.3 
54.4 
54.5 
52.9 
54.4 
54.4 
50.8 
54.5 
54.7 
54.0 
54.6 
54.1 
54.3 
54.1 
54.5 
54.3 
54.3 
54.4 
54.0 
53.6 
53.5 
53.7 
54.3 
54.0 
54.5 
54.3 
54.5 
50.6 
47.1 
52.4 
50.4 
52.3 
50.5 
54.2 
