48.7 
52.5 
52.9 
53.8 
46.8 
52.2 
54.6 
53.8 
53.4 
52.8 
53.6 
53.8 
53.9 
54.1 
51.5 
53.9 
53.6 
54.2 
51.3 
54.0 
54.6 
53.7 
53.8 
54.1 
53.6 
54.5 
54.2 
54.2 
50.6 
53.9 
52.4 
53.5 
54.5 
54.0 
54.5 
53.6 
53.7 
51.3 
51.3 
51.6 
51.6 
54.0 
54.0 
53.9 
54.5 
54.0 
54.5 
54.2 
54.2 
53.9 
54.4 
54.5 
53.9 
53.9 
53.5 
53.7 
54.2 
51.1 
54.1 
54.0 
54.1 
51.2 
53.7 
53.8 
54.1 
54.1 
54.0 
53.7 
51.2 
51.1 
53.2 
54.4 
54.1 
53.8 
54.2 
53.2 
52.9 
53.8 
54.5 
53.6 
54.4 
54.4 
53.3 
51.3 
54.1 
54.2 
54.0 
54.4 
54.3 
52.1 
53.9 
53.6 
54.4 
51.9 
52.9 
54.1 
51.8 
51.6 
52.6 
54.2 
54.0 
54.5 
53.7 
53.1 
54.1 
52.0 
54.4 
53.6 
54.3 
52.9 
54.4 
54.0 
52.9 
54.2 
54.4 
54.2 
52.4 
50.8 
54.5 
50.8 
53.6 
54.2 
53.6 
53.2 
53.6 
53.5 
54.4 
54.1 
53.7 
53.7 
53.0 
50.4 
52.2 
