5.6 
4.3 
3.8 
3.6 
3.3 
3.3 
3.3 
3.3 
3.2 
3.2 
2.7 
2.7 
3.3 
3.3 
2.7 
2.7 
3.2 
2.7 
3.2 
3.2 
2.7 
2.7 
3.3 
2.7 
2.7 
3.3 
3.3 
2.7 
2.7 
3.3 
3.3 
3.3 
2.7 
2.7 
3.3 
2.7 
3.3 
3.3 
2.7 
2.7 
3.2 
3.3 
2.7 
2.7 
3.3 
2.7 
2.7 
2.7 
2.7 
3.3 
3.3 
3.3 
3.3 
3.3 
3.3 
2.7 
3.3 
3.2 
2.7 
3.2 
2.7 
2.7 
2.7 
2.7 
3.3 
2.8 
3.3 
3.3 
2.7 
2.7 
2.7 
3.3 
3.3 
3.2 
3.2 
3.2 
3.3 
3.3 
2.7 
3.3 
3.3 
3.3 
2.7 
3.3 
3.3 
3.3 
3.3 
2.7 
2.7 
3.3 
3.3 
3.3 
2.8 
3.3 
2.8 
3.3 
3.3 
3.3 
2.7 
3.3 
3.2 
3.3 
2.7 
3.2 
2.7 
3.2 
2.6 
3.2 
3.2 
3.1 
