22.3 
25.9 
25.2 
21.0 
23.0 
14.2 
19.8 
20.9 
20.9 
21.1 
18.9 
18.8 
21.4 
24.2 
24.6 
22.0 
20.6 
23.4 
20.0 
20.7 
24.5 
23.3 
22.5 
23.1 
23.4 
23.5 
24.8 
21.8 
23.9 
22.3 
20.9 
29.3 
25.2 
24.4 
21.2 
29.1 
26.6 
21.2 
20.9 
22.2 
23.5 
22.3 
23.4 
22.7 
24.2 
25.4 
23.7 
24.5 
30.0 
22.7 
23.7 
22.3 
25.4 
25.1 
24.5 
26.6 
29.0 
28.3 
27.3 
23.2 
24.7 
24.4 
26.5 
28.8 
26.3 
25.8 
26.7 
24.9 
24.4 
22.4 
22.3 
24.9 
23.7 
21.8 
23.4 
25.0 
25.7 
27.9 
25.4 
23.9 
25.7 
28.4 
22.7 
24.2 
25.2 
22.9 
24.7 
23.3 
25.6 
24.7 
20.6 
26.0 
22.2 
22.9 
23.6 
23.8 
26.0 
24.4 
21.9 
24.8 
26.0 
17.2 
19.2 
19.8 
20.6 
21.0 
26.4 
24.9 
26.9 
25.1 
21.5 
23.1 
21.1 
26.9 
24.5 
26.7 
21.1 
20.9 
25.0 
23.4 
22.3 
26.5 
22.5 
26.8 
21.7 
22.6 
23.4 
20.7 
24.3 
25.8 
26.0 
25.4 
25.4 
21.8 
21.0 
22.7 
27.8 
25.1 
24.2 
26.1 
26.0 
24.3 
22.5 
26.2 
21.8 
20.3 
26.9 
25.1 
24.1 
27.3 
26.4 
24.7 
26.4 
24.6 
27.3 
24.7 
30.3 
25.3 
23.4 
25.3 
21.8 
22.6 
21.4 
23.5 
24.6 
21.8 
26.0 
28.8 
29.2 
25.2 
21.4 
26.6 
21.5 
22.1 
19.0 
25.5 
23.1 
24.7 
21.7 
21.8 
24.7 
26.8 
26.8 
22.1 
24.6 
26.3 
24.0 
22.6 
21.5 
23.5 
23.9 
22.2 
27.3 
26.9 
22.9 
28.6 
26.3 
25.7 
26.9 
30.0 
25.7 
19.9 
22.7 
23.0 
24.3 
22.5 
22.8 
23.6 
26.8 
22.8 
32.6 
28.0 
29.6 
21.1 
23.1 
21.1 
22.2 
24.0 
20.0 
22.3 
27.8 
23.5 
30.0 
30.0 
23.6 
26.0 
24.0 
20.7 
22.8 
20.8 
26.3 
25.6 
20.6 
14.5 
20.5 
22.2 
21.7 
22.5 
25.8 
26.9 
23.1 
20.2 
24.0 
22.4 
23.1 
26.9 
28.5 
22.2 
21.9 
24.6 
22.9 
26.1 
25.1 
26.5 
22.1 
20.8 
28.4 
21.5 
20.0 
21.8 
24.5 
25.8 
25.9 
21.7 
23.0 
18.7 
21.8 
21.8 
22.1 
22.5 
25.5 
19.4 
22.1 
22.7 
22.7 
27.9 
20.2 
25.4 
23.8 
22.2 
27.6 
24.3 
22.3 
22.4 
26.8 
24.0 
23.0 
24.0 
23.4 
26.9 
22.3 
26.5 
24.8 
23.7 
21.3 
19.1 
22.1 
23.9 
25.5 
23.9 
