20.8 
20.0 
20.8 
20.5 
17.0 
21.6 
19.9 
20.6 
23.8 
20.4 
25.0 
28.3 
24.1 
23.4 
23.2 
23.6 
23.6 
22.7 
23.1 
22.7 
19.9 
26.6 
26.1 
22.4 
23.8 
25.7 
24.5 
25.1 
22.4 
24.0 
25.1 
23.9 
23.9 
21.3 
22.6 
19.8 
25.7 
23.0 
27.9 
23.5 
24.8 
23.1 
24.7 
23.2 
25.0 
20.6 
22.0 
24.6 
22.5 
24.2 
22.6 
22.9 
22.2 
24.4 
26.3 
26.5 
26.1 
21.9 
22.4 
20.5 
26.0 
19.7 
23.3 
23.0 
24.3 
25.4 
25.1 
22.3 
25.6 
23.0 
23.0 
22.8 
23.6 
21.7 
21.3 
23.9 
21.4 
20.6 
23.6 
20.7 
24.1 
18.6 
22.8 
24.1 
26.4 
24.1 
23.4 
26.3 
23.8 
21.0 
23.3 
19.6 
24.7 
24.4 
21.2 
23.5 
25.7 
27.4 
22.3 
22.7 
22.4 
15.5 
19.7 
20.1 
19.2 
20.5 
20.3 
19.7 
20.7 
20.9 
21.1 
21.3 
24.3 
23.0 
22.8 
20.3 
21.5 
19.9 
18.5 
22.0 
22.3 
22.3 
19.9 
20.9 
20.4 
23.7 
20.6 
22.2 
21.6 
21.6 
20.6 
18.7 
19.3 
20.7 
21.7 
22.4 
21.7 
20.9 
22.7 
20.4 
21.7 
23.5 
23.0 
23.4 
20.3 
21.9 
22.9 
21.4 
18.4 
24.4 
24.1 
20.4 
21.5 
26.6 
24.4 
