23.6 
23.4 
23.3 
20.9 
23.1 
25.5 
26.8 
18.1 
23.1 
25.1 
23.4 
24.2 
27.7 
25.8 
27.9 
25.2 
25.3 
25.0 
25.7 
24.9 
26.8 
26.3 
24.8 
26.1 
25.4 
23.4 
23.8 
26.3 
25.4 
23.6 
22.9 
27.1 
21.9 
26.3 
26.6 
24.1 
25.1 
24.1 
24.6 
23.7 
25.6 
28.8 
23.9 
25.5 
22.7 
25.2 
26.4 
25.1 
25.8 
29.1 
26.5 
26.6 
25.8 
30.5 
33.3 
25.3 
29.9 
29.6 
24.9 
24.1 
23.9 
25.7 
26.4 
25.6 
28.2 
23.7 
30.2 
25.4 
26.2 
28.4 
30.1 
22.9 
23.6 
21.9 
23.0 
28.9 
26.4 
28.2 
25.0 
24.1 
20.4 
26.1 
29.8 
23.4 
25.0 
24.5 
25.1 
25.3 
26.7 
22.2 
25.6 
25.4 
26.6 
26.6 
27.5 
28.6 
25.7 
24.5 
23.6 
25.4 
23.2 
25.3 
25.2 
26.5 
25.7 
23.9 
22.3 
26.5 
26.0 
26.3 
26.5 
23.8 
27.6 
27.0 
29.7 
24.7 
26.1 
31.9 
30.3 
31.9 
28.1 
27.4 
28.9 
26.9 
30.1 
25.9 
24.1 
27.0 
25.1 
25.9 
26.8 
28.1 
33.8 
26.0 
30.2 
24.1 
25.7 
25.8 
25.9 
24.8 
26.0 
24.2 
29.5 
30.8 
32.4 
29.0 
23.2 
27.3 
24.7 
22.1 
25.0 
28.4 
24.4 
26.5 
26.0 
24.8 
31.7 
32.3 
29.4 
33.0 
30.1 
25.9 
23.5 
24.3 
28.0 
26.8 
24.9 
23.2 
30.3 
24.2 
25.3 
26.0 
25.2 
11.8 
25.7 
23.9 
24.6 
18.3 
23.5 
25.6 
26.7 
25.7 
26.3 
28.9 
22.9 
26.0 
25.5 
25.3 
22.1 
27.3 
30.0 
25.6 
29.9 
25.5 
29.1 
26.9 
26.6 
27.3 
23.9 
29.2 
29.6 
26.2 
26.3 
25.0 
24.1 
23.0 
25.0 
23.1 
26.4 
26.9 
25.3 
34.5 
27.9 
27.4 
26.8 
23.1 
25.8 
26.9 
24.8 
24.4 
27.9 
