25.1 
23.1 
23.9 
27.1 
28.5 
24.7 
26.0 
26.8 
23.5 
20.5 
24.0 
27.5 
26.8 
27.6 
22.7 
26.3 
27.8 
25.7 
24.4 
24.2 
26.5 
25.9 
23.6 
26.8 
24.0 
22.5 
22.7 
22.9 
22.8 
27.0 
24.0 
27.2 
25.7 
29.8 
19.9 
24.7 
26.4 
24.6 
24.2 
27.4 
24.3 
23.1 
26.3 
22.3 
26.6 
26.8 
23.2 
27.2 
25.6 
26.5 
26.6 
27.3 
27.2 
23.9 
24.6 
21.5 
23.7 
24.8 
30.2 
26.3 
23.8 
23.0 
24.4 
24.6 
23.3 
25.6 
23.7 
23.7 
26.1 
25.4 
25.1 
27.3 
28.6 
27.1 
24.8 
24.8 
25.3 
26.3 
24.4 
26.0 
25.9 
22.4 
30.1 
27.6 
25.2 
27.2 
26.5 
27.4 
25.5 
30.0 
26.0 
27.3 
26.5 
25.8 
25.6 
29.8 
27.1 
27.8 
25.8 
27.7 
25.2 
24.9 
26.4 
24.0 
18.7 
26.7 
26.6 
24.3 
26.3 
29.5 
24.3 
26.3 
22.2 
21.1 
23.6 
24.0 
24.7 
26.6 
30.1 
25.8 
32.6 
26.0 
26.8 
26.9 
27.1 
21.9 
23.0 
24.8 
25.0 
22.8 
27.5 
29.3 
31.5 
26.7 
25.6 
24.9 
25.4 
33.6 
25.8 
24.2 
25.1 
27.3 
26.7 
27.8 
27.4 
26.1 
25.7 
24.7 
26.7 
27.3 
28.0 
26.9 
26.1 
26.5 
26.7 
26.5 
27.0 
27.3 
27.6 
28.1 
27.4 
24.9 
26.3 
24.3 
25.5 
24.3 
23.4 
26.7 
25.2 
27.8 
26.7 
28.2 
30.9 
26.6 
28.0 
24.7 
25.5 
29.9 
23.4 
26.8 
26.1 
25.2 
29.0 
23.8 
27.9 
28.1 
23.4 
23.9 
24.7 
26.7 
28.0 
25.1 
26.7 
30.3 
24.3 
27.1 
29.5 
30.6 
24.7 
25.5 
27.5 
26.8 
24.5 
28.4 
26.2 
30.9 
25.7 
26.7 
26.6 
28.0 
28.6 
25.4 
21.5 
26.6 
25.6 
23.3 
26.0 
31.3 
28.5 
28.6 
25.9 
24.3 
27.9 
26.5 
25.8 
22.6 
24.7 
26.8 
25.7 
27.3 
21.6 
32.4 
26.9 
26.7 
27.0 
24.9 
23.7 
22.0 
23.7 
25.4 
25.1 
28.7 
27.2 
25.9 
24.3 
25.6 
27.6 
26.9 
25.4 
25.4 
26.5 
23.4 
25.7 
28.4 
26.9 
23.8 
26.6 
26.5 
26.6 
25.6 
26.2 
23.7 
23.6 
25.3 
29.2 
23.8 
30.6 
29.0 
26.3 
23.9 
24.3 
23.9 
25.0 
22.4 
25.3 
28.2 
23.6 
26.3 
27.8 
26.3 
25.4 
24.7 
26.1 
27.7 
24.1 
25.4 
26.8 
30.9 
29.2 
26.1 
26.7 
27.1 
23.5 
26.1 
25.9 
30.1 
27.8 
33.0 
30.5 
26.6 
25.5 
24.9 
23.4 
26.2 
23.3 
23.9 
28.1 
24.4 
24.6 
27.0 
28.7 
32.0 
28.8 
29.1 
30.0 
28.9 
24.7 
25.6 
27.3 
29.8 
28.1 
23.1 
29.6 
28.3 
20.0 
26.1 
25.2 
23.3 
23.4 
23.7 
24.9 
25.7 
22.4 
27.5 
28.1 
27.2 
23.0 
31.6 
24.1 
28.9 
24.2 
22.8 
23.7 
28.9 
23.8 
25.7 
23.9 
28.3 
25.5 
27.0 
23.2 
21.9 
27.5 
28.0 
26.9 
24.7 
23.0 
23.6 
24.0 
24.8 
27.9 
28.5 
25.5 
27.4 
27.2 
24.2 
28.9 
26.9 
23.7 
27.0 
24.4 
26.8 
24.8 
28.6 
28.1 
26.5 
25.8 
24.8 
27.6 
27.5 
25.8 
26.3 
28.6 
29.7 
26.1 
24.3 
23.2 
25.3 
25.5 
29.2 
24.9 
27.4 
29.3 
27.4 
32.1 
33.8 
