23.1 
28.1 
32.8 
21.9 
25.7 
22.3 
25.7 
25.7 
20.5 
24.1 
26.4 
24.4 
28.6 
25.8 
24.3 
27.0 
27.6 
26.9 
30.2 
28.4 
26.6 
29.5 
25.1 
26.8 
27.0 
22.9 
27.0 
26.7 
28.7 
23.2 
26.9 
27.3 
27.9 
27.8 
28.3 
25.2 
27.5 
24.7 
25.2 
26.2 
27.3 
30.8 
29.8 
28.0 
31.5 
25.6 
26.0 
28.6 
25.6 
25.8 
27.0 
27.6 
29.7 
23.5 
28.3 
25.3 
30.4 
27.5 
29.7 
27.3 
29.2 
27.1 
26.0 
27.5 
24.2 
23.7 
25.3 
25.2 
25.5 
26.5 
25.0 
27.1 
29.8 
27.2 
26.8 
26.3 
27.6 
24.9 
30.9 
26.9 
26.0 
27.7 
25.3 
27.7 
25.8 
28.3 
26.4 
23.2 
30.8 
27.7 
24.7 
25.0 
26.0 
24.8 
28.9 
26.2 
30.0 
27.4 
24.2 
24.0 
28.0 
25.3 
22.9 
29.1 
26.7 
26.5 
27.0 
26.5 
23.9 
23.6 
24.0 
31.1 
28.0 
30.2 
26.2 
28.7 
31.5 
26.9 
27.8 
33.3 
28.1 
25.3 
26.1 
27.5 
27.0 
25.2 
28.4 
28.8 
26.8 
19.8 
24.5 
25.5 
28.7 
27.2 
22.9 
24.7 
25.6 
29.5 
25.1 
25.4 
27.9 
32.8 
26.7 
28.3 
26.8 
25.0 
25.4 
24.5 
27.0 
24.9 
27.1 
32.5 
29.7 
24.1 
26.8 
26.6 
27.4 
23.9 
27.0 
25.0 
24.1 
23.3 
23.8 
30.3 
24.4 
36.9 
30.7 
31.8 
25.4 
27.6 
28.1 
24.9 
23.1 
24.5 
25.6 
26.6 
28.0 
31.4 
25.8 
27.2 
24.4 
25.9 
26.9 
30.2 
24.3 
27.4 
28.9 
25.7 
28.9 
26.0 
27.9 
31.2 
26.0 
27.9 
31.1 
25.8 
25.7 
26.6 
26.9 
22.7 
26.0 
26.0 
25.1 
31.2 
28.4 
26.4 
27.2 
21.9 
26.4 
25.0 
24.6 
26.2 
28.4 
27.6 
30.3 
31.6 
29.2 
26.9 
32.0 
26.2 
26.5 
25.9 
25.0 
25.2 
25.2 
24.7 
27.1 
23.3 
25.4 
30.2 
30.2 
29.5 
