17.5 
22.5 
21.2 
20.9 
21.3 
18.7 
15.7 
20.7 
20.2 
15.2 
20.4 
21.0 
19.8 
18.3 
21.4 
21.9 
23.0 
22.1 
23.5 
20.3 
21.7 
22.3 
21.7 
21.5 
19.6 
22.9 
22.2 
20.9 
24.1 
21.6 
20.6 
21.6 
19.1 
22.3 
17.5 
21.8 
23.0 
23.4 
23.2 
21.7 
20.4 
23.4 
22.5 
23.9 
22.6 
20.6 
24.3 
23.0 
24.7 
22.7 
25.2 
22.7 
21.0 
19.8 
22.8 
24.0 
24.2 
23.4 
23.7 
22.8 
22.9 
25.0 
24.8 
23.0 
21.6 
24.4 
24.7 
23.8 
20.9 
23.5 
22.5 
19.1 
21.4 
22.7 
21.9 
23.8 
21.8 
20.8 
22.6 
19.8 
19.4 
20.6 
22.8 
21.1 
21.5 
21.5 
19.6 
22.2 
23.7 
21.2 
22.4 
19.2 
20.8 
21.7 
22.0 
24.1 
18.8 
20.6 
21.7 
21.7 
20.5 
22.1 
20.0 
23.5 
23.6 
24.1 
25.1 
19.0 
21.3 
21.0 
21.5 
22.4 
23.8 
23.4 
21.4 
21.1 
20.9 
21.7 
22.9 
20.6 
22.1 
23.9 
21.4 
22.1 
20.6 
21.4 
22.7 
18.4 
22.0 
20.7 
21.3 
21.3 
23.0 
22.5 
20.6 
22.3 
20.9 
21.9 
21.1 
22.7 
22.3 
24.6 
24.7 
22.6 
21.4 
22.9 
23.4 
20.2 
20.1 
23.4 
22.2 
23.5 
22.4 
24.4 
22.7 
21.7 
22.8 
22.0 
23.2 
21.9 
23.0 
21.4 
22.8 
20.0 
21.9 
20.5 
22.5 
24.1 
20.9 
21.8 
18.6 
22.2 
22.3 
20.8 
24.0 
22.6 
21.9 
22.2 
22.5 
19.9 
19.9 
19.8 
18.8 
20.2 
18.8 
19.2 
18.5 
18.3 
18.8 
19.3 
18.9 
19.8 
18.2 
19.2 
20.0 
17.6 
16.9 
19.4 
20.9 
18.8 
20.2 
20.1 
19.7 
20.0 
19.9 
21.1 
22.0 
18.3 
17.8 
19.1 
18.2 
21.2 
20.9 
21.1 
19.3 
20.8 
18.9 
16.8 
16.7 
17.1 
17.3 
16.6 
16.5 
18.3 
18.1 
18.2 
17.3 
15.4 
14.4 
16.2 
16.2 
15.9 
16.7 
18.6 
18.3 
18.7 
21.1 
22.5 
21.2 
20.6 
23.4 
22.8 
22.8 
21.4 
20.5 
21.8 
22.9 
23.7 
21.4 
21.0 
19.9 
18.7 
20.2 
20.0 
