24.6 
26.2 
25.6 
24.5 
22.8 
23.6 
22.5 
25.0 
26.2 
22.3 
25.5 
28.6 
28.5 
26.8 
26.8 
25.3 
33.5 
25.8 
27.3 
23.0 
22.4 
27.2 
26.4 
26.1 
24.3 
25.2 
33.8 
27.3 
27.2 
32.1 
24.4 
26.1 
28.6 
28.5 
26.2 
24.2 
27.1 
25.7 
24.1 
27.2 
29.6 
29.5 
27.1 
29.6 
26.3 
27.7 
27.0 
28.1 
26.9 
23.9 
27.1 
23.9 
23.9 
25.1 
28.3 
30.2 
29.6 
23.5 
27.8 
26.5 
27.6 
26.3 
29.6 
27.8 
28.0 
29.9 
32.3 
25.6 
31.7 
26.7 
24.8 
24.3 
26.3 
27.9 
23.8 
26.1 
32.1 
28.1 
31.8 
30.6 
24.8 
22.7 
25.9 
25.2 
26.6 
27.6 
28.6 
28.6 
30.8 
26.4 
28.2 
28.1 
30.3 
24.7 
23.5 
26.5 
25.9 
24.8 
25.3 
23.3 
23.9 
28.5 
28.9 
25.4 
25.0 
29.4 
26.8 
28.3 
24.1 
24.7 
24.0 
30.6 
28.2 
33.6 
26.8 
32.0 
28.8 
26.6 
28.1 
25.0 
26.5 
26.3 
29.9 
24.5 
29.0 
32.7 
30.4 
24.9 
24.5 
24.9 
24.5 
25.0 
25.9 
25.0 
32.0 
35.6 
33.1 
29.4 
25.6 
25.2 
26.9 
24.7 
17.7 
26.6 
23.9 
25.0 
26.4 
25.5 
26.2 
24.8 
26.1 
25.3 
24.9 
24.8 
25.3 
25.5 
24.1 
25.7 
22.9 
24.2 
26.0 
27.1 
26.5 
24.0 
24.7 
27.1 
24.8 
26.5 
28.5 
28.2 
26.3 
27.2 
28.6 
21.7 
23.6 
27.4 
25.6 
27.3 
25.5 
29.1 
25.4 
25.5 
23.1 
25.3 
30.7 
25.7 
28.7 
28.4 
30.8 
31.2 
33.7 
29.8 
29.3 
25.7 
24.0 
28.6 
23.6 
28.4 
26.4 
29.6 
25.0 
28.1 
26.0 
26.8 
23.8 
26.7 
24.8 
25.8 
25.2 
28.5 
27.4 
29.3 
26.8 
29.1 
33.4 
25.4 
24.5 
27.2 
27.0 
25.7 
