20.9 
22.1 
25.5 
21.9 
22.2 
17.4 
17.8 
19.9 
21.3 
13.7 
22.2 
20.9 
24.1 
23.1 
23.3 
21.4 
20.9 
24.5 
25.5 
21.9 
20.8 
20.1 
22.2 
20.9 
21.8 
21.6 
21.7 
19.8 
24.6 
25.4 
26.2 
21.1 
29.6 
22.1 
21.0 
20.1 
23.5 
23.6 
24.1 
21.0 
24.8 
21.2 
22.1 
24.2 
23.6 
26.6 
25.8 
19.3 
24.6 
17.6 
26.9 
23.2 
24.7 
24.4 
22.2 
22.9 
21.4 
20.6 
23.0 
22.4 
22.8 
20.5 
23.2 
21.3 
20.9 
24.8 
21.7 
23.3 
25.5 
26.7 
26.0 
21.3 
22.2 
22.5 
25.8 
22.8 
22.0 
21.9 
25.5 
25.7 
26.8 
22.1 
21.4 
21.5 
23.5 
20.8 
24.3 
21.5 
23.8 
20.7 
22.6 
20.5 
25.2 
29.4 
25.2 
24.9 
25.4 
22.6 
23.0 
21.9 
19.5 
23.6 
26.1 
24.9 
25.0 
21.4 
25.1 
22.2 
21.5 
22.3 
24.8 
24.6 
22.5 
20.3 
22.9 
21.9 
27.4 
25.2 
27.5 
27.4 
27.8 
22.2 
23.7 
23.6 
23.4 
23.3 
27.4 
25.1 
25.6 
30.8 
15.4 
22.8 
28.0 
19.5 
23.6 
23.3 
22.7 
22.0 
23.9 
20.3 
22.0 
25.1 
30.9 
32.7 
30.3 
27.6 
20.6 
24.5 
20.2 
18.9 
22.0 
22.8 
23.8 
21.9 
21.4 
25.9 
16.9 
5.1 
5.6 
29.0 
24.0 
23.9 
25.9 
22.9 
23.2 
21.2 
22.8 
22.4 
22.3 
27.0 
24.3 
25.0 
28.6 
27.0 
25.8 
25.2 
29.5 
23.8 
24.3 
23.2 
21.3 
21.6 
21.1 
25.3 
28.9 
25.7 
30.4 
23.6 
23.1 
24.5 
22.0 
22.4 
25.1 
22.6 
22.7 
19.7 
22.7 
24.5 
24.3 
26.3 
24.2 
28.9 
26.8 
26.0 
23.8 
22.8 
23.8 
22.4 
21.2 
23.5 
25.0 
24.4 
29.6 
27.4 
31.3 
22.8 
23.1 
21.2 
21.5 
25.2 
24.0 
22.7 
24.3 
23.3 
20.6 
21.0 
28.7 
25.6 
23.8 
35.1 
26.5 
24.8 
21.7 
15.3 
22.2 
20.8 
21.2 
21.8 
19.1 
24.0 
22.3 
22.2 
27.5 
25.6 
28.4 
25.0 
25.8 
22.7 
20.8 
21.5 
21.9 
19.6 
23.8 
21.6 
22.3 
21.1 
29.8 
24.3 
26.6 
24.9 
21.5 
22.3 
23.4 
20.2 
