23.3 
21.5 
24.2 
19.1 
23.9 
23.4 
22.7 
23.0 
21.6 
25.3 
21.9 
24.6 
23.7 
22.7 
25.2 
27.8 
36.1 
30.0 
32.9 
33.2 
28.5 
23.1 
25.0 
22.8 
21.7 
22.0 
20.6 
23.2 
23.9 
22.8 
26.9 
26.3 
27.2 
28.8 
27.0 
24.6 
22.8 
24.3 
24.4 
23.1 
22.6 
25.9 
31.8 
28.8 
23.3 
27.1 
28.1 
25.1 
24.4 
24.7 
22.2 
20.6 
24.3 
25.6 
25.3 
27.4 
23.8 
28.5 
25.0 
23.1 
28.4 
22.9 
23.3 
26.8 
23.8 
24.9 
26.4 
34.3 
28.8 
27.7 
26.7 
25.9 
25.3 
24.1 
23.7 
23.9 
26.2 
24.3 
27.4 
27.9 
31.5 
27.7 
24.8 
24.4 
25.1 
23.6 
22.5 
23.6 
23.7 
26.4 
26.2 
26.7 
26.0 
24.7 
30.3 
27.6 
26.0 
26.3 
17.5 
22.7 
23.3 
26.3 
25.6 
28.8 
27.2 
26.3 
24.9 
23.4 
23.5 
23.0 
24.9 
24.8 
22.6 
27.2 
26.2 
28.9 
25.8 
25.4 
28.1 
28.4 
23.7 
24.5 
22.8 
23.5 
22.6 
27.1 
24.3 
26.6 
28.4 
28.3 
25.7 
26.5 
25.9 
25.5 
25.0 
24.6 
23.9 
27.8 
26.4 
26.7 
27.9 
25.1 
26.4 
29.3 
25.1 
23.6 
25.0 
24.9 
23.9 
25.1 
25.9 
22.4 
24.8 
25.1 
28.4 
31.4 
31.8 
25.5 
23.0 
25.5 
22.3 
27.0 
26.1 
22.7 
26.4 
29.1 
30.5 
25.8 
25.8 
25.5 
22.9 
24.7 
22.1 
23.9 
23.7 
27.2 
28.0 
28.9 
32.0 
25.0 
30.5 
29.2 
25.7 
27.1 
25.0 
24.0 
27.2 
27.4 
26.5 
31.3 
26.8 
26.9 
28.4 
29.7 
32.6 
30.7 
26.4 
28.0 
26.9 
27.6 
31.7 
29.0 
23.6 
23.8 
23.6 
23.5 
23.0 
22.3 
26.4 
23.9 
21.9 
23.6 
22.5 
27.4 
24.8 
22.0 
25.7 
22.0 
23.4 
22.3 
23.8 
29.1 
23.3 
28.3 
24.1 
22.7 
26.7 
24.1 
22.9 
27.4 
25.7 
27.0 
26.2 
