21.5 
26.1 
21.3 
22.6 
19.9 
20.6 
21.3 
24.9 
21.8 
20.1 
21.5 
19.7 
24.9 
23.8 
21.2 
22.2 
26.0 
20.4 
21.5 
26.6 
23.9 
22.2 
20.8 
25.3 
22.3 
21.6 
23.1 
19.2 
23.4 
22.3 
23.5 
27.3 
22.4 
24.0 
24.7 
26.1 
21.8 
23.2 
23.3 
25.3 
22.2 
28.0 
18.5 
22.5 
27.3 
28.1 
30.0 
27.3 
21.8 
22.0 
21.5 
23.1 
24.3 
24.4 
22.2 
22.2 
24.5 
24.0 
31.3 
25.1 
20.4 
25.0 
27.6 
26.2 
24.8 
20.7 
23.9 
22.4 
25.6 
26.0 
22.8 
24.9 
25.9 
26.8 
22.3 
21.8 
22.3 
22.9 
23.7 
23.7 
22.2 
23.4 
23.8 
28.1 
24.3 
24.3 
27.8 
22.6 
24.4 
25.8 
19.3 
23.2 
19.8 
22.8 
25.2 
23.6 
24.8 
23.6 
21.4 
22.9 
23.4 
21.4 
26.1 
25.8 
28.1 
28.4 
22.6 
21.8 
21.3 
21.3 
22.2 
28.4 
22.0 
23.4 
26.6 
25.1 
27.0 
23.5 
22.6 
22.3 
21.3 
25.1 
22.5 
22.9 
24.0 
15.4 
20.4 
25.0 
28.7 
26.4 
26.8 
25.0 
21.0 
24.3 
22.5 
21.7 
22.7 
25.7 
24.8 
22.0 
20.7 
25.9 
25.4 
21.1 
22.0 
22.3 
27.1 
24.9 
23.3 
23.2 
24.5 
24.1 
22.1 
24.2 
23.1 
31.1 
25.0 
26.6 
21.7 
22.8 
24.8 
22.7 
23.2 
22.6 
23.9 
24.5 
26.4 
31.7 
27.5 
27.2 
27.0 
26.4 
23.5 
17.4 
21.7 
22.8 
21.6 
22.6 
20.8 
21.6 
22.5 
25.2 
25.1 
27.6 
30.2 
31.7 
23.3 
24.6 
22.9 
21.0 
21.1 
26.8 
24.9 
24.4 
29.1 
28.6 
28.1 
27.4 
26.6 
27.1 
23.7 
23.6 
24.2 
21.2 
23.7 
22.6 
21.4 
25.2 
29.3 
27.8 
22.1 
22.7 
18.9 
21.5 
20.3 
22.1 
20.5 
19.4 
27.8 
