20.1 
21.9 
21.8 
20.7 
20.8 
21.8 
23.1 
24.0 
22.8 
23.0 
25.9 
25.5 
22.7 
25.2 
21.0 
20.4 
23.2 
23.2 
21.7 
25.0 
24.9 
26.1 
24.0 
22.0 
24.4 
23.7 
22.7 
24.3 
20.4 
21.4 
23.5 
25.9 
25.0 
24.4 
26.3 
23.2 
28.4 
25.3 
25.0 
23.8 
25.4 
25.5 
24.2 
26.3 
24.9 
25.3 
28.3 
25.5 
26.0 
27.0 
26.7 
22.5 
23.1 
23.2 
26.3 
23.7 
23.8 
23.4 
27.7 
24.9 
23.7 
26.0 
21.8 
24.8 
24.1 
22.6 
23.0 
29.6 
25.4 
27.5 
24.1 
25.4 
23.2 
27.1 
23.4 
24.6 
25.0 
25.3 
23.6 
26.5 
27.1 
24.6 
24.0 
27.4 
25.1 
24.0 
24.8 
21.5 
24.6 
26.3 
25.5 
24.1 
25.3 
28.5 
23.9 
26.4 
28.2 
24.5 
26.0 
27.5 
26.7 
24.6 
25.7 
27.5 
25.5 
26.5 
22.7 
25.7 
26.9 
22.9 
23.7 
22.6 
22.7 
23.6 
26.2 
22.8 
24.9 
25.5 
24.8 
28.3 
26.2 
22.3 
22.8 
22.5 
25.5 
22.3 
23.7 
21.5 
25.3 
26.0 
24.8 
24.7 
26.9 
27.4 
22.8 
26.6 
24.8 
23.8 
24.0 
25.7 
25.1 
26.7 
24.9 
22.0 
24.5 
24.0 
23.8 
24.7 
25.6 
24.3 
22.8 
23.8 
25.6 
24.3 
26.0 
23.2 
25.0 
24.2 
26.1 
24.0 
23.1 
23.6 
27.0 
22.0 
28.5 
24.4 
25.2 
22.9 
24.7 
24.5 
23.5 
22.8 
24.7 
24.6 
26.5 
24.5 
25.3 
26.1 
24.9 
24.8 
23.4 
24.9 
27.6 
26.6 
24.3 
25.4 
25.6 
24.5 
25.2 
25.7 
26.8 
25.2 
26.3 
22.2 
20.0 
23.3 
24.7 
17.6 
23.8 
25.2 
24.7 
24.0 
23.5 
24.4 
22.8 
26.9 
22.0 
22.5 
26.6 
25.0 
27.2 
21.7 
22.7 
26.6 
23.1 
25.7 
24.6 
23.9 
22.6 
23.1 
25.7 
24.8 
24.9 
23.4 
24.4 
24.2 
25.1 
26.1 
22.4 
23.5 
24.5 
23.3 
25.3 
24.8 
24.4 
25.7 
23.6 
30.1 
25.4 
24.1 
25.7 
24.0 
24.3 
23.9 
23.4 
26.7 
24.1 
33.2 
25.8 
27.6 
28.9 
27.1 
25.2 
22.3 
23.0 
25.1 
21.5 
23.3 
25.8 
25.8 
24.4 
30.4 
29.6 
29.2 
23.8 
28.3 
24.5 
23.2 
23.7 
24.4 
25.5 
22.4 
23.5 
24.8 
24.3 
24.6 
27.2 
25.0 
25.1 
22.5 
