26.2 
26.2 
21.5 
25.5 
25.2 
24.2 
30.0 
30.6 
27.3 
26.7 
26.4 
27.1 
25.3 
34.1 
27.2 
27.8 
26.0 
28.7 
23.2 
25.5 
23.3 
25.4 
22.1 
29.4 
31.1 
27.8 
29.1 
26.9 
27.0 
28.8 
27.7 
24.6 
26.3 
25.0 
25.8 
23.2 
24.0 
30.3 
26.8 
28.3 
25.9 
25.8 
29.6 
23.7 
26.8 
26.0 
29.0 
31.6 
28.9 
27.4 
26.0 
24.8 
28.3 
26.4 
27.3 
25.7 
23.3 
25.8 
24.7 
31.2 
25.2 
25.4 
28.1 
24.2 
25.9 
28.5 
26.7 
25.6 
27.6 
25.9 
27.0 
28.3 
27.7 
27.6 
26.3 
26.0 
27.1 
24.7 
25.3 
27.8 
26.9 
25.8 
25.7 
25.5 
27.6 
30.8 
24.4 
31.8 
32.4 
29.0 
26.2 
27.9 
26.3 
27.4 
24.9 
23.4 
25.2 
24.9 
24.5 
30.3 
29.9 
25.8 
26.6 
29.6 
26.3 
30.3 
27.2 
27.3 
27.6 
26.7 
24.2 
27.9 
26.0 
26.6 
29.4 
25.0 
30.3 
28.4 
24.3 
24.2 
27.7 
25.7 
28.0 
29.7 
26.2 
30.8 
25.5 
25.9 
25.0 
25.1 
27.1 
26.5 
26.2 
25.3 
32.2 
29.8 
27.7 
27.1 
24.3 
27.4 
27.0 
23.7 
25.1 
26.1 
27.7 
24.6 
27.9 
32.3 
25.7 
27.0 
26.4 
25.9 
23.3 
27.1 
25.5 
24.7 
28.4 
27.8 
31.0 
27.9 
29.2 
30.8 
25.5 
26.7 
28.2 
25.7 
23.7 
23.2 
25.3 
32.8 
26.9 
28.5 
26.8 
27.5 
28.9 
28.6 
25.5 
27.0 
23.6 
29.7 
29.2 
26.6 
30.9 
33.9 
31.8 
28.5 
23.7 
27.2 
24.6 
24.4 
25.2 
25.9 
27.7 
26.7 
34.2 
27.4 
28.7 
29.3 
29.5 
30.1 
24.8 
24.7 
23.7 
25.2 
26.9 
30.0 
25.5 
32.7 
29.4 
27.8 
24.9 
26.9 
26.0 
26.8 
26.0 
26.9 
31.6 
27.3 
28.6 
31.1 
22.8 
9.0 
9.5 
13.7 
12.8 
21.3 
24.5 
22.1 
25.5 
27.4 
24.6 
28.9 
25.2 
29.0 
28.9 
26.5 
25.0 
22.9 
25.2 
26.7 
26.1 
25.4 
25.9 
24.1 
25.6 
27.1 
24.4 
23.7 
24.0 
25.3 
27.2 
26.6 
26.4 
25.2 
28.3 
30.8 
24.8 
29.0 
34.5 
26.9 
27.0 
27.7 
32.7 
25.6 
26.3 
29.0 
26.9 
26.2 
27.5 
29.6 
23.9 
26.6 
29.1 
25.5 
26.4 
24.9 
23.8 
24.2 
26.1 
26.2 
25.8 
26.6 
31.0 
25.3 
19.6 
24.9 
24.7 
26.7 
27.2 
27.5 
26.1 
27.9 
31.3 
24.7 
30.2 
26.1 
29.2 
24.1 
30.0 
26.3 
28.4 
27.0 
26.8 
24.8 
33.4 
28.3 
23.5 
23.7 
23.8 
27.3 
24.9 
26.6 
28.2 
28.5 
27.9 
22.5 
29.5 
25.8 
29.5 
25.6 
30.3 
29.4 
25.9 
28.2 
29.3 
26.7 
22.9 
25.4 
25.0 
23.6 
28.8 
31.0 
25.9 
27.3 
29.7 
27.4 
26.0 
25.8 
29.6 
25.2 
25.7 
28.8 
28.2 
27.7 
29.0 
29.1 
29.1 
34.9 
26.7 
30.0 
24.5 
25.8 
26.4 
27.6 
28.1 
27.1 
23.6 
28.8 
30.5 
32.0 
26.4 
32.8 
30.5 
27.9 
28.1 
28.2 
28.1 
28.5 
26.2 
30.4 
29.7 
28.4 
25.7 
26.4 
27.6 
