19.7 
24.3 
26.8 
25.9 
20.0 
22.4 
24.2 
23.6 
21.8 
21.0 
21.7 
20.5 
20.9 
25.9 
22.0 
22.8 
23.1 
25.7 
29.7 
23.5 
27.4 
25.2 
24.5 
21.8 
23.8 
23.5 
24.5 
25.7 
21.6 
19.4 
22.4 
26.1 
22.6 
26.0 
25.9 
25.4 
23.1 
22.3 
24.4 
23.4 
24.1 
26.4 
23.3 
23.5 
29.9 
24.5 
25.0 
26.6 
25.5 
24.2 
24.9 
22.6 
24.6 
22.0 
23.9 
23.2 
24.5 
23.9 
23.1 
23.3 
21.9 
25.0 
25.4 
23.0 
26.3 
24.4 
26.4 
26.2 
25.8 
22.5 
24.9 
24.8 
23.0 
26.1 
25.8 
23.2 
23.1 
24.8 
24.6 
23.0 
28.6 
26.3 
26.5 
21.7 
23.6 
25.6 
22.8 
25.1 
25.1 
26.8 
24.9 
21.8 
23.5 
22.7 
26.0 
23.2 
23.2 
24.3 
24.0 
22.8 
25.9 
24.7 
21.7 
24.5 
25.4 
26.5 
22.7 
24.5 
26.8 
26.7 
23.9 
22.9 
23.4 
24.8 
22.4 
22.8 
23.9 
24.4 
25.2 
20.8 
26.1 
26.2 
27.3 
28.1 
26.3 
26.0 
27.7 
27.7 
23.7 
25.1 
26.2 
25.1 
23.5 
22.9 
24.4 
26.4 
21.9 
24.6 
25.2 
26.9 
22.5 
25.1 
25.3 
26.1 
26.0 
25.6 
24.3 
24.6 
25.3 
26.1 
22.5 
24.3 
26.6 
24.9 
25.1 
24.2 
21.5 
20.6 
23.5 
22.8 
24.3 
22.2 
24.9 
22.8 
22.9 
24.4 
22.9 
26.5 
25.8 
22.8 
30.6 
26.2 
25.3 
23.5 
22.2 
20.6 
21.6 
23.7 
23.4 
24.1 
23.6 
24.3 
24.0 
27.6 
25.4 
28.1 
24.6 
21.6 
22.0 
21.4 
22.6 
21.0 
22.7 
23.5 
24.8 
29.0 
30.9 
28.0 
24.3 
25.1 
24.8 
22.2 
24.3 
21.8 
20.6 
25.3 
22.3 
24.5 
24.3 
28.6 
25.1 
26.5 
26.8 
25.6 
24.0 
23.9 
21.3 
23.8 
23.3 
20.5 
28.1 
26.4 
24.9 
26.0 
27.2 
24.3 
24.8 
21.6 
22.7 
25.4 
21.2 
20.9 
23.7 
25.0 
17.1 
23.6 
23.2 
22.9 
22.8 
22.0 
20.8 
20.9 
23.0 
22.3 
24.0 
25.9 
23.6 
26.9 
23.2 
24.5 
26.8 
24.2 
24.1 
23.7 
21.7 
24.0 
21.8 
22.2 
25.6 
22.4 
24.8 
26.5 
25.5 
24.2 
25.9 
27.3 
24.6 
23.2 
22.0 
25.6 
24.4 
22.6 
26.7 
23.0 
22.7 
23.1 
26.2 
26.8 
23.0 
24.2 
26.6 
22.8 
23.4 
21.2 
23.4 
25.7 
23.9 
25.8 
26.8 
25.5 
25.0 
25.7 
24.9 
27.2 
24.9 
23.0 
24.7 
23.9 
24.9 
24.0 
22.1 
23.8 
24.7 
25.3 
23.3 
24.6 
26.3 
25.3 
24.7 
22.2 
19.7 
24.9 
23.8 
24.6 
21.6 
24.8 
29.5 
18.5 
22.6 
24.5 
23.9 
24.0 
24.0 
24.5 
25.5 
23.2 
25.1 
24.8 
25.3 
26.3 
26.1 
26.1 
22.8 
24.6 
24.7 
23.8 
21.7 
24.5 
25.8 
25.7 
24.6 
21.6 
22.1 
22.6 
24.6 
23.9 
26.5 
24.4 
26.2 
25.7 
23.8 
23.8 
23.3 
20.8 
25.7 
24.7 
19.8 
26.0 
27.3 
26.5 
25.3 
21.1 
23.4 
24.5 
24.8 
22.7 
24.6 
23.1 
24.0 
23.3 
23.0 
23.0 
26.0 
25.3 
25.2 
23.3 
24.5 
24.3 
24.2 
24.4 
24.4 
24.9 
24.7 
24.8 
26.8 
25.2 
24.7 
