23.4 
24.1 
22.3 
20.5 
20.1 
16.3 
21.4 
21.2 
21.4 
21.3 
16.6 
22.1 
24.0 
20.1 
24.9 
22.9 
26.8 
25.6 
22.3 
18.2 
21.1 
22.0 
25.8 
24.2 
22.0 
23.1 
21.2 
22.1 
24.8 
18.2 
25.9 
22.7 
26.1 
24.8 
27.8 
28.7 
23.0 
23.6 
22.9 
24.4 
24.3 
22.0 
22.3 
18.0 
23.4 
24.4 
24.2 
22.9 
26.1 
26.7 
26.7 
24.6 
21.3 
25.8 
22.7 
26.7 
26.7 
26.3 
26.4 
22.4 
25.2 
25.3 
23.2 
27.4 
23.5 
23.9 
27.0 
24.8 
25.9 
22.4 
24.2 
26.3 
26.7 
23.5 
27.8 
29.2 
27.1 
24.7 
24.0 
24.7 
24.5 
23.1 
23.5 
23.6 
24.5 
25.8 
19.6 
23.8 
21.5 
23.2 
20.2 
21.9 
21.9 
21.4 
22.8 
25.7 
26.2 
27.9 
29.3 
25.8 
26.0 
21.9 
18.8 
22.8 
19.3 
22.6 
21.6 
24.6 
23.7 
26.9 
25.1 
20.4 
28.0 
25.2 
28.4 
32.2 
26.4 
24.1 
27.0 
25.4 
26.2 
26.4 
24.7 
26.7 
20.4 
27.3 
22.8 
26.5 
26.2 
23.7 
27.8 
23.3 
28.3 
26.8 
21.6 
24.8 
26.7 
25.9 
24.2 
25.9 
23.5 
23.6 
21.9 
30.1 
24.1 
27.5 
23.1 
26.5 
26.3 
26.7 
26.0 
26.4 
26.7 
25.1 
20.7 
25.5 
25.6 
23.2 
21.5 
20.8 
24.7 
23.0 
25.4 
27.7 
25.2 
27.0 
23.5 
20.0 
24.3 
27.8 
26.7 
23.3 
24.0 
22.6 
25.2 
22.5 
28.2 
27.5 
26.4 
26.0 
26.7 
22.8 
25.0 
24.5 
24.5 
22.7 
24.1 
21.3 
25.4 
23.4 
24.5 
25.6 
13.9 
23.5 
24.7 
26.1 
24.8 
21.6 
21.5 
23.1 
23.3 
23.5 
20.0 
21.5 
24.3 
22.9 
23.0 
22.7 
29.8 
22.2 
23.9 
25.2 
22.2 
20.9 
23.8 
23.4 
23.5 
22.4 
21.1 
24.8 
21.2 
24.1 
23.5 
23.6 
24.1 
21.6 
24.2 
21.3 
22.5 
24.5 
23.2 
23.0 
27.1 
16.1 
23.4 
24.1 
21.7 
20.0 
23.3 
25.4 
24.1 
24.6 
24.7 
