24.7 
23.8 
23.2 
23.9 
20.3 
25.5 
23.6 
23.4 
24.5 
27.7 
22.4 
24.6 
23.7 
25.0 
26.6 
24.8 
24.8 
25.6 
26.1 
25.8 
27.8 
28.0 
26.9 
26.4 
25.5 
25.7 
24.2 
30.6 
26.7 
24.7 
29.1 
29.7 
27.3 
25.9 
24.8 
24.8 
24.5 
24.8 
26.6 
28.4 
29.0 
27.7 
24.7 
28.7 
22.7 
26.3 
22.6 
26.1 
24.4 
27.2 
24.9 
25.0 
26.7 
29.1 
30.0 
25.5 
25.8 
26.7 
25.0 
25.1 
25.7 
26.9 
26.3 
23.6 
33.2 
28.3 
30.0 
30.4 
27.7 
31.7 
25.9 
23.5 
28.4 
26.9 
25.5 
23.7 
27.6 
31.1 
26.9 
27.2 
25.2 
26.3 
25.0 
28.3 
27.3 
23.9 
24.0 
24.9 
25.7 
29.0 
25.8 
23.6 
29.7 
34.1 
26.7 
26.8 
24.9 
24.9 
25.4 
27.9 
26.6 
24.5 
25.1 
26.4 
26.3 
24.4 
29.2 
28.3 
26.9 
26.0 
25.4 
29.7 
25.5 
25.4 
23.6 
25.5 
26.6 
26.8 
27.0 
25.6 
25.0 
24.1 
26.0 
24.3 
25.7 
25.8 
24.9 
25.1 
24.7 
25.3 
31.8 
32.8 
28.6 
26.7 
25.1 
24.9 
26.2 
23.3 
26.5 
24.6 
33.3 
33.4 
27.6 
30.7 
29.9 
29.0 
22.2 
24.1 
27.9 
24.4 
24.9 
27.4 
26.0 
28.9 
29.2 
32.9 
30.5 
32.9 
31.1 
27.6 
25.0 
26.4 
26.7 
25.5 
24.8 
26.3 
24.7 
27.8 
29.6 
30.4 
27.7 
29.6 
27.2 
25.2 
23.7 
26.8 
28.1 
32.2 
28.8 
30.5 
26.3 
25.7 
