22.0 
21.4 
23.8 
23.4 
26.6 
22.5 
24.1 
25.7 
23.7 
30.0 
21.2 
18.9 
21.4 
23.6 
19.7 
21.4 
24.7 
21.7 
26.1 
20.6 
22.2 
26.2 
22.2 
22.9 
23.7 
25.8 
23.2 
25.1 
24.0 
26.8 
25.9 
23.8 
24.8 
21.4 
24.4 
22.7 
26.0 
24.8 
25.2 
28.4 
24.2 
24.6 
23.6 
25.1 
24.9 
23.2 
25.2 
22.2 
24.5 
22.0 
24.1 
22.3 
21.2 
22.8 
21.2 
25.7 
19.9 
26.1 
25.1 
22.7 
28.4 
26.0 
22.1 
22.4 
23.9 
21.1 
24.7 
25.3 
25.2 
24.1 
23.6 
26.6 
23.0 
27.0 
23.0 
24.4 
23.8 
24.7 
22.5 
24.7 
21.5 
27.0 
21.0 
21.9 
21.5 
22.2 
21.2 
22.6 
25.5 
23.8 
24.4 
28.1 
26.6 
23.0 
23.3 
22.8 
23.8 
19.0 
17.2 
20.1 
21.6 
19.2 
24.5 
22.8 
27.8 
28.1 
17.8 
24.5 
25.6 
20.3 
22.4 
22.1 
24.2 
22.5 
24.8 
23.9 
22.4 
21.2 
23.9 
22.7 
23.7 
22.0 
25.2 
20.2 
21.6 
23.5 
24.0 
25.7 
26.6 
20.2 
22.3 
25.3 
24.3 
23.8 
23.2 
21.3 
21.2 
27.4 
24.3 
26.6 
24.7 
23.0 
25.4 
21.0 
23.4 
26.8 
16.9 
17.3 
20.5 
24.3 
23.9 
18.9 
24.8 
21.2 
23.6 
20.4 
22.0 
22.1 
23.2 
24.0 
22.9 
22.5 
21.6 
22.9 
23.4 
24.1 
25.4 
20.0 
22.6 
26.3 
24.9 
24.0 
22.4 
23.8 
20.9 
22.3 
21.6 
23.3 
22.2 
23.0 
22.8 
22.7 
27.8 
24.2 
23.4 
26.6 
25.2 
21.3 
23.0 
22.3 
23.9 
23.5 
23.6 
22.7 
25.6 
26.5 
21.7 
23.1 
26.0 
21.8 
23.8 
23.7 
21.0 
22.9 
23.4 
24.4 
24.2 
19.4 
24.7 
27.0 
22.6 
27.5 
23.0 
22.6 
28.6 
25.7 
20.9 
20.1 
26.4 
20.5 
20.9 
26.2 
23.8 
22.2 
