20.8 
22.4 
20.6 
22.8 
17.5 
22.1 
21.0 
20.6 
22.9 
21.4 
23.0 
22.6 
20.8 
26.1 
27.6 
23.0 
24.6 
25.0 
25.3 
24.2 
26.0 
23.7 
24.1 
23.2 
23.2 
20.0 
22.2 
21.8 
23.5 
23.7 
23.1 
25.4 
22.5 
20.3 
24.0 
26.0 
19.4 
21.8 
22.3 
22.3 
21.8 
21.6 
24.4 
27.5 
26.5 
23.6 
23.5 
23.0 
22.2 
24.4 
22.1 
22.1 
21.3 
24.0 
24.3 
23.4 
23.3 
27.1 
24.5 
24.1 
20.2 
22.7 
22.1 
23.0 
24.4 
22.8 
22.1 
23.2 
24.6 
25.2 
25.1 
28.4 
26.5 
24.2 
22.8 
22.2 
23.0 
21.8 
22.7 
23.2 
22.4 
23.7 
24.2 
22.2 
24.3 
27.5 
25.6 
23.9 
24.3 
24.5 
22.5 
21.0 
23.6 
20.6 
20.4 
22.2 
21.9 
24.9 
24.9 
25.9 
21.9 
25.2 
24.6 
23.7 
21.0 
22.5 
21.1 
21.8 
24.3 
20.8 
23.8 
23.2 
24.4 
22.0 
24.3 
24.5 
22.7 
25.5 
24.0 
23.8 
24.9 
22.2 
23.4 
21.5 
21.8 
21.6 
23.1 
24.5 
26.6 
26.1 
25.6 
17.6 
23.9 
19.5 
22.7 
22.7 
22.6 
20.1 
22.1 
24.1 
24.1 
23.7 
22.2 
24.2 
20.5 
24.3 
24.3 
22.0 
23.9 
25.8 
22.4 
21.9 
23.3 
24.0 
23.7 
23.1 
24.1 
23.7 
22.8 
23.2 
23.9 
23.9 
12.4 
11.6 
10.6 
23.2 
21.0 
23.5 
23.3 
23.0 
23.5 
23.2 
22.0 
22.0 
21.4 
24.7 
24.6 
25.9 
24.2 
25.1 
24.1 
23.4 
22.5 
23.5 
22.9 
24.1 
23.1 
23.0 
24.4 
21.6 
22.1 
27.9 
22.8 
23.5 
27.5 
24.8 
23.8 
23.7 
25.8 
21.2 
23.7 
23.6 
25.2 
25.2 
24.3 
23.9 
22.5 
25.6 
23.6 
22.2 
22.0 
21.8 
21.8 
24.5 
22.7 
24.2 
18.2 
25.0 
23.5 
24.3 
23.2 
22.1 
23.5 
23.3 
24.9 
22.6 
21.7 
