23.7 
25.1 
23.2 
22.8 
25.6 
25.3 
24.9 
27.5 
28.8 
28.1 
26.5 
27.6 
25.2 
31.8 
26.3 
24.6 
29.1 
23.0 
27.6 
24.6 
26.1 
30.4 
31.8 
25.4 
28.1 
25.6 
27.1 
28.2 
25.7 
29.4 
25.6 
28.9 
28.4 
27.7 
25.6 
25.1 
28.7 
26.4 
28.2 
27.0 
25.4 
27.1 
28.5 
26.6 
24.6 
24.1 
27.0 
27.9 
29.2 
25.7 
27.7 
24.7 
24.8 
27.8 
26.0 
27.7 
26.1 
24.9 
25.8 
25.8 
30.0 
27.4 
25.2 
28.7 
28.1 
30.7 
27.4 
24.5 
23.4 
25.9 
24.3 
23.7 
26.2 
23.8 
28.8 
29.8 
24.1 
26.5 
28.4 
27.2 
26.5 
25.3 
30.6 
23.4 
28.1 
30.0 
31.4 
26.4 
25.8 
28.3 
30.2 
22.5 
26.9 
23.9 
26.4 
26.8 
27.3 
26.0 
27.2 
26.6 
27.9 
25.7 
26.8 
29.0 
31.4 
26.0 
30.7 
26.0 
28.8 
25.2 
24.8 
28.1 
25.0 
26.0 
25.1 
26.3 
29.2 
31.7 
29.1 
28.7 
25.4 
28.7 
25.7 
24.5 
28.5 
28.8 
29.7 
31.7 
27.9 
25.7 
27.2 
28.2 
28.7 
28.0 
28.9 
25.9 
32.1 
27.8 
25.5 
27.4 
24.9 
29.4 
27.3 
26.7 
25.8 
26.2 
27.3 
28.3 
19.6 
27.9 
31.3 
32.2 
16.0 
22.0 
25.6 
25.9 
24.4 
21.6 
24.5 
24.7 
25.8 
28.7 
31.2 
32.6 
36.6 
27.9 
28.0 
25.9 
25.5 
23.8 
26.7 
22.2 
25.6 
23.2 
27.6 
29.3 
34.8 
36.4 
23.9 
24.5 
25.9 
27.2 
26.5 
25.2 
25.1 
26.4 
29.6 
28.7 
28.8 
23.8 
27.2 
21.8 
23.2 
24.9 
27.3 
27.4 
27.3 
25.0 
30.5 
30.3 
24.5 
23.6 
23.9 
26.8 
24.1 
22.9 
24.1 
28.0 
30.6 
29.9 
28.1 
27.5 
29.4 
24.8 
24.6 
29.8 
27.0 
25.0 
26.1 
23.7 
29.2 
26.4 
25.7 
24.5 
26.4 
26.5 
28.5 
25.8 
26.7 
18.8 
23.9 
25.3 
27.2 
26.2 
27.9 
24.0 
25.4 
26.1 
24.6 
26.7 
28.3 
26.9 
32.8 
31.8 
23.7 
25.0 
26.1 
26.2 
26.6 
26.4 
25.8 
27.8 
27.3 
30.2 
29.2 
28.0 
25.3 
27.5 
24.0 
25.5 
25.4 
25.1 
27.5 
26.8 
25.8 
24.1 
25.2 
28.2 
28.6 
28.8 
26.6 
24.6 
25.1 
26.0 
25.0 
25.7 
23.1 
28.3 
27.8 
26.3 
27.2 
29.7 
25.9 
30.2 
26.9 
26.5 
26.7 
30.4 
23.4 
22.8 
27.6 
26.5 
25.2 
27.1 
27.1 
33.9 
26.0 
27.9 
23.7 
23.9 
27.7 
23.0 
24.3 
25.3 
24.9 
27.6 
28.5 
27.1 
27.7 
25.5 
23.3 
28.6 
26.9 
30.6 
30.9 
29.3 
27.7 
25.3 
23.8 
