53.3 
53.7 
53.9 
53.6 
51.5 
54.1 
50.9 
53.6 
54.1 
54.6 
54.5 
53.3 
54.3 
54.0 
54.1 
54.3 
54.3 
54.7 
49.6 
53.9 
52.5 
54.6 
53.1 
53.5 
51.8 
52.8 
52.8 
53.5 
52.2 
48.1 
53.7 
54.4 
53.7 
49.7 
53.5 
53.8 
53.5 
54.3 
54.6 
54.4 
53.8 
53.3 
53.5 
54.0 
53.7 
54.4 
53.7 
52.8 
53.8 
54.4 
48.8 
53.1 
52.8 
52.1 
54.5 
54.1 
53.3 
54.5 
54.5 
50.0 
46.9 
50.6 
49.4 
53.8 
54.6 
54.7 
52.7 
52.3 
54.2 
54.0 
53.5 
54.1 
54.2 
49.8 
54.3 
56.2 
54.5 
54.2 
55.6 
55.0 
54.4 
54.6 
52.2 
54.4 
54.2 
55.0 
53.2 
53.1 
54.4 
53.6 
53.9 
54.3 
53.6 
54.7 
54.6 
53.7 
54.3 
54.5 
53.5 
53.9 
54.1 
53.5 
54.1 
53.9 
53.2 
53.6 
52.2 
53.5 
54.4 
54.9 
54.2 
51.5 
54.1 
55.1 
53.5 
54.5 
54.1 
54.6 
53.6 
54.0 
54.4 
49.2 
53.7 
52.2 
53.5 
53.8 
53.9 
54.3 
53.9 
50.2 
55.0 
53.1 
54.7 
54.4 
54.5 
54.6 
54.7 
54.4 
54.5 
53.7 
49.4 
46.9 
54.0 
54.1 
53.9 
53.7 
54.7 
54.0 
54.6 
48.9 
53.8 
49.7 
54.5 
53.5 
54.0 
53.1 
52.2 
52.5 
53.5 
54.8 
53.0 
53.0 
53.6 
49.6 
52.5 
53.7 
53.4 
54.0 
54.6 
54.5 
54.0 
53.6 
55.0 
53.5 
52.6 
49.9 
53.3 
52.0 
53.6 
54.3 
54.9 
53.9 
54.9 
54.5 
54.1 
54.2 
51.4 
53.2 
54.6 
51.5 
53.7 
52.9 
49.3 
52.2 
