56.4 
56.7 
55.8 
56.4 
55.6 
56.8 
57.0 
56.8 
57.1 
57.0 
56.8 
56.3 
56.5 
56.6 
56.8 
55.0 
57.2 
54.1 
55.7 
56.3 
56.1 
55.8 
56.2 
56.2 
55.0 
56.8 
56.7 
55.5 
57.3 
55.4 
57.1 
56.7 
56.7 
51.5 
56.8 
56.1 
52.4 
56.2 
56.6 
56.3 
56.3 
56.5 
55.7 
57.0 
57.1 
57.0 
57.1 
56.5 
57.2 
57.2 
56.6 
57.0 
56.8 
57.1 
56.4 
56.8 
55.0 
55.8 
56.8 
54.6 
56.1 
56.0 
56.8 
56.7 
56.4 
56.8 
56.5 
56.7 
57.4 
57.3 
55.2 
56.7 
56.2 
56.7 
56.4 
57.8 
56.8 
56.3 
56.7 
57.1 
56.4 
57.0 
56.8 
56.5 
56.5 
54.8 
56.0 
56.7 
56.3 
57.0 
56.6 
57.5 
57.3 
56.1 
59.0 
54.9 
56.5 
56.6 
56.2 
55.8 
55.9 
57.1 
56.9 
56.2 
56.9 
56.7 
56.4 
56.1 
56.7 
57.0 
56.0 
57.7 
57.7 
56.9 
55.2 
56.5 
56.4 
56.1 
57.3 
57.7 
57.2 
56.6 
57.7 
56.5 
56.7 
56.4 
57.0 
56.9 
57.2 
57.6 
57.2 
56.0 
56.1 
57.3 
56.7 
56.7 
56.8 
55.9 
56.5 
57.5 
56.6 
55.8 
56.6 
56.7 
54.8 
56.7 
56.9 
56.3 
56.2 
55.2 
56.2 
56.3 
56.2 
56.5 
56.7 
56.7 
56.4 
56.6 
57.3 
56.5 
57.2 
56.6 
57.1 
56.2 
56.2 
56.3 
56.2 
57.1 
57.3 
54.7 
55.3 
55.7 
55.5 
56.4 
56.9 
55.6 
57.2 
56.9 
56.5 
57.3 
57.0 
56.0 
57.3 
56.1 
57.1 
55.9 
55.5 
56.4 
56.6 
56.3 
56.6 
55.7 
