58.8 
60.1 
59.0 
60.0 
58.2 
58.7 
59.0 
60.1 
59.9 
57.4 
59.9 
60.5 
60.1 
59.2 
59.6 
58.8 
59.4 
58.9 
59.1 
59.6 
59.8 
59.4 
58.8 
58.8 
59.9 
59.3 
58.3 
60.0 
60.1 
59.9 
56.6 
59.9 
59.4 
58.7 
60.5 
59.7 
59.3 
59.4 
58.8 
58.2 
60.2 
60.4 
59.5 
59.6 
60.1 
59.2 
58.6 
59.6 
60.1 
60.1 
59.4 
59.3 
59.4 
59.9 
60.3 
59.8 
59.2 
59.1 
58.7 
60.5 
59.6 
59.1 
59.0 
59.7 
59.8 
58.3 
60.0 
59.6 
58.8 
58.4 
59.4 
60.3 
60.8 
58.5 
59.3 
59.2 
59.4 
58.9 
58.9 
59.5 
57.8 
59.6 
58.2 
59.0 
59.2 
58.9 
59.1 
59.9 
59.5 
59.4 
59.7 
59.6 
59.5 
58.9 
60.3 
58.8 
60.2 
58.5 
59.2 
60.0 
59.7 
58.1 
59.6 
59.5 
60.1 
59.7 
58.5 
58.6 
59.1 
57.5 
58.7 
60.1 
59.7 
58.7 
59.0 
54.8 
58.2 
59.6 
59.2 
59.9 
59.2 
59.2 
60.1 
59.8 
59.3 
60.4 
58.9 
60.0 
60.1 
59.9 
60.1 
59.3 
58.9 
60.3 
60.7 
59.5 
59.3 
59.7 
59.6 
59.2 
59.7 
59.4 
60.6 
60.0 
59.5 
60.4 
58.7 
59.3 
59.6 
60.0 
58.6 
59.4 
59.8 
60.0 
60.1 
59.1 
59.6 
59.5 
59.6 
59.5 
59.6 
