33.8 
38.6 
35.0 
26.0 
26.9 
28.3 
24.5 
27.2 
25.2 
23.4 
32.2 
25.1 
36.9 
35.8 
32.6 
28.4 
26.9 
36.0 
27.3 
28.6 
26.3 
30.1 
38.6 
33.1 
33.2 
36.2 
33.4 
31.8 
28.3 
32.3 
23.2 
24.2 
22.6 
24.5 
24.4 
24.8 
23.4 
36.4 
29.8 
34.6 
32.6 
35.2 
23.7 
23.5 
32.3 
29.9 
35.5 
22.7 
36.4 
23.0 
27.3 
33.6 
35.6 
38.1 
28.6 
34.0 
29.9 
32.7 
31.6 
34.7 
30.1 
37.8 
24.2 
29.8 
25.3 
28.3 
34.7 
27.8 
24.5 
27.6 
25.1 
26.4 
28.9 
34.6 
27.0 
30.6 
35.0 
23.8 
34.6 
35.1 
34.6 
38.8 
37.9 
35.3 
31.1 
31.6 
30.7 
27.8 
31.5 
25.1 
24.2 
24.6 
27.8 
31.6 
38.9 
39.1 
38.7 
31.7 
40.1 
35.6 
29.6 
23.5 
26.1 
25.7 
25.2 
25.6 
24.8 
25.2 
32.9 
38.9 
33.1 
31.0 
35.6 
36.7 
39.3 
38.8 
38.9 
28.0 
24.3 
32.1 
31.9 
25.7 
25.8 
23.8 
23.1 
33.3 
31.5 
34.3 
29.0 
32.5 
39.2 
39.1 
24.4 
30.8 
29.1 
37.7 
37.9 
29.4 
36.4 
20.6 
27.5 
25.3 
21.5 
26.9 
30.4 
27.7 
29.2 
36.7 
30.4 
30.0 
30.2 
33.8 
29.7 
26.3 
24.5 
28.0 
27.7 
27.4 
27.9 
23.9 
26.1 
27.0 
33.4 
30.7 
29.5 
28.6 
32.3 
38.6 
35.8 
29.9 
