53.1 
47.9 
53.0 
52.3 
47.4 
44.9 
45.4 
35.5 
43.7 
52.7 
52.8 
53.1 
46.0 
49.3 
42.5 
44.8 
48.5 
42.0 
45.9 
32.3 
51.0 
52.8 
47.2 
52.4 
52.2 
52.2 
51.7 
53.6 
56.1 
54.9 
38.3 
50.9 
54.3 
53.8 
48.3 
45.4 
35.5 
46.7 
37.8 
47.1 
51.6 
54.3 
53.2 
50.6 
45.3 
50.1 
38.9 
47.2 
48.5 
53.6 
53.4 
53.9 
53.7 
50.1 
35.7 
42.5 
39.8 
33.2 
46.5 
43.6 
49.7 
53.3 
53.5 
54.6 
52.7 
52.4 
53.8 
40.5 
43.7 
50.1 
52.9 
53.9 
52.6 
49.9 
53.1 
52.8 
53.2 
50.4 
45.8 
49.2 
46.7 
48.6 
53.6 
49.3 
43.0 
51.5 
48.7 
44.4 
51.6 
50.2 
45.5 
49.6 
53.7 
38.2 
36.9 
37.6 
37.9 
49.1 
53.2 
55.3 
54.8 
52.6 
53.4 
53.5 
48.2 
47.5 
48.1 
49.8 
46.0 
53.0 
52.8 
51.7 
50.1 
53.3 
50.1 
49.0 
49.8 
45.7 
48.7 
54.2 
52.2 
49.1 
41.2 
41.9 
41.9 
46.0 
46.2 
31.9 
52.9 
53.8 
54.9 
36.6 
46.6 
52.5 
53.2 
45.5 
53.1 
39.5 
53.5 
54.7 
38.5 
51.3 
53.3 
51.4 
42.1 
52.5 
50.3 
49.1 
55.7 
47.6 
42.9 
36.4 
53.9 
51.5 
52.2 
54.4 
51.0 
52.7 
36.6 
34.8 
38.9 
47.0 
52.7 
53.7 
51.4 
53.4 
45.5 
50.0 
46.2 
54.3 
52.0 
49.4 
53.6 
49.6 
56.6 
54.6 
53.9 
50.5 
54.4 
52.7 
45.2 
47.5 
47.0 
52.2 
54.0 
56.8 
46.9 
53.7 
53.1 
54.0 
42.7 
50.1 
51.5 
52.5 
55.3 
54.2 
51.5 
47.4 
53.7 
53.4 
52.7 
53.4 
53.4 
41.7 
54.2 
54.0 
41.6 
