49.7 
51.5 
48.8 
47.2 
44.7 
47.0 
43.3 
52.6 
53.7 
51.3 
52.7 
49.5 
53.5 
49.8 
56.6 
56.1 
53.2 
38.9 
49.9 
52.4 
45.1 
46.7 
51.5 
53.2 
50.2 
39.7 
53.1 
50.3 
54.3 
50.9 
51.2 
41.2 
44.9 
31.4 
52.2 
41.6 
53.0 
52.6 
52.8 
46.0 
46.6 
51.2 
52.3 
52.1 
50.4 
49.0 
37.3 
37.2 
45.5 
53.6 
38.9 
52.7 
50.3 
51.0 
53.3 
42.3 
52.1 
50.6 
52.3 
53.2 
49.5 
41.6 
44.9 
40.2 
49.7 
45.9 
52.8 
50.8 
53.7 
49.5 
49.7 
51.5 
53.4 
51.1 
54.3 
46.5 
48.1 
48.5 
35.1 
50.7 
51.0 
49.4 
45.8 
52.2 
41.3 
53.9 
53.0 
39.3 
50.6 
35.2 
38.0 
44.4 
35.1 
53.4 
52.6 
53.2 
51.7 
41.7 
43.8 
50.5 
39.8 
38.5 
47.8 
52.5 
52.4 
52.9 
52.8 
49.8 
53.8 
54.2 
47.8 
48.1 
53.4 
53.4 
50.0 
49.5 
53.3 
41.9 
40.7 
46.6 
50.9 
52.4 
53.2 
56.2 
52.6 
50.4 
47.8 
41.0 
53.4 
43.1 
37.2 
42.6 
52.0 
38.7 
52.3 
53.2 
49.0 
53.3 
52.4 
52.7 
47.0 
36.5 
54.5 
48.0 
49.8 
50.1 
52.3 
50.4 
48.0 
51.8 
38.6 
47.0 
48.7 
46.5 
46.4 
52.6 
53.6 
52.7 
53.6 
53.5 
53.5 
50.1 
47.8 
51.1 
43.3 
38.0 
52.3 
50.0 
35.4 
40.3 
53.4 
53.6 
54.1 
53.2 
50.0 
48.2 
