56.4 
54.8 
55.9 
55.8 
56.1 
56.0 
55.8 
55.8 
57.0 
55.1 
57.2 
57.3 
55.1 
54.8 
56.6 
56.1 
56.6 
57.2 
57.2 
57.1 
56.3 
56.2 
56.7 
56.3 
56.2 
56.0 
56.6 
57.1 
56.7 
54.1 
54.8 
55.1 
57.7 
57.7 
57.1 
56.9 
56.4 
56.2 
55.7 
57.1 
57.0 
57.0 
56.4 
57.1 
57.4 
56.6 
56.9 
53.4 
56.5 
57.2 
56.3 
55.8 
55.5 
57.1 
57.0 
56.9 
54.5 
56.1 
56.8 
55.3 
56.0 
56.5 
57.2 
57.0 
56.4 
55.7 
56.5 
56.4 
56.8 
57.1 
57.3 
55.0 
56.4 
57.0 
57.2 
57.8 
56.8 
56.7 
56.3 
56.8 
57.1 
55.9 
55.4 
57.0 
57.0 
56.7 
56.6 
53.6 
56.3 
57.4 
56.6 
56.2 
56.8 
56.6 
56.2 
57.0 
54.6 
56.6 
56.6 
57.0 
56.2 
57.2 
57.0 
55.8 
56.3 
56.9 
55.3 
55.1 
53.4 
56.4 
53.9 
55.3 
57.3 
55.2 
57.1 
57.4 
57.3 
57.1 
57.4 
56.5 
55.5 
57.0 
56.2 
56.9 
55.8 
57.0 
56.1 
57.3 
56.9 
56.4 
56.6 
56.9 
56.1 
56.3 
55.6 
56.8 
57.3 
56.3 
56.0 
57.0 
55.0 
57.3 
56.1 
56.5 
56.2 
56.9 
54.3 
56.9 
56.7 
56.7 
57.2 
56.9 
57.0 
56.3 
55.5 
55.2 
55.9 
56.4 
54.9 
56.8 
56.6 
56.7 
56.3 
57.0 
56.2 
57.0 
55.8 
56.3 
56.2 
56.5 
56.3 
56.8 
57.2 
56.8 
57.3 
50.4 
56.8 
57.1 
55.5 
57.6 
56.8 
56.5 
56.3 
56.8 
56.5 
57.1 
57.4 
56.5 
57.3 
53.9 
55.9 
58.0 
55.2 
57.4 
55.9 
57.0 
56.0 
56.2 
56.3 
52.9 
56.8 
56.7 
56.3 
55.7 
57.3 
56.9 
57.0 
56.8 
56.4 
55.9 
56.9 
55.9 
56.6 
55.8 
56.3 
56.9 
56.9 
57.3 
56.4 
56.5 
57.0 
55.6 
56.3 
56.7 
56.4 
55.8 
56.2 
57.2 
56.8 
56.8 
57.1 
55.9 
57.6 
56.8 
57.2 
57.1 
54.8 
51.8 
56.2 
56.8 
55.4 
55.2 
56.9 
57.4 
56.6 
57.0 
57.1 
56.7 
55.8 
56.1 
56.9 
57.7 
57.4 
56.8 
57.5 
56.2 
56.7 
57.2 
56.6 
57.2 
56.2 
56.3 
57.0 
56.8 
57.1 
56.3 
57.1 
54.4 
56.3 
56.3 
55.9 
56.8 
56.8 
55.7 
56.5 
57.1 
56.6 
56.6 
56.5 
52.5 
56.0 
57.2 
56.0 
56.0 
56.3 
56.6 
50.4 
56.5 
57.6 
56.5 
55.0 
56.5 
56.6 
57.4 
56.9 
57.3 
