57.7 
58.9 
60.6 
59.1 
59.8 
60.4 
59.1 
57.6 
60.1 
59.4 
59.2 
58.9 
60.0 
58.9 
60.4 
60.8 
59.7 
58.6 
60.1 
60.1 
60.4 
59.2 
59.6 
60.0 
59.8 
58.8 
60.6 
60.3 
59.5 
59.9 
59.9 
60.5 
59.4 
60.4 
59.3 
59.3 
59.7 
59.1 
60.1 
58.0 
58.2 
59.1 
59.2 
59.9 
59.8 
59.4 
60.3 
60.1 
59.5 
59.3 
59.6 
60.2 
59.8 
59.4 
59.4 
60.1 
58.8 
55.1 
59.7 
57.9 
60.1 
58.1 
58.8 
59.5 
59.8 
60.3 
59.0 
60.4 
58.8 
59.9 
60.5 
60.1 
59.4 
59.4 
59.4 
58.7 
59.6 
59.2 
59.1 
60.0 
59.3 
57.1 
59.0 
60.2 
60.5 
58.8 
59.1 
58.7 
60.7 
59.5 
59.5 
59.8 
58.9 
59.4 
59.1 
60.0 
60.0 
58.6 
58.9 
60.0 
59.2 
57.9 
59.3 
59.6 
58.7 
59.7 
59.5 
57.5 
59.6 
59.7 
60.3 
59.1 
59.3 
59.6 
59.5 
59.6 
60.5 
60.1 
59.0 
60.3 
59.4 
58.5 
58.7 
59.1 
58.8 
60.0 
59.0 
59.8 
59.7 
60.2 
59.5 
59.8 
60.4 
59.4 
55.8 
58.9 
60.2 
58.8 
59.2 
59.1 
59.1 
59.4 
59.5 
59.4 
59.3 
58.9 
60.2 
59.4 
59.2 
57.9 
