50.0 
47.6 
56.8 
56.6 
57.2 
53.3 
56.2 
56.9 
56.4 
57.0 
56.3 
57.0 
57.1 
54.7 
57.7 
56.7 
57.9 
56.2 
57.4 
57.6 
57.3 
56.3 
56.8 
56.9 
56.5 
56.6 
57.3 
56.8 
55.9 
57.2 
57.5 
57.2 
56.8 
57.2 
54.7 
57.0 
57.2 
57.4 
56.3 
56.9 
57.0 
56.5 
57.5 
56.7 
57.4 
57.4 
57.3 
56.5 
57.0 
56.7 
57.7 
56.6 
56.7 
57.6 
56.3 
55.1 
57.5 
57.6 
57.5 
57.5 
56.8 
56.8 
56.5 
56.5 
57.5 
56.9 
56.7 
56.7 
56.8 
56.3 
57.5 
57.1 
56.2 
56.8 
53.0 
57.1 
56.9 
55.2 
57.0 
56.2 
57.5 
55.3 
55.9 
56.9 
56.8 
56.8 
57.2 
56.4 
56.1 
57.5 
56.6 
57.6 
57.1 
57.0 
56.6 
56.5 
57.2 
56.9 
57.1 
56.9 
57.6 
56.7 
57.2 
56.3 
55.1 
57.5 
51.6 
55.0 
56.6 
56.5 
56.6 
57.3 
57.1 
56.2 
56.4 
56.8 
57.3 
57.2 
55.8 
56.1 
51.7 
56.1 
56.4 
57.2 
56.6 
57.7 
56.6 
56.2 
56.5 
56.4 
57.1 
56.7 
57.5 
57.2 
56.4 
56.2 
56.6 
57.0 
56.2 
56.9 
56.3 
57.1 
55.7 
56.4 
55.7 
56.4 
56.7 
56.5 
57.3 
55.7 
57.2 
56.7 
57.0 
57.0 
56.4 
57.2 
57.3 
57.4 
57.1 
56.2 
56.3 
56.9 
56.0 
52.3 
57.1 
56.5 
55.9 
56.0 
59.6 
56.5 
57.3 
57.8 
57.3 
55.1 
