41.8 
44.7 
34.2 
30.8 
32.8 
37.8 
33.2 
35.9 
43.9 
41.6 
43.1 
44.1 
48.4 
46.3 
48.6 
34.2 
46.8 
46.1 
45.4 
35.2 
42.3 
45.3 
35.0 
49.8 
46.0 
32.2 
39.7 
45.0 
41.6 
46.6 
47.9 
45.5 
40.3 
29.7 
43.1 
46.6 
33.2 
33.2 
36.3 
32.9 
43.7 
49.4 
44.8 
49.8 
40.4 
47.7 
48.8 
44.6 
29.6 
31.6 
43.4 
32.3 
37.9 
41.5 
47.1 
38.9 
41.8 
40.3 
45.5 
38.6 
48.7 
46.7 
45.7 
45.7 
40.4 
47.2 
41.8 
48.3 
46.3 
31.1 
36.5 
34.1 
32.8 
43.1 
44.8 
34.5 
33.9 
41.5 
46.6 
46.1 
46.1 
44.9 
34.9 
35.0 
34.1 
34.4 
46.0 
47.9 
46.6 
48.2 
46.0 
43.3 
43.7 
33.2 
50.8 
36.4 
40.6 
44.3 
42.6 
41.3 
34.4 
41.0 
41.3 
48.9 
47.3 
33.1 
43.5 
41.5 
49.5 
40.5 
46.8 
49.1 
32.1 
42.6 
32.3 
46.6 
45.9 
48.7 
44.0 
44.3 
38.5 
48.5 
49.9 
33.2 
41.8 
41.7 
49.8 
44.1 
48.6 
47.8 
49.4 
52.7 
49.6 
46.9 
42.1 
33.1 
36.3 
31.1 
36.2 
44.9 
40.1 
39.1 
47.2 
40.9 
40.4 
48.7 
47.0 
39.3 
44.8 
38.0 
36.8 
44.9 
40.5 
47.3 
46.4 
46.3 
49.5 
45.4 
47.5 
27.7 
31.9 
43.2 
47.7 
45.0 
47.3 
47.3 
45.7 
37.5 
40.9 
31.5 
36.1 
45.4 
44.8 
47.1 
44.1 
47.2 
46.4 
45.6 
45.6 
45.5 
49.7 
47.7 
42.8 
42.1 
35.0 
30.9 
38.1 
33.3 
30.6 
38.6 
42.2 
