46.3 
43.4 
57.4 
55.5 
56.0 
56.5 
58.7 
57.0 
54.6 
57.4 
58.3 
56.8 
56.4 
56.9 
57.0 
57.5 
57.3 
57.4 
57.6 
58.1 
58.7 
57.0 
57.2 
59.1 
57.1 
56.7 
58.4 
57.5 
56.7 
55.1 
56.0 
56.5 
57.1 
56.7 
57.5 
57.6 
58.6 
57.0 
58.0 
57.3 
56.9 
57.3 
58.1 
56.7 
56.1 
56.6 
58.3 
58.0 
54.8 
56.6 
57.4 
58.1 
58.4 
56.5 
59.1 
58.0 
57.6 
56.1 
56.3 
56.3 
57.4 
56.3 
56.4 
56.3 
56.3 
55.7 
57.6 
57.0 
57.5 
58.2 
55.7 
56.4 
57.8 
56.5 
57.9 
57.0 
57.3 
57.0 
58.9 
56.2 
56.7 
57.9 
59.6 
57.1 
57.3 
57.3 
59.0 
57.2 
56.0 
57.5 
57.3 
56.0 
56.2 
57.7 
58.8 
57.4 
56.6 
56.4 
56.4 
56.7 
56.2 
56.4 
57.1 
56.3 
57.0 
60.0 
56.0 
57.3 
57.4 
57.2 
57.4 
57.4 
57.2 
57.4 
56.1 
59.2 
57.2 
57.6 
58.5 
57.7 
53.4 
56.9 
57.3 
56.0 
57.6 
56.6 
59.2 
57.0 
57.4 
55.8 
57.0 
57.1 
56.9 
57.4 
57.5 
54.5 
56.5 
56.2 
57.0 
56.6 
57.0 
56.7 
59.1 
57.0 
56.3 
56.4 
56.4 
58.1 
56.6 
56.0 
56.4 
56.3 
57.6 
57.6 
57.1 
52.4 
56.1 
56.6 
58.1 
56.9 
