50.1 
54.6 
54.6 
56.5 
57.4 
57.5 
56.9 
56.6 
57.0 
53.2 
56.9 
57.2 
55.3 
56.9 
56.4 
57.5 
56.6 
55.6 
55.3 
55.6 
57.1 
57.5 
55.2 
56.8 
55.9 
56.8 
56.3 
57.1 
55.8 
56.4 
55.5 
57.1 
57.5 
54.8 
53.2 
57.0 
56.9 
58.0 
56.5 
57.4 
56.9 
55.9 
56.9 
57.0 
57.5 
58.2 
57.2 
56.9 
57.3 
55.7 
56.4 
57.3 
56.7 
56.9 
56.7 
56.0 
57.9 
55.9 
57.4 
56.5 
57.4 
57.3 
56.9 
54.8 
56.8 
57.6 
57.0 
56.8 
57.3 
56.8 
57.0 
56.0 
56.7 
56.6 
55.6 
56.8 
56.8 
56.8 
56.5 
57.6 
57.0 
55.9 
57.6 
57.0 
56.4 
56.6 
56.8 
55.8 
56.5 
55.8 
57.4 
56.5 
57.4 
56.2 
56.4 
56.7 
57.5 
57.1 
56.2 
57.1 
57.1 
57.6 
57.1 
55.8 
54.0 
57.5 
56.9 
57.0 
57.3 
56.1 
57.0 
56.9 
56.1 
56.7 
57.0 
55.7 
56.4 
56.2 
57.1 
55.7 
55.8 
56.3 
55.8 
56.2 
56.7 
57.4 
56.6 
57.5 
57.1 
57.9 
55.6 
55.4 
57.1 
56.7 
57.4 
56.6 
57.7 
57.3 
56.2 
57.0 
57.1 
52.7 
57.0 
56.8 
56.5 
56.8 
57.0 
57.4 
56.7 
56.3 
56.8 
56.8 
57.0 
57.8 
55.8 
57.2 
57.5 
56.5 
57.1 
56.3 
57.7 
56.0 
57.3 
57.5 
