41.0 
42.5 
31.6 
37.4 
25.8 
32.7 
33.9 
28.6 
32.8 
30.5 
31.8 
36.6 
45.2 
45.0 
42.9 
40.5 
46.5 
47.7 
38.2 
47.2 
45.9 
39.1 
44.5 
29.3 
45.4 
42.2 
36.5 
29.2 
38.4 
29.3 
44.6 
30.7 
42.3 
41.0 
29.2 
34.4 
29.5 
42.5 
37.1 
33.4 
31.5 
35.6 
29.7 
45.6 
44.9 
35.6 
41.6 
35.5 
38.2 
36.3 
40.9 
40.2 
38.9 
30.8 
27.7 
36.9 
32.4 
46.3 
36.5 
38.1 
39.3 
45.1 
45.2 
46.8 
40.7 
40.3 
37.8 
39.4 
34.2 
39.6 
42.4 
45.2 
31.5 
32.1 
44.3 
33.5 
43.9 
42.0 
37.6 
41.0 
44.5 
47.1 
44.9 
41.3 
27.1 
42.5 
43.1 
30.5 
43.2 
46.3 
46.1 
42.8 
37.1 
30.8 
26.9 
33.6 
44.2 
44.5 
31.7 
44.2 
42.8 
44.0 
45.2 
39.7 
37.3 
36.9 
43.2 
45.3 
35.9 
44.3 
35.4 
44.7 
41.2 
45.8 
45.1 
44.0 
42.3 
45.0 
37.0 
38.5 
41.3 
40.7 
37.9 
46.0 
47.4 
48.2 
37.9 
43.3 
44.1 
45.6 
40.8 
32.2 
26.3 
31.7 
35.9 
33.7 
35.2 
32.3 
39.5 
45.5 
45.7 
44.7 
34.6 
45.0 
47.0 
47.5 
45.1 
42.9 
47.6 
33.8 
34.1 
39.6 
37.3 
43.8 
32.8 
39.9 
36.1 
40.2 
34.5 
45.2 
42.2 
48.2 
37.1 
44.0 
34.9 
36.4 
26.9 
44.3 
32.4 
36.7 
43.1 
