53.9 
57.0 
57.0 
46.4 
57.4 
57.4 
57.7 
58.0 
55.8 
52.2 
54.8 
52.8 
56.7 
56.0 
57.3 
56.7 
57.0 
57.9 
57.2 
56.7 
53.9 
52.7 
57.8 
55.9 
57.6 
56.2 
57.4 
57.0 
56.8 
58.2 
53.5 
57.1 
57.4 
56.8 
56.3 
56.5 
57.6 
57.9 
57.5 
56.2 
58.2 
57.6 
57.9 
57.3 
57.8 
57.2 
58.1 
56.3 
57.1 
57.3 
56.8 
57.6 
57.9 
56.6 
57.9 
57.7 
57.7 
57.6 
55.7 
58.2 
56.1 
57.2 
57.9 
56.7 
57.6 
57.7 
56.4 
56.8 
52.4 
53.2 
57.4 
58.1 
57.1 
56.0 
57.4 
56.3 
57.6 
58.0 
57.1 
57.9 
58.9 
55.9 
57.4 
56.1 
57.2 
56.5 
56.9 
54.1 
56.4 
56.2 
55.5 
56.9 
57.5 
56.7 
57.7 
57.3 
57.7 
57.6 
57.1 
57.6 
56.9 
58.3 
56.4 
57.9 
56.9 
56.8 
57.3 
57.9 
57.0 
57.8 
57.3 
57.4 
57.7 
56.7 
55.4 
55.2 
57.8 
57.1 
57.2 
57.3 
57.1 
57.2 
57.3 
57.8 
58.2 
54.3 
57.3 
57.9 
58.2 
57.4 
57.6 
57.1 
57.1 
57.8 
57.4 
53.1 
53.2 
58.1 
56.8 
56.5 
57.1 
57.4 
56.3 
57.4 
57.3 
54.9 
54.0 
53.5 
57.0 
58.0 
57.2 
57.3 
55.7 
58.0 
57.0 
56.3 
53.1 
56.8 
57.7 
57.6 
57.2 
57.8 
56.3 
57.0 
57.0 
55.6 
56.7 
56.4 
57.2 
57.3 
56.7 
57.5 
57.6 
57.7 
55.9 
56.5 
52.6 
57.5 
59.0 
57.5 
57.2 
57.6 
58.1 
57.9 
58.2 
55.2 
56.9 
56.2 
56.1 
57.6 
58.2 
