52.5 
52.6 
53.7 
52.2 
52.8 
52.9 
53.5 
54.0 
53.9 
53.2 
52.7 
54.1 
54.3 
52.5 
53.6 
55.3 
53.8 
51.2 
53.5 
53.0 
52.4 
52.9 
55.4 
53.2 
53.5 
52.9 
53.0 
55.3 
53.1 
48.6 
54.4 
53.8 
52.9 
53.3 
54.0 
53.8 
54.4 
53.1 
53.8 
53.7 
50.3 
54.4 
53.6 
52.6 
53.5 
51.4 
52.9 
52.6 
52.5 
53.3 
53.5 
53.8 
52.2 
53.9 
54.1 
54.0 
49.7 
53.2 
53.8 
53.3 
54.1 
53.8 
53.9 
53.1 
52.5 
53.9 
52.9 
54.2 
52.0 
52.9 
52.5 
53.7 
52.4 
54.0 
53.5 
53.6 
53.3 
52.6 
52.5 
53.8 
53.3 
53.5 
53.2 
53.5 
53.3 
53.8 
52.7 
53.5 
53.5 
52.8 
53.9 
52.9 
53.8 
53.5 
53.6 
53.9 
52.7 
53.4 
53.9 
53.3 
53.5 
54.0 
52.5 
52.2 
52.3 
53.1 
53.1 
55.7 
51.8 
52.4 
52.4 
53.3 
53.6 
52.8 
53.4 
53.0 
52.5 
52.2 
53.4 
52.3 
53.8 
53.5 
52.8 
53.2 
51.2 
52.6 
54.1 
53.7 
53.5 
52.8 
52.1 
54.2 
52.1 
53.3 
54.7 
53.2 
53.2 
53.6 
53.1 
53.9 
53.2 
53.4 
52.9 
53.1 
53.3 
53.9 
49.4 
54.9 
52.8 
53.4 
52.3 
53.6 
53.3 
53.6 
53.2 
53.4 
52.8 
53.5 
53.3 
53.4 
52.7 
53.7 
52.5 
53.3 
53.8 
52.7 
51.7 
52.8 
52.6 
53.2 
56.2 
53.4 
