27.2 
37.4 
35.7 
38.4 
41.9 
23.7 
28.2 
25.1 
31.0 
26.9 
25.5 
27.6 
43.0 
38.9 
34.6 
27.9 
36.3 
41.7 
30.2 
33.0 
41.3 
30.7 
32.5 
36.2 
27.1 
35.8 
42.2 
29.3 
39.5 
30.3 
41.0 
37.6 
39.9 
28.2 
39.8 
27.2 
31.1 
32.0 
28.2 
29.4 
26.7 
39.2 
40.7 
40.6 
41.9 
44.3 
34.8 
37.7 
34.7 
30.9 
27.5 
33.6 
39.8 
36.4 
34.3 
29.9 
28.6 
41.0 
43.9 
35.9 
33.7 
35.8 
43.1 
37.7 
34.2 
40.5 
33.2 
29.8 
26.8 
28.7 
26.9 
29.8 
30.5 
36.1 
39.9 
38.6 
34.9 
28.0 
30.1 
39.5 
32.7 
41.1 
40.9 
41.4 
34.3 
36.9 
36.5 
40.6 
40.8 
28.5 
27.1 
27.5 
28.0 
28.7 
29.3 
31.8 
35.8 
35.8 
40.4 
39.0 
41.9 
39.7 
29.0 
31.4 
30.3 
39.4 
31.4 
39.9 
33.7 
31.7 
42.1 
41.8 
40.1 
34.1 
33.4 
36.2 
38.1 
34.4 
31.7 
40.8 
35.0 
30.9 
33.2 
31.5 
33.2 
35.2 
29.3 
34.3 
39.3 
25.9 
38.1 
36.3 
36.4 
36.2 
34.0 
36.4 
37.8 
41.5 
36.9 
43.6 
37.3 
29.2 
33.6 
27.9 
25.0 
30.8 
26.9 
35.2 
26.1 
34.1 
36.1 
40.3 
