49.6 
51.6 
54.1 
53.8 
54.1 
54.4 
53.5 
54.8 
53.5 
54.6 
53.9 
54.3 
54.8 
53.8 
53.2 
54.0 
53.1 
55.1 
53.1 
54.6 
54.8 
52.7 
53.1 
52.6 
54.0 
54.5 
55.1 
54.9 
54.4 
53.5 
53.8 
51.7 
48.8 
52.8 
54.2 
52.8 
50.5 
54.3 
53.8 
54.3 
53.8 
54.0 
47.4 
53.9 
54.9 
53.1 
54.5 
52.2 
53.7 
53.7 
54.5 
54.3 
55.6 
54.4 
53.7 
53.6 
53.0 
53.2 
55.9 
53.2 
52.9 
54.3 
53.7 
53.6 
56.0 
54.4 
53.8 
53.8 
54.1 
53.9 
53.8 
53.7 
54.5 
54.1 
54.3 
54.1 
53.0 
53.9 
54.0 
53.5 
53.5 
56.3 
55.8 
55.7 
53.6 
54.0 
53.9 
54.8 
56.1 
53.7 
52.6 
54.5 
54.7 
51.4 
55.4 
53.5 
53.7 
54.9 
53.6 
52.9 
54.1 
53.8 
55.9 
52.9 
51.7 
55.4 
53.0 
52.8 
53.6 
54.0 
54.0 
52.0 
53.0 
52.5 
52.9 
53.8 
54.5 
53.5 
56.0 
54.7 
53.8 
53.0 
53.3 
54.3 
53.8 
53.7 
52.9 
55.3 
56.6 
52.6 
54.0 
54.1 
52.8 
54.5 
54.1 
55.7 
55.2 
56.7 
54.0 
55.1 
54.2 
54.0 
52.7 
54.2 
53.4 
53.0 
52.8 
52.5 
53.8 
53.6 
53.7 
52.6 
53.6 
53.9 
54.9 
53.4 
50.9 
54.9 
53.1 
51.8 
53.4 
55.1 
52.5 
53.0 
53.8 
54.8 
56.9 
51.9 
53.7 
53.2 
54.6 
54.1 
53.0 
53.1 
52.5 
53.5 
53.7 
54.4 
53.1 
54.3 
55.1 
47.0 
