6.3 
6.7 
9.2 
7.5 
6.1 
8.1 
6.8 
6.8 
7.8 
7.0 
7.5 
7.5 
9.6 
7.4 
8.5 
9.0 
7.4 
7.9 
8.5 
9.2 
9.5 
7.3 
7.5 
8.1 
6.8 
7.0 
7.6 
7.6 
9.4 
7.4 
7.2 
9.4 
8.9 
6.9 
6.9 
6.8 
6.5 
6.9 
7.9 
7.8 
6.2 
8.4 
8.1 
8.8 
9.2 
9.6 
7.4 
7.2 
7.9 
9.0 
7.1 
7.2 
7.9 
9.3 
7.3 
9.2 
7.7 
8.3 
7.6 
8.4 
9.2 
7.1 
10.0 
7.4 
7.1 
8.3 
6.3 
9.5 
9.5 
8.2 
6.9 
7.4 
7.1 
7.4 
7.7 
8.3 
9.8 
7.6 
8.2 
10.4 
7.4 
8.1 
7.8 
8.8 
9.3 
8.7 
9.3 
9.6 
9.2 
7.4 
7.6 
8.4 
7.1 
7.1 
9.1 
9.1 
6.8 
7.6 
7.8 
7.2 
7.2 
7.8 
9.0 
6.0 
6.3 
8.0 
7.9 
6.8 
7.7 
7.5 
7.4 
8.5 
9.5 
7.3 
8.6 
10.8 
9.4 
7.2 
7.7 
7.3 
6.8 
9.5 
7.3 
6.9 
7.2 
6.9 
8.3 
7.1 
9.0 
7.7 
8.2 
9.1 
7.3 
8.9 
8.6 
9.1 
7.2 
8.8 
7.0 
7.5 
6.9 
7.1 
7.6 
6.9 
6.6 
7.4 
8.6 
7.5 
6.9 
7.3 
8.1 
6.8 
6.9 
7.0 
7.0 
7.3 
8.0 
