53.3 
53.6 
53.8 
56.1 
55.9 
56.6 
57.0 
54.5 
54.1 
56.0 
56.4 
54.6 
54.7 
55.5 
56.7 
53.7 
54.6 
53.6 
54.6 
53.7 
54.2 
54.0 
54.6 
54.5 
56.2 
54.3 
56.7 
56.0 
54.4 
56.2 
53.7 
53.7 
54.2 
53.7 
54.5 
53.7 
53.6 
53.9 
56.9 
54.4 
53.6 
53.9 
53.6 
53.8 
54.0 
53.8 
53.8 
49.8 
54.7 
54.0 
56.0 
53.7 
54.0 
54.4 
53.6 
53.5 
54.5 
56.2 
56.1 
53.8 
56.8 
54.4 
53.7 
53.8 
53.7 
54.0 
54.7 
55.9 
54.5 
54.5 
56.6 
54.5 
57.1 
52.6 
56.0 
56.0 
54.5 
56.8 
54.3 
54.5 
57.0 
53.6 
54.0 
53.9 
53.7 
56.4 
53.5 
54.8 
56.0 
54.3 
53.7 
53.8 
55.9 
54.5 
56.6 
54.4 
54.5 
54.3 
54.4 
57.0 
53.5 
53.6 
53.9 
53.6 
54.0 
56.1 
54.3 
54.4 
54.5 
