45.4 
46.5 
45.0 
44.9 
35.6 
45.9 
42.4 
45.2 
43.5 
43.8 
49.3 
41.7 
47.0 
44.9 
46.2 
45.0 
45.1 
45.4 
44.7 
44.9 
42.0 
49.0 
46.4 
44.8 
47.8 
46.1 
42.9 
49.5 
47.9 
49.4 
46.7 
43.6 
45.2 
43.1 
45.0 
47.6 
45.9 
44.9 
45.0 
45.1 
44.7 
45.0 
44.9 
44.0 
46.1 
45.0 
43.3 
40.6 
45.0 
45.6 
46.5 
45.1 
48.2 
43.6 
48.5 
45.8 
44.1 
44.7 
45.0 
42.5 
47.3 
44.9 
44.8 
42.1 
43.4 
44.7 
40.6 
42.1 
44.2 
42.0 
46.3 
48.3 
47.7 
48.5 
44.9 
43.4 
43.7 
45.3 
40.6 
46.2 
48.4 
46.7 
45.1 
46.0 
45.5 
46.3 
45.1 
44.4 
49.2 
46.0 
46.8 
44.9 
42.7 
48.2 
45.1 
47.7 
45.5 
45.7 
44.9 
43.6 
45.0 
45.1 
44.0 
47.6 
44.9 
