53.5 
53.4 
53.6 
57.1 
53.9 
56.6 
53.5 
54.0 
53.8 
53.7 
53.7 
53.7 
56.6 
54.4 
54.3 
53.8 
54.6 
53.6 
53.2 
56.0 
54.4 
53.6 
54.0 
57.1 
56.1 
56.1 
55.1 
54.6 
57.0 
57.1 
57.1 
53.6 
50.5 
53.6 
54.7 
54.5 
54.6 
54.0 
54.6 
53.8 
56.3 
53.6 
54.4 
57.1 
54.7 
53.9 
54.0 
53.5 
53.7 
53.7 
56.0 
54.0 
54.6 
54.8 
54.8 
54.0 
57.1 
57.3 
53.5 
47.8 
54.1 
54.3 
54.0 
56.9 
56.0 
53.9 
56.1 
56.9 
53.9 
53.6 
53.5 
53.7 
47.0 
56.0 
56.1 
56.0 
54.8 
56.2 
53.6 
55.9 
54.7 
53.7 
55.0 
53.6 
54.4 
53.8 
53.6 
56.0 
55.9 
54.5 
55.2 
54.0 
56.2 
53.9 
53.6 
54.4 
53.9 
54.7 
54.6 
55.1 
57.0 
53.5 
53.7 
56.0 
53.8 
56.2 
53.7 
56.3 
