21.5 
28.1 
17.6 
29.0 
25.7 
30.9 
27.8 
32.4 
32.4 
29.9 
33.4 
33.4 
28.6 
20.3 
29.9 
33.6 
32.2 
27.8 
24.8 
28.1 
30.3 
28.6 
32.1 
33.8 
30.6 
30.8 
32.1 
29.2 
30.4 
31.2 
32.4 
34.9 
29.6 
28.3 
24.1 
25.7 
25.5 
29.2 
29.6 
27.9 
28.3 
31.1 
33.1 
29.8 
30.4 
30.5 
31.0 
29.7 
30.2 
31.3 
33.4 
24.2 
23.9 
28.4 
34.2 
32.2 
27.2 
31.5 
33.9 
23.4 
26.9 
30.2 
31.7 
27.7 
30.7 
34.1 
30.1 
31.1 
29.8 
31.2 
27.6 
32.4 
26.9 
31.5 
31.0 
29.9 
35.1 
24.5 
29.2 
30.5 
29.4 
33.5 
32.1 
28.1 
28.4 
30.4 
27.0 
33.6 
29.3 
27.9 
26.7 
24.3 
29.5 
22.9 
25.0 
26.9 
27.2 
28.7 
26.2 
29.9 
32.0 
30.7 
29.2 
30.9 
29.5 
30.1 
29.8 
31.2 
25.9 
29.9 
29.7 
30.5 
33.0 
29.2 
30.4 
24.2 
22.0 
26.4 
31.3 
29.4 
31.5 
29.2 
28.2 
31.4 
26.9 
24.3 
20.8 
29.3 
30.8 
32.4 
32.4 
31.0 
33.8 
29.2 
16.9 
29.0 
