52.5 
53.6 
53.0 
53.6 
50.3 
56.2 
53.5 
56.4 
47.3 
48.7 
50.3 
51.6 
52.5 
48.8 
51.0 
53.5 
54.0 
53.7 
48.4 
53.2 
49.1 
52.1 
54.4 
50.2 
53.5 
53.5 
53.5 
53.1 
55.8 
53.6 
54.0 
52.1 
49.7 
56.9 
54.5 
49.3 
49.5 
52.9 
51.8 
51.8 
53.0 
53.7 
48.8 
47.9 
51.2 
53.9 
52.2 
48.2 
55.8 
48.7 
56.3 
54.5 
54.9 
52.9 
55.5 
56.0 
51.9 
48.9 
54.1 
51.2 
56.9 
55.0 
52.7 
53.1 
53.6 
52.6 
52.6 
53.8 
54.7 
53.5 
50.9 
49.6 
46.0 
53.6 
49.5 
50.1 
52.2 
53.5 
54.2 
54.6 
53.9 
52.5 
52.7 
47.9 
52.9 
49.4 
49.1 
50.0 
52.5 
49.4 
53.5 
52.0 
50.4 
50.6 
56.1 
49.4 
53.8 
56.6 
54.1 
51.9 
54.2 
57.1 
56.2 
55.5 
54.6 
53.6 
48.2 
52.3 
54.9 
54.3 
52.3 
52.4 
48.1 
56.9 
50.1 
46.6 
53.9 
52.9 
52.7 
54.8 
52.9 
53.6 
55.6 
56.2 
56.1 
7.9 
54.0 
56.8 
45.9 
35.4 
55.9 
50.6 
54.6 
53.4 
49.1 
50.6 
50.5 
53.0 
50.7 
42.8 
49.6 
53.7 
51.5 
45.3 
53.8 
53.6 
51.5 
51.1 
51.1 
53.4 
53.6 
54.8 
54.5 
51.0 
52.4 
54.3 
53.7 
51.7 
53.8 
