59.1 
57.3 
54.6 
59.2 
57.4 
59.2 
59.4 
55.2 
59.9 
60.0 
59.4 
60.0 
57.9 
60.0 
60.0 
60.0 
56.9 
59.1 
59.8 
57.3 
57.0 
57.7 
57.8 
59.9 
57.0 
57.0 
60.0 
60.0 
59.2 
57.1 
60.0 
57.2 
59.7 
57.4 
59.0 
60.0 
60.0 
60.0 
59.4 
57.7 
57.2 
57.7 
57.9 
59.9 
59.2 
57.7 
57.3 
57.9 
59.9 
59.8 
58.9 
57.9 
57.2 
57.1 
57.4 
57.0 
59.8 
57.1 
59.3 
59.9 
59.9 
59.2 
57.7 
57.9 
57.7 
57.4 
59.8 
59.9 
57.8 
57.2 
57.4 
59.1 
59.8 
60.0 
57.3 
57.1 
59.3 
60.0 
59.8 
59.9 
57.1 
57.0 
57.0 
59.4 
59.9 
59.8 
59.5 
57.3 
57.9 
57.6 
57.0 
57.0 
57.1 
56.9 
59.3 
59.5 
57.3 
59.2 
57.1 
53.4 
57.7 
57.7 
59.1 
57.3 
59.7 
59.9 
60.0 
57.9 
57.1 
57.5 
59.1 
58.0 
57.1 
57.8 
57.1 
57.8 
59.8 
59.9 
56.9 
57.3 
59.8 
57.3 
58.4 
57.1 
57.1 
57.0 
