52.4 
51.0 
57.1 
56.0 
45.1 
56.6 
57.2 
54.5 
54.5 
54.4 
54.5 
53.6 
53.6 
54.5 
56.4 
56.2 
54.5 
53.5 
54.5 
54.7 
54.0 
53.9 
53.9 
53.9 
54.0 
56.3 
56.2 
53.6 
56.0 
54.5 
54.4 
54.4 
54.5 
54.3 
53.6 
53.9 
53.6 
56.3 
56.1 
56.0 
53.7 
54.4 
54.7 
54.4 
54.5 
54.4 
54.5 
53.9 
56.1 
56.0 
56.8 
56.0 
56.1 
56.8 
53.7 
54.7 
52.5 
53.5 
54.5 
56.0 
56.2 
56.0 
56.1 
56.0 
56.8 
54.5 
53.7 
56.2 
56.3 
53.9 
54.0 
53.9 
53.8 
53.9 
54.3 
54.7 
56.8 
54.4 
56.8 
54.4 
55.0 
56.1 
54.0 
53.8 
54.0 
53.9 
54.0 
53.6 
54.5 
54.3 
54.7 
54.4 
53.9 
53.6 
53.7 
54.0 
53.9 
