53.5 
53.9 
57.4 
57.2 
51.3 
57.0 
54.3 
57.1 
54.0 
53.6 
56.9 
57.0 
57.0 
54.8 
57.1 
53.5 
56.6 
57.0 
56.9 
57.1 
57.0 
57.1 
56.2 
57.1 
57.1 
57.1 
57.1 
54.9 
53.8 
57.3 
57.1 
57.0 
57.1 
57.1 
56.9 
57.3 
57.0 
57.4 
57.5 
53.6 
53.5 
54.8 
57.1 
56.9 
54.8 
54.8 
57.1 
57.0 
56.9 
57.0 
57.3 
57.4 
57.1 
57.1 
57.1 
54.8 
54.9 
53.6 
56.3 
47.5 
57.0 
57.1 
57.0 
56.1 
54.8 
57.0 
57.1 
57.1 
54.9 
57.1 
53.7 
54.2 
57.1 
57.1 
57.1 
56.9 
56.8 
56.9 
56.4 
57.1 
57.1 
57.1 
57.0 
57.1 
57.1 
57.1 
57.1 
57.1 
56.9 
57.0 
57.1 
57.0 
53.6 
55.9 
53.7 
53.6 
57.0 
53.6 
56.9 
57.1 
56.9 
57.0 
57.1 
57.4 
53.7 
56.1 
54.0 
