56.7 
56.9 
53.1 
54.4 
54.2 
53.7 
54.0 
56.2 
54.4 
56.3 
53.5 
56.1 
56.0 
53.3 
54.4 
53.9 
53.8 
54.0 
56.3 
57.2 
54.8 
54.4 
54.3 
54.6 
53.7 
53.9 
53.9 
54.0 
53.8 
53.6 
53.6 
56.0 
53.6 
54.2 
53.5 
54.8 
53.6 
53.7 
56.1 
53.7 
53.6 
56.2 
54.4 
54.4 
55.0 
54.2 
56.3 
55.9 
56.8 
54.3 
54.5 
54.3 
56.7 
54.5 
53.9 
56.3 
55.8 
55.9 
56.1 
54.5 
53.6 
54.3 
54.3 
54.0 
54.3 
54.0 
55.9 
56.0 
56.9 
53.7 
54.4 
53.7 
53.8 
53.9 
53.8 
54.0 
56.2 
53.7 
53.7 
56.9 
53.6 
53.7 
54.3 
54.5 
53.9 
53.9 
53.8 
55.9 
54.0 
53.7 
54.4 
56.9 
54.3 
54.8 
54.5 
54.4 
55.9 
54.4 
53.6 
56.3 
55.9 
53.8 
53.6 
53.9 
53.4 
54.0 
49.1 
53.7 
53.5 
55.9 
53.6 
53.8 
53.5 
54.5 
53.8 
