21.6 
23.1 
14.4 
18.1 
20.1 
22.8 
18.6 
21.4 
21.1 
20.6 
20.9 
17.1 
21.1 
23.6 
22.4 
23.4 
19.4 
27.8 
27.1 
25.7 
24.5 
22.9 
23.0 
23.1 
22.0 
21.7 
25.6 
22.2 
24.5 
26.8 
25.7 
25.1 
29.5 
21.3 
22.8 
23.4 
23.4 
23.4 
21.7 
22.1 
25.2 
25.4 
21.6 
21.7 
25.3 
27.0 
23.3 
20.5 
23.5 
23.0 
24.1 
22.3 
24.1 
25.2 
26.4 
23.4 
26.2 
22.7 
19.5 
26.8 
26.8 
23.6 
22.9 
13.6 
20.6 
20.1 
21.4 
22.9 
20.7 
20.7 
26.4 
23.4 
20.7 
20.3 
22.0 
25.5 
25.0 
25.2 
22.3 
23.6 
21.7 
20.3 
18.9 
21.7 
20.5 
24.9 
22.8 
22.0 
22.7 
24.2 
23.6 
27.3 
21.6 
18.7 
22.0 
21.1 
22.5 
23.0 
21.8 
20.2 
22.0 
21.0 
21.1 
23.7 
23.6 
26.7 
23.2 
23.9 
21.4 
29.2 
23.5 
22.6 
21.7 
23.9 
29.0 
23.6 
24.1 
24.8 
17.7 
25.1 
25.2 
25.4 
24.2 
22.8 
19.8 
24.7 
25.2 
21.8 
21.6 
23.1 
23.8 
22.0 
24.1 
25.0 
26.3 
31.0 
30.0 
27.5 
24.3 
21.9 
