23.5 
25.5 
26.7 
23.1 
26.9 
24.2 
26.4 
23.9 
23.4 
25.8 
29.0 
27.2 
26.7 
27.4 
26.4 
25.4 
22.4 
25.4 
24.9 
23.7 
23.9 
24.2 
27.5 
27.8 
25.7 
25.6 
25.5 
32.6 
31.1 
26.4 
26.4 
23.5 
26.6 
21.8 
26.7 
25.9 
30.2 
29.4 
30.1 
29.3 
25.4 
24.2 
24.8 
26.0 
27.2 
24.5 
23.6 
27.4 
25.4 
27.1 
28.6 
29.9 
26.1 
28.0 
27.4 
25.6 
25.0 
24.8 
23.0 
25.3 
26.5 
26.8 
24.5 
24.9 
24.6 
25.1 
24.0 
23.6 
25.8 
25.8 
24.5 
26.3 
30.4 
23.2 
29.6 
28.8 
23.9 
22.8 
26.9 
27.2 
27.9 
23.8 
26.0 
26.2 
24.3 
24.7 
26.5 
28.4 
27.4 
28.3 
28.0 
26.6 
23.3 
27.5 
23.7 
25.4 
22.8 
25.7 
26.4 
27.1 
23.0 
27.2 
28.2 
23.7 
22.4 
22.8 
26.6 
24.8 
26.3 
27.1 
23.0 
24.8 
27.1 
24.6 
24.1 
22.7 
26.5 
27.2 
28.6 
26.9 
24.5 
25.8 
23.5 
28.2 
23.9 
26.5 
25.1 
24.5 
29.4 
22.9 
25.9 
22.8 
25.2 
28.6 
29.4 
28.9 
29.3 
25.1 
23.8 
22.9 
25.1 
25.2 
