23.9 
21.6 
25.2 
27.3 
26.7 
28.1 
27.1 
25.6 
28.5 
25.0 
25.4 
25.8 
24.0 
23.6 
26.0 
24.6 
25.2 
28.9 
24.7 
24.2 
24.5 
26.2 
25.2 
25.0 
27.1 
27.8 
26.3 
27.1 
23.7 
27.0 
26.2 
19.4 
27.3 
24.4 
27.0 
26.0 
19.1 
25.4 
24.4 
27.9 
25.3 
26.6 
24.5 
24.6 
31.0 
28.8 
25.5 
25.8 
26.0 
27.7 
28.0 
21.6 
21.5 
24.9 
18.4 
26.7 
25.0 
25.4 
27.8 
29.7 
23.9 
25.3 
26.6 
25.7 
24.7 
25.7 
23.6 
27.6 
26.4 
27.9 
25.0 
24.9 
24.8 
25.5 
26.7 
24.6 
29.4 
27.9 
25.6 
28.9 
24.7 
24.7 
26.3 
23.7 
25.9 
28.9 
22.1 
24.8 
25.0 
29.2 
29.1 
25.9 
26.7 
25.3 
27.0 
22.7 
23.2 
24.3 
24.9 
27.6 
26.2 
25.8 
26.7 
26.4 
25.7 
25.5 
25.6 
24.7 
23.0 
24.4 
25.0 
24.6 
27.6 
28.1 
27.0 
29.6 
28.3 
23.3 
26.2 
26.8 
25.3 
25.7 
25.0 
25.7 
23.8 
24.7 
25.1 
25.6 
27.8 
26.1 
25.2 
25.3 
26.3 
26.9 
29.6 
24.5 
30.0 
24.1 
26.8 
24.6 
27.1 
23.3 
27.1 
25.8 
24.3 
27.8 
25.8 
25.4 
27.0 
25.7 
23.0 
23.7 
25.4 
24.3 
24.4 
26.0 
24.6 
25.2 
26.6 
28.2 
26.8 
27.9 
