21.1 
24.2 
21.2 
18.9 
23.9 
26.6 
26.0 
30.3 
23.6 
22.0 
23.1 
26.6 
26.8 
22.3 
22.9 
25.2 
24.4 
28.5 
24.5 
24.5 
27.3 
22.7 
27.7 
22.9 
24.2 
25.0 
24.7 
23.4 
24.7 
22.1 
23.6 
28.5 
27.9 
25.4 
24.5 
24.8 
24.4 
22.7 
29.2 
25.5 
24.2 
25.2 
25.8 
26.6 
23.5 
28.4 
26.6 
26.3 
31.0 
30.8 
24.0 
23.9 
27.4 
25.8 
23.4 
25.4 
23.9 
27.9 
27.3 
32.2 
29.7 
27.1 
26.1 
23.6 
26.2 
26.1 
23.6 
23.5 
27.1 
31.1 
28.1 
24.9 
23.8 
25.1 
26.0 
24.8 
27.3 
26.4 
25.0 
25.8 
27.1 
25.6 
28.7 
24.0 
26.7 
24.6 
24.7 
22.7 
23.9 
26.9 
22.9 
29.3 
29.9 
19.4 
23.6 
24.7 
24.2 
24.5 
22.5 
23.2 
25.8 
23.8 
25.2 
25.8 
28.1 
27.7 
27.2 
29.8 
28.4 
30.7 
23.5 
23.9 
25.9 
28.3 
27.8 
22.3 
23.4 
28.8 
25.1 
33.3 
29.2 
31.4 
25.6 
23.7 
24.0 
23.6 
21.5 
24.4 
24.8 
26.2 
29.5 
27.7 
26.1 
30.2 
24.5 
27.0 
25.9 
26.6 
25.2 
26.0 
24.4 
25.4 
27.7 
27.7 
26.9 
27.2 
28.2 
28.4 
26.6 
26.8 
29.0 
25.3 
25.4 
25.2 
32.6 
23.1 
26.7 
26.7 
25.9 
25.4 
22.2 
26.1 
26.4 
24.4 
22.4 
25.2 
23.9 
26.6 
28.5 
