22.0 
22.9 
22.0 
19.4 
20.1 
17.3 
20.1 
19.4 
16.4 
20.5 
20.1 
21.3 
19.6 
21.1 
22.7 
20.8 
21.7 
19.2 
19.7 
22.4 
22.5 
22.6 
21.6 
20.1 
21.0 
22.3 
22.0 
23.1 
22.2 
20.9 
21.7 
24.6 
23.8 
21.8 
22.1 
23.4 
21.9 
22.7 
22.3 
22.7 
22.0 
23.3 
22.1 
22.3 
23.3 
20.5 
23.9 
20.6 
22.0 
21.1 
21.1 
22.8 
21.9 
21.3 
19.6 
22.1 
20.6 
23.2 
23.7 
20.6 
20.8 
23.3 
24.8 
20.3 
21.1 
21.3 
22.2 
21.7 
22.2 
22.6 
22.6 
22.2 
23.5 
22.2 
22.9 
21.6 
22.2 
23.0 
23.7 
23.0 
20.5 
21.1 
23.1 
21.8 
22.3 
20.3 
22.8 
21.5 
20.9 
23.4 
22.2 
23.3 
21.5 
20.1 
22.6 
22.2 
22.3 
22.1 
22.3 
20.2 
23.2 
22.1 
21.5 
23.4 
23.3 
20.8 
21.6 
23.5 
22.3 
22.0 
22.3 
25.1 
21.9 
23.6 
20.8 
22.7 
25.1 
24.1 
23.1 
22.3 
22.4 
19.5 
22.0 
21.7 
22.1 
20.9 
21.3 
22.5 
22.1 
21.7 
23.2 
23.1 
24.0 
22.8 
22.0 
20.8 
22.7 
23.3 
24.1 
22.5 
23.3 
24.0 
21.2 
22.7 
24.7 
24.9 
24.7 
21.3 
21.0 
22.7 
21.1 
23.1 
22.7 
22.8 
21.9 
22.5 
23.2 
24.1 
22.5 
22.0 
24.8 
15.8 
20.8 
21.1 
21.0 
22.1 
22.5 
19.2 
22.3 
21.3 
22.6 
22.6 
23.6 
