23.4 
20.2 
21.3 
22.5 
20.5 
17.8 
21.4 
24.5 
25.8 
22.5 
21.7 
24.7 
24.4 
24.4 
22.3 
20.3 
22.4 
21.8 
20.8 
21.1 
22.9 
22.3 
23.6 
23.1 
23.5 
25.4 
20.7 
26.0 
23.0 
22.9 
22.6 
22.7 
20.7 
24.9 
21.0 
22.8 
23.9 
21.6 
19.7 
23.1 
23.0 
22.9 
21.6 
22.8 
24.5 
21.3 
22.6 
23.6 
23.8 
27.3 
24.7 
22.5 
21.3 
23.8 
23.3 
24.6 
21.9 
23.5 
20.5 
22.6 
25.3 
24.1 
25.9 
25.1 
25.1 
25.9 
23.6 
25.9 
23.1 
26.6 
20.8 
20.5 
18.4 
19.3 
24.7 
24.0 
22.5 
24.1 
24.5 
21.7 
21.2 
24.9 
24.5 
25.6 
22.5 
24.4 
23.9 
24.5 
20.4 
20.0 
24.2 
23.0 
25.3 
21.8 
21.1 
24.9 
23.0 
22.9 
23.3 
21.5 
22.8 
21.5 
22.0 
21.6 
23.1 
23.0 
24.0 
20.4 
22.5 
25.0 
21.8 
22.3 
22.5 
22.8 
19.7 
26.4 
19.5 
22.4 
25.7 
23.7 
24.4 
21.9 
23.2 
15.0 
23.9 
26.8 
27.6 
29.7 
21.2 
24.7 
22.8 
26.0 
22.2 
22.2 
22.2 
19.6 
25.9 
25.7 
23.2 
25.7 
23.0 
24.6 
23.7 
26.7 
21.7 
16.4 
23.8 
28.5 
