22.4 
23.4 
23.6 
23.0 
16.8 
23.5 
23.4 
26.1 
24.6 
22.7 
31.3 
26.7 
29.8 
23.9 
24.6 
24.1 
25.9 
24.2 
25.7 
27.2 
23.1 
27.4 
26.3 
21.9 
26.1 
23.8 
24.8 
24.2 
27.1 
26.6 
29.5 
27.8 
22.1 
25.6 
25.5 
26.5 
24.6 
25.7 
22.5 
21.7 
25.4 
29.0 
26.0 
24.5 
26.0 
24.1 
26.5 
24.1 
24.8 
24.6 
25.0 
28.6 
28.0 
30.0 
26.2 
27.1 
29.3 
28.0 
26.1 
24.0 
24.5 
24.1 
27.3 
28.8 
31.9 
28.3 
28.6 
28.1 
28.8 
25.2 
26.8 
25.1 
26.0 
24.7 
24.9 
24.5 
28.5 
27.7 
28.4 
29.5 
31.4 
25.6 
24.1 
26.5 
22.8 
27.3 
22.5 
24.6 
25.7 
25.7 
28.3 
26.8 
26.3 
25.0 
29.5 
25.5 
25.5 
28.4 
27.1 
24.5 
24.8 
27.7 
28.6 
26.3 
25.3 
26.0 
27.1 
24.0 
23.7 
24.4 
27.7 
24.5 
27.0 
