24.0 
22.3 
22.2 
23.2 
21.7 
20.5 
22.1 
21.5 
23.5 
22.4 
23.5 
25.7 
27.7 
20.6 
24.4 
22.7 
25.9 
24.1 
22.5 
23.9 
24.1 
23.6 
27.0 
29.6 
25.4 
26.0 
22.6 
24.3 
23.9 
23.2 
24.4 
27.6 
27.6 
24.5 
22.6 
25.3 
25.4 
24.5 
23.5 
23.9 
23.7 
22.8 
25.2 
30.5 
26.7 
24.8 
24.7 
25.5 
23.1 
23.4 
23.0 
21.0 
22.6 
23.6 
22.2 
24.8 
20.9 
25.9 
25.9 
24.4 
29.9 
26.6 
28.0 
24.9 
25.5 
25.6 
22.9 
23.5 
27.3 
28.5 
26.5 
29.1 
30.4 
27.2 
24.5 
23.7 
26.9 
25.5 
24.7 
23.5 
25.6 
23.5 
22.1 
22.8 
27.3 
29.1 
28.9 
26.6 
27.7 
23.2 
24.5 
22.6 
24.7 
26.1 
25.5 
25.8 
25.0 
28.0 
26.7 
29.3 
27.3 
25.2 
27.1 
24.5 
27.1 
25.4 
24.7 
23.8 
26.1 
23.8 
26.1 
24.5 
23.8 
28.8 
26.5 
23.0 
25.1 
25.2 
26.2 
21.2 
24.3 
25.0 
22.6 
23.7 
25.0 
