23.7 
23.5 
18.6 
15.1 
21.2 
22.2 
22.5 
19.8 
20.5 
25.6 
22.7 
22.5 
22.6 
21.5 
19.4 
23.5 
24.0 
23.0 
20.8 
22.5 
23.0 
21.6 
21.8 
22.1 
24.9 
20.2 
24.5 
24.8 
23.0 
21.4 
20.3 
17.2 
20.7 
19.9 
22.4 
19.2 
21.7 
24.0 
24.4 
23.9 
20.7 
22.2 
20.1 
19.8 
24.6 
20.5 
21.1 
18.2 
23.1 
23.0 
22.5 
21.5 
26.3 
19.0 
24.2 
21.4 
25.1 
22.8 
25.6 
23.2 
22.1 
20.7 
24.1 
27.6 
21.9 
21.8 
24.5 
21.6 
21.8 
23.7 
20.1 
22.6 
21.5 
21.8 
22.6 
20.8 
22.4 
21.7 
23.3 
23.1 
24.8 
22.3 
24.0 
23.4 
21.1 
20.0 
22.5 
21.6 
19.7 
25.0 
22.9 
21.2 
20.9 
26.1 
21.9 
22.8 
22.9 
24.5 
24.6 
24.4 
20.5 
21.2 
23.4 
20.3 
21.8 
23.2 
27.6 
22.5 
25.5 
23.0 
25.2 
22.6 
24.0 
21.1 
27.0 
25.4 
22.6 
24.4 
19.4 
20.8 
23.7 
22.0 
22.1 
24.5 
23.1 
20.3 
25.8 
26.2 
23.5 
21.8 
22.9 
23.2 
24.9 
21.6 
23.7 
23.8 
20.4 
22.2 
22.7 
16.9 
19.1 
22.0 
18.5 
17.8 
22.3 
23.2 
25.3 
24.1 
20.7 
24.6 
20.7 
23.3 
21.0 
20.1 
23.7 
21.3 
21.7 
21.7 
