20.5 
23.0 
22.4 
20.3 
24.8 
22.1 
20.5 
18.4 
20.8 
21.6 
20.3 
23.1 
22.7 
27.1 
23.6 
23.6 
21.7 
22.9 
26.5 
23.8 
22.3 
24.2 
24.8 
23.7 
21.8 
22.6 
21.7 
23.0 
23.2 
28.4 
24.3 
23.6 
23.4 
25.1 
23.3 
27.3 
27.9 
26.9 
25.8 
26.3 
24.2 
22.3 
26.3 
21.9 
25.8 
27.3 
29.2 
23.2 
26.0 
25.9 
25.1 
22.7 
25.9 
24.1 
22.1 
22.0 
24.5 
25.5 
22.0 
24.9 
23.1 
23.0 
26.6 
26.6 
24.4 
22.7 
23.3 
22.7 
28.0 
24.3 
25.5 
27.7 
24.5 
23.5 
22.7 
24.5 
26.0 
23.3 
24.8 
24.9 
26.2 
25.7 
25.6 
21.8 
24.5 
23.8 
24.8 
23.7 
27.1 
25.2 
24.3 
26.2 
25.8 
23.3 
26.6 
26.1 
24.1 
22.9 
24.3 
24.0 
24.8 
23.6 
25.1 
25.1 
28.3 
28.5 
26.4 
25.0 
31.0 
28.0 
25.3 
24.4 
24.1 
24.6 
23.8 
25.4 
27.2 
26.3 
24.8 
28.2 
26.3 
23.3 
24.5 
23.5 
26.6 
25.0 
27.2 
26.3 
24.3 
25.2 
25.2 
25.0 
26.6 
26.0 
26.8 
21.3 
