25.0 
22.4 
25.7 
24.5 
23.3 
21.2 
21.9 
21.6 
21.0 
22.4 
24.3 
24.6 
23.5 
23.5 
23.5 
20.2 
25.9 
22.8 
23.7 
20.8 
18.3 
20.5 
20.9 
21.6 
19.5 
20.5 
21.1 
20.9 
22.4 
23.0 
24.0 
21.2 
18.5 
23.4 
22.4 
22.8 
21.6 
24.7 
22.9 
21.6 
23.0 
22.9 
25.2 
23.5 
23.3 
25.3 
22.4 
23.6 
20.2 
20.0 
21.6 
21.9 
21.6 
20.5 
20.0 
19.0 
16.4 
24.2 
22.7 
21.8 
26.3 
23.9 
22.5 
23.0 
24.5 
23.0 
24.3 
23.2 
22.1 
25.0 
23.0 
21.7 
28.2 
22.4 
23.6 
21.1 
22.5 
20.4 
20.6 
22.8 
22.1 
24.2 
20.4 
23.2 
21.1 
21.3 
24.7 
29.4 
22.8 
21.1 
23.3 
24.4 
22.2 
24.0 
24.0 
25.2 
22.4 
23.1 
25.9 
26.0 
24.9 
25.9 
21.6 
23.1 
24.2 
23.5 
24.6 
24.0 
23.7 
20.9 
24.1 
22.7 
26.2 
22.9 
25.9 
22.0 
19.9 
