24.2 
24.9 
26.2 
28.1 
28.5 
31.6 
27.4 
24.9 
25.8 
26.3 
25.3 
26.8 
24.1 
25.2 
25.9 
26.4 
32.1 
26.6 
26.5 
26.9 
25.4 
27.5 
25.8 
23.2 
23.2 
24.9 
29.8 
24.6 
29.4 
30.5 
30.9 
26.9 
26.1 
25.9 
23.6 
22.7 
24.9 
26.1 
27.8 
27.5 
31.6 
31.7 
27.6 
22.9 
24.5 
25.1 
23.8 
24.5 
27.6 
27.5 
31.5 
25.5 
24.8 
31.5 
23.4 
26.5 
24.0 
24.1 
22.7 
24.8 
24.7 
23.4 
26.0 
27.8 
26.7 
29.8 
28.5 
31.7 
25.9 
28.1 
23.7 
26.0 
24.3 
22.1 
26.1 
23.4 
22.8 
24.7 
23.7 
25.1 
27.0 
27.3 
23.8 
28.5 
25.9 
27.8 
27.5 
26.9 
27.7 
27.3 
26.3 
28.1 
26.2 
23.2 
25.9 
25.0 
25.9 
20.2 
24.3 
22.2 
24.6 
23.9 
22.2 
23.8 
25.4 
25.6 
22.7 
25.5 
21.3 
20.5 
21.4 
20.9 
22.7 
24.5 
23.8 
26.9 
25.4 
28.1 
24.5 
25.6 
30.3 
23.8 
26.0 
26.8 
25.6 
29.7 
27.7 
25.6 
23.7 
22.8 
