24.1 
27.4 
22.8 
24.5 
25.9 
21.7 
23.4 
22.7 
24.7 
22.3 
16.6 
27.8 
27.4 
24.1 
25.2 
27.8 
22.5 
23.9 
29.4 
27.6 
31.6 
28.0 
25.8 
24.6 
24.2 
25.9 
24.8 
23.1 
24.5 
22.6 
26.8 
29.5 
30.6 
26.1 
27.6 
22.8 
22.7 
24.1 
24.1 
24.9 
24.4 
25.2 
24.3 
27.2 
26.5 
28.0 
29.0 
24.5 
28.2 
26.8 
24.7 
29.2 
24.7 
25.9 
26.9 
25.3 
24.4 
25.0 
26.4 
26.6 
25.6 
21.8 
23.7 
23.4 
23.3 
24.1 
24.4 
24.6 
23.4 
27.0 
28.5 
33.1 
25.5 
28.0 
25.9 
25.7 
27.1 
23.6 
22.9 
22.8 
24.6 
25.2 
29.0 
28.7 
22.7 
27.4 
25.8 
25.0 
25.5 
28.0 
25.2 
24.5 
26.6 
27.2 
