20.4 
20.8 
21.8 
18.9 
21.9 
19.8 
19.7 
20.4 
20.7 
21.1 
22.1 
23.9 
22.1 
24.7 
23.6 
25.8 
23.7 
25.0 
25.1 
24.8 
22.9 
22.9 
20.7 
21.1 
22.8 
25.0 
22.3 
23.2 
24.4 
22.8 
27.2 
24.3 
25.1 
22.3 
25.7 
22.5 
23.9 
21.1 
23.1 
25.3 
25.7 
24.0 
22.5 
24.8 
23.1 
25.1 
25.0 
22.5 
21.2 
23.4 
23.8 
22.4 
24.2 
25.2 
25.1 
22.7 
23.9 
26.0 
20.9 
23.8 
26.0 
24.2 
25.0 
25.6 
29.6 
24.3 
25.7 
24.4 
23.4 
23.9 
23.3 
23.9 
24.1 
25.4 
22.9 
24.3 
25.0 
23.6 
29.6 
25.5 
23.8 
22.6 
24.6 
26.7 
26.1 
25.1 
24.3 
26.1 
24.6 
25.6 
25.5 
25.9 
25.3 
22.0 
25.9 
27.2 
23.8 
24.1 
23.6 
23.7 
25.6 
27.2 
24.2 
23.1 
24.5 
25.6 
23.3 
23.9 
24.6 
26.6 
21.7 
25.8 
25.6 
29.4 
