22.8 
24.9 
21.0 
23.8 
22.6 
22.4 
22.7 
20.7 
22.1 
24.9 
28.1 
21.5 
21.0 
27.0 
19.0 
23.1 
21.9 
23.1 
21.5 
23.7 
22.8 
26.5 
21.7 
24.9 
26.3 
24.1 
21.8 
21.8 
25.8 
22.8 
24.2 
23.9 
22.5 
25.7 
25.2 
23.4 
21.7 
23.9 
20.9 
22.9 
23.5 
23.5 
22.8 
20.2 
20.2 
23.0 
23.7 
21.3 
20.3 
23.6 
23.3 
25.2 
24.1 
23.3 
20.8 
19.8 
20.8 
23.6 
23.1 
21.2 
21.5 
22.5 
25.6 
25.6 
21.1 
21.3 
26.7 
22.6 
22.1 
23.5 
21.6 
21.7 
24.7 
25.1 
25.8 
21.1 
23.0 
32.0 
31.1 
21.9 
23.3 
25.5 
22.1 
20.5 
23.2 
25.0 
22.7 
18.9 
23.5 
22.1 
21.6 
28.0 
26.2 
23.8 
21.2 
21.4 
22.6 
22.2 
21.8 
21.0 
22.2 
20.4 
23.7 
28.7 
22.7 
24.4 
24.6 
25.0 
22.1 
27.6 
25.3 
21.2 
23.1 
24.9 
24.4 
21.0 
22.8 
21.9 
21.6 
23.2 
27.5 
22.4 
22.9 
22.9 
20.9 
25.5 
23.1 
24.1 
21.8 
18.6 
19.8 
20.3 
24.1 
25.0 
26.7 
23.4 
26.9 
23.8 
