26.3 
25.3 
27.4 
22.1 
24.0 
21.9 
23.1 
25.7 
14.2 
23.3 
26.4 
27.0 
25.1 
23.9 
26.1 
28.1 
28.9 
26.9 
23.7 
29.6 
30.4 
27.5 
27.2 
28.2 
26.8 
23.4 
26.4 
24.7 
23.3 
23.2 
25.7 
28.0 
24.5 
30.8 
26.5 
26.0 
25.7 
25.4 
24.1 
26.6 
25.0 
26.1 
30.8 
27.3 
30.3 
26.3 
24.5 
26.5 
24.2 
27.7 
26.8 
31.3 
29.2 
27.0 
29.2 
25.3 
28.3 
25.7 
27.0 
26.1 
28.5 
29.1 
24.7 
30.5 
25.9 
26.3 
24.1 
25.7 
27.4 
22.5 
25.0 
26.9 
26.4 
30.5 
27.7 
26.2 
26.3 
26.5 
26.7 
27.4 
26.2 
26.5 
23.4 
28.9 
33.4 
26.3 
28.5 
30.0 
25.5 
31.1 
31.9 
24.6 
26.2 
26.1 
24.5 
29.0 
25.3 
22.5 
25.6 
30.7 
25.5 
30.6 
24.7 
26.4 
24.6 
27.7 
27.3 
27.8 
24.7 
23.5 
25.3 
25.0 
24.2 
25.0 
25.0 
28.8 
28.1 
27.0 
28.8 
26.0 
25.7 
28.8 
28.4 
29.6 
30.5 
27.5 
