18.3 
20.0 
20.1 
19.6 
20.6 
21.8 
21.2 
14.6 
19.7 
21.2 
19.8 
21.8 
20.1 
21.8 
20.3 
21.6 
22.7 
22.7 
21.6 
22.9 
22.4 
21.4 
22.7 
20.3 
24.2 
22.8 
23.4 
20.0 
20.1 
22.8 
22.2 
23.5 
22.4 
21.3 
23.3 
26.6 
23.6 
22.2 
23.6 
22.3 
21.6 
24.7 
20.2 
23.3 
23.0 
20.9 
23.2 
22.3 
21.9 
22.8 
25.2 
23.7 
24.0 
20.1 
22.8 
23.7 
23.7 
23.8 
21.1 
22.0 
23.4 
25.2 
22.6 
24.2 
22.7 
20.7 
23.7 
25.1 
23.7 
23.3 
23.6 
28.1 
23.8 
20.4 
22.9 
21.3 
23.9 
22.6 
24.7 
22.6 
20.8 
23.2 
24.1 
21.6 
22.8 
23.3 
24.8 
26.1 
21.7 
22.6 
20.5 
21.5 
23.2 
22.5 
23.9 
