20.1 
23.6 
21.5 
22.9 
22.0 
17.6 
18.8 
18.4 
21.0 
18.4 
16.1 
21.8 
24.6 
22.6 
23.2 
21.4 
27.6 
23.1 
19.9 
25.8 
26.5 
20.8 
22.5 
25.4 
24.3 
23.2 
22.2 
29.5 
24.6 
21.6 
26.9 
28.8 
25.6 
21.2 
20.2 
22.6 
23.3 
22.5 
23.5 
23.5 
22.4 
20.2 
27.8 
24.5 
23.7 
23.0 
23.5 
22.8 
24.0 
22.2 
21.7 
24.9 
26.4 
24.5 
23.6 
22.3 
28.0 
21.8 
31.6 
23.5 
23.0 
23.2 
22.6 
24.1 
20.1 
21.4 
28.1 
22.0 
27.8 
28.1 
27.1 
22.9 
22.2 
22.3 
25.3 
20.7 
23.7 
21.2 
22.6 
24.1 
25.3 
24.4 
24.3 
28.9 
25.7 
26.5 
25.8 
25.3 
20.6 
23.5 
21.7 
22.6 
24.8 
22.2 
22.8 
24.6 
25.6 
29.8 
28.8 
27.9 
22.2 
23.9 
22.1 
22.6 
21.2 
23.6 
26.7 
21.6 
24.4 
25.9 
23.8 
24.8 
23.0 
24.9 
24.9 
23.4 
22.0 
24.0 
26.5 
23.6 
26.2 
29.3 
27.7 
28.0 
25.1 
21.4 
20.5 
21.8 
23.2 
21.7 
23.9 
24.0 
25.0 
23.8 
