9.5 
3.2 
2.9 
2.7 
2.9 
2.4 
2.8 
2.8 
4.9 
3.2 
2.8 
2.6 
4.3 
3.2 
4.0 
3.6 
3.2 
4.3 
3.3 
2.7 
7.8 
5.3 
4.9 
7.1 
8.1 
8.5 
9.3 
11.3 
10.2 
10.5 
5.1 
6.2 
8.9 
7.8 
6.4 
8.8 
9.9 
10.0 
8.6 
9.7 
8.3 
9.0 
9.7 
11.9 
5.1 
7.2 
9.9 
9.6 
9.1 
8.7 
10.1 
8.2 
10.0 
9.8 
11.0 
12.5 
11.0 
9.8 
4.8 
3.4 
5.6 
4.6 
3.9 
7.3 
7.3 
7.8 
10.1 
10.1 
10.5 
9.9 
8.8 
9.6 
4.4 
3.9 
7.7 
8.7 
4.4 
8.9 
7.5 
8.6 
11.6 
10.1 
11.7 
8.4 
9.0 
7.4 
7.6 
9.6 
9.1 
9.2 
9.2 
5.5 
3.8 
8.3 
8.1 
10.8 
6.4 
2.3 
5.1 
8.6 
9.5 
5.9 
8.1 
9.0 
9.9 
11.4 
5.9 
8.2 
10.1 
4.8 
5.6 
3.4 
