13.5 
14.2 
16.6 
18.0 
17.9 
16.8 
12.0 
12.9 
15.9 
14.8 
14.9 
17.3 
17.7 
18.3 
16.1 
17.5 
16.6 
15.9 
16.2 
16.7 
16.8 
19.3 
16.6 
15.9 
18.2 
16.9 
18.5 
19.0 
16.7 
17.4 
17.3 
18.5 
16.9 
15.9 
15.9 
17.1 
16.0 
17.2 
18.9 
18.5 
17.0 
16.8 
17.3 
15.8 
15.7 
18.3 
19.1 
19.3 
16.7 
17.0 
17.2 
17.9 
17.3 
18.4 
16.2 
16.2 
18.2 
17.7 
17.4 
16.3 
15.9 
17.6 
17.4 
19.4 
17.0 
17.9 
17.7 
17.2 
18.0 
19.0 
15.3 
16.1 
17.7 
17.2 
19.1 
18.5 
16.5 
18.7 
20.2 
17.2 
17.4 
17.6 
14.5 
17.3 
20.5 
18.7 
19.6 
21.2 
20.1 
19.7 
20.4 
16.2 
16.6 
20.0 
20.6 
17.8 
17.2 
16.3 
16.7 
18.9 
18.6 
18.8 
18.5 
18.9 
17.4 
18.7 
20.2 
18.8 
18.1 
17.1 
18.5 
17.7 
18.7 
17.9 
18.8 
16.4 
17.4 
18.0 
18.6 
18.8 
17.4 
18.8 
18.2 
18.4 
19.1 
18.3 
16.6 
16.3 
13.0 
16.8 
17.1 
17.7 
15.8 
18.4 
19.2 
18.0 
17.3 
15.9 
17.1 
18.8 
17.3 
16.4 
17.8 
19.5 
17.9 
19.2 
18.0 
17.1 
17.2 
16.6 
21.0 
11.7 
13.7 
17.4 
19.0 
16.5 
18.6 
17.1 
19.6 
17.1 
18.6 
18.4 
17.5 
17.5 
16.7 
17.4 
18.5 
17.4 
18.5 
17.3 
17.5 
18.3 
19.4 
16.6 
18.5 
19.0 
19.2 
19.0 
16.5 
18.8 
16.9 
16.2 
18.6 
17.0 
18.4 
