4.5 
4.0 
3.8 
4.0 
3.7 
3.9 
3.8 
4.2 
4.0 
4.2 
4.5 
5.2 
4.0 
4.1 
3.9 
3.9 
5.2 
5.6 
5.5 
6.9 
5.8 
5.5 
5.0 
6.8 
5.4 
5.6 
5.9 
5.4 
4.8 
5.0 
4.8 
5.3 
5.3 
6.6 
5.4 
5.3 
5.5 
5.8 
6.0 
5.7 
6.0 
5.1 
5.3 
5.8 
5.2 
4.4 
5.5 
5.3 
5.7 
4.7 
5.2 
5.0 
4.8 
5.6 
5.8 
5.8 
5.2 
5.5 
4.9 
7.4 
5.8 
6.8 
6.5 
6.1 
5.6 
5.8 
4.7 
5.5 
5.4 
6.7 
5.6 
5.4 
5.3 
5.3 
5.6 
5.2 
5.2 
5.3 
5.7 
7.1 
6.2 
5.8 
5.5 
5.2 
5.2 
4.4 
5.3 
5.4 
5.6 
5.7 
5.6 
5.6 
5.9 
5.6 
5.7 
5.2 
6.1 
5.6 
5.8 
5.7 
6.3 
6.5 
5.0 
5.5 
5.7 
5.2 
4.6 
5.6 
5.7 
7.4 
6.5 
5.5 
5.1 
6.8 
5.8 
6.2 
5.4 
5.4 
5.7 
5.8 
6.2 
4.9 
4.4 
5.1 
4.9 
5.1 
4.8 
5.1 
5.5 
7.1 
5.6 
5.4 
5.7 
6.9 
5.2 
5.3 
5.1 
5.5 
3.8 
5.0 
5.5 
4.5 
5.3 
5.3 
5.9 
5.8 
5.6 
3.8 
6.3 
5.1 
5.5 
5.7 
4.9 
7.6 
5.7 
4.9 
5.3 
5.5 
5.8 
5.7 
5.3 
5.2 
5.5 
6.8 
5.1 
5.6 
6.6 
5.5 
5.2 
4.4 
5.5 
5.1 
5.2 
5.5 
6.1 
5.5 
5.3 
6.6 
5.4 
5.0 
4.6 
5.3 
6.7 
5.6 
5.3 
5.1 
