15.3 
16.5 
15.1 
11.8 
13.9 
13.5 
13.5 
12.2 
14.8 
14.9 
14.5 
13.7 
13.6 
14.8 
11.8 
14.9 
16.0 
14.7 
12.4 
15.1 
14.2 
15.6 
14.1 
15.2 
15.8 
14.6 
13.6 
14.9 
14.5 
16.6 
11.5 
14.1 
13.7 
13.4 
16.7 
13.9 
14.6 
14.3 
11.9 
15.6 
13.2 
16.9 
14.3 
14.5 
15.7 
15.3 
15.6 
11.9 
11.7 
15.8 
15.8 
15.6 
13.2 
15.4 
15.3 
12.3 
12.9 
14.9 
17.6 
13.2 
14.5 
15.5 
14.1 
14.9 
10.1 
10.9 
12.2 
14.7 
11.5 
14.5 
11.2 
14.1 
15.1 
14.7 
14.2 
14.2 
14.9 
12.9 
14.9 
16.8 
13.3 
14.8 
13.0 
13.3 
15.1 
17.3 
15.7 
15.0 
12.7 
15.2 
17.6 
12.9 
14.1 
15.2 
15.4 
14.0 
14.7 
14.2 
14.8 
15.8 
16.2 
14.7 
14.4 
13.6 
14.1 
13.3 
14.2 
13.7 
14.2 
14.9 
13.5 
14.5 
15.2 
14.5 
15.5 
12.4 
16.6 
13.9 
13.8 
14.0 
6.7 
8.3 
11.8 
15.9 
17.1 
12.4 
