16.6 
14.9 
17.5 
17.7 
18.0 
20.0 
21.5 
14.1 
19.1 
19.9 
20.6 
21.0 
17.1 
19.7 
20.4 
21.8 
21.6 
21.9 
24.0 
22.5 
20.6 
22.3 
21.0 
20.2 
18.7 
20.4 
20.5 
21.6 
21.0 
21.2 
21.4 
21.8 
20.7 
20.3 
21.0 
19.9 
21.5 
21.8 
20.3 
19.5 
22.1 
20.6 
21.6 
21.0 
17.7 
22.0 
21.0 
24.6 
23.6 
23.5 
19.4 
19.2 
20.3 
20.9 
21.1 
22.6 
20.8 
20.7 
20.4 
20.2 
22.2 
20.8 
20.1 
23.9 
20.4 
21.3 
21.2 
21.6 
20.2 
20.3 
20.8 
18.8 
21.7 
19.8 
22.2 
22.9 
20.1 
19.3 
21.1 
21.9 
21.6 
22.2 
20.4 
22.1 
22.0 
19.7 
21.6 
21.4 
19.0 
18.4 
20.6 
20.5 
20.0 
22.8 
20.8 
18.9 
19.4 
19.4 
21.3 
20.8 
19.7 
18.1 
21.1 
21.2 
21.4 
23.4 
21.2 
20.5 
22.4 
20.3 
20.9 
21.7 
21.3 
20.1 
23.1 
19.5 
21.5 
19.1 
20.7 
19.8 
21.7 
21.1 
19.6 
19.7 
21.3 
20.9 
19.0 
19.6 
19.2 
20.0 
20.2 
21.0 
22.9 
19.8 
19.9 
21.0 
19.7 
22.6 
21.6 
20.9 
21.7 
19.9 
21.0 
20.6 
12.2 
18.6 
