15.7 
18.9 
18.0 
17.8 
16.4 
17.5 
18.2 
15.5 
17.7 
19.4 
18.7 
18.7 
17.9 
18.9 
18.6 
18.9 
19.5 
19.0 
19.1 
17.2 
18.2 
18.3 
18.9 
18.0 
18.7 
18.2 
18.9 
18.6 
19.0 
17.9 
19.4 
19.4 
19.0 
18.2 
17.9 
17.8 
18.6 
18.1 
18.3 
16.8 
18.7 
19.2 
19.1 
18.8 
19.2 
18.6 
18.2 
17.3 
19.4 
17.9 
19.0 
19.0 
18.5 
19.2 
18.9 
18.8 
18.2 
18.2 
18.5 
19.1 
18.8 
18.4 
18.1 
18.0 
18.4 
18.5 
18.3 
18.3 
18.0 
20.2 
18.0 
19.1 
18.9 
18.1 
18.8 
19.9 
18.4 
18.6 
18.2 
18.3 
19.0 
19.5 
18.3 
19.9 
18.8 
18.0 
17.3 
18.6 
18.0 
17.9 
18.2 
19.1 
17.5 
17.9 
18.5 
17.9 
18.8 
14.2 
18.8 
18.5 
18.3 
18.6 
18.1 
16.8 
18.7 
18.6 
19.2 
19.4 
20.0 
19.3 
18.5 
17.9 
18.8 
18.1 
18.4 
18.1 
18.4 
18.5 
18.9 
18.6 
17.2 
19.1 
18.3 
19.0 
18.2 
17.9 
18.1 
20.7 
17.7 
18.6 
17.5 
16.7 
16.5 
18.0 
17.5 
18.1 
17.7 
18.8 
18.5 
19.9 
17.2 
18.7 
18.1 
17.9 
19.6 
18.9 
18.6 
18.7 
18.8 
