14.7 
15.2 
16.4 
15.9 
14.6 
13.1 
14.5 
15.9 
12.7 
16.7 
17.0 
17.4 
17.8 
16.1 
17.4 
18.4 
18.3 
16.8 
18.3 
13.9 
13.2 
18.2 
16.5 
17.3 
17.3 
16.5 
17.0 
15.4 
16.2 
17.1 
17.5 
17.7 
17.8 
17.6 
16.1 
15.4 
19.6 
17.9 
13.7 
18.1 
18.6 
19.3 
16.3 
17.2 
17.0 
16.4 
15.7 
17.8 
17.0 
17.4 
19.1 
14.3 
17.8 
19.5 
16.0 
17.5 
16.3 
14.9 
15.5 
13.3 
14.1 
17.5 
14.2 
17.4 
17.0 
14.9 
16.1 
16.9 
15.6 
16.2 
18.7 
15.2 
17.6 
17.9 
17.6 
17.4 
18.5 
18.3 
22.3 
14.5 
16.7 
16.8 
16.1 
18.0 
18.5 
18.3 
16.8 
14.8 
16.5 
18.5 
16.2 
15.1 
19.1 
19.5 
15.3 
16.8 
16.4 
17.3 
18.0 
19.3 
15.5 
17.0 
17.2 
20.4 
16.6 
15.3 
16.1 
16.4 
16.9 
16.7 
17.1 
17.6 
18.8 
17.1 
15.1 
15.1 
17.7 
17.1 
16.6 
18.8 
15.9 
16.8 
17.4 
16.0 
15.3 
17.0 
17.8 
18.5 
17.5 
17.9 
18.0 
16.5 
17.9 
17.1 
16.2 
17.2 
17.7 
19.0 
19.3 
17.3 
16.9 
18.2 
18.2 
19.8 
16.9 
17.3 
17.2 
17.4 
19.2 
20.8 
19.9 
19.6 
