5.5 
5.0 
6.6 
6.2 
6.9 
6.8 
6.0 
6.5 
6.3 
8.8 
9.1 
7.3 
7.9 
6.7 
8.4 
8.1 
8.2 
6.7 
7.1 
7.0 
8.4 
7.0 
7.0 
6.7 
8.2 
6.7 
6.9 
8.1 
8.7 
7.0 
7.0 
7.7 
9.1 
6.7 
7.0 
7.1 
8.6 
6.7 
6.9 
6.8 
8.4 
7.2 
7.6 
8.3 
6.7 
6.7 
6.4 
9.4 
9.4 
7.2 
7.4 
7.9 
9.4 
7.2 
6.9 
6.7 
9.1 
6.9 
6.9 
6.7 
8.0 
7.9 
7.2 
8.3 
7.9 
7.1 
7.0 
6.6 
7.1 
7.7 
6.4 
8.0 
6.6 
6.4 
7.9 
6.5 
6.3 
6.5 
7.9 
7.9 
6.7 
9.1 
7.0 
6.8 
6.5 
8.3 
6.7 
8.1 
6.6 
6.4 
6.4 
6.8 
6.7 
6.7 
7.0 
7.0 
7.2 
6.5 
6.8 
8.7 
7.1 
7.5 
7.4 
7.7 
8.8 
7.3 
7.0 
6.4 
6.8 
7.2 
6.4 
8.3 
