15.3 
20.1 
11.4 
10.6 
10.0 
11.5 
10.6 
14.7 
14.8 
14.8 
14.3 
11.6 
14.2 
12.3 
13.1 
15.3 
15.5 
14.2 
14.8 
13.3 
15.0 
14.5 
11.3 
11.6 
14.9 
14.0 
11.9 
13.6 
13.8 
14.1 
13.1 
12.8 
13.6 
13.7 
11.5 
13.3 
13.0 
15.6 
12.0 
15.3 
13.8 
15.5 
13.7 
13.9 
13.4 
14.2 
14.8 
14.2 
15.9 
14.1 
13.9 
12.8 
13.9 
11.4 
15.6 
14.7 
14.8 
14.5 
11.9 
15.2 
16.2 
14.4 
11.9 
15.0 
14.8 
15.2 
12.3 
12.0 
13.9 
13.9 
14.5 
10.7 
14.5 
11.6 
11.9 
14.6 
14.4 
16.3 
15.1 
15.6 
14.7 
11.6 
11.9 
15.3 
12.3 
12.4 
16.0 
15.3 
13.8 
15.5 
13.8 
11.7 
13.6 
13.2 
14.9 
14.3 
15.0 
11.8 
14.4 
15.6 
13.9 
14.6 
14.7 
14.7 
11.4 
13.8 
13.5 
14.7 
14.9 
16.1 
14.6 
11.9 
14.6 
13.4 
14.3 
13.7 
13.3 
11.6 
10.6 
15.7 
14.2 
12.6 
13.5 
13.8 
14.3 
14.5 
13.1 
15.3 
12.6 
12.9 
12.4 
16.2 
14.1 
15.7 
16.8 
15.4 
11.7 
13.9 
13.7 
14.9 
15.0 
14.5 
15.4 
15.2 
17.3 
15.8 
14.5 
14.5 
11.2 
15.1 
15.3 
14.3 
13.9 
13.3 
11.6 
12.6 
15.7 
13.3 
13.9 
11.2 
11.4 
15.6 
15.7 
14.3 
15.7 
13.6 
13.4 
14.3 
10.0 
13.5 
14.4 
14.7 
15.2 
12.8 
14.6 
14.1 
14.6 
13.9 
14.1 
9.9 
12.0 
11.7 
12.1 
