57.0 
56.2 
57.1 
57.2 
57.1 
57.1 
57.0 
57.1 
57.1 
57.2 
57.1 
57.1 
57.4 
57.1 
56.8 
57.1 
57.0 
57.1 
57.1 
56.2 
57.0 
56.9 
57.4 
57.2 
57.2 
57.0 
48.7 
56.9 
56.3 
57.1 
57.1 
57.0 
57.2 
56.9 
57.1 
54.4 
53.7 
55.8 
53.6 
57.1 
54.8 
57.1 
57.1 
57.2 
56.9 
57.2 
57.1 
57.1 
57.1 
57.1 
57.1 
57.0 
56.9 
57.2 
57.2 
57.4 
54.0 
56.8 
57.0 
56.7 
57.0 
57.0 
49.1 
57.1 
57.2 
56.9 
54.9 
57.1 
57.0 
57.1 
57.0 
57.1 
57.1 
56.9 
55.0 
57.0 
57.4 
57.0 
57.1 
57.0 
57.2 
56.7 
56.7 
57.0 
57.2 
57.2 
57.2 
56.1 
57.1 
57.1 
56.2 
57.2 
57.0 
57.1 
57.1 
54.0 
54.4 
57.0 
46.4 
57.1 
57.1 
54.7 
57.1 
56.9 
57.1 
57.1 
57.0 
55.3 
57.1 
56.8 
56.9 
57.5 
57.2 
57.0 
57.1 
57.2 
56.4 
56.8 
57.4 
53.9 
57.0 
55.2 
57.1 
56.3 
57.1 
57.1 
57.1 
56.9 
54.7 
57.0 
56.9 
57.1 
57.1 
56.9 
57.1 
57.1 
57.0 
57.2 
57.1 
57.2 
57.2 
57.1 
57.1 
57.0 
57.1 
56.9 
57.0 
