51.3 
42.9 
51.0 
49.5 
53.5 
49.7 
49.4 
49.6 
49.5 
49.7 
49.5 
53.2 
50.1 
51.0 
53.7 
44.4 
34.1 
53.4 
53.6 
54.2 
49.3 
53.0 
53.5 
54.2 
53.5 
53.6 
53.7 
49.9 
53.6 
53.5 
53.6 
53.5 
45.8 
53.6 
52.5 
49.5 
50.0 
49.6 
53.4 
51.8 
53.4 
53.4 
49.7 
49.7 
52.2 
49.5 
49.5 
49.6 
49.5 
53.0 
52.7 
53.7 
53.6 
53.6 
53.5 
53.6 
49.5 
53.6 
53.6 
53.5 
52.1 
53.3 
54.3 
49.4 
49.5 
52.6 
53.4 
53.4 
50.0 
52.1 
50.5 
53.4 
54.3 
49.3 
53.6 
54.4 
52.6 
51.0 
53.5 
49.5 
52.3 
52.4 
49.5 
53.5 
53.6 
53.8 
53.4 
53.3 
53.5 
49.6 
49.5 
49.6 
49.5 
53.1 
53.5 
53.7 
53.7 
53.6 
53.6 
53.6 
53.5 
53.8 
51.3 
51.0 
52.6 
52.7 
50.6 
53.6 
53.2 
53.8 
54.2 
53.4 
49.8 
50.2 
49.6 
49.8 
49.7 
49.5 
53.7 
53.6 
53.9 
51.8 
50.7 
50.2 
49.4 
49.5 
49.5 
53.5 
53.5 
53.5 
53.8 
53.3 
53.3 
50.1 
49.5 
49.5 
49.5 
51.6 
53.7 
53.6 
53.6 
53.3 
53.7 
50.0 
49.6 
53.1 
53.6 
