57.0 
57.1 
52.2 
57.3 
56.9 
57.0 
56.3 
57.1 
57.1 
56.9 
57.1 
57.1 
57.1 
57.1 
57.0 
57.4 
57.0 
56.9 
57.3 
56.8 
57.1 
57.0 
57.1 
57.1 
56.9 
57.0 
57.1 
56.9 
56.1 
56.2 
53.9 
53.6 
54.7 
57.3 
57.1 
57.1 
57.1 
56.9 
57.1 
57.1 
57.1 
57.0 
57.0 
57.2 
56.9 
57.3 
57.2 
56.7 
57.5 
57.1 
57.1 
57.1 
57.1 
56.9 
57.3 
57.0 
57.0 
57.2 
57.2 
57.1 
57.0 
57.1 
57.1 
57.0 
56.6 
57.3 
57.0 
57.1 
56.9 
57.2 
57.1 
57.0 
56.9 
57.4 
57.0 
57.3 
56.9 
57.1 
57.1 
57.1 
57.1 
57.0 
56.8 
57.0 
57.0 
57.0 
57.1 
57.1 
54.6 
57.1 
57.0 
57.1 
57.0 
57.1 
57.1 
57.3 
57.1 
57.1 
56.9 
56.9 
55.4 
57.4 
57.1 
57.1 
56.9 
57.1 
57.1 
57.1 
56.9 
54.4 
57.1 
57.1 
57.1 
56.2 
56.8 
54.5 
57.3 
57.0 
56.9 
57.1 
57.1 
57.6 
57.1 
57.0 
56.9 
56.0 
56.9 
56.9 
57.1 
57.2 
57.0 
57.2 
57.0 
57.1 
56.9 
57.1 
55.0 
56.9 
57.1 
56.9 
57.1 
57.2 
57.2 
54.9 
57.3 
57.0 
54.7 
57.4 
57.1 
57.4 
