41.7 
40.2 
41.4 
39.8 
38.1 
40.6 
39.9 
44.8 
44.5 
43.6 
44.7 
44.8 
44.8 
44.6 
44.8 
43.4 
45.6 
38.1 
44.5 
44.7 
32.9 
44.8 
40.4 
44.9 
44.4 
43.6 
45.0 
44.8 
44.4 
44.6 
40.2 
46.1 
36.1 
46.0 
45.1 
36.1 
44.7 
41.2 
44.9 
45.0 
44.6 
44.8 
44.7 
31.3 
45.4 
44.8 
37.0 
41.4 
43.9 
45.1 
44.5 
44.7 
44.7 
46.1 
44.4 
44.9 
43.8 
44.9 
44.7 
44.8 
44.7 
36.7 
44.9 
44.9 
44.5 
44.9 
33.0 
44.7 
44.6 
44.9 
44.5 
44.9 
44.7 
43.4 
44.5 
45.0 
44.4 
45.1 
29.1 
33.9 
44.7 
27.8 
44.2 
44.8 
44.6 
44.2 
44.6 
44.9 
44.6 
44.9 
44.7 
45.4 
43.5 
45.4 
45.1 
37.5 
44.8 
45.1 
44.5 
42.2 
44.5 
44.9 
44.8 
33.2 
37.4 
44.8 
45.9 
30.2 
43.4 
16.7 
43.5 
45.0 
46.0 
46.2 
44.6 
44.9 
44.8 
44.2 
44.6 
44.9 
44.7 
44.9 
44.7 
44.9 
38.9 
44.7 
44.5 
35.5 
44.5 
45.3 
37.5 
44.8 
44.7 
44.8 
44.9 
34.7 
43.0 
33.8 
35.8 
44.7 
44.4 
45.4 
44.1 
36.2 
42.9 
32.8 
45.3 
43.4 
44.7 
43.9 
44.8 
