53.4 
53.6 
51.0 
49.7 
53.6 
53.7 
53.6 
53.3 
50.9 
53.7 
53.7 
53.6 
53.2 
53.6 
54.4 
53.8 
53.4 
53.6 
53.7 
53.5 
53.4 
53.5 
53.6 
53.6 
53.6 
53.6 
53.6 
49.5 
53.6 
53.4 
52.6 
53.7 
53.6 
53.1 
53.7 
53.4 
53.3 
53.5 
53.6 
53.6 
53.7 
53.2 
53.6 
53.6 
53.6 
53.6 
53.3 
53.5 
53.8 
53.6 
53.6 
53.6 
53.6 
52.7 
53.6 
54.1 
53.0 
53.3 
53.6 
53.6 
53.7 
50.9 
49.4 
53.7 
50.9 
53.7 
53.5 
50.9 
52.7 
53.7 
53.5 
53.6 
54.2 
53.5 
51.9 
53.6 
53.5 
53.6 
53.5 
53.6 
54.1 
53.6 
49.6 
53.6 
53.5 
53.6 
53.7 
53.6 
53.5 
53.7 
53.1 
53.1 
53.6 
54.2 
51.0 
51.1 
53.6 
53.6 
53.6 
51.1 
52.6 
53.6 
53.5 
53.7 
53.7 
53.8 
53.7 
53.6 
53.6 
53.7 
53.4 
53.6 
53.4 
54.6 
53.6 
53.4 
53.7 
52.7 
53.7 
53.6 
53.6 
53.5 
53.6 
53.5 
53.5 
53.6 
53.6 
53.5 
