56.7 
56.9 
56.7 
57.0 
56.9 
56.8 
57.2 
57.1 
57.1 
57.0 
57.0 
57.1 
57.1 
57.2 
57.2 
57.0 
52.2 
54.8 
57.3 
55.0 
57.0 
56.9 
57.1 
57.2 
57.0 
57.1 
57.1 
52.5 
57.0 
54.6 
56.3 
56.9 
53.9 
57.1 
56.4 
54.1 
57.0 
57.0 
56.9 
57.0 
57.1 
54.5 
57.1 
57.1 
57.0 
56.7 
56.6 
56.5 
54.5 
53.5 
56.8 
54.4 
56.9 
55.5 
56.1 
54.5 
57.1 
57.5 
39.0 
53.6 
56.7 
54.9 
54.0 
56.9 
57.1 
57.1 
57.0 
57.1 
56.7 
56.9 
57.0 
57.1 
56.2 
57.1 
57.1 
56.9 
57.0 
54.0 
57.0 
57.2 
57.0 
57.0 
56.8 
56.8 
56.2 
57.5 
57.0 
56.9 
56.7 
57.1 
57.4 
56.9 
56.9 
57.0 
56.5 
54.5 
48.7 
48.4 
50.5 
57.2 
57.1 
57.1 
57.1 
57.0 
57.0 
56.9 
56.9 
57.1 
56.9 
57.1 
56.9 
57.1 
56.9 
57.1 
57.1 
57.0 
