53.4 
53.7 
53.6 
53.5 
53.6 
53.8 
54.3 
52.9 
53.5 
53.6 
53.6 
53.6 
51.0 
53.9 
53.3 
54.1 
51.1 
53.8 
53.5 
53.6 
53.6 
53.2 
53.7 
53.4 
53.6 
53.7 
53.5 
54.3 
53.8 
52.7 
52.6 
53.5 
46.6 
53.6 
53.7 
53.5 
53.1 
53.5 
51.8 
51.0 
52.1 
53.6 
53.6 
53.4 
53.7 
53.6 
53.6 
53.6 
53.5 
53.5 
53.6 
51.0 
53.8 
54.3 
53.8 
53.6 
51.0 
53.4 
53.1 
53.4 
53.5 
53.6 
48.3 
51.0 
50.0 
53.3 
53.6 
52.7 
53.5 
53.5 
53.3 
53.6 
53.4 
53.5 
53.5 
53.6 
54.1 
53.6 
53.6 
54.3 
53.6 
53.5 
53.4 
53.5 
53.6 
53.5 
53.4 
53.7 
54.4 
54.2 
53.6 
53.6 
53.6 
53.7 
53.6 
53.4 
