56.3 
57.1 
57.1 
57.2 
56.8 
57.0 
56.9 
57.1 
57.1 
56.3 
56.4 
57.1 
57.2 
57.1 
57.2 
56.9 
56.6 
56.9 
57.0 
57.1 
57.4 
57.2 
57.1 
56.9 
57.3 
57.1 
57.1 
57.1 
56.8 
57.0 
57.4 
57.2 
57.1 
57.2 
56.3 
56.7 
57.3 
57.1 
56.9 
57.0 
57.1 
57.1 
57.1 
56.9 
57.3 
56.9 
57.1 
57.1 
56.9 
57.0 
57.3 
57.2 
57.1 
57.2 
57.5 
57.1 
57.2 
57.2 
57.1 
56.8 
56.9 
53.8 
56.2 
57.1 
56.9 
57.1 
57.0 
56.7 
56.9 
57.1 
57.4 
56.2 
57.6 
52.8 
57.0 
57.1 
57.4 
56.5 
57.1 
57.1 
57.0 
57.0 
57.1 
57.0 
57.1 
57.0 
57.1 
57.1 
56.9 
56.4 
56.9 
57.2 
57.0 
56.9 
57.0 
57.1 
57.1 
57.1 
57.2 
56.9 
57.1 
56.2 
56.2 
53.9 
54.7 
56.9 
57.2 
57.0 
57.2 
56.9 
57.1 
57.1 
57.1 
56.9 
57.1 
57.1 
57.2 
56.8 
57.2 
53.7 
57.3 
56.3 
57.0 
54.8 
57.0 
57.0 
57.4 
56.8 
57.1 
57.1 
57.1 
56.8 
56.8 
56.9 
57.6 
