56.3 
56.9 
57.0 
56.9 
56.9 
56.9 
56.6 
56.8 
57.1 
56.8 
54.8 
55.7 
57.0 
57.1 
57.3 
52.2 
54.1 
57.0 
57.0 
57.0 
51.5 
57.0 
55.3 
57.0 
56.4 
57.4 
57.0 
57.4 
57.0 
56.9 
57.0 
51.6 
57.1 
48.4 
57.2 
57.6 
57.1 
56.4 
57.1 
57.1 
57.2 
56.1 
56.7 
57.4 
57.2 
56.4 
57.1 
54.6 
54.7 
54.6 
56.3 
57.5 
57.2 
57.1 
56.4 
56.9 
57.1 
56.3 
57.3 
56.7 
57.1 
56.9 
57.1 
55.7 
56.8 
54.8 
57.0 
50.1 
56.9 
56.9 
57.1 
57.0 
55.6 
57.2 
57.1 
56.9 
56.3 
57.2 
56.9 
56.9 
56.9 
57.6 
56.9 
57.0 
57.5 
57.1 
53.9 
57.0 
57.1 
56.8 
57.0 
57.1 
56.9 
57.1 
56.9 
57.0 
57.1 
56.8 
56.7 
57.0 
57.1 
57.1 
57.1 
56.9 
54.0 
56.2 
56.9 
56.9 
56.8 
54.0 
52.0 
57.0 
57.1 
56.9 
57.0 
56.8 
57.0 
53.3 
54.6 
57.1 
54.8 
57.1 
57.1 
57.1 
56.9 
57.1 
56.1 
57.1 
57.1 
57.1 
57.0 
57.1 
57.2 
57.2 
57.3 
57.1 
57.0 
57.1 
57.1 
57.2 
57.4 
57.1 
57.2 
57.3 
