53.0 
53.5 
47.6 
53.6 
53.8 
53.7 
54.2 
43.2 
53.7 
53.6 
53.4 
53.6 
53.7 
54.2 
54.3 
53.5 
53.6 
53.8 
53.6 
53.6 
53.6 
53.6 
53.6 
54.2 
53.8 
53.5 
53.8 
53.6 
54.1 
53.9 
53.7 
50.8 
53.3 
53.1 
53.5 
53.6 
54.2 
54.4 
51.2 
54.2 
53.7 
53.4 
53.6 
53.6 
53.5 
54.2 
53.5 
53.6 
53.5 
53.7 
53.7 
49.5 
53.5 
53.6 
53.6 
53.5 
53.6 
53.6 
54.4 
54.5 
52.1 
53.6 
53.5 
53.6 
53.5 
53.7 
53.4 
53.6 
53.6 
53.8 
51.6 
53.6 
54.2 
53.5 
53.4 
53.7 
53.6 
53.6 
53.8 
53.6 
53.6 
50.7 
53.2 
53.6 
54.1 
53.5 
53.5 
53.6 
54.2 
53.7 
48.1 
53.7 
53.5 
53.7 
53.6 
53.6 
53.4 
49.0 
54.2 
53.6 
53.5 
53.8 
53.6 
53.7 
53.8 
53.4 
53.6 
53.6 
53.6 
53.5 
51.8 
53.6 
53.6 
53.5 
53.8 
53.5 
53.6 
53.5 
53.5 
53.6 
53.6 
