57.1 
56.8 
57.1 
57.4 
57.1 
57.6 
56.9 
57.1 
57.1 
57.0 
56.9 
57.1 
57.0 
56.8 
57.1 
57.1 
57.0 
57.1 
57.3 
57.1 
57.1 
57.1 
57.0 
56.3 
57.2 
57.1 
57.1 
57.0 
57.0 
56.9 
57.4 
57.2 
57.0 
57.5 
57.1 
57.1 
57.2 
57.1 
57.1 
57.5 
56.9 
57.1 
57.1 
57.1 
56.7 
57.2 
57.0 
57.2 
57.0 
57.0 
56.9 
56.9 
57.2 
57.0 
57.1 
57.1 
57.1 
57.1 
57.1 
57.0 
57.1 
56.9 
57.1 
57.1 
56.9 
56.9 
57.1 
56.4 
56.8 
57.1 
57.1 
57.1 
56.8 
57.1 
57.3 
57.1 
57.0 
57.1 
57.1 
57.2 
57.2 
57.3 
57.0 
57.1 
57.0 
57.1 
54.7 
56.9 
57.4 
57.4 
57.3 
56.9 
57.1 
55.8 
56.2 
56.9 
57.1 
56.9 
56.8 
57.3 
57.1 
57.1 
56.9 
57.2 
57.0 
56.4 
57.0 
57.0 
57.1 
57.0 
57.1 
57.1 
57.0 
56.9 
57.1 
57.3 
57.1 
57.6 
56.9 
57.0 
57.1 
57.1 
57.2 
57.2 
57.1 
56.3 
57.1 
57.0 
57.0 
57.0 
57.1 
57.1 
57.1 
57.1 
57.0 
57.0 
57.1 
57.0 
57.2 
56.9 
56.9 
56.9 
57.1 
57.1 
56.1 
56.3 
56.5 
57.1 
57.5 
