53.4 
54.3 
53.5 
53.6 
53.4 
53.6 
53.6 
53.4 
49.0 
53.6 
53.4 
53.7 
51.0 
49.5 
53.5 
51.0 
53.6 
53.4 
52.6 
53.6 
52.7 
53.6 
53.9 
50.5 
51.0 
53.7 
53.6 
53.6 
52.7 
53.9 
53.8 
53.7 
53.6 
53.6 
53.6 
53.5 
53.7 
53.6 
53.7 
53.4 
53.3 
53.7 
51.0 
52.9 
53.4 
51.0 
50.7 
52.4 
53.7 
50.8 
53.6 
53.5 
53.6 
53.6 
47.1 
53.3 
53.8 
53.6 
53.1 
53.5 
53.5 
53.6 
53.7 
45.8 
53.6 
52.7 
53.6 
53.6 
53.6 
50.0 
53.4 
53.6 
51.0 
53.3 
53.4 
54.3 
52.7 
53.6 
50.6 
53.4 
53.6 
53.6 
54.1 
53.8 
50.0 
53.5 
53.3 
53.5 
53.6 
53.5 
53.4 
53.6 
53.6 
53.5 
53.5 
53.6 
53.6 
53.3 
53.4 
53.6 
52.5 
53.4 
50.1 
52.1 
51.0 
53.5 
53.6 
53.4 
53.6 
52.6 
54.3 
53.5 
53.2 
53.3 
53.4 
53.4 
53.6 
53.6 
50.9 
53.5 
53.6 
53.6 
53.7 
52.9 
53.2 
53.6 
51.1 
49.9 
52.5 
52.6 
52.0 
53.1 
53.7 
53.4 
53.6 
53.5 
51.1 
53.9 
53.3 
53.8 
53.5 
53.8 
53.6 
53.6 
52.5 
53.6 
53.6 
53.7 
53.6 
53.6 
53.4 
53.6 
53.6 
53.2 
53.6 
53.7 
53.6 
53.7 
53.3 
52.6 
50.1 
49.9 
53.3 
53.4 
53.5 
51.3 
53.6 
54.3 
53.5 
54.4 
53.6 
53.6 
53.6 
53.5 
53.7 
53.6 
53.6 
53.6 
51.1 
53.6 
51.0 
49.9 
21.7 
53.0 
49.8 
50.9 
51.0 
54.2 
53.5 
53.6 
53.7 
51.3 
54.2 
53.6 
53.6 
50.7 
50.9 
53.5 
50.1 
50.7 
50.9 
50.0 
52.8 
53.3 
51.0 
54.4 
53.5 
53.6 
52.7 
52.9 
53.6 
53.5 
53.6 
53.5 
53.4 
53.6 
53.8 
53.6 
53.5 
47.5 
49.0 
53.6 
53.6 
54.3 
53.0 
53.1 
