48.9 
49.5 
49.5 
49.5 
49.7 
49.6 
45.5 
49.5 
49.3 
49.5 
49.6 
49.6 
49.5 
50.5 
49.5 
49.3 
46.6 
48.9 
49.4 
49.6 
48.4 
50.3 
52.1 
50.6 
48.6 
49.4 
49.9 
49.3 
47.2 
43.9 
49.5 
50.5 
47.8 
49.5 
49.9 
49.3 
49.4 
49.4 
49.5 
49.7 
49.9 
49.6 
49.6 
52.2 
49.5 
49.3 
33.7 
47.9 
41.6 
49.2 
48.9 
51.6 
45.1 
49.7 
49.5 
49.5 
49.6 
49.9 
49.8 
49.2 
49.5 
49.8 
49.1 
49.5 
49.5 
47.8 
50.2 
48.0 
34.3 
34.6 
31.6 
48.7 
43.8 
49.4 
49.4 
43.9 
45.8 
30.0 
49.5 
49.3 
39.4 
49.2 
49.2 
31.0 
49.1 
20.7 
18.7 
18.0 
31.5 
36.8 
17.8 
31.5 
37.5 
38.4 
31.1 
41.5 
40.8 
48.9 
41.5 
32.5 
25.7 
27.3 
31.3 
25.4 
34.6 
45.3 
44.3 
39.3 
37.7 
45.6 
49.4 
47.2 
49.2 
37.0 
49.3 
38.6 
49.1 
49.4 
49.5 
45.7 
43.8 
49.4 
45.5 
49.4 
49.7 
49.0 
