57.0 
57.1 
57.1 
57.0 
55.5 
57.0 
53.9 
56.6 
57.0 
56.9 
57.0 
54.6 
56.9 
57.1 
51.4 
57.0 
57.1 
56.8 
57.0 
56.9 
57.2 
53.9 
56.4 
57.1 
57.3 
57.0 
57.5 
57.1 
52.6 
57.1 
57.1 
56.9 
57.1 
57.2 
56.3 
56.7 
57.1 
56.1 
56.8 
57.0 
57.1 
57.1 
56.9 
57.0 
57.0 
57.0 
56.9 
57.0 
56.8 
57.1 
46.9 
57.1 
56.9 
56.9 
57.0 
57.1 
54.7 
57.2 
57.1 
57.1 
56.8 
57.1 
57.1 
56.9 
57.2 
57.1 
57.1 
57.1 
57.1 
57.1 
56.2 
57.1 
54.0 
55.0 
57.0 
57.3 
57.0 
57.1 
57.2 
56.9 
57.1 
57.1 
57.1 
54.0 
56.9 
57.1 
51.8 
57.1 
57.1 
57.1 
54.0 
57.2 
56.6 
57.0 
56.8 
56.9 
57.0 
57.0 
56.8 
57.1 
57.1 
56.3 
57.1 
57.1 
57.1 
57.2 
57.3 
56.9 
57.2 
56.8 
57.0 
57.1 
56.9 
57.3 
56.9 
57.2 
57.1 
57.2 
57.5 
56.9 
56.9 
57.0 
49.3 
57.1 
56.9 
57.1 
57.1 
54.9 
57.0 
57.3 
57.3 
54.6 
52.1 
57.2 
56.9 
57.3 
56.9 
56.9 
57.4 
57.1 
57.0 
51.2 
56.3 
54.9 
57.1 
57.0 
56.8 
56.2 
56.7 
57.1 
54.8 
57.0 
56.9 
53.8 
56.0 
56.9 
57.1 
56.8 
57.4 
57.1 
57.0 
56.9 
54.7 
56.3 
57.0 
56.9 
57.0 
57.3 
57.1 
56.9 
57.1 
57.1 
57.1 
57.5 
54.8 
57.0 
57.1 
56.3 
57.1 
57.0 
55.9 
57.2 
57.6 
57.1 
57.1 
56.9 
57.0 
57.5 
57.2 
57.1 
56.1 
57.0 
57.1 
57.1 
57.2 
56.9 
53.5 
57.0 
57.1 
54.1 
56.3 
56.9 
57.1 
56.9 
54.1 
56.9 
57.2 
54.4 
56.9 
57.1 
57.1 
57.1 
56.9 
56.4 
57.0 
56.9 
57.4 
56.3 
57.6 
53.9 
55.8 
56.9 
56.9 
56.3 
57.1 
57.1 
57.2 
53.9 
56.1 
56.8 
57.0 
56.9 
57.1 
57.1 
56.9 
57.0 
57.4 
56.9 
57.1 
57.1 
56.8 
54.8 
57.1 
56.8 
56.7 
56.0 
57.0 
57.1 
57.0 
57.0 
