57.4 
53.7 
53.5 
52.2 
52.3 
52.1 
53.4 
54.3 
53.5 
51.1 
53.5 
53.6 
50.1 
51.0 
49.6 
53.0 
52.6 
51.8 
53.5 
53.6 
53.7 
53.8 
53.6 
53.6 
53.4 
53.6 
53.8 
53.5 
53.5 
53.6 
53.5 
50.2 
53.5 
53.7 
53.6 
52.3 
52.5 
52.5 
53.7 
52.7 
53.6 
53.6 
50.1 
49.9 
52.7 
53.7 
53.4 
51.6 
53.0 
53.5 
53.5 
52.2 
53.3 
53.6 
49.4 
50.5 
53.5 
50.1 
53.5 
53.6 
53.4 
53.3 
52.2 
49.5 
49.6 
49.6 
49.5 
49.6 
52.5 
54.2 
53.6 
53.7 
52.3 
53.5 
54.2 
49.2 
53.6 
52.0 
49.6 
53.8 
50.2 
49.5 
49.6 
49.5 
53.5 
53.7 
53.9 
52.3 
49.6 
53.6 
53.8 
53.5 
53.6 
53.7 
53.6 
52.8 
53.6 
49.7 
53.4 
48.0 
53.6 
53.6 
53.6 
53.7 
53.6 
53.6 
53.8 
53.7 
53.0 
51.7 
53.6 
53.7 
53.5 
53.0 
