53.7 
52.7 
53.9 
53.4 
53.5 
52.8 
53.5 
53.5 
53.6 
53.6 
53.6 
53.5 
53.6 
53.4 
53.4 
50.9 
50.2 
50.3 
53.4 
53.6 
52.8 
49.6 
49.5 
49.6 
53.7 
53.2 
53.6 
53.3 
53.6 
53.8 
53.1 
53.6 
53.6 
53.5 
49.7 
49.6 
52.0 
52.6 
49.4 
49.6 
49.5 
53.8 
53.5 
53.5 
51.0 
50.9 
53.5 
53.6 
53.8 
51.2 
52.1 
49.4 
51.8 
53.5 
53.5 
53.3 
50.1 
53.6 
53.6 
54.3 
52.6 
52.1 
52.7 
52.1 
53.3 
53.9 
53.3 
53.6 
53.8 
53.6 
49.9 
47.9 
49.5 
50.0 
53.5 
53.5 
53.5 
53.6 
53.8 
51.1 
54.2 
49.9 
52.3 
53.4 
50.0 
52.0 
53.5 
54.2 
53.6 
53.4 
52.7 
51.0 
49.5 
53.6 
53.5 
53.4 
53.6 
53.7 
51.1 
53.6 
53.4 
53.5 
53.4 
51.9 
51.0 
53.6 
51.1 
50.0 
53.6 
53.3 
50.4 
51.2 
40.4 
53.7 
49.4 
49.6 
49.6 
52.1 
50.5 
47.0 
53.6 
50.7 
54.3 
51.1 
