55.9 
57.4 
57.5 
57.0 
57.1 
56.5 
57.1 
56.3 
57.1 
56.5 
57.1 
57.1 
57.0 
57.2 
53.8 
57.0 
57.0 
57.1 
56.1 
57.3 
57.0 
56.5 
57.1 
56.9 
57.1 
56.1 
54.3 
57.1 
57.1 
56.9 
57.4 
57.2 
57.0 
57.0 
57.1 
57.1 
57.6 
56.9 
57.0 
57.0 
57.0 
56.0 
57.1 
56.9 
56.4 
56.9 
57.0 
57.0 
56.2 
57.1 
50.7 
57.1 
56.9 
57.1 
57.1 
53.7 
56.9 
56.7 
56.9 
57.1 
57.0 
57.1 
56.3 
57.2 
57.0 
56.9 
56.3 
57.1 
57.1 
57.1 
57.2 
57.2 
56.4 
54.7 
57.1 
57.1 
56.9 
53.7 
57.0 
57.1 
57.0 
57.1 
57.3 
57.2 
56.1 
57.1 
53.6 
57.3 
57.4 
57.4 
57.0 
55.8 
57.0 
57.0 
56.9 
54.6 
57.2 
56.7 
57.3 
57.4 
57.1 
57.2 
56.9 
56.9 
57.0 
57.0 
