53.2 
54.3 
54.4 
55.1 
53.8 
53.7 
52.7 
56.0 
53.8 
56.0 
56.1 
53.6 
53.6 
54.4 
54.3 
53.5 
53.7 
54.0 
53.6 
54.3 
56.9 
54.7 
53.5 
53.8 
53.6 
53.5 
53.6 
53.9 
53.7 
54.3 
56.0 
53.5 
55.0 
53.7 
54.0 
53.5 
57.0 
56.1 
53.9 
53.8 
56.0 
54.7 
57.1 
56.3 
57.2 
57.1 
54.1 
53.6 
54.8 
57.3 
56.9 
54.4 
53.7 
54.5 
54.5 
53.5 
53.6 
53.6 
53.5 
54.3 
56.0 
53.6 
53.5 
53.6 
53.7 
54.3 
53.9 
53.7 
55.9 
53.6 
53.6 
56.5 
53.6 
53.6 
54.4 
53.6 
53.9 
56.4 
53.7 
56.1 
56.6 
53.7 
53.8 
54.3 
53.6 
56.2 
53.7 
53.6 
53.6 
54.5 
53.7 
54.2 
54.4 
53.8 
53.8 
53.9 
53.8 
56.8 
56.2 
54.5 
54.9 
54.0 
53.7 
53.8 
53.6 
53.5 
53.7 
55.8 
56.0 
54.2 
53.9 
53.6 
55.9 
56.0 
56.3 
55.8 
53.7 
53.6 
54.8 
