52.7 
53.8 
51.0 
53.6 
53.6 
53.7 
53.7 
53.6 
53.5 
53.6 
53.6 
53.7 
53.5 
53.6 
53.6 
53.6 
53.5 
53.5 
53.6 
53.6 
53.5 
53.6 
53.6 
53.5 
53.6 
53.6 
53.5 
52.7 
53.6 
53.5 
53.6 
53.6 
53.6 
53.6 
53.6 
53.6 
53.7 
53.6 
53.7 
53.6 
53.5 
53.6 
53.6 
53.5 
53.6 
53.6 
53.5 
53.6 
53.7 
53.5 
53.5 
53.5 
53.4 
53.6 
53.6 
53.6 
53.5 
53.6 
54.1 
53.7 
53.6 
53.6 
53.6 
51.0 
53.5 
53.8 
53.4 
53.6 
53.7 
53.6 
53.7 
53.4 
53.6 
53.7 
53.5 
53.6 
53.6 
53.5 
53.6 
53.6 
53.6 
53.6 
53.6 
53.6 
53.4 
53.5 
53.6 
53.7 
53.5 
53.8 
53.6 
53.6 
53.5 
53.5 
53.6 
53.5 
53.6 
53.6 
53.6 
53.5 
53.5 
53.6 
53.5 
53.6 
53.7 
53.6 
53.5 
53.5 
53.6 
53.5 
52.2 
53.7 
53.5 
53.6 
53.6 
53.5 
47.8 
