46.1 
44.9 
48.9 
47.8 
45.2 
40.4 
44.9 
44.9 
49.2 
45.7 
45.2 
45.0 
44.0 
44.3 
44.8 
45.0 
44.9 
41.2 
48.7 
45.1 
45.5 
45.6 
46.6 
45.0 
45.7 
48.6 
45.0 
44.9 
47.7 
44.4 
44.7 
44.9 
44.8 
45.5 
41.6 
45.7 
45.4 
45.4 
45.1 
46.4 
46.7 
44.9 
48.2 
46.3 
46.5 
49.5 
45.8 
46.1 
44.8 
48.5 
48.8 
45.7 
46.6 
43.2 
44.7 
42.0 
45.0 
44.9 
43.9 
44.8 
49.5 
45.3 
49.4 
43.1 
45.2 
44.8 
44.9 
45.0 
45.1 
47.7 
48.2 
45.6 
44.7 
43.2 
44.9 
44.3 
46.0 
42.0 
45.5 
45.2 
47.7 
48.5 
49.2 
46.2 
42.5 
40.5 
45.0 
45.0 
46.6 
44.9 
45.6 
45.6 
49.2 
48.9 
48.1 
45.3 
45.6 
44.9 
47.5 
44.9 
46.5 
45.0 
45.2 
45.0 
46.0 
49.2 
49.4 
