51.7 
53.8 
53.7 
53.6 
41.2 
50.9 
53.6 
56.3 
50.3 
37.5 
53.7 
52.7 
54.7 
56.5 
51.6 
53.8 
54.7 
54.6 
54.5 
54.8 
54.1 
53.7 
54.5 
53.5 
52.9 
53.5 
53.8 
55.3 
56.8 
57.2 
57.1 
47.5 
54.5 
54.4 
56.9 
53.7 
54.0 
54.6 
52.3 
52.5 
52.4 
53.7 
53.3 
53.5 
53.6 
52.2 
49.9 
53.7 
53.7 
54.6 
55.8 
56.2 
55.9 
54.4 
53.7 
52.6 
56.0 
54.7 
55.9 
49.4 
53.4 
54.0 
53.6 
53.5 
56.0 
56.0 
53.7 
53.6 
54.3 
53.3 
53.7 
53.3 
50.9 
53.6 
53.6 
53.6 
56.8 
53.5 
53.7 
49.8 
53.7 
53.5 
49.5 
53.6 
54.0 
53.6 
56.5 
53.8 
53.6 
53.5 
53.6 
53.7 
53.7 
53.5 
54.3 
53.8 
53.7 
53.6 
54.2 
56.3 
53.6 
57.2 
54.9 
52.7 
52.5 
53.7 
53.6 
53.3 
53.7 
54.2 
53.6 
53.6 
56.3 
53.8 
56.3 
53.7 
53.0 
53.7 
53.5 
54.4 
