35.3 
26.4 
25.1 
33.6 
34.1 
34.1 
34.1 
32.5 
33.4 
32.0 
34.1 
30.3 
32.4 
31.3 
29.6 
26.7 
30.5 
34.1 
32.7 
33.6 
33.7 
30.4 
26.2 
26.9 
35.0 
32.2 
33.7 
31.5 
32.5 
31.8 
34.2 
34.1 
33.7 
32.6 
34.1 
34.6 
34.5 
27.2 
23.7 
32.7 
32.1 
34.9 
31.6 
32.6 
31.8 
32.8 
33.3 
31.0 
25.7 
24.5 
26.3 
19.0 
33.2 
29.6 
33.9 
27.8 
31.2 
33.8 
27.9 
31.3 
30.0 
33.9 
33.9 
33.1 
34.1 
28.4 
32.5 
29.2 
29.9 
30.9 
30.8 
34.0 
34.2 
31.3 
31.5 
34.0 
31.8 
33.3 
26.9 
28.2 
27.4 
30.5 
31.0 
31.2 
29.5 
32.9 
25.7 
23.9 
28.0 
31.6 
33.1 
30.5 
35.2 
30.9 
32.5 
32.6 
31.6 
28.0 
27.8 
23.2 
26.4 
32.3 
31.2 
33.9 
29.8 
29.0 
29.7 
33.2 
34.1 
34.1 
32.8 
32.6 
34.5 
32.9 
34.1 
31.3 
34.9 
26.4 
25.6 
32.6 
24.4 
33.9 
30.9 
30.0 
28.7 
33.3 
33.4 
31.4 
29.2 
31.4 
26.9 
30.0 
29.2 
33.1 
28.3 
27.3 
33.2 
