42.3 
42.7 
42.5 
47.7 
48.9 
48.2 
51.7 
48.2 
46.1 
43.7 
46.1 
45.5 
52.7 
49.5 
48.0 
46.8 
54.5 
49.3 
45.9 
47.1 
47.1 
51.1 
48.3 
54.8 
46.2 
46.9 
55.7 
44.1 
45.3 
45.0 
47.6 
44.5 
47.2 
46.4 
41.8 
44.7 
47.4 
44.1 
45.4 
41.6 
45.3 
48.1 
47.4 
46.1 
46.6 
44.1 
46.8 
46.5 
46.8 
47.2 
48.6 
51.7 
48.2 
47.8 
53.0 
47.7 
48.3 
47.8 
55.1 
45.5 
45.1 
47.5 
46.8 
49.1 
48.1 
49.2 
50.9 
47.2 
50.9 
46.8 
46.7 
47.6 
47.6 
47.6 
51.6 
51.9 
51.6 
47.2 
46.5 
45.9 
45.9 
46.9 
45.7 
46.8 
46.8 
47.6 
47.7 
49.0 
48.6 
51.6 
48.2 
53.4 
48.8 
47.6 
48.5 
48.4 
50.4 
43.9 
47.6 
51.9 
46.1 
47.0 
48.9 
46.9 
52.2 
53.7 
56.6 
46.1 
45.9 
52.6 
48.3 
51.6 
55.3 
50.1 
51.7 
50.6 
50.7 
45.2 
46.9 
50.9 
50.2 
47.6 
47.6 
48.4 
55.1 
46.0 
46.0 
45.6 
52.3 
