16.3 
12.1 
12.2 
11.1 
14.3 
13.7 
14.7 
13.5 
13.0 
13.9 
12.0 
10.2 
14.7 
16.6 
17.9 
20.1 
19.9 
12.0 
13.1 
12.0 
9.8 
12.8 
10.7 
12.8 
16.1 
12.9 
10.0 
11.9 
15.5 
17.0 
15.7 
12.7 
16.2 
17.1 
16.5 
9.7 
9.2 
9.4 
15.4 
14.6 
15.8 
15.8 
12.9 
10.5 
11.2 
9.3 
9.7 
9.8 
11.6 
11.3 
14.1 
11.2 
10.4 
12.6 
16.9 
13.5 
15.8 
11.5 
12.7 
13.1 
10.4 
10.4 
12.1 
11.2 
12.8 
15.5 
15.0 
14.3 
9.9 
13.6 
16.5 
12.9 
12.9 
13.1 
14.9 
13.5 
12.1 
11.3 
11.0 
13.1 
13.5 
11.5 
16.1 
13.5 
14.6 
10.3 
11.2 
13.6 
12.3 
19.7 
16.7 
15.0 
17.0 
16.1 
14.6 
14.5 
14.1 
10.4 
12.7 
13.1 
12.9 
12.3 
14.5 
13.7 
14.1 
12.0 
10.1 
12.9 
10.9 
11.2 
13.4 
15.0 
16.8 
16.2 
17.9 
14.7 
16.2 
12.5 
9.8 
11.7 
14.4 
16.5 
17.0 
11.9 
12.4 
13.3 
12.7 
7.7 
5.7 
9.1 
17.3 
10.8 
9.8 
8.4 
8.8 
14.9 
13.1 
11.9 
16.0 
14.6 
15.8 
22.0 
23.9 
18.5 
18.7 
17.1 
11.4 
11.4 
15.0 
13.0 
13.4 
13.1 
8.8 
7.7 
11.6 
