46.6 
48.4 
46.6 
38.8 
44.7 
46.4 
31.8 
48.2 
47.0 
46.9 
46.8 
46.9 
47.5 
48.2 
52.0 
48.6 
47.3 
48.6 
42.6 
45.1 
45.1 
41.7 
48.4 
51.6 
51.7 
46.9 
46.2 
49.1 
48.0 
49.1 
51.6 
45.5 
51.0 
51.7 
42.9 
45.9 
40.2 
46.3 
46.6 
47.1 
43.5 
43.1 
46.5 
46.8 
45.5 
46.7 
47.9 
42.6 
39.4 
43.3 
42.6 
48.2 
47.7 
45.9 
47.7 
30.0 
39.3 
50.6 
51.6 
48.0 
45.8 
42.2 
46.9 
43.5 
47.4 
45.9 
49.3 
47.2 
45.6 
43.3 
46.1 
46.6 
43.9 
45.0 
41.7 
45.7 
42.8 
40.7 
43.8 
49.3 
47.6 
47.4 
44.4 
37.8 
39.9 
45.0 
44.2 
44.2 
46.0 
46.4 
43.8 
45.1 
37.7 
51.2 
51.6 
51.2 
46.5 
46.4 
45.8 
44.8 
45.1 
48.4 
44.8 
45.5 
46.1 
46.9 
46.9 
47.1 
49.2 
48.3 
49.4 
40.7 
39.9 
46.8 
44.6 
46.6 
47.9 
47.5 
44.9 
39.5 
49.1 
45.6 
43.1 
45.4 
48.8 
46.2 
43.5 
43.6 
47.5 
42.5 
42.4 
46.7 
41.5 
47.8 
46.4 
46.5 
45.9 
45.3 
43.5 
47.3 
45.7 
31.4 
44.8 
47.9 
47.4 
48.1 
