56.3 
55.9 
57.1 
57.1 
59.8 
59.7 
59.8 
57.0 
59.9 
59.6 
59.9 
57.1 
57.1 
57.1 
59.9 
59.3 
59.9 
57.9 
57.9 
59.9 
58.1 
59.9 
57.1 
59.1 
60.0 
57.9 
57.8 
59.9 
57.3 
57.0 
57.1 
59.2 
59.9 
57.8 
60.1 
59.3 
59.3 
59.2 
59.8 
59.9 
59.5 
59.8 
57.9 
57.7 
57.5 
59.8 
57.8 
57.1 
57.1 
59.0 
57.8 
57.3 
59.2 
59.8 
60.0 
59.7 
57.6 
59.7 
59.7 
59.9 
57.8 
57.2 
57.9 
59.9 
57.7 
57.9 
57.7 
57.1 
57.1 
57.1 
60.0 
57.3 
59.3 
59.8 
57.8 
60.0 
60.0 
60.0 
60.0 
58.2 
57.1 
57.0 
57.1 
57.1 
57.1 
57.1 
56.9 
57.1 
57.0 
57.1 
57.1 
57.1 
59.1 
59.2 
59.3 
59.9 
60.0 
59.9 
58.1 
36.6 
59.4 
59.4 
60.0 
60.0 
57.1 
57.1 
57.3 
