56.5 
53.9 
53.6 
53.5 
53.9 
56.3 
54.4 
53.7 
53.7 
55.8 
53.6 
54.5 
53.9 
54.4 
56.1 
55.9 
54.5 
53.9 
53.6 
54.5 
55.1 
53.6 
53.6 
53.9 
53.7 
53.5 
53.7 
53.7 
54.4 
54.1 
53.9 
53.4 
53.7 
54.4 
54.5 
54.4 
54.4 
54.3 
53.7 
54.4 
54.5 
53.7 
56.0 
56.8 
54.0 
53.7 
55.9 
53.7 
53.5 
56.3 
53.9 
54.4 
53.6 
53.9 
54.4 
54.4 
54.4 
54.4 
54.3 
53.8 
56.4 
54.0 
55.9 
54.4 
54.3 
54.7 
54.4 
54.4 
54.4 
55.9 
57.0 
56.1 
53.7 
54.4 
54.4 
54.4 
54.4 
57.1 
53.6 
54.3 
56.2 
53.6 
55.9 
54.5 
56.9 
54.4 
53.7 
54.7 
57.1 
53.7 
54.4 
54.5 
54.2 
56.8 
56.7 
56.0 
53.6 
56.0 
53.5 
57.0 
53.7 
57.0 
57.1 
53.9 
53.8 
56.2 
53.6 
56.0 
56.0 
56.1 
56.5 
53.6 
53.6 
54.3 
