56.7 
57.0 
56.7 
56.9 
48.8 
57.1 
57.0 
54.7 
57.1 
53.9 
53.7 
53.6 
53.6 
55.6 
53.8 
53.7 
57.0 
57.0 
57.0 
57.0 
57.1 
57.1 
57.1 
57.0 
56.9 
57.1 
57.1 
57.1 
57.1 
56.9 
56.9 
57.0 
57.1 
57.1 
57.1 
57.0 
56.9 
53.7 
53.6 
53.6 
53.6 
53.6 
54.4 
53.6 
53.6 
53.6 
53.5 
53.6 
53.7 
53.6 
53.5 
53.6 
53.6 
53.6 
53.6 
55.8 
53.6 
53.6 
54.4 
53.6 
53.9 
53.7 
56.6 
56.9 
56.9 
57.1 
57.1 
57.1 
56.9 
57.1 
57.1 
57.1 
57.1 
57.1 
55.8 
57.1 
57.1 
57.1 
57.1 
57.1 
57.0 
57.1 
56.3 
57.1 
57.1 
56.9 
56.9 
57.1 
57.1 
57.1 
57.1 
53.7 
56.4 
57.0 
56.9 
57.0 
57.0 
57.0 
57.1 
57.0 
57.1 
57.1 
57.1 
57.1 
57.1 
56.9 
57.0 
57.0 
