53.0 
53.6 
53.8 
53.8 
44.0 
54.9 
54.5 
56.8 
57.0 
56.1 
54.7 
54.5 
53.5 
57.2 
56.0 
57.1 
54.0 
53.7 
54.0 
54.0 
55.9 
53.8 
56.8 
54.4 
56.4 
54.6 
54.0 
56.8 
56.2 
56.3 
53.7 
53.6 
53.6 
56.9 
54.0 
57.1 
57.0 
54.4 
56.6 
53.8 
54.0 
56.3 
53.7 
53.6 
55.9 
54.8 
56.3 
57.1 
56.3 
55.6 
54.0 
53.7 
57.0 
55.8 
54.5 
57.1 
54.0 
57.1 
54.5 
54.4 
53.8 
53.9 
57.1 
56.0 
53.6 
54.3 
54.0 
54.0 
54.5 
54.5 
56.8 
57.2 
53.9 
53.8 
55.8 
53.7 
53.6 
53.6 
53.7 
53.7 
53.7 
53.6 
53.6 
55.3 
54.0 
54.2 
53.6 
53.6 
53.5 
56.2 
54.0 
53.6 
53.7 
53.9 
54.0 
56.8 
57.1 
54.8 
53.8 
54.3 
53.6 
53.6 
54.0 
53.6 
55.8 
56.2 
53.6 
53.6 
53.7 
54.5 
53.7 
53.5 
54.7 
57.0 
54.0 
53.6 
53.5 
55.9 
53.7 
53.7 
55.9 
53.4 
53.5 
53.6 
54.7 
54.5 
56.0 
55.9 
53.7 
