56.1 
55.9 
53.8 
53.5 
56.8 
57.0 
56.7 
53.9 
54.3 
53.8 
53.7 
54.2 
56.7 
57.0 
56.2 
57.1 
57.0 
53.7 
53.5 
53.7 
56.0 
54.6 
55.9 
54.5 
57.0 
53.8 
53.5 
50.8 
54.4 
56.7 
56.9 
56.2 
56.1 
56.2 
56.1 
56.2 
53.8 
53.6 
53.6 
53.6 
54.4 
53.4 
56.6 
56.3 
57.1 
53.7 
55.1 
57.0 
54.7 
54.4 
53.6 
56.0 
53.7 
54.0 
56.4 
56.9 
57.1 
54.5 
56.4 
54.8 
54.7 
53.7 
56.1 
57.0 
56.6 
54.7 
56.8 
56.0 
54.0 
53.6 
53.5 
54.9 
54.1 
56.3 
56.1 
53.8 
54.4 
53.9 
53.5 
53.6 
53.8 
56.9 
56.9 
54.6 
57.1 
56.3 
53.8 
54.2 
54.8 
54.5 
56.9 
54.8 
57.0 
56.7 
53.9 
54.3 
53.8 
45.7 
56.8 
56.1 
57.1 
56.6 
56.1 
57.1 
57.2 
54.8 
57.1 
54.7 
53.6 
54.4 
54.7 
57.1 
51.0 
53.8 
54.2 
56.0 
55.3 
54.8 
53.6 
53.6 
56.8 
53.7 
53.6 
57.0 
53.9 
54.2 
56.8 
53.9 
54.0 
54.0 
56.0 
