54.3 
56.3 
53.7 
53.6 
51.2 
54.1 
53.6 
53.5 
53.5 
53.4 
53.6 
53.6 
54.3 
53.6 
53.5 
53.6 
53.6 
54.1 
53.5 
53.6 
53.5 
53.6 
53.5 
54.5 
53.6 
53.6 
53.7 
53.6 
53.8 
53.6 
53.6 
53.6 
53.6 
54.3 
54.0 
53.5 
53.6 
54.1 
53.6 
53.8 
53.3 
53.6 
53.6 
53.6 
53.6 
53.8 
53.5 
53.5 
53.5 
53.4 
53.6 
53.6 
53.7 
53.7 
53.5 
53.6 
54.3 
53.6 
53.6 
53.5 
53.6 
53.8 
54.3 
53.6 
53.8 
48.2 
53.5 
54.1 
53.6 
53.6 
53.5 
53.3 
54.1 
53.6 
53.5 
53.6 
54.2 
53.6 
53.7 
53.7 
53.4 
54.3 
53.6 
53.6 
53.7 
53.6 
53.8 
53.7 
53.6 
53.7 
54.1 
53.7 
53.7 
53.6 
53.6 
53.5 
53.6 
53.8 
54.3 
53.6 
53.7 
53.7 
30.9 
52.9 
53.7 
53.8 
53.6 
53.5 
53.6 
54.3 
53.6 
53.5 
53.7 
53.6 
53.7 
53.6 
53.8 
54.2 
53.5 
53.6 
53.5 
53.8 
53.6 
53.6 
53.8 
54.3 
53.6 
53.5 
54.1 
53.6 
53.6 
54.3 
53.6 
53.7 
53.6 
53.6 
53.7 
37.5 
53.6 
53.6 
53.6 
53.8 
49.5 
