56.3 
55.8 
54.6 
54.5 
52.3 
53.6 
53.9 
54.4 
54.8 
51.7 
56.4 
53.9 
53.7 
53.8 
54.4 
57.0 
57.0 
57.0 
56.7 
54.6 
55.3 
54.4 
57.0 
54.0 
56.0 
54.8 
56.0 
53.7 
53.9 
57.1 
56.3 
56.2 
54.9 
53.9 
53.9 
56.8 
53.5 
53.9 
54.8 
53.7 
53.7 
56.5 
53.7 
56.2 
54.7 
56.2 
53.7 
53.7 
54.6 
55.9 
54.7 
53.7 
53.9 
53.6 
55.9 
53.7 
53.6 
56.1 
54.8 
53.5 
53.9 
53.6 
53.5 
56.2 
55.9 
54.0 
56.0 
54.4 
57.0 
54.4 
56.4 
53.9 
54.0 
54.0 
53.7 
56.9 
56.0 
56.0 
56.8 
56.7 
54.5 
54.0 
53.9 
53.8 
53.7 
53.7 
54.4 
53.7 
57.1 
57.1 
56.3 
53.9 
54.6 
54.5 
54.5 
53.7 
53.7 
54.5 
53.9 
54.1 
50.6 
53.6 
57.0 
57.0 
54.3 
53.9 
54.5 
56.5 
56.1 
53.6 
53.7 
57.3 
53.9 
56.0 
54.5 
57.0 
56.9 
54.0 
56.6 
54.5 
56.8 
54.8 
54.7 
56.0 
54.5 
55.9 
53.6 
54.0 
56.9 
56.2 
53.6 
54.6 
57.0 
57.1 
54.8 
56.4 
53.7 
56.1 
53.7 
55.9 
54.9 
56.1 
54.4 
53.6 
53.5 
53.7 
53.8 
54.7 
56.3 
54.3 
54.0 
