51.1 
53.6 
36.3 
53.5 
53.6 
49.8 
49.5 
42.0 
53.8 
53.7 
53.7 
53.9 
53.7 
51.9 
53.6 
53.8 
53.7 
53.7 
51.0 
53.7 
53.6 
53.4 
53.6 
53.5 
53.7 
53.7 
53.2 
53.5 
53.6 
53.6 
53.7 
51.0 
53.2 
50.9 
51.2 
50.5 
53.5 
53.6 
53.5 
53.5 
53.7 
53.7 
53.3 
52.5 
53.1 
53.5 
49.9 
53.4 
53.3 
53.7 
54.1 
50.9 
50.0 
53.8 
54.3 
53.5 
53.6 
53.1 
51.0 
53.6 
49.4 
53.5 
54.1 
52.7 
52.1 
49.7 
49.5 
49.4 
53.3 
53.6 
53.6 
53.4 
53.6 
53.7 
53.6 
53.2 
53.6 
53.5 
51.1 
52.6 
53.4 
53.6 
53.5 
53.6 
54.3 
51.0 
49.7 
50.0 
54.3 
53.8 
53.6 
53.5 
53.4 
53.1 
54.4 
53.6 
54.1 
54.0 
53.5 
53.6 
53.5 
54.3 
53.6 
53.5 
54.2 
49.9 
52.2 
49.8 
50.1 
52.5 
50.9 
42.3 
53.6 
53.8 
53.5 
53.6 
52.8 
53.8 
53.5 
53.7 
53.8 
54.2 
49.5 
51.3 
53.5 
53.6 
53.6 
53.5 
53.5 
53.6 
53.5 
53.8 
53.6 
53.7 
51.2 
53.4 
53.2 
49.7 
53.5 
53.6 
53.8 
53.6 
52.4 
53.6 
51.0 
52.5 
53.5 
53.8 
53.6 
