34.2 
36.2 
41.4 
35.9 
34.2 
36.6 
39.2 
39.2 
39.3 
36.8 
38.2 
42.9 
30.8 
38.7 
38.1 
34.3 
40.7 
37.2 
40.2 
39.7 
41.8 
40.9 
42.7 
39.7 
40.3 
40.4 
36.3 
39.6 
33.1 
34.8 
37.5 
39.2 
39.4 
38.1 
35.8 
35.5 
35.0 
38.1 
33.3 
39.7 
35.3 
39.8 
39.8 
36.9 
33.1 
38.8 
37.0 
26.2 
34.1 
38.4 
39.5 
41.3 
34.4 
44.7 
40.8 
32.3 
44.6 
40.0 
32.4 
38.4 
39.4 
32.8 
36.3 
33.2 
38.3 
39.9 
38.7 
40.2 
39.9 
39.7 
39.5 
39.6 
39.9 
39.2 
37.8 
39.8 
39.7 
41.7 
32.9 
39.5 
36.3 
36.8 
37.8 
39.5 
40.6 
37.7 
39.9 
39.7 
37.5 
39.4 
36.5 
31.6 
30.7 
36.5 
38.3 
36.4 
39.0 
30.6 
36.9 
39.0 
32.6 
39.6 
39.8 
39.5 
37.0 
38.4 
40.8 
40.7 
41.3 
36.3 
36.2 
41.5 
32.1 
36.8 
35.0 
36.2 
38.2 
39.7 
37.3 
36.4 
35.4 
39.5 
33.8 
37.3 
40.0 
39.8 
40.7 
33.6 
39.0 
35.8 
27.7 
36.6 
27.7 
33.9 
28.1 
39.7 
37.6 
37.7 
42.3 
39.8 
39.9 
40.3 
36.4 
38.3 
31.5 
36.5 
43.1 
39.5 
31.7 
39.8 
38.8 
39.0 
37.6 
39.5 
40.1 
37.0 
40.5 
36.4 
29.8 
41.1 
40.4 
40.8 
