54.6 
56.8 
54.3 
56.4 
54.6 
57.0 
57.0 
54.0 
57.1 
54.0 
54.8 
56.3 
54.7 
56.8 
57.0 
57.2 
57.1 
57.1 
57.1 
55.9 
54.0 
53.7 
53.7 
56.1 
56.9 
53.4 
56.8 
56.8 
56.3 
54.8 
53.8 
53.9 
57.1 
54.8 
56.6 
57.0 
56.8 
54.2 
57.1 
57.0 
56.6 
57.0 
56.3 
57.1 
57.2 
57.0 
56.8 
57.3 
56.8 
56.9 
57.1 
57.1 
57.0 
57.1 
57.0 
56.2 
56.6 
54.9 
57.3 
57.1 
57.1 
56.7 
53.7 
56.1 
52.9 
56.9 
56.2 
54.0 
57.3 
55.4 
54.7 
57.0 
54.8 
54.0 
56.8 
54.7 
53.7 
53.6 
53.6 
53.6 
53.6 
56.7 
57.2 
57.1 
57.1 
56.2 
54.9 
53.6 
53.5 
54.5 
53.6 
54.5 
56.9 
56.7 
56.7 
57.1 
54.8 
56.0 
57.1 
56.3 
54.6 
54.1 
56.8 
56.4 
56.8 
57.0 
54.8 
57.0 
57.2 
56.9 
53.8 
53.6 
56.1 
57.4 
57.1 
54.6 
54.0 
56.9 
55.0 
57.0 
57.0 
56.7 
57.1 
57.1 
57.1 
54.4 
56.8 
54.1 
57.1 
57.0 
57.1 
54.1 
56.0 
57.1 
57.4 
57.4 
56.9 
56.9 
53.9 
57.1 
56.9 
56.2 
54.1 
55.8 
56.8 
57.0 
51.4 
56.8 
57.0 
54.5 
57.0 
56.3 
55.4 
54.6 
53.6 
56.6 
57.0 
57.1 
57.1 
57.1 
56.1 
56.9 
57.0 
54.7 
57.1 
55.4 
57.1 
54.0 
54.7 
54.0 
53.6 
53.6 
56.1 
54.8 
57.0 
57.6 
57.4 
57.1 
54.4 
54.6 
54.0 
57.0 
57.0 
56.5 
54.8 
57.1 
57.1 
57.1 
57.1 
57.0 
57.1 
56.8 
53.8 
57.1 
57.0 
57.1 
57.2 
53.7 
57.0 
54.7 
57.1 
57.0 
56.2 
54.6 
57.3 
53.6 
53.8 
