53.2 
53.5 
53.8 
54.0 
54.3 
53.5 
53.5 
53.8 
53.7 
53.7 
53.6 
53.5 
53.6 
53.8 
53.5 
51.8 
53.6 
54.1 
53.7 
55.8 
55.9 
54.3 
54.7 
53.7 
55.4 
53.8 
54.5 
53.7 
54.3 
54.4 
53.6 
53.7 
56.0 
53.6 
53.6 
53.6 
54.1 
54.0 
53.8 
56.0 
53.7 
54.1 
53.6 
53.6 
53.6 
53.7 
53.6 
53.7 
53.6 
53.5 
54.1 
53.5 
53.6 
56.0 
53.6 
53.5 
53.6 
56.0 
53.6 
53.7 
53.6 
53.8 
53.6 
53.6 
54.2 
54.3 
54.0 
53.7 
53.5 
53.8 
53.6 
53.6 
53.6 
53.6 
53.4 
53.6 
53.2 
54.2 
54.6 
53.7 
53.6 
53.7 
54.4 
54.2 
55.9 
53.6 
54.2 
54.5 
54.3 
57.1 
53.9 
53.7 
55.9 
53.6 
56.8 
54.7 
53.7 
56.1 
56.6 
53.9 
53.6 
56.7 
56.7 
53.6 
53.5 
53.6 
55.0 
53.7 
53.6 
53.6 
56.2 
53.7 
53.5 
53.6 
53.6 
54.4 
53.7 
53.6 
53.6 
53.7 
53.5 
52.4 
53.6 
53.9 
53.5 
53.6 
53.8 
54.6 
53.2 
53.5 
53.6 
53.7 
53.8 
53.8 
53.6 
53.7 
53.7 
53.6 
53.6 
53.6 
52.4 
53.7 
53.9 
53.5 
57.1 
57.4 
54.5 
54.4 
57.1 
56.9 
57.0 
56.9 
56.5 
53.9 
53.6 
53.7 
53.8 
53.8 
53.6 
53.6 
53.5 
53.6 
54.3 
53.6 
56.0 
54.1 
53.7 
53.9 
53.6 
53.6 
54.0 
53.7 
53.8 
53.9 
53.7 
53.8 
54.5 
53.5 
53.8 
53.6 
53.6 
53.6 
53.6 
53.9 
53.6 
53.5 
53.6 
53.7 
53.7 
54.3 
53.5 
53.5 
51.1 
57.1 
53.5 
53.1 
