53.9 
53.8 
53.6 
46.5 
54.2 
53.7 
53.5 
53.8 
36.0 
53.5 
54.1 
53.7 
53.6 
53.6 
53.6 
53.3 
53.7 
53.0 
53.8 
53.6 
53.6 
53.7 
53.4 
52.3 
52.6 
52.2 
53.4 
53.4 
53.6 
53.7 
52.7 
53.6 
51.1 
53.1 
53.5 
53.5 
54.2 
53.6 
53.6 
53.7 
53.1 
52.5 
52.7 
53.5 
53.6 
53.6 
53.5 
53.6 
53.7 
53.6 
53.6 
53.5 
53.5 
53.7 
53.5 
53.3 
53.6 
53.7 
52.7 
53.6 
52.7 
53.6 
53.6 
48.7 
53.5 
53.4 
51.0 
53.6 
53.5 
53.5 
53.8 
53.9 
53.6 
50.1 
54.2 
53.4 
51.0 
53.6 
53.6 
53.4 
53.9 
53.7 
53.7 
54.0 
53.6 
53.5 
53.8 
53.6 
53.7 
53.4 
49.9 
53.8 
53.6 
53.6 
53.5 
53.6 
53.6 
53.4 
53.6 
53.6 
53.0 
53.6 
53.7 
54.4 
53.8 
53.4 
53.6 
53.6 
53.5 
50.9 
53.5 
53.6 
54.4 
53.4 
51.1 
53.8 
53.4 
51.8 
52.3 
53.0 
53.6 
53.5 
54.2 
53.6 
53.7 
53.6 
53.5 
53.6 
51.5 
53.6 
53.8 
53.8 
54.3 
52.9 
53.5 
53.6 
53.5 
53.6 
51.1 
50.7 
54.2 
52.4 
52.3 
53.7 
53.6 
53.9 
53.7 
54.1 
54.2 
53.8 
53.6 
53.7 
53.6 
53.6 
53.6 
53.6 
53.5 
53.6 
52.7 
53.5 
53.6 
53.6 
53.6 
53.5 
51.9 
53.6 
53.4 
53.5 
53.6 
54.3 
53.6 
53.2 
51.6 
53.5 
53.5 
53.5 
53.6 
53.6 
53.6 
53.6 
53.6 
53.5 
53.5 
51.1 
53.6 
53.6 
53.6 
51.0 
53.6 
53.6 
49.4 
53.6 
53.6 
53.6 
53.6 
53.7 
53.5 
51.0 
53.6 
53.6 
53.6 
53.6 
53.4 
53.7 
53.6 
53.6 
53.5 
53.5 
53.4 
53.6 
53.6 
53.5 
53.8 
53.6 
52.6 
53.2 
53.8 
53.5 
51.8 
53.6 
53.6 
54.1 
53.9 
53.6 
53.7 
53.6 
50.9 
54.3 
49.7 
53.6 
53.6 
52.7 
53.6 
53.6 
53.3 
54.0 
53.7 
53.4 
53.8 
53.6 
53.5 
53.4 
53.5 
54.3 
53.8 
53.7 
53.7 
53.6 
53.6 
53.5 
53.5 
53.6 
53.7 
52.9 
53.7 
53.6 
52.7 
53.6 
53.5 
53.6 
53.5 
53.8 
53.6 
53.6 
53.6 
53.6 
53.6 
51.0 
52.6 
54.2 
53.1 
53.5 
53.5 
53.4 
51.1 
52.3 
