49.9 
49.8 
52.1 
48.1 
50.1 
49.6 
49.6 
49.6 
49.6 
49.6 
49.5 
49.6 
49.9 
49.9 
52.6 
49.7 
49.5 
49.5 
50.2 
49.5 
49.6 
49.9 
49.4 
49.9 
53.3 
50.5 
49.5 
50.5 
52.5 
50.6 
53.2 
49.6 
50.8 
49.8 
48.1 
50.4 
49.7 
49.9 
50.7 
49.9 
49.9 
50.5 
50.9 
50.6 
50.7 
49.6 
49.5 
49.6 
49.8 
50.4 
50.5 
50.5 
50.0 
49.6 
49.5 
49.6 
49.6 
53.0 
50.5 
49.8 
50.7 
49.6 
52.4 
49.6 
49.7 
50.5 
49.9 
50.6 
52.8 
49.7 
49.6 
49.4 
50.0 
50.0 
53.5 
49.8 
53.3 
50.8 
50.2 
49.4 
49.5 
49.9 
49.5 
49.4 
50.2 
49.6 
49.7 
49.6 
49.8 
50.4 
52.2 
49.5 
49.5 
50.3 
52.3 
52.4 
53.3 
52.6 
51.7 
49.7 
49.9 
49.4 
50.0 
49.6 
52.3 
52.4 
49.6 
52.2 
49.1 
49.7 
51.7 
49.5 
50.8 
49.6 
53.4 
