53.1 
53.6 
54.3 
53.8 
52.4 
52.8 
54.1 
53.7 
53.7 
51.0 
53.6 
53.6 
53.8 
49.6 
54.2 
52.1 
50.5 
53.4 
52.4 
53.6 
53.6 
53.4 
53.6 
53.6 
54.3 
50.8 
54.1 
53.6 
53.5 
53.6 
53.6 
54.2 
53.6 
52.7 
53.2 
53.6 
53.5 
53.5 
52.7 
53.4 
53.4 
51.4 
51.7 
53.6 
53.6 
53.7 
53.5 
53.3 
53.5 
53.4 
53.6 
53.6 
53.5 
53.6 
53.6 
53.5 
25.8 
53.5 
48.6 
53.5 
53.4 
53.6 
54.2 
53.6 
51.0 
54.2 
53.6 
53.5 
53.6 
53.6 
53.6 
53.6 
51.0 
53.6 
53.7 
53.6 
53.6 
53.5 
53.6 
51.8 
53.6 
51.2 
54.2 
53.8 
53.7 
53.6 
52.7 
53.6 
51.0 
53.1 
53.6 
54.1 
53.6 
53.8 
53.6 
51.1 
53.5 
53.5 
53.4 
51.2 
50.6 
54.2 
53.7 
53.7 
53.2 
54.2 
53.4 
53.6 
54.2 
53.6 
53.6 
53.5 
53.4 
52.7 
53.3 
53.8 
54.3 
53.7 
53.6 
54.3 
50.4 
53.5 
53.6 
53.6 
53.6 
53.6 
53.5 
53.6 
51.2 
52.5 
49.6 
53.5 
53.6 
53.7 
53.6 
53.5 
53.5 
53.6 
53.6 
53.7 
51.1 
53.6 
53.6 
53.5 
53.6 
53.7 
51.1 
52.5 
49.8 
53.4 
53.8 
53.7 
52.7 
50.1 
50.0 
53.6 
52.7 
53.3 
50.2 
53.4 
53.6 
53.6 
53.8 
53.6 
50.9 
53.6 
54.1 
53.2 
49.7 
53.2 
53.4 
