43.5 
44.3 
45.2 
39.4 
45.4 
43.2 
49.1 
45.2 
47.3 
43.8 
48.4 
47.9 
46.7 
48.2 
48.1 
46.3 
46.1 
46.5 
49.5 
49.4 
50.3 
45.3 
45.5 
47.9 
45.3 
48.0 
48.0 
45.2 
47.5 
44.9 
51.9 
45.4 
45.7 
42.4 
48.2 
42.2 
43.5 
52.1 
49.4 
48.8 
43.8 
43.8 
49.0 
45.5 
42.1 
45.1 
45.3 
41.3 
39.5 
47.8 
43.6 
44.5 
44.8 
40.2 
45.0 
45.0 
42.3 
46.2 
47.4 
48.0 
49.6 
45.4 
49.5 
41.7 
40.3 
44.5 
43.7 
46.7 
49.0 
42.4 
42.6 
42.2 
40.9 
46.1 
46.0 
44.5 
45.1 
45.5 
47.7 
49.3 
46.7 
47.1 
48.9 
46.2 
49.1 
46.5 
47.9 
41.4 
40.8 
44.4 
44.3 
38.4 
45.7 
42.1 
47.9 
44.6 
42.7 
47.4 
42.4 
46.8 
48.0 
45.5 
46.6 
46.2 
43.4 
46.7 
43.9 
47.2 
40.3 
43.4 
43.7 
44.6 
46.1 
49.0 
44.3 
47.6 
49.0 
47.9 
49.1 
47.7 
46.6 
45.7 
48.3 
46.2 
46.6 
46.0 
46.5 
40.9 
48.3 
45.1 
49.7 
48.5 
41.4 
48.4 
45.5 
50.1 
45.5 
43.5 
45.7 
49.3 
46.1 
48.5 
48.0 
49.5 
49.5 
43.2 
48.3 
44.8 
42.2 
38.6 
39.4 
43.1 
46.1 
44.1 
43.7 
48.9 
49.4 
46.5 
38.9 
43.3 
46.7 
49.0 
42.6 
40.6 
46.7 
45.1 
48.5 
47.9 
44.9 
41.8 
47.7 
39.5 
46.5 
46.6 
40.2 
45.6 
49.1 
46.7 
45.9 
49.0 
48.6 
48.6 
47.8 
46.3 
46.5 
43.2 
48.1 
49.0 
46.8 
46.4 
44.3 
45.1 
48.4 
41.4 
43.4 
44.4 
42.1 
42.6 
45.4 
48.1 
46.2 
49.2 
46.2 
48.6 
45.4 
42.6 
49.6 
48.9 
36.2 
44.6 
49.7 
47.5 
47.7 
47.5 
48.8 
40.5 
48.3 
46.5 
46.2 
46.6 
46.5 
46.0 
48.1 
42.3 
44.3 
47.3 
49.1 
45.4 
43.5 
47.4 
45.2 
48.1 
46.9 
43.7 
49.3 
45.0 
42.0 
45.4 
43.6 
46.4 
48.8 
45.6 
48.7 
46.1 
42.1 
48.6 
46.6 
46.0 
49.2 
49.1 
44.5 
46.2 
46.1 
43.7 
42.1 
46.7 
43.2 
47.9 
44.3 
48.4 
39.9 
46.2 
45.8 
44.9 
