53.5 
53.7 
50.8 
53.9 
54.1 
53.7 
53.6 
50.2 
52.8 
53.4 
53.6 
51.3 
52.5 
53.6 
53.6 
54.2 
53.8 
53.6 
53.7 
53.4 
53.7 
54.2 
49.8 
53.5 
53.6 
53.6 
53.5 
53.1 
53.6 
53.8 
53.6 
51.1 
53.4 
53.8 
53.2 
53.3 
50.0 
52.2 
53.5 
53.9 
51.2 
53.5 
53.7 
53.2 
54.2 
52.5 
53.6 
53.6 
53.6 
53.6 
53.3 
52.0 
53.5 
53.9 
53.6 
53.6 
50.9 
53.6 
52.4 
53.4 
49.7 
53.8 
53.6 
52.2 
53.7 
53.6 
53.5 
53.4 
50.6 
49.5 
53.5 
53.8 
53.5 
53.5 
53.8 
53.6 
53.4 
53.6 
53.7 
53.8 
53.6 
53.5 
53.7 
53.6 
52.7 
53.5 
49.7 
53.7 
52.8 
50.9 
52.7 
50.6 
50.4 
53.6 
51.9 
53.6 
53.5 
53.5 
52.6 
53.2 
53.5 
53.4 
52.2 
53.3 
53.4 
53.6 
53.5 
53.4 
53.7 
53.6 
53.6 
43.7 
53.5 
53.4 
53.5 
51.2 
53.2 
53.6 
53.6 
54.2 
53.4 
53.8 
50.9 
50.4 
49.5 
53.7 
53.6 
53.7 
52.6 
53.1 
53.6 
53.3 
49.9 
53.4 
53.6 
53.6 
53.6 
54.3 
53.5 
53.5 
54.1 
53.5 
53.8 
53.6 
53.6 
53.5 
53.6 
53.6 
54.2 
53.2 
53.7 
53.9 
49.5 
54.2 
54.1 
53.8 
53.5 
53.6 
53.6 
54.2 
50.3 
53.6 
54.3 
53.7 
51.0 
53.6 
52.4 
53.2 
54.1 
53.6 
49.8 
53.3 
49.5 
54.2 
53.8 
50.7 
52.1 
