38.2 
44.7 
42.2 
43.3 
39.4 
45.0 
44.2 
43.1 
39.2 
44.1 
40.9 
45.2 
45.0 
43.7 
45.3 
41.9 
41.0 
43.3 
46.1 
45.4 
40.9 
44.7 
44.8 
49.0 
44.8 
42.1 
45.6 
43.9 
43.6 
44.7 
44.9 
44.9 
44.7 
43.6 
44.7 
43.5 
42.3 
45.2 
42.2 
42.1 
42.2 
40.5 
44.2 
42.7 
38.8 
40.7 
37.4 
44.1 
44.6 
39.3 
46.7 
43.1 
40.9 
42.4 
43.8 
39.4 
43.1 
47.4 
45.4 
44.7 
40.7 
41.2 
42.3 
43.5 
43.0 
44.6 
44.9 
44.2 
43.7 
41.4 
44.9 
41.8 
41.9 
44.9 
41.8 
44.9 
41.8 
40.7 
45.0 
44.6 
44.4 
44.9 
44.5 
46.2 
46.1 
43.7 
43.2 
44.9 
44.5 
44.3 
45.2 
39.6 
47.9 
44.0 
44.9 
49.6 
41.8 
44.3 
46.0 
39.5 
37.8 
44.9 
42.8 
39.4 
39.4 
42.3 
43.3 
43.9 
44.2 
44.9 
40.6 
42.0 
43.5 
43.7 
38.8 
44.4 
40.8 
34.6 
45.2 
39.4 
42.8 
38.5 
41.8 
45.2 
45.2 
40.8 
40.7 
45.2 
45.3 
44.5 
38.8 
44.8 
42.1 
43.7 
45.3 
44.4 
41.6 
44.6 
43.8 
43.7 
39.1 
44.5 
42.9 
41.0 
38.5 
44.5 
41.5 
44.6 
42.3 
44.5 
41.5 
47.2 
44.1 
41.0 
44.9 
42.0 
45.0 
44.8 
47.7 
41.2 
44.4 
44.3 
42.0 
45.1 
43.6 
36.3 
45.1 
44.9 
42.5 
41.4 
43.5 
45.0 
38.2 
40.5 
42.0 
44.7 
42.1 
39.1 
43.6 
44.6 
44.9 
42.1 
43.6 
44.9 
41.0 
38.4 
44.9 
