53.1 
52.3 
53.5 
54.1 
53.6 
53.8 
46.7 
53.4 
53.7 
53.8 
53.6 
52.7 
54.2 
53.9 
54.1 
53.6 
53.5 
53.6 
53.8 
53.6 
53.8 
54.3 
53.5 
53.7 
53.6 
53.6 
53.6 
54.3 
53.6 
53.8 
53.6 
53.6 
54.2 
54.1 
53.7 
53.6 
53.5 
53.5 
53.4 
53.6 
53.6 
53.7 
53.6 
53.5 
53.5 
53.6 
53.8 
53.5 
53.5 
53.4 
53.5 
53.6 
53.6 
53.6 
53.7 
53.6 
53.6 
53.5 
53.6 
53.6 
53.9 
53.4 
53.6 
53.5 
53.6 
50.9 
53.6 
53.6 
53.5 
53.6 
53.7 
53.6 
53.6 
53.6 
53.6 
53.6 
54.1 
53.6 
53.6 
53.7 
53.6 
53.2 
53.6 
54.3 
53.6 
53.6 
53.3 
53.6 
53.6 
53.7 
53.6 
53.6 
53.4 
53.6 
53.6 
53.7 
53.7 
53.4 
53.7 
53.5 
53.6 
54.2 
