54.6 
57.1 
57.1 
57.3 
56.7 
57.1 
56.7 
57.3 
57.2 
56.8 
57.1 
56.9 
57.0 
57.2 
56.9 
57.0 
57.1 
54.7 
57.1 
54.8 
57.0 
57.0 
57.0 
57.1 
53.1 
56.9 
57.1 
57.2 
57.2 
57.2 
56.9 
57.0 
57.1 
54.0 
56.9 
57.1 
57.0 
57.2 
56.8 
57.4 
57.2 
57.1 
57.0 
55.4 
57.0 
56.9 
57.0 
57.0 
56.9 
57.0 
57.1 
57.1 
57.1 
57.0 
57.1 
54.0 
57.1 
57.1 
57.1 
57.1 
57.0 
57.0 
57.0 
57.1 
57.1 
56.7 
57.0 
57.1 
57.1 
57.1 
56.9 
57.0 
57.0 
56.2 
57.0 
57.1 
56.9 
57.1 
57.2 
54.7 
57.1 
56.7 
57.1 
56.0 
57.0 
57.2 
57.1 
54.6 
57.0 
56.7 
56.9 
56.9 
57.1 
53.8 
57.1 
52.4 
56.7 
57.1 
57.0 
57.0 
57.1 
57.1 
57.0 
57.1 
57.1 
54.8 
56.8 
57.4 
57.0 
57.1 
57.0 
56.9 
57.1 
57.1 
57.1 
54.0 
57.0 
57.2 
57.1 
57.1 
57.1 
57.0 
57.1 
57.0 
54.6 
56.9 
56.7 
56.0 
57.1 
56.9 
56.8 
55.8 
57.0 
57.1 
57.1 
57.0 
54.7 
57.2 
57.0 
57.3 
57.1 
57.3 
57.0 
57.0 
57.0 
57.2 
57.1 
56.1 
57.4 
57.1 
57.2 
