48.4 
49.6 
45.3 
49.3 
48.5 
46.7 
45.7 
46.1 
42.2 
44.2 
45.6 
45.0 
44.9 
41.5 
44.8 
45.1 
45.0 
45.0 
46.0 
48.4 
45.1 
47.6 
45.0 
49.3 
49.4 
45.5 
41.4 
44.5 
43.1 
48.3 
44.9 
40.8 
41.0 
46.1 
46.5 
42.6 
44.9 
44.2 
44.9 
44.8 
44.9 
41.5 
44.9 
44.8 
46.4 
43.1 
41.7 
46.3 
48.8 
46.6 
47.4 
47.9 
47.9 
45.4 
44.9 
44.9 
44.6 
45.3 
47.6 
49.3 
50.2 
41.5 
40.1 
44.3 
41.1 
45.9 
41.5 
44.7 
48.9 
44.9 
44.8 
45.9 
44.8 
45.2 
47.9 
48.5 
44.9 
40.2 
45.7 
45.2 
48.5 
49.2 
48.5 
48.9 
48.2 
45.5 
44.8 
46.3 
48.9 
45.4 
44.9 
43.4 
44.8 
46.4 
46.2 
44.1 
44.7 
47.6 
46.5 
46.1 
