54.9 
54.8 
55.4 
57.0 
57.0 
57.0 
57.0 
57.1 
56.3 
51.0 
52.9 
54.9 
57.1 
56.3 
54.5 
53.8 
53.7 
55.6 
54.5 
54.7 
56.2 
53.3 
57.0 
57.1 
54.3 
53.4 
56.6 
53.6 
56.8 
57.1 
57.5 
57.0 
57.2 
54.8 
56.8 
57.0 
57.0 
54.0 
57.3 
57.1 
56.3 
57.1 
57.0 
57.0 
57.0 
56.9 
54.7 
53.7 
53.5 
55.9 
57.2 
57.1 
57.1 
56.9 
56.9 
57.1 
57.1 
57.0 
57.0 
57.1 
57.1 
56.9 
57.2 
57.1 
54.3 
57.0 
57.0 
57.2 
57.1 
57.2 
57.1 
57.4 
57.1 
57.1 
57.1 
57.1 
57.1 
57.0 
57.1 
55.3 
57.1 
57.1 
57.1 
57.1 
57.0 
57.1 
57.6 
57.0 
57.1 
57.1 
57.0 
57.4 
57.1 
57.2 
57.1 
48.2 
57.0 
57.0 
57.1 
57.1 
57.0 
57.1 
57.1 
57.1 
57.0 
54.8 
57.0 
57.1 
57.0 
56.7 
57.1 
57.1 
57.0 
57.1 
56.5 
57.2 
57.0 
56.8 
57.1 
56.8 
57.0 
57.1 
57.0 
56.9 
57.0 
54.5 
57.1 
57.1 
56.9 
57.2 
54.6 
57.0 
57.1 
