31.3 
21.1 
28.1 
31.9 
32.7 
27.4 
30.7 
29.1 
26.4 
26.9 
28.7 
30.0 
32.7 
29.3 
31.2 
30.2 
30.0 
29.0 
32.2 
37.0 
30.9 
30.5 
32.6 
27.4 
30.5 
33.7 
26.8 
25.6 
29.4 
32.3 
22.9 
22.8 
31.4 
34.7 
29.7 
31.4 
33.0 
26.7 
32.6 
32.4 
28.5 
28.1 
30.2 
29.0 
23.6 
28.2 
31.5 
29.7 
28.2 
31.3 
31.0 
30.8 
25.3 
29.7 
24.8 
23.0 
27.3 
35.6 
28.5 
32.3 
31.3 
31.6 
30.1 
24.3 
20.8 
23.4 
33.7 
33.4 
28.6 
31.9 
33.5 
24.6 
31.2 
32.8 
33.2 
34.6 
35.8 
21.6 
23.2 
21.6 
29.1 
31.8 
30.2 
30.5 
26.0 
28.3 
28.8 
28.7 
25.6 
28.2 
30.3 
24.9 
23.9 
33.0 
31.3 
28.3 
26.9 
32.7 
23.3 
20.3 
24.6 
23.3 
24.0 
22.9 
31.2 
30.8 
29.7 
31.8 
29.1 
28.4 
33.4 
29.1 
22.5 
27.0 
26.5 
25.7 
29.0 
19.0 
26.3 
26.6 
24.3 
21.2 
28.9 
30.8 
30.4 
32.7 
31.9 
28.9 
29.5 
26.7 
23.0 
24.5 
23.6 
27.0 
26.6 
