56.7 
54.7 
57.1 
56.9 
46.1 
52.2 
56.3 
52.1 
48.7 
48.4 
51.7 
56.3 
54.4 
50.9 
53.7 
47.5 
51.6 
48.5 
55.6 
57.1 
57.1 
56.0 
53.6 
56.0 
55.6 
53.8 
56.3 
57.0 
51.5 
55.6 
56.0 
56.3 
55.1 
56.5 
56.3 
52.2 
56.2 
53.6 
56.4 
38.9 
52.8 
54.2 
53.6 
53.2 
50.7 
55.8 
57.1 
56.6 
55.5 
57.0 
57.2 
43.2 
57.0 
54.7 
52.4 
53.3 
56.3 
57.2 
56.5 
55.8 
53.1 
50.8 
56.2 
57.0 
55.1 
57.1 
53.5 
57.0 
53.7 
56.9 
56.6 
56.1 
56.4 
52.2 
54.2 
56.3 
56.0 
57.0 
54.7 
56.6 
56.0 
56.9 
56.4 
55.5 
57.3 
55.9 
53.0 
57.0 
56.7 
53.2 
49.8 
54.7 
53.7 
57.0 
57.0 
55.4 
57.0 
57.0 
53.1 
52.1 
57.2 
57.0 
52.5 
56.9 
48.4 
57.1 
55.2 
56.2 
56.9 
53.6 
57.1 
53.4 
53.4 
56.7 
45.6 
56.7 
56.9 
57.1 
57.1 
56.1 
56.9 
53.3 
47.0 
52.1 
51.5 
55.0 
