56.8 
54.8 
59.4 
59.7 
54.0 
57.0 
57.4 
59.4 
59.2 
53.3 
57.1 
59.1 
60.0 
59.9 
57.2 
59.3 
59.7 
57.1 
57.2 
59.8 
60.0 
60.0 
59.7 
57.1 
57.1 
57.1 
57.0 
57.3 
57.7 
58.9 
57.3 
57.7 
59.3 
60.0 
60.0 
57.9 
59.1 
59.2 
57.3 
57.3 
59.9 
60.0 
59.9 
59.9 
57.3 
57.1 
57.0 
57.1 
57.4 
57.9 
60.0 
60.0 
57.4 
60.0 
57.4 
60.0 
59.9 
59.8 
57.8 
59.6 
59.4 
57.0 
57.3 
57.2 
57.4 
52.2 
57.0 
57.7 
59.8 
57.1 
59.9 
59.9 
57.1 
59.1 
59.7 
59.7 
59.3 
59.3 
59.8 
59.2 
57.1 
59.7 
59.9 
59.3 
57.0 
59.2 
57.0 
57.0 
57.0 
57.1 
58.1 
57.0 
59.8 
57.1 
57.1 
57.1 
56.9 
57.1 
52.9 
57.7 
57.5 
