56.7 
54.3 
57.1 
57.1 
56.9 
57.1 
56.9 
57.0 
56.9 
57.1 
57.1 
57.1 
57.1 
57.1 
57.1 
57.1 
57.1 
57.1 
57.1 
57.1 
57.0 
57.1 
57.1 
57.1 
57.1 
57.1 
57.1 
56.9 
57.1 
57.0 
56.8 
57.1 
57.0 
57.1 
57.1 
57.1 
57.1 
57.1 
57.1 
57.1 
57.1 
57.0 
57.1 
57.1 
56.9 
57.1 
57.1 
57.1 
56.9 
54.6 
57.1 
57.1 
57.1 
57.1 
56.9 
57.0 
56.9 
57.0 
57.0 
57.0 
57.0 
57.1 
57.0 
57.1 
57.0 
57.1 
57.1 
57.1 
54.7 
57.1 
57.2 
57.1 
57.1 
57.1 
57.1 
57.2 
57.1 
57.1 
57.1 
57.1 
57.1 
57.1 
57.1 
57.1 
56.2 
57.1 
57.1 
56.9 
56.9 
57.1 
57.0 
57.1 
57.1 
57.1 
57.0 
57.1 
56.9 
57.1 
56.9 
57.1 
57.1 
57.1 
57.1 
57.2 
57.0 
57.1 
57.1 
56.8 
57.1 
56.2 
52.8 
57.1 
57.1 
57.1 
54.0 
56.9 
57.1 
57.1 
54.8 
57.1 
56.9 
