56.6 
56.9 
57.3 
57.0 
57.0 
56.9 
57.1 
52.4 
57.0 
57.5 
57.1 
57.3 
55.2 
56.9 
57.0 
56.9 
56.8 
54.8 
57.1 
57.0 
57.1 
56.9 
57.1 
57.1 
56.3 
54.7 
56.9 
57.2 
56.9 
57.1 
57.1 
57.3 
57.1 
57.1 
56.9 
56.9 
57.1 
57.1 
57.0 
57.1 
57.1 
54.6 
57.1 
57.1 
57.1 
57.1 
56.9 
57.1 
57.0 
57.1 
56.9 
57.1 
57.1 
56.9 
57.1 
57.1 
54.8 
53.7 
53.5 
57.0 
57.0 
57.1 
57.1 
57.1 
57.1 
57.1 
57.1 
53.9 
54.5 
57.0 
57.0 
57.0 
57.1 
57.1 
57.2 
53.9 
53.5 
57.3 
57.1 
57.1 
57.1 
57.1 
54.5 
57.1 
57.1 
57.0 
57.0 
57.0 
56.9 
57.1 
57.0 
57.6 
57.1 
54.4 
57.0 
56.9 
57.1 
57.1 
56.5 
57.3 
57.0 
57.5 
57.1 
57.1 
57.0 
57.0 
57.0 
57.0 
56.9 
53.9 
55.6 
57.0 
57.0 
57.0 
57.1 
57.0 
57.1 
57.1 
56.9 
56.9 
57.1 
57.1 
57.2 
57.0 
57.0 
57.2 
57.1 
57.0 
57.0 
57.2 
56.9 
57.1 
57.2 
57.1 
57.1 
57.1 
57.2 
57.1 
57.0 
57.0 
57.1 
57.0 
57.0 
57.0 
54.6 
57.0 
57.1 
57.0 
57.1 
56.8 
57.0 
57.1 
57.1 
57.1 
57.3 
57.1 
56.9 
57.1 
57.1 
57.1 
57.1 
47.9 
48.3 
57.0 
56.8 
57.1 
57.1 
56.7 
54.7 
56.9 
