16.2 
12.9 
12.2 
16.1 
16.2 
15.5 
16.4 
15.5 
18.0 
15.4 
15.0 
13.5 
15.0 
15.2 
15.0 
15.5 
16.3 
15.7 
13.4 
13.6 
17.2 
19.7 
18.4 
18.4 
17.5 
15.7 
15.8 
14.2 
13.5 
15.2 
17.6 
13.5 
16.5 
15.6 
13.5 
17.5 
16.6 
16.7 
11.3 
19.1 
13.2 
15.5 
18.0 
16.5 
18.4 
18.9 
15.5 
15.9 
18.1 
17.5 
16.6 
15.5 
16.5 
15.7 
16.1 
17.2 
19.2 
17.7 
16.8 
16.1 
17.3 
18.7 
17.6 
16.2 
16.2 
16.7 
16.6 
16.6 
15.5 
16.2 
17.1 
16.1 
17.0 
18.1 
19.6 
17.8 
19.3 
15.6 
15.9 
16.8 
17.3 
19.2 
18.7 
15.2 
18.2 
16.9 
18.6 
17.1 
18.5 
19.8 
17.9 
15.9 
15.8 
15.7 
17.6 
17.4 
19.2 
17.9 
17.0 
17.8 
18.8 
16.7 
17.0 
10.9 
14.8 
14.2 
18.5 
15.3 
15.8 
15.9 
15.9 
14.2 
15.8 
16.8 
14.7 
16.0 
15.7 
14.3 
18.3 
13.6 
16.6 
17.3 
16.1 
14.4 
14.4 
19.0 
18.5 
17.8 
17.0 
15.9 
18.6 
15.9 
16.6 
16.9 
17.2 
16.8 
17.9 
17.6 
15.1 
18.1 
18.7 
17.9 
17.3 
17.2 
17.7 
17.7 
18.9 
16.7 
16.4 
15.5 
19.5 
17.9 
18.1 
16.2 
18.8 
13.8 
