25.0 
24.0 
20.4 
22.4 
25.0 
23.0 
22.9 
24.1 
23.4 
25.0 
22.4 
24.4 
28.2 
28.0 
28.8 
30.7 
24.3 
26.3 
26.0 
23.1 
25.2 
23.7 
23.0 
23.5 
23.6 
24.5 
27.7 
13.5 
18.4 
27.3 
24.3 
23.7 
24.4 
25.3 
25.0 
24.7 
23.3 
23.4 
24.6 
26.9 
31.9 
25.8 
28.0 
25.1 
26.1 
21.2 
25.2 
16.6 
21.6 
23.5 
21.7 
23.3 
26.5 
23.7 
23.9 
22.2 
26.8 
28.6 
24.7 
24.9 
23.0 
22.8 
24.0 
24.0 
24.5 
10.5 
6.9 
5.6 
22.6 
24.9 
29.9 
25.0 
30.2 
25.0 
26.4 
24.8 
30.2 
27.6 
25.5 
24.6 
25.1 
30.8 
28.2 
23.1 
27.0 
25.1 
23.5 
21.1 
24.7 
23.9 
25.5 
24.9 
24.9 
24.9 
27.4 
28.7 
24.4 
24.6 
28.9 
23.2 
27.0 
25.0 
26.5 
24.3 
24.6 
25.4 
21.3 
22.7 
24.6 
24.6 
26.6 
26.8 
23.8 
24.9 
22.0 
23.7 
24.3 
22.7 
24.3 
26.7 
24.9 
31.0 
23.6 
26.8 
23.4 
26.5 
26.4 
23.5 
24.9 
23.4 
26.8 
