19.3 
17.7 
17.9 
24.4 
22.4 
18.7 
20.4 
20.3 
21.9 
20.2 
21.0 
18.4 
23.0 
23.0 
21.6 
20.8 
21.5 
21.5 
19.4 
21.0 
21.2 
21.7 
21.9 
18.3 
21.9 
21.4 
20.8 
21.1 
13.0 
21.1 
19.0 
20.7 
21.9 
22.1 
23.2 
21.0 
23.7 
21.5 
20.0 
21.6 
20.8 
19.5 
22.6 
23.7 
20.3 
25.6 
24.3 
25.4 
22.7 
22.9 
23.2 
14.8 
23.6 
23.4 
23.5 
22.6 
21.5 
19.3 
19.6 
20.0 
22.3 
22.2 
22.5 
23.0 
22.1 
22.1 
22.7 
20.6 
22.3 
20.3 
23.7 
22.2 
21.4 
21.6 
23.4 
23.4 
21.4 
23.0 
26.0 
22.1 
22.9 
22.6 
23.3 
21.5 
21.2 
21.8 
20.2 
17.8 
20.8 
22.6 
22.1 
21.9 
20.4 
20.6 
20.9 
19.7 
24.2 
17.5 
22.5 
19.9 
23.3 
23.6 
23.4 
26.3 
23.9 
22.4 
22.7 
19.8 
20.6 
21.2 
19.6 
21.1 
22.5 
21.0 
20.4 
