9.6 
9.6 
11.9 
10.8 
11.6 
13.1 
13.1 
9.9 
10.9 
13.0 
14.0 
10.1 
11.0 
13.6 
14.7 
14.6 
14.6 
15.3 
14.9 
12.7 
14.1 
12.0 
13.9 
11.1 
12.3 
14.1 
14.8 
13.2 
12.7 
13.5 
14.3 
13.5 
12.1 
12.6 
13.7 
14.4 
11.6 
14.7 
15.8 
11.4 
12.5 
12.4 
11.9 
11.6 
14.9 
11.6 
11.3 
15.0 
15.3 
11.8 
13.5 
15.0 
15.6 
14.9 
14.0 
14.7 
13.9 
13.2 
14.4 
14.6 
14.8 
11.0 
14.9 
15.1 
8.5 
12.5 
13.5 
12.3 
9.9 
11.5 
11.6 
14.9 
11.3 
15.0 
14.5 
14.3 
13.8 
13.9 
16.0 
16.9 
14.7 
14.2 
13.7 
15.4 
15.0 
11.4 
11.4 
10.9 
11.0 
12.3 
14.2 
14.9 
14.0 
13.6 
15.1 
12.4 
15.6 
12.9 
13.6 
16.4 
13.7 
11.7 
15.0 
13.2 
14.0 
11.5 
16.2 
15.3 
12.8 
14.6 
15.1 
