17.4 
17.5 
19.4 
15.3 
19.0 
18.0 
19.3 
20.6 
21.0 
16.8 
20.8 
19.5 
18.1 
18.4 
20.1 
18.6 
20.3 
20.0 
20.0 
15.7 
18.3 
19.5 
20.3 
19.0 
19.6 
20.5 
20.2 
18.2 
18.5 
18.0 
20.8 
20.5 
18.0 
20.3 
20.3 
19.8 
22.4 
20.9 
19.5 
20.0 
17.3 
19.4 
23.1 
21.1 
19.6 
20.5 
21.8 
19.7 
20.1 
18.1 
17.6 
17.7 
19.8 
17.8 
19.0 
19.0 
19.6 
22.4 
20.6 
22.7 
22.2 
18.0 
20.3 
18.4 
22.2 
19.5 
20.6 
20.8 
21.0 
19.8 
18.5 
21.4 
20.5 
19.0 
22.5 
18.9 
17.5 
17.1 
18.5 
20.2 
20.9 
18.4 
20.8 
21.1 
19.7 
17.3 
19.0 
23.3 
22.2 
21.6 
19.4 
21.9 
19.0 
20.4 
21.3 
17.1 
17.7 
18.0 
19.3 
19.8 
19.3 
18.9 
19.5 
19.2 
20.8 
19.3 
19.1 
18.1 
18.2 
20.7 
22.0 
17.2 
19.3 
19.7 
17.1 
19.4 
18.8 
20.6 
21.7 
20.8 
22.3 
19.3 
18.2 
21.0 
18.8 
20.0 
