8.5 
4.0 
5.3 
3.3 
5.1 
3.4 
3.8 
4.6 
3.1 
2.7 
4.2 
3.1 
4.9 
3.2 
2.7 
5.2 
7.6 
5.2 
4.2 
3.0 
4.7 
7.7 
6.8 
6.6 
9.0 
10.3 
8.6 
9.0 
10.2 
11.5 
9.6 
8.2 
9.8 
4.8 
5.6 
7.0 
8.1 
9.1 
10.0 
8.8 
9.8 
10.1 
8.6 
6.9 
4.7 
10.4 
10.0 
9.9 
8.6 
4.2 
3.1 
3.8 
4.2 
7.9 
6.8 
8.7 
11.4 
9.8 
10.0 
9.4 
12.0 
11.8 
12.1 
8.1 
8.9 
6.5 
8.7 
5.1 
7.2 
9.0 
7.5 
5.5 
7.4 
6.2 
4.9 
6.4 
9.7 
9.7 
9.9 
10.0 
10.8 
11.5 
6.9 
7.1 
4.2 
10.1 
10.2 
8.7 
5.7 
10.6 
5.1 
5.0 
5.6 
4.3 
5.1 
8.7 
8.5 
9.8 
7.7 
7.2 
5.8 
4.2 
2.4 
6.7 
8.3 
10.7 
5.5 
7.8 
5.6 
8.3 
8.5 
8.7 
9.9 
9.3 
7.4 
3.9 
3.2 
7.3 
6.7 
4.2 
7.2 
7.7 
9.9 
8.7 
7.3 
10.2 
4.8 
3.9 
5.2 
6.4 
10.5 
8.0 
5.7 
3.4 
4.8 
4.8 
4.3 
4.4 
3.0 
3.3 
7.9 
10.5 
9.9 
8.9 
7.1 
10.9 
8.1 
5.1 
4.1 
7.6 
9.1 
6.3 
8.5 
8.8 
8.2 
8.8 
9.6 
8.5 
8.8 
8.7 
8.7 
7.5 
3.5 
7.1 
7.3 
5.1 
6.6 
7.6 
6.9 
11.1 
6.0 
7.4 
6.7 
4.1 
6.5 
10.7 
12.6 
9.9 
4.3 
