16.9
16.6
19.7
19.0
18.1
18.5
17.8
18.6
18.8
20.1
17.8
18.6
18.1
22.2
17.1
20.1
18.3
16.9
17.7
20.3
18.9
17.4
18.2
18.6
18.8
19.2
17.4
20.2
21.1
20.2
19.0
17.4
20.3
19.8
20.1
19.3
17.4
18.3
19.3
20.3
16.5
20.2
19.7
17.7
19.6
18.6
19.5
18.6
18.9
21.4
20.3
19.7
21.3
19.0
19.9
20.3
19.7
18.4
18.7
20.7
18.4
19.4
19.5
19.5
19.0
17.9
21.0
21.2
19.8
19.4
18.6
19.1
19.6
19.2
18.6
20.5
21.5
20.1
19.4
19.5
20.5
20.6
21.2
17.9
19.8
19.4
18.2
18.3
20.2
19.2
18.2
21.3
19.8
21.1
18.7
21.8
21.4
22.3
18.9
19.8
17.2
18.9
19.3
19.1
19.0
22.2
16.3
18.3
20.4
19.5
20.3
21.1
17.6
18.1
19.1
17.5
17.0
19.8
17.9
19.0
17.0
17.1
19.2
19.2
17.4
18.5
19.6
19.3
18.9
18.8
18.2
19.2
20.4
19.3
20.2
18.5
19.3
20.6
18.1
22.6
20.0
20.6
19.1
19.4
20.0
19.3
18.4
20.8
18.7
21.2
18.4
