5.4
5.1
11.7
13.0
11.5
14.6
13.3
15.2
14.7
13.2
16.0
15.4
14.1
14.1
12.8
14.1
15.3
15.0
14.6
16.1
15.9
15.4
15.7
15.3
15.4
16.6
15.4
16.2
15.0
15.5
16.5
15.9
15.8
17.3
15.7
15.1
15.6
15.9
14.1
16.3
15.9
14.5
16.7
15.9
17.4
15.2
16.3
15.8
16.5
16.2
16.0
13.9
13.4
13.0
16.4
14.3
14.5
16.7
16.2
17.6
16.6
15.6
15.3
14.2
16.5
14.9
15.5
14.5
14.4
15.3
15.9
15.3
14.9
15.2
15.9
16.8
15.6
17.8
16.7
16.8
15.2
17.6
16.3
17.2
16.0
17.1
15.3
15.5
16.0
15.4
14.4
14.9
14.8
15.5
16.4
15.6
14.5
14.0
16.6
15.9
14.6
15.8
14.3
14.3
15.7
15.2
17.0
14.6
17.0
14.9
16.0
14.3
16.4
15.7
16.1
16.1
14.5
15.7
17.2
16.4
15.2
14.9
17.3
16.5
15.6
15.7
16.3
15.5
15.6
16.7
17.2
16.0
16.5
16.5
15.0
15.5
15.7
15.9
14.9
13.5
13.7
14.8
16.0
16.8
14.8
11.7
13.7
15.0
15.5
16.6
14.2
14.1
16.7
15.6
14.8
15.1
14.9
16.4
14.9
15.4
15.1
17.6
16.7
15.5
17.4
16.2
14.9
15.6
17.6
16.4
14.8
14.7
14.9
13.8
12.8
14.8
15.7
13.8
14.3
14.5
15.4
14.6
14.4
14.4
14.6
14.8
14.3
14.4
15.2
14.1
14.4
15.3
15.5
14.8
14.7
15.4
13.6
14.9
14.4
15.2
15.2
14.7
15.3
16.7
14.4
16.0
16.1
14.0
15.9
13.9
14.7
14.1
14.9
13.1
14.5
11.4
14.2
14.1
14.2
14.3
15.3
14.3
16.5
14.4
15.9
13.1
10.8
13.7
13.6
13.2
16.2
16.6
16.7
15.7
16.2
16.1
16.1
13.1
15.3
14.0
15.4
14.8
15.1
14.8
14.2
14.3
15.3
15.9
13.9
15.2
14.9
15.1
15.4
