14.2 
13.6 
18.3 
16.3 
13.4 
14.3 
15.0 
15.7 
16.2 
15.1 
18.1 
16.1 
17.3 
15.4 
17.3 
16.5 
17.7 
18.0 
15.4 
16.5 
18.0 
16.1 
16.7 
14.9 
17.0 
17.2 
15.5 
17.0 
14.5 
16.2 
17.1 
14.9 
14.5 
15.5 
16.0 
16.4 
16.0 
17.0 
17.7 
15.3 
18.2 
16.8 
16.5 
13.3 
14.0 
18.2 
17.0 
16.5 
15.8 
13.7 
16.9 
16.1 
15.4 
18.7 
17.3 
16.1 
16.1 
17.8 
17.3 
18.9 
17.0 
13.6 
18.2 
18.4 
18.9 
16.3 
18.8 
19.0 
16.9 
14.7 
16.6 
14.7 
13.9 
17.7 
15.2 
15.7 
14.9 
13.7 
16.6 
17.1 
16.4 
16.7 
17.7 
15.8 
17.6 
15.2 
16.6 
15.4 
17.7 
15.8 
17.0 
15.4 
15.4 
16.2 
13.9 
18.4 
16.5 
17.0 
13.8 
17.6 
18.3 
16.8 
17.5 
16.6 
17.1 
16.6 
16.6 
14.8 
19.1 
16.3 
16.1 
16.7 
16.5 
8.0 
4.8 
5.4 
14.2 
15.4 
16.5 
16.5 
16.5 
13.4 
14.1 
15.6 
14.5 
15.7 
15.6 
14.2 
16.7 
14.9 
14.0 
14.1 
16.7 
14.3 
17.1 
14.7 
15.9 
15.1 
18.3 
13.6 
17.2 
16.2 
14.3 
17.2 
15.6 
15.1 
15.9 
17.9 
15.8 
18.1 
17.6 
15.8 
15.9 
18.7 
15.9 
17.7 
15.7 
15.4 
15.7 
14.3 
17.4 
16.8 
16.2 
17.2 
14.7 
16.2 
15.9 
15.8 
16.3 
14.9 
15.2 
18.7 
15.8 
17.9 
17.4 
17.5 
16.4 
15.4 
16.6 
14.7 
14.5 
15.6 
14.7 
14.8 
17.8 
13.8 
17.8 
12.1 
13.8 
15.2 
16.9 
14.2 
13.8 
15.1 
15.2 
14.3 
13.2 
16.0 
17.7 
