4.0 
3.0 
2.6 
2.9 
2.4 
2.3 
2.3 
2.3 
2.9 
2.4 
2.3 
2.3 
2.2 
2.2 
2.2 
2.2 
2.2 
2.2 
2.2 
2.2 
2.2 
2.2 
2.1 
2.2 
2.3 
2.3 
2.2 
2.2 
2.7 
2.3 
2.8 
2.3 
2.2 
2.2 
2.2 
2.2 
2.2 
2.7 
2.8 
2.2 
2.3 
2.7 
2.3 
2.8 
2.3 
2.2 
2.2 
2.1 
2.1 
2.6 
2.2 
2.3 
2.2 
2.2 
2.2 
2.7 
2.3 
2.2 
2.2 
2.2 
2.3 
2.7 
2.3 
2.2 
2.7 
2.2 
2.2 
2.3 
2.2 
2.2 
2.3 
2.3 
2.3 
2.3 
2.3 
2.7 
2.3 
2.4 
2.3 
2.3 
2.3 
2.3 
2.3 
2.3 
2.2 
2.1 
2.1 
2.2 
2.1 
2.6 
2.1 
2.7 
2.3 
2.8 
2.3 
2.2 
2.3 
2.3 
2.7 
2.7 
2.3 
2.7 
2.2 
2.2 
2.2 
2.3 
2.7 
2.7 
2.2 
2.1 
2.2 
2.2 
2.3 
2.2 
2.2 
2.3 
2.3 
2.2 
2.7 
2.3 
2.3 
2.3 
2.8 
2.3 
2.3 
2.7 
2.8 
2.3 
2.7 
2.2 
2.2 
2.7 
2.7 
2.2 
1.8 
2.2 
2.2 
2.7 
2.3 
2.7 
2.3 
2.3 
2.2 
2.2 
2.2 
2.2 
2.2 
2.2 
2.7 
2.2 
2.6 
2.2 
2.2 
2.1 
2.2 
2.7 
2.2 
2.2 
2.2 
2.7 
2.2 
2.2 
2.2 
2.2 
2.2 
2.2 
2.2 
2.2 
2.2 
2.7 
2.2 
2.3 
2.3 
2.3 
2.2 
2.2 
2.6 
2.2 
2.7 
2.4 
2.4 
2.3 
2.3 
2.7 
2.2 
2.7 
2.7 
2.3 
2.2 
2.7 
2.3 
2.3 
2.3 
2.7 
