3.6 
3.0 
2.6 
9.3 
13.2 
10.3 
14.1 
13.9 
18.4 
16.6 
13.9 
16.9 
15.1 
18.1 
15.7 
17.4 
15.0 
15.6 
14.7 
15.7 
16.6 
15.6 
17.4 
16.5 
17.8 
14.6 
16.8 
17.3 
17.1 
17.3 
14.9 
16.9 
16.6 
18.2 
14.2 
16.0 
17.4 
16.6 
17.7 
13.7 
16.1 
14.8 
18.1 
16.2 
17.6 
16.0 
14.6 
16.2 
16.2 
16.5 
16.9 
15.0 
14.7 
16.2 
18.0 
17.6 
17.9 
16.2 
17.2 
18.5 
16.7 
17.1 
17.6 
15.8 
16.4 
17.7 
17.0 
17.4 
18.7 
16.4 
16.6 
15.3 
17.1 
18.2 
15.9 
14.8 
17.8 
15.9 
14.4 
14.4 
17.1 
18.6 
15.6 
16.5 
17.7 
15.3 
15.1 
19.5 
18.5 
17.5 
17.8 
14.5 
15.6 
16.8 
18.4 
17.0 
18.2 
15.9 
17.3 
18.0 
15.4 
17.0 
18.1 
15.5 
16.5 
14.8 
16.7 
15.3 
17.5 
13.4 
19.0 
13.6 
16.8 
14.6 
17.7 
16.6 
15.6 
15.2 
14.3 
18.8 
17.6 
14.8 
16.5 
19.9 
17.9 
17.5 
16.9 
14.4 
15.7 
17.4 
16.0 
17.7 
14.0 
16.7 
16.5 
15.0 
16.0 
15.6 
15.5 
17.9 
17.0 
11.4 
16.8 
15.0 
17.7 
16.9 
17.0 
15.2 
15.5 
16.2 
15.5 
17.3 
16.2 
18.0 
18.1 
17.6 
15.6 
11.0 
14.1 
15.5 
17.7 
14.1 
16.7 
18.1 
16.0 
14.5 
17.5 
15.5 
16.3 
11.9 
14.2 
11.8 
15.7 
16.7 
16.2 
16.7 
16.7 
15.1 
17.0 
15.0 
15.2 
16.4 
16.3 
14.6 
15.3 
15.3 
14.6 
15.7 
16.6 
16.4 
17.3 
13.9 
18.0 
14.3 
16.3 
18.0 
15.4 
16.1 
15.9 
16.0 
16.5 
15.7 
16.0 
15.3 
16.4 
15.5 
15.4 
14.9 
16.9 
16.7 
17.6 
17.1 
16.9 
17.1 
15.5 
15.3 
17.7 
16.2 
16.5 
15.5 
17.1 
14.2 
12.2 
14.4 
16.6 
15.1 
17.8 
15.2 
16.6 
12.3 
15.2 
16.7 
