13.5
16.3
17.6
15.2
14.1
14.5
15.4
16.4
16.8
15.3
15.6
15.8
17.8
16.2
15.2
16.1
17.4
14.1
11.4
10.9
16.3
16.1
16.2
16.0
17.1
17.6
16.3
18.0
17.3
16.3
15.3
16.8
18.0
15.9
15.6
16.7
16.0
17.2
16.7
16.2
16.9
16.1
14.8
16.3
16.5
16.0
17.4
17.3
17.3
16.1
16.6
17.0
17.1
18.5
18.0
17.8
17.7
17.2
18.5
17.3
17.1
16.2
16.2
16.0
17.5
17.4
17.3
16.0
16.4
16.6
16.9
17.6
17.3
16.1
16.5
16.9
15.5
16.6
16.4
16.4
18.3
17.0
17.3
19.2
17.2
17.0
18.3
16.2
16.5
16.3
17.1
16.3
16.9
16.5
16.2
17.8
15.1
16.2
17.8
16.9
17.1
16.4
16.5
17.9
17.3
15.8
17.6
18.9
17.0
16.4
16.5
16.2
15.9
18.3
16.1
15.7
18.0
17.8
15.7
15.8
18.2
16.0
18.6
19.4
17.0
16.4
16.5
16.2
17.1
17.9
17.5
17.6
17.0
16.1
16.9
17.6
17.5
16.2
17.0
17.1
16.8
15.7
17.4
17.0
17.6
18.2
18.9
17.0
16.5
17.5
17.2
17.6
16.7
17.4
18.3
17.3
16.9
18.8
16.6
18.2
