14.4
14.7
15.1
15.9
13.4
14.2
10.8
14.7
15.2
12.0
14.3
16.3
15.6
14.2
14.6
14.2
14.8
14.8
15.5
14.7
15.0
14.3
14.7
14.9
15.1
14.8
15.3
14.5
15.9
15.5
15.6
14.9
16.6
15.2
15.9
13.3
16.2
15.4
16.1
14.7
14.5
15.3
14.5
14.6
16.3
15.9
15.4
16.6
15.0
14.9
14.2
16.8
15.0
15.7
11.6
14.3
16.4
16.8
17.0
16.4
14.9
15.2
15.9
15.3
15.3
16.4
11.8
14.3
15.7
13.9
16.1
17.4
15.0
14.9
14.8
12.3
15.5
16.3
16.3
15.3
17.2
16.0
15.8
15.4
15.5
15.4
16.4
14.7
14.2
15.5
15.0
13.8
15.3
15.3
14.2
13.9
14.6
14.8
14.7
14.8
15.3
15.1
15.7
15.7
14.7
17.3
18.5
15.9
15.6
14.2
13.2
15.0
14.8
15.2
15.1
15.3
16.8
15.7
14.8
14.4
15.2
14.6
15.0
14.7
15.3
14.5
13.1
14.8
14.1
15.9
14.9
12.8
16.0
15.1
15.3
16.0
16.6
18.5
17.0
16.2
15.8
14.5
14.5
16.7
14.8
8.5
9.1
10.3
14.7
13.9
14.4
15.3
15.2
14.6
15.7
14.0
14.8
14.5
15.1
14.9
15.5
16.8
17.1
16.4
15.8
15.9
14.8
14.7
15.7
15.5
16.3
17.7
15.0
14.6
15.0
13.8
16.8
16.5
15.4
14.7
13.8
13.9
14.8
14.9
15.5
14.0
14.1
14.5
14.1
14.5
15.5
16.4
