14.5
14.8
15.9
15.6
14.6
15.7
13.2
14.4
13.4
14.1
14.7
14.9
13.7
15.3
13.9
15.0
14.6
15.6
15.4
15.8
15.3
15.0
16.4
15.2
15.9
16.5
16.2
17.1
16.1
15.6
15.1
14.4
14.2
14.0
15.7
14.4
14.6
14.9
15.6
14.9
17.0
16.7
15.2
15.7
14.6
15.3
15.6
14.5
15.4
15.6
16.2
14.8
16.8
16.6
15.3
16.3
15.4
16.6
15.2
17.7
16.8
16.3
17.7
15.2
14.9
15.0
15.9
15.5
15.7
15.0
16.7
15.7
14.8
16.0
15.1
15.5
14.5
16.4
15.5
16.0
15.9
16.1
16.8
15.3
14.5
16.4
16.1
15.0
16.5
15.3
15.9
16.0
16.0
15.7
12.2
14.2
14.0
16.3
14.7
13.6
15.1
14.1
14.8
15.0
14.0
13.9
14.1
15.3
14.8
14.9
15.5
15.3
16.0
14.8
15.2
15.3
14.2
15.5
14.5
14.2
13.4
13.8
14.6
16.2
15.2
16.2
15.6
14.8
14.1
14.9
14.5
15.3
16.6
14.6
14.3
14.6
14.5
14.1
15.1
15.2
15.5
16.1
15.5
14.8
14.2
15.2
15.3
14.2
14.8
