2.5 
1.4 
1.2 
1.1 
1.1 
1.3 
1.3 
1.2 
1.2 
1.2 
1.3 
1.3 
1.1 
1.0 
1.2 
1.2 
1.3 
1.3 
1.2 
1.3 
1.5 
1.3 
1.3 
1.3 
1.3 
1.3 
1.3 
1.2 
1.2 
1.2 
1.3 
1.3 
1.5 
1.3 
1.3 
1.3 
1.3 
1.1 
1.3 
1.3 
1.1 
1.5 
1.2 
1.3 
1.5 
1.3 
1.1 
1.3 
1.0 
1.3 
1.1 
1.0 
1.3 
1.3 
1.3 
1.3 
1.3 
1.1 
1.3 
1.5 
1.5 
1.2 
1.3 
1.3 
1.3 
1.3 
1.2 
1.3 
1.5 
1.3 
1.3 
1.3 
1.1 
1.3 
1.5 
1.3 
1.3 
1.3 
1.3 
1.3 
1.3 
1.3 
1.3 
1.3 
1.2 
1.2 
1.5 
1.3 
1.3 
1.3 
1.3 
1.3 
1.3 
1.2 
1.3 
1.1 
1.1 
1.3 
1.3 
1.2 
1.3 
1.5 
1.5 
1.0 
1.2 
1.2 
1.0 
1.3 
1.3 
1.1 
1.0 
1.2 
1.0 
1.5 
1.0 
1.2 
1.3 
1.3 
1.3 
1.3 
1.0 
1.3 
1.3 
1.3 
1.3 
1.3 
1.3 
1.5 
1.3 
1.3 
1.3 
1.3 
1.3 
