5.9 
6.8 
7.6 
7.4 
7.8 
6.8 
8.0 
7.9 
6.9 
6.5 
7.0 
6.9 
7.1 
8.1 
8.4 
8.4 
6.9 
7.0 
6.5 
6.6 
7.8 
8.1 
9.8 
7.4 
7.0 
8.5 
6.7 
6.8 
6.7 
6.3 
8.2 
8.0 
6.8 
6.7 
6.9 
6.7 
7.8 
7.6 
8.1 
6.8 
8.3 
7.6 
8.3 
8.1 
6.9 
8.8 
7.0 
7.2 
8.2 
8.0 
9.1 
7.3 
6.7 
8.1 
7.6 
6.6 
6.3 
6.7 
8.3 
6.9 
9.1 
8.8 
6.6 
6.8 
8.0 
7.1 
7.4 
10.2 
7.4 
6.7 
6.8 
6.9 
6.8 
6.9 
8.8 
6.9 
6.8 
8.7 
8.6 
7.0 
7.3 
7.1 
7.0 
8.6 
7.1 
8.6 
9.3 
8.5 
6.8 
7.0 
8.8 
7.9 
9.2 
9.3 
7.0 
8.6 
8.8 
7.1 
8.7 
9.7 
9.0 
6.9 
6.7 
7.1 
6.8 
6.6 
6.3 
7.1 
8.2 
7.7 
6.7 
7.4 
6.4 
6.7 
8.5 
6.5 
6.6 
6.6 
8.0 
7.0 
6.5 
7.0 
7.2 
8.5 
7.3 
7.0 
6.9 
7.0 
7.3 
8.9 
8.0 
7.3 
6.6 
7.1 
9.7 
7.9 
6.9 
6.6 
7.1 
7.1 
6.5 
8.6 
9.0 
8.5 
7.6 
7.6 
7.2 
8.6 
9.6 
9.7 
7.7 
5.8 
7.5 
5.8 
6.3 
6.7 
7.6 
7.0 
8.1 
6.9 
8.7 
6.8 
7.2 
7.2 
8.1 
7.9 
6.8 
6.7 
7.8 
6.6 
6.7 
8.0 
7.0 
7.3 
6.9 
8.6 
8.5 
6.9 
7.4 
6.7 
6.7 
6.9 
6.2 
6.1 
8.2 
6.6 
6.9 
8.9 
8.1 
8.6 
8.9 
7.4 
6.9 
6.7 
6.5 
7.5 
7.1 
9.1 
7.3 
6.5 
7.2 
6.9 
8.2 
6.8 
6.9 
6.4 
6.0 
6.9 
6.8 
6.5 
6.6 
8.0 
8.1 
8.1 
9.2 
7.1 
7.2 
7.1 
7.1 
6.6 
8.2 
7.0 
7.0 
8.7 
8.1 
