16.6
16.7
15.9
18.7
18.2
18.5
19.0
19.7
18.8
22.2
19.6
18.7
19.5
21.9
20.7
20.8
21.5
17.9
21.1
18.0
19.3
20.4
19.5
16.4
19.4
21.4
20.2
20.7
18.3
20.1
21.4
19.5
19.2
17.3
19.8
21.0
20.5
21.0
19.1
20.2
20.3
18.9
21.3
21.9
19.4
18.2
23.4
21.2
17.7
21.2
19.3
20.2
18.3
17.1
20.7
21.0
16.6
19.1
20.5
18.7
22.5
21.0
22.5
18.8
18.7
21.5
20.6
19.4
21.1
18.7
20.9
21.7
22.0
20.9
21.1
22.4
14.5
19.1
19.4
20.0
17.6
21.7
22.7
19.7
20.3
19.3
21.4
19.9
22.5
22.9
22.5
23.3
24.3
25.1
22.1
23.3
22.2
21.7
24.9
20.8
23.6
21.3
21.0
20.9
25.7
25.9
21.3
20.4
21.1
20.5
21.8
20.1
21.7
14.4
17.9
20.8
22.0
20.1
18.2
23.3
20.9
20.1
25.0
25.8
23.6
21.4
23.6
22.5
19.0
21.0
20.8
24.0
20.8
21.5
19.9
20.4
20.7
21.3
21.3
22.8
23.0
22.4
22.4
23.2
23.7
23.8
20.0
20.6
25.1
23.0
18.3
20.8
21.1
25.5
25.1
23.6
22.1
23.9
21.6
20.0
19.6
21.5
23.1
21.8
24.5
21.4
23.9
23.2
24.1
23.2
22.1
24.7
21.8
22.1
22.3
23.5
25.2
21.0
21.3
16.4
19.6
22.3
23.9
27.5
22.7
22.7
20.9
23.4
24.3
20.3
23.0
21.6
19.7
21.5
22.0
23.9
24.3
22.8
22.4
23.6
21.3
20.7
21.9
22.9
18.3
23.5
20.0
23.7
23.2
22.9
21.1
25.8
21.5
20.3
20.4
20.3
24.1
21.4
22.2
22.8
22.6
22.5
25.7
21.1
23.1
27.4
22.1
19.1
20.4
20.5
23.9
23.0
25.2
18.9
20.6
24.6
23.6
23.0
22.7
22.8
24.1
21.4
20.7
22.7
23.4
20.9
8.9
