23.3
20.4
20.8
19.6
19.7
20.5
22.3
20.8
22.6
21.7
20.4
23.5
21.9
22.8
22.7
22.5
22.6
21.8
27.4
24.4
24.2
26.9
24.8
20.4
20.2
22.5
23.3
23.5
23.2
21.0
20.5
26.6
25.0
23.4
26.8
28.1
23.4
22.3
20.2
22.6
21.3
24.0
21.5
24.1
18.4
26.9
21.0
21.7
26.0
21.9
21.0
22.1
20.6
19.1
22.4
22.7
21.1
23.5
21.7
19.6
24.6
22.3
25.8
26.3
22.4
22.9
24.7
24.1
22.4
19.7
21.4
23.2
22.0
23.5
23.4
19.7
21.3
19.8
20.0
23.9
24.6
20.8
20.8
24.8
23.0
23.0
26.4
27.0
28.1
21.6
23.0
22.4
23.1
23.2
22.7
20.2
21.1
21.0
24.2
24.3
26.3
21.2
20.7
19.3
22.0
16.0
20.7
18.4
21.4
18.7
19.7
19.7
21.9
21.6
21.7
23.1
22.4
24.4
21.5
22.5
23.0
21.9
23.2
23.9
15.9
20.4
21.2
25.1
31.1
23.3
23.0
22.4
19.0
17.7
20.6
21.1
20.6
22.5
23.8
21.6
24.1
26.5
24.3
21.7
21.9
21.2
24.0
22.8
23.2
27.8
21.9
20.6
23.2
23.0
21.7
22.8
17.3
22.8
22.3
23.5
22.4
22.5
21.2
21.5
21.6
22.7
21.7
19.7
22.7
23.1
23.2
21.5
20.7
21.4
