25.5
20.1
19.4
21.3
22.5
20.2
22.3
24.0
21.6
20.8
24.5
22.1
21.0
22.8
23.1
23.6
26.1
23.5
22.2
23.2
23.8
23.2
25.2
20.6
24.0
22.5
23.3
20.9
23.7
21.4
21.5
25.1
28.1
21.8
23.0
26.2
23.6
26.4
24.1
23.8
25.3
25.9
24.3
26.8
26.5
23.5
26.5
24.1
23.1
25.2
23.6
25.5
24.4
22.6
22.8
24.0
25.2
26.7
24.3
23.6
25.1
22.6
23.5
26.7
25.2
23.2
24.3
25.3
23.6
25.2
24.3
26.6
23.5
24.6
24.0
25.3
26.1
24.7
23.2
26.8
23.3
25.1
26.3
25.5
28.6
28.3
24.8
29.0
24.7
25.6
24.8
23.6
27.3
24.3
27.6
22.2
22.4
26.4
24.1
25.9
25.0
24.1
23.8
25.5
25.9
26.1
25.8
24.5
25.1
30.2
25.4
25.4
28.3
27.6
25.2
24.3
24.8
28.4
25.6
25.3
23.3
26.0
26.7
27.6
23.9
28.0
24.3
24.6
24.8
27.1
28.4
24.9
26.9
27.1
25.8
26.6
23.9
26.3
26.5
26.3
23.6
25.2
30.6
27.1
25.0
28.0
26.1
28.2
26.9
25.3
25.0
24.1
27.7
25.5
29.1
26.5
31.1
30.8
24.9
25.9
28.0
24.4
24.8
26.9
25.5
22.4
27.5
24.8
31.4
25.8
29.7
28.1
26.8
26.7
24.1
25.0
25.3
23.7
26.3
22.8
31.2
27.1
31.0
26.0
27.6
24.9
28.1
24.6
22.3
24.8
25.3
24.4
27.7
25.1
23.7
25.4
27.5
23.4
28.7
27.3
21.7
20.8
23.0
24.4
24.3
23.2
26.5
27.6
28.4
27.9
26.1
29.2
29.9
23.1
26.2
25.8
24.4
24.4
23.9
24.7
25.6
27.9
29.2

