9.9
8.7
9.8
9.5
15.0
20.0
21.5
20.0
20.9
20.5
21.8
20.7
24.0
19.2
20.2
21.3
24.5
22.8
23.0
20.3
26.3
23.6
24.8
22.7
19.8
20.5
22.1
21.5
20.6
20.2
21.4
22.0
22.9
23.6
24.0
26.3
24.4
22.0
23.7
15.8
21.1
19.0
20.6
21.3
21.3
22.4
20.9
22.7
25.6
20.4
22.4
21.5
24.5
22.2
20.0
22.1
22.9
22.4
20.8
20.6
22.3
23.0
25.8
25.0
24.9
21.9
24.4
24.9
21.7
21.5
19.5
20.3
20.3
23.2
24.2
21.3
22.9
23.8
23.1
20.2
24.1
21.9
23.0
22.8
19.1
20.0
25.1
21.9
21.6
21.0
22.7
20.6
24.4
21.6
24.5
23.4
20.7
20.7
22.2
23.7
22.1
21.1
22.9
19.7
22.3
22.4
21.5
25.8
24.5
28.4
24.1
22.0
20.7
24.2
17.9
24.5
24.5
21.4
22.3
21.4
20.4
22.8
22.7
22.1
22.5
20.6
23.2
22.0
22.8
24.9
24.1
24.7
22.0
23.6
20.0
23.3
24.7
22.8
19.7
23.3
19.8
21.9
23.2
22.9
25.5
23.0
22.4
21.6
22.7
23.9
22.5
22.5
24.3
22.9
22.7
22.1
23.5
22.5
20.6
21.1
22.2
24.7
23.9
24.2
23.5
25.9
22.7
24.6
20.6
21.8
23.9
22.0
20.8
21.3
21.4
24.7
26.2
29.2
22.6
21.6
20.5
21.4
22.4
21.6
23.4
22.1
21.6
20.0
25.0
17.0
22.1
20.3
