20.2
23.6
25.1
22.9
25.9
23.5
26.5
23.7
24.5
23.9
23.1
26.7
27.3
28.8
30.8
26.8
26.5
24.8
24.7
23.2
23.6
24.9
23.6
26.4
28.2
22.5
30.7
23.0
25.6
24.3
25.9
24.2
23.8
22.3
24.7
26.6
25.9
29.8
27.4
28.4
27.9
27.1
25.8
26.4
25.8
26.6
28.2
34.5
25.2
30.4
25.8
29.3
25.8
24.9
23.4
23.7
23.5
23.5
25.0
25.1
25.9
23.6
25.5
24.4
26.2
25.6
25.3
24.3
23.8
26.0
24.8
25.0
24.5
25.8
24.8
26.3
22.6
22.4
26.5
23.9
24.7
26.0
25.7
24.2
25.9
22.5
26.0
23.0
31.6
23.8
26.7
24.5
24.6
24.7
21.9
21.7
23.8
26.9
26.9
26.5
23.1
24.5
26.8
27.4
25.4
24.1
24.3
24.2
23.8
23.7
28.2
26.5
26.6
27.2
25.6
27.3
25.7
22.9
26.2
24.1
26.5
25.6
29.7
29.8
31.6
27.6
24.7
20.1
24.7
23.7
25.2
24.0
24.9
26.9
31.2
26.7
30.4
27.0
24.7
25.1
26.6
23.8
26.2
24.4
24.5
24.9
29.6
26.6
35.1
31.3
24.9
22.7
22.7
25.0
23.7
24.3
26.8
26.0
28.0
27.2
26.2
28.4
24.7
25.6
24.6
26.4
23.2
25.7
24.0
27.0
28.7
31.2
28.0
29.3
26.3
25.5
27.4
24.1
25.1
24.7
24.2
26.5
28.0
29.2
25.6
26.7
24.8
24.5
24.3
22.7
24.8
25.3
23.9
23.7
26.6
28.8
31.3
31.7
26.7
25.5
24.1
27.1
26.2
25.7
27.3
25.3
29.0
27.4
23.7
26.4
26.2
23.8
25.5
24.9
26.5
25.6
23.3
