21.2
18.0
18.3
17.7
21.8
19.2
18.1
20.6
22.6
22.0
20.8
23.3
21.0
20.4
23.6
20.3
21.8
22.2
24.8
20.5
23.2
21.3
19.3
18.8
19.6
18.9
18.2
23.1
21.9
18.8
21.2
21.2
21.2
21.3
22.4
22.3
21.5
24.4
19.8
22.3
19.6
22.7
20.6
21.9
23.5
22.5
22.7
22.1
23.8
24.7
24.9
21.7
20.3
22.2
23.8
22.1
21.0
23.1
20.0
21.0
22.6
18.1
22.9
22.5
22.7
24.0
14.1
19.1
21.0
21.7
20.3
21.1
21.0
21.9
23.1
21.7
22.3
23.9
22.4
23.4
23.2
20.1
20.2
21.8
19.8
20.7
22.7
22.6
23.9
24.2
22.0
23.8
19.6
23.3
21.5
21.6
17.6
18.0
20.8
22.1
21.5
24.6
19.2
21.3
21.5
22.1
23.6
21.1
21.8
22.8
22.8
19.4
21.5
21.1
23.1
24.3
19.2
25.3
21.2
22.3
26.3
22.8
23.2
22.2
19.8
20.3
20.7
22.4
21.0
20.4
22.7
22.3
25.3
21.8
21.5
21.9
23.9
22.7
19.2
20.6
20.2
25.6
16.9
19.9
22.1
22.8
20.4
23.0
20.6
21.5
20.4
20.0
22.0
20.8
20.4
24.2
19.9
20.7
