3.7
2.2
17.7
22.8
26.4
15.4
20.4
23.2
24.2
22.3
23.5
24.9
25.6
25.3
23.9
24.5
24.5
23.6
25.9
27.8
25.1
25.6
27.2
22.8
22.4
22.7
25.7
23.8
25.3
22.4
27.2
25.3
22.6
24.3
24.3
27.3
23.4
23.4
22.7
24.7
26.5
23.2
28.0
23.5
24.5
22.9
24.2
23.1
28.2
21.8
23.8
23.6
28.8
29.9
24.7
24.8
24.0
25.2
24.3
22.9
26.8
26.9
25.0
26.7
28.6
26.0
25.2
25.2
26.5
25.0
23.5
23.9
25.2
24.8
28.7
27.1
27.8
27.2
25.1
25.5
24.6
24.4
26.0
22.3
29.2
24.9
27.7
28.0
34.7
29.0
26.7
24.7
25.1
25.1
25.6
25.3
23.3
24.4
24.8
23.4
28.8
27.6
26.5
22.6
25.6
25.4
23.2
23.6
20.5
26.1
25.2
26.8
25.5
27.2
23.3
22.5
23.9
24.9
21.2
27.1
26.5
23.3
25.0
22.8
23.8
25.0
27.3
24.8
25.3
22.7
23.5
22.9
26.1
26.9
24.6
29.5
27.3
23.4
23.9
23.2
23.5
25.2
25.8
24.2
27.5
26.5
26.5
22.2
25.6
24.8
26.8
25.1
25.4
24.2
25.7
16.4
24.8
26.8
23.4
23.3
24.9
24.0
19.9
26.1
26.2
25.2
22.7
23.8
25.1
29.9
24.6
24.0
26.1
28.8
28.5
24.3
26.0
26.1
22.6
21.6
25.5
24.0
21.9
23.6
23.9
24.1
26.3
26.5
29.1
23.7
23.0
