3.0
2.7
5.4
25.7
20.5
15.8
20.2
20.8
19.8
20.2
19.9
22.0
22.0
18.1
20.2
19.2
20.2
20.4
20.2
22.3
21.6
20.7
24.9
21.1
22.3
22.6
22.2
22.4
21.3
21.1
22.9
24.6
22.2
22.7
20.9
21.5
23.5
21.9
22.5
23.2
24.1
23.4
20.7
21.5
21.0
22.7
22.8
20.5
21.0
22.0
22.7
19.0
20.8
20.6
20.9
21.9
22.7
24.4
20.8
20.0
22.4
23.4
23.3
21.5
21.4
20.6
21.8
21.4
22.0
19.9
20.4
23.1
23.6
21.5
24.0
24.7
21.0
21.7
23.6
21.8
20.5
23.0
22.5
19.4
20.4
23.4
21.6
22.7
23.2
23.0
23.8
23.3
21.7
21.8
23.2
21.1
21.5
23.7
25.3
23.5
23.0
23.7
22.5
23.2
22.0
21.7
23.0
22.6
20.8
19.9
20.9
20.8
24.0
22.7
21.4
21.9
23.1
21.7
20.7
21.6
26.1
24.1
23.2
20.4
20.4
23.7
22.9
23.3
21.7
20.2
21.2
23.1
20.1
21.5
21.6
23.7
25.4
24.5
22.1
22.5
17.3
20.8
21.8
21.9
20.7
22.3
21.6
22.6
22.6
21.3
24.7
23.0
24.1
22.5
22.0
20.8
22.5
23.4
19.7
19.8
20.2
20.9
20.5
20.3
20.3
25.2
21.4
23.2
22.2
22.0
21.1
21.3
18.6
16.8
