20.6 
20.2 
23.1 
20.8 
27.3 
24.9 
24.4 
24.4 
24.7 
25.2 
26.7 
27.5 
19.2 
30.6 
26.6 
24.0 
24.3 
26.8 
26.7 
24.5 
26.4 
27.7 
29.1 
24.5 
21.9 
24.1 
24.9 
30.2 
32.3 
27.3 
27.3 
26.1 
28.3 
23.6 
28.2 
25.5 
25.7 
23.6 
23.9 
24.9 
24.9 
27.8 
27.0 
26.0 
27.2 
26.9 
24.4 
27.7 
24.4 
25.0 
26.4 
25.1 
27.4 
29.6 
25.0 
25.9 
26.6 
24.2 
24.7 
26.4 
27.0 
25.3 
25.1 
26.2 
28.4 
25.5 
24.7 
25.4 
29.3 
28.1 
30.3 
25.5 
23.6 
25.1 
25.0 
26.3 
26.7 
24.2 
24.6 
23.2 
29.6 
26.5 
29.7 
23.7 
25.8 
25.9 
24.6 
24.5 
29.9 
27.2 
27.4 
27.8 
28.4 
26.5 
28.5 
26.5 
28.2 
25.4 
26.6 
28.4 
25.6 
31.5 
24.2 
21.6 
26.4 
28.0 
25.3 
25.0 
24.1 
24.5 
25.7 
26.1 
23.7 
24.9 
26.3 
28.0 
30.8 
24.1 
26.6 
23.5 
23.6 
25.7 
22.6 
24.2 
22.0 
25.4 
20.5 
24.3 
24.8 
24.3 
23.0 
26.2 
26.1 
24.8 
29.5 
26.7 
26.0 
