20.4 
21.9 
21.8 
21.8 
21.9 
23.3 
21.4 
19.5 
21.1 
22.9 
21.5 
22.7 
22.6 
23.1 
22.6 
25.5 
28.2 
21.9 
22.3 
22.0 
21.7 
21.0 
22.5 
19.9 
18.9 
21.8 
23.2 
24.5 
20.8 
26.7 
21.5 
24.9 
22.3 
20.5 
19.7 
21.0 
20.5 
22.4 
22.9 
22.7 
23.1 
21.4 
24.7 
25.7 
28.4 
23.0 
22.7 
22.6 
22.3 
23.8 
25.0 
22.3 
20.4 
21.5 
21.6 
21.2 
20.0 
21.2 
20.3 
25.4 
26.8 
22.0 
21.4 
24.2 
24.2 
22.7 
21.9 
24.8 
22.2 
24.7 
21.9 
24.1 
24.2 
24.0 
23.7 
18.2 
26.1 
17.6 
21.2 
21.3 
22.7 
22.6 
19.7 
21.0 
23.9 
28.3 
25.0 
22.6 
22.2 
22.6 
22.6 
24.7 
19.6 
22.7 
20.8 
22.5 
24.4 
24.8 
24.3 
27.6 
24.4 
23.8 
21.1 
21.5 
23.7 
21.5 
20.7 
21.1 
20.7 
20.7 
24.4 
22.7 
22.9 
24.4 
26.6 
21.9 
20.0 
22.4 
20.5 
22.1 
22.6 
24.0 
24.5 
21.9 
22.1 
22.3 
26.1 
25.4 
27.6 
22.9 
21.0 
21.9 
21.0 
20.3 
23.7 
22.6 
23.3 
23.7 
25.0 
25.3 
23.1 
26.2 
24.7 
20.4 
17.6 
21.1 
19.7 
19.4 
21.8 
17.3 
21.6 
24.6 
23.3 
24.5 
22.2 
25.1 
23.3 
22.3 
23.8 
22.6 
21.6 
20.0 
19.5 
22.7 
26.6 
23.5 
23.9 
21.6 
22.1 
21.6 
21.2 
22.8 
19.2 
22.5 
23.3 
24.0 
23.1 
24.3 
19.6 
24.5 
31.8 
25.0 
22.4 
23.1 
