24.1 
22.9 
23.8 
21.9 
21.8 
21.4 
21.4 
18.1 
21.5 
19.9 
23.4 
22.4 
18.7 
23.8 
22.3 
20.9 
23.7 
21.7 
21.9 
23.5 
26.6 
22.3 
24.8 
26.4 
21.6 
22.3 
22.0 
20.2 
22.7 
20.7 
21.7 
21.3 
22.4 
25.2 
23.7 
21.3 
22.7 
17.6 
22.5 
21.2 
21.6 
21.4 
23.6 
22.3 
19.7 
21.9 
20.0 
18.5 
21.7 
21.6 
22.7 
20.5 
21.0 
21.9 
20.7 
23.8 
24.4 
23.4 
23.6 
20.0 
11.0 
21.4 
24.1 
21.1 
20.0 
23.1 
22.1 
24.1 
23.6 
21.4 
19.5 
22.4 
21.7 
21.5 
20.4 
19.9 
20.0 
21.0 
20.8 
21.2 
22.9 
21.6 
22.9 
20.5 
21.0 
22.5 
22.6 
24.4 
21.0 
20.7 
21.3 
22.7 
16.0 
21.6 
21.3 
22.9 
22.6 
23.3 
27.1 
22.3 
24.2 
22.8 
23.2 
20.3 
21.3 
20.2 
23.9 
21.4 
22.3 
24.8 
19.7 
22.8 
19.7 
20.0 
24.7 
23.5 
25.6 
25.6 
22.1 
23.2 
23.0 
22.6 
26.5 
20.6 
22.8 
23.2 
24.9 
25.6 
24.1 
23.1 
25.4 
24.6 
24.1 
21.2 
23.6 
20.9 
21.7 
22.6 
22.1 
21.6 
22.2 
25.0 
22.8 
23.2 
22.8 
20.7 
23.2 
26.1 
22.0 
22.6 
20.7 
22.8 
26.1 
23.0 
20.1 
23.7 
22.5 
21.7 
25.4 
24.2 
23.5 
25.6 
28.9 
22.1 
20.5 
22.4 
23.2 
22.5 
21.8 
20.7 
21.8 
22.3 
27.2 
20.9 
24.9 
23.1 
24.8 
24.5 
23.1 
22.5 
22.6 
22.7 
24.1 
20.6 
20.5 
22.3 
23.2 
22.4 
26.7 
19.3 
16.1 
23.8 
24.7 
24.9 
19.7 
22.1 
22.3 
20.8 
20.3 
22.3 
20.5 
22.5 
25.4 
23.3 
24.3 
22.7 
22.4 
