18.7
19.6
19.3
18.8
18.0
21.5
20.3
20.0
20.5
20.1
22.5
21.5
22.4
21.5
22.8
19.5
19.9
18.9
21.4
20.1
19.5
18.9
19.7
19.8
19.8
21.6
20.2
21.7
19.7
22.2
20.8
19.7
21.0
19.8
21.2
21.0
22.6
20.9
20.2
20.3
20.8
20.7
20.5
21.4
20.7
21.6
21.3
19.6
19.4
19.7
19.9
21.2
22.1
20.0
20.9
22.0
22.0
23.2
20.3
21.5
21.4
21.9
22.1
20.8
20.3
19.4
19.6
20.3
24.2
23.4
23.6
22.1
25.0
22.4
21.4
22.9
22.5
24.2
24.3
22.1
21.1
23.6
21.9
20.7
23.5
22.1
22.0
22.6
21.5
21.7
22.4
21.8
22.4
16.9
19.5
19.3
20.7
22.5
20.7
20.7
26.9
22.6
22.8
22.1
23.3
24.8
20.7
22.3
21.1
21.2
23.1
21.8
22.2
20.2
21.9
20.1
19.7
21.3
20.8
23.4
20.7
22.9
23.7
22.6
24.2
20.6
21.0
22.7
21.0
24.5
23.6
21.4
20.1
21.0
22.2
24.0
22.7
22.9
29.0
22.8
25.6
22.3
21.3
21.9
22.2
21.4
22.4
20.3
21.4
22.4
21.9
22.8
22.8
21.
