17.0 
17.8 
12.2 
19.6 
18.2 
19.4 
20.3 
16.5 
18.3 
18.0 
18.7 
16.6 
19.5 
17.9 
19.2 
19.6 
19.1 
19.0 
18.6 
18.8 
19.6 
19.5 
19.5 
18.4 
18.8 
21.8 
19.5 
21.5 
18.5 
20.3 
23.9 
18.6 
17.9 
19.7 
19.7 
21.7 
19.4 
19.0 
18.6 
19.5 
19.7 
18.9 
18.5 
19.2 
19.7 
18.7 
22.9 
20.8 
17.6 
21.4 
20.4 
21.1 
21.4 
20.0 
21.7 
22.7 
17.8 
19.7 
19.1 
20.1 
19.2 
19.5 
20.2 
19.7 
21.8 
19.5 
19.9 
20.4 
19.5 
20.9 
20.0 
21.4 
19.7 
21.0 
21.9 
18.7 
20.8 
20.8 
18.4 
19.6 
20.9 
20.7 
19.9 
21.0 
21.0 
19.1 
18.3 
19.2 
21.0 
21.3 
21.2 
21.4 
19.0 
18.4 
18.6 
18.7 
20.2 
20.0 
21.9 
20.5 
19.5 
18.8 
17.4 
19.5 
17.3 
21.9 
20.1 
18.6 
21.7 
20.5 
20.7 
19.5 
21.4 
20.4 
19.1 
18.7 
22.7 
22.2 
19.5 
20.9 
18.0 
19.8 
21.0 
21.3 
18.4 
21.5 
20.5 
17.9 
19.6 
18.3 
17.9 
18.5 
19.1 
19.4 
21.2 
20.2 
18.7 
20.4 
18.0 
20.7 
20.2 
19.7 
20.8 
19.4 
18.9 
22.0 
22.7 
19.8 
19.5 
20.8 
19.7 
19.8 
19.6 
19.4 
19.5 
20.8 
18.1 
19.9 
21.4 
19.2 
18.0 
20.7 
20.7 
19.6 
17.9 
21.6 
20.4 
18.2 
18.7 
21.0 
18.5 
19.5 
20.4 
19.1 
20.7 
18.7 
19.3 
19.6 
22.1 
20.6 
19.9 
20.0 
19.4 
19.4 
