14.9 
12.8 
12.9 
12.0 
15.0 
15.4 
15.4 
15.5 
15.2 
12.8 
14.5 
13.5 
15.1 
14.9 
14.3 
16.1 
15.1 
12.6 
15.0 
14.1 
13.7 
15.5 
15.5 
14.3 
15.6 
13.5 
13.4 
11.8 
11.8 
13.9 
14.9 
11.6 
12.4 
11.6 
14.2 
14.7 
15.0 
11.9 
12.6 
14.6 
14.9 
10.6 
13.9 
13.1 
13.8 
16.3 
13.6 
13.5 
15.3 
15.8 
12.6 
14.2 
11.4 
13.5 
15.7 
14.5 
11.9 
14.5 
14.1 
13.9 
14.8 
13.2 
13.9 
14.5 
13.2 
15.0 
14.7 
15.7 
14.4 
13.6 
13.4 
15.5 
14.6 
14.3 
11.5 
14.6 
12.3 
16.0 
13.3 
14.2 
14.4 
15.4 
16.0 
17.2 
15.1 
15.3 
11.6 
14.3 
14.6 
13.8 
12.3 
14.3 
9.9 
12.9 
12.0 
13.1 
12.0 
12.6 
14.4 
11.9 
13.6 
16.0 
14.9 
13.9 
15.8 
13.2 
14.7 
16.1 
12.9 
13.6 
14.2 
12.8 
13.7 
15.0 
13.1 
15.2 
14.7 
15.1 
15.8 
14.4 
