5.1 
4.6 
12.2 
13.8 
20.3 
16.6 
18.8 
18.1 
17.4 
20.5 
19.5 
18.6 
20.7 
18.1 
18.4 
20.2 
21.1 
20.1 
18.9 
19.7 
18.5 
21.0 
18.4 
21.0 
18.9 
19.7 
19.4 
20.7 
20.8 
19.1 
20.9 
20.8 
19.4 
19.3 
19.9 
19.3 
20.3 
19.4 
19.7 
22.5 
20.6 
20.0 
21.8 
19.2 
19.2 
18.9 
19.6 
18.6 
20.2 
20.1 
16.0 
19.0 
19.1 
20.3 
19.3 
19.7 
20.7 
19.4 
21.3 
19.0 
18.1 
19.5 
19.3 
18.6 
19.0 
19.9 
20.2 
20.4 
23.3 
22.6 
19.5 
18.4 
18.4 
19.4 
19.6 
17.7 
18.6 
21.5 
21.0 
20.1 
17.7 
21.5 
18.7 
22.0 
18.0 
20.1 
18.3 
18.1 
19.4 
19.5 
21.2 
20.5 
18.5 
19.7 
18.5 
20.3 
21.8 
16.9 
18.7 
18.6 
17.2 
20.6 
20.3 
19.3 
20.1 
19.6 
19.4 
17.6 
20.7 
19.4 
18.9 
19.9 
19.8 
18.5 
18.2 
18.2 
17.6 
17.8 
18.6 
18.2 
19.6 
20.0 
21.3 
18.1 
17.0 
19.9 
21.4 
21.2 
19.6 
22.5 
20.4 
17.6 
18.1 
18.7 
21.4 
18.4 
19.8 
20.6 
19.6 
21.2 
20.6 
20.4 
20.2 
19.1 
20.7 
21.0 
18.1 
19.4 
21.1 
20.4 
21.2 
21.7 
19.1 
19.6 
18.3 
20.6 
21.4 
19.6 
21.1 
20.6 
20.0 
18.2 
19.3 
19.0 
18.5 
19.1 
21.9 
19.5 
18.5 
21.1 
21.6 
21.1 
20.1 
17.3 
20.0 
15.6 
19.8 
20.7 
19.8 
19.4 
23.0 
19.7 
22.7 
19.7 
21.4 
19.8 
19.7 
18.4 
17.4 
18.9 
21.1 
21.8 
19.0 
18.1 
20.0 
20.3 
19.4 
17.4 
11.0 
18.7 
