11.4 
12.9 
14.7 
12.5 
12.4 
11.9 
14.7 
12.2 
14.8 
15.6 
15.4 
15.0 
15.2 
11.2 
13.3 
12.2 
14.5 
15.5 
13.5 
15.0 
15.0 
13.7 
11.7 
15.6 
14.3 
12.7 
13.8 
14.6 
12.2 
13.1 
14.4 
12.1 
13.4 
15.3 
15.8 
15.4 
14.1 
14.1 
13.6 
12.4 
14.3 
16.5 
13.5 
15.2 
15.2 
13.8 
15.0 
12.4 
12.7 
12.5 
13.7 
13.4 
16.7 
11.8 
12.7 
18.3 
15.2 
14.3 
14.1 
14.5 
14.4 
14.3 
13.9 
15.0 
14.0 
13.2 
14.0 
11.9 
16.4 
13.6 
12.9 
14.0 
16.6 
15.0 
14.0 
15.4 
12.6 
15.0 
15.1 
14.0 
17.1 
16.0 
16.3 
14.7 
13.8 
15.0 
13.5 
12.8 
13.3 
13.5 
10.8 
15.2 
13.6 
14.4 
13.9 
13.8 
12.6 
14.0 
14.8 
14.7 
14.2 
14.2 
14.6 
13.4 
14.4 
15.4 
16.2 
15.0 
13.7 
12.2 
14.9 
11.9 
14.1 
12.9 
14.8 
15.8 
13.7 
12.0 
14.4 
14.5 
13.6 
13.2 
14.3 
14.3 
13.3 
13.3 
14.7 
12.5 
12.0 
13.8 
13.5 
13.5 
13.9 
12.7 
16.5 
13.1 
14.8 
13.6 
13.8 
13.6 
15.6 
12.1 
11.5 
14.2 
14.7 
15.6 
10.9 
11.3 
15.8 
13.3 
11.3 
14.3 
13.9 
14.6 
13.9 
15.4 
13.6 
13.1 
15.5 
14.1 
11.2 
16.4 
15.3 
14.2 
12.3 
16.8 
13.9 
14.2 
14.4 
11.8 
14.4 
14.0 
13.4 
14.9 
15.3 
14.1 
13.9 
13.2 
12.1 
14.3 
13.8 
15.2 
15.8 
13.4 
14.3 
14.9 
11.2 
14.6 
13.7 
13.4 
11.0 
14.9 
14.1 
13.7 
14.0 
15.1 
13.5 
15.4 
14.3 
14.1 
14.4 
14.1 
13.3 
13.5 
13.6 
12.4 
13.4 
14.9 
14.1 
14.1 
14.8 
15.0 
14.0 
14.6 
13.8 
13.9 
8.6 
12.2 
15.0 
16.1 
14.4 
13.5 
14.7 
13.4 
14.7 
12.9 
14.3 
15.7 
14.5 
14.5 
14.4 
14.6 
11.0 
11.5 
11.9 
15.0 
11.9 
13.0 
14.0 
14.3 
13.1 
11.9 
12.2 
12.3 
9.9 
14.8 
15.1 
18.7 
14.2 
16.2 
14.9 
14.5 
14.3 
14.3 
14.4 
12.6 
14.8 
12.5 
11.7 
15.4 
14.9 
9.9 
12.2 
14.1 
14.3 
15.6 
15.3 
14.6 
15.5 
11.5 
12.5 
15.6 
14.4 
14.2 
16.0 
14.4 
13.9 
14.8 
14.5 
13.9 
14.6 
13.6 
14.9 
14.6 
15.5 
14.8 
14.0 
15.6 
15.5 
11.7 
14.4 
16.5 
17.0 
11.8 
13.9 
14.2 
14.8 
13.8 
15.4 
15.1 
11.1 
14.1 
15.8 
13.3 
11.9 
13.9 
13.7 
12.8 
14.5 
13.4 
13.9 
10.0 
14.1 
