2.9 
8.5 
18.5 
17.1 
16.8 
19.4 
18.0 
19.0 
19.0 
18.0 
18.1 
17.2 
18.5 
17.6 
18.9 
19.2 
19.4 
18.3 
21.1 
17.0 
19.2 
16.2 
19.3 
19.5 
18.4 
18.1 
19.3 
18.3 
17.6 
18.3 
19.1 
17.6 
20.8 
17.1 
16.6 
19.6 
20.3 
17.4 
17.2 
17.5 
19.0 
18.6 
19.5 
18.2 
19.3 
18.5 
19.3 
16.5 
17.6 
17.9 
19.6 
21.2 
17.8 
20.9 
19.1 
19.0 
19.4 
19.6 
19.0 
20.7 
20.3 
18.3 
18.4 
20.1 
16.6 
17.6 
18.9 
18.9 
20.6 
19.9 
19.5 
19.3 
18.5 
18.0 
18.3 
16.6 
17.2 
19.6 
18.5 
20.6 
20.8 
17.6 
19.1 
18.1 
17.9 
18.9 
18.4 
20.1 
20.3 
20.8 
19.9 
18.8 
18.5 
18.0 
17.2 
18.4 
17.1 
21.6 
20.8 
16.8 
19.2 
17.8 
18.8 
20.5 
19.9 
18.2 
18.4 
18.7 
16.7 
19.2 
18.6 
18.1 
16.3 
19.6 
18.0 
21.2 
18.2 
18.4 
19.1 
17.6 
18.3 
18.6 
20.7 
21.2 
17.6 
17.6 
19.6 
16.7 
19.2 
18.6 
20.6 
20.1 
16.9 
16.0 
19.9 
18.2 
19.4 
17.1 
19.0 
19.3 
19.6 
19.7 
21.0 
17.7 
18.9 
19.2 
18.2 
19.0 
18.7 
20.1 
19.9 
20.2 
19.7 
15.2 
17.3 
17.7 
19.5 
18.7 
21.0 
18.7 
20.5 
18.7 
18.6 
19.0 
20.0 
18.0 
18.0 
17.2 
16.8 
17.3 
18.5 
18.5 
18.8 
18.8 
19.1 
18.3 
18.1 
20.0 
19.8 
17.6 
18.6 
20.3 
19.9 
20.2 
19.2 
18.4 
20.0 
18.8 
20.9 
18.9 
20.7 
19.5 
19.2 
17.5 
21.9 
19.2 
21.5 
21.1 
18.9 
18.9 
18.5 
19.8 
20.9 
19.3 
21.7 
22.2 
21.2 
21.3 
19.0 
17.6 
20.8 
18.1 
20.0 
19.5 
18.2 
19.7 
18.8 
18.8 
19.3 
18.6 
19.8 
20.8 
19.8 
16.8 
19.5 
19.9 
11.7 
12.8 
18.5 
19.1 
17.7 
16.2 
18.8 
19.4 
16.9 
19.3 
18.7 
19.3 
16.3 
18.4 
19.0 
20.1 
18.1 
19.0 
