16.0 
18.9 
20.5 
20.7 
16.3 
20.4 
20.5 
21.0 
15.5 
19.7 
18.4 
21.2 
18.3 
19.9 
22.0 
21.9 
21.9 
18.2 
19.6 
20.8 
21.7 
21.0 
19.3 
19.5 
20.5 
21.5 
20.9 
18.7 
20.6 
22.0 
21.2 
20.6 
20.6 
22.3 
18.8 
19.1 
21.8 
20.7 
19.7 
19.4 
20.3 
21.1 
20.7 
22.5 
19.2 
19.6 
21.6 
20.5 
20.6 
20.3 
23.0 
20.9 
18.0 
19.8 
21.5 
19.0 
21.6 
20.8 
19.7 
19.7 
22.5 
20.7 
19.2 
17.9 
19.2 
20.8 
20.4 
22.8 
21.2 
22.0 
20.2 
22.3 
22.8 
19.6 
18.8 
19.4 
22.0 
23.2 
19.3 
18.7 
20.5 
19.3 
18.5 
21.4 
19.7 
20.5 
20.7 
19.8 
21.4 
20.9 
21.5 
17.5 
22.5 
22.3 
19.4 
21.0 
21.0 
19.9 
16.1 
21.1 
19.5 
21.8 
19.3 
20.7 
18.5 
19.2 
22.3 
19.5 
21.2 
19.8 
22.1 
22.9 
20.6 
20.2 
19.2 
20.4 
17.6 
21.5 
20.4 
26.8 
24.5 
21.6 
21.0 
19.5 
20.5 
19.4 
18.4 
20.3 
19.2 
23.4 
19.4 
20.9 
22.2 
20.5 
18.5 
19.7 
20.1 
22.3 
22.0 
19.9 
21.2 
20.1 
19.9 
21.4 
20.1 
17.9 
20.2 
21.2 
19.1 
23.6 
20.3 
18.4 
20.9 
20.7 
20.8 
21.0 
21.8 
22.5 
19.7 
21.3 
20.0 
18.9 
22.7 
22.0 
20.9 
18.4 
19.0 
18.6 
18.4 
21.4 
22.9 
20.7 
19.7 
20.7 
20.2 
21.4 
18.8 
19.1 
21.4 
19.7 
19.0 
18.3 
19.3 
18.5 
21.5 
20.8 
20.0 
21.7 
20.9 
22.1 
19.5 
22.1 
20.5 
21.2 
23.6 
23.2 
20.6 
21.1 
19.7 
21.8 
21.6 
18.8 
19.4 
23.2 
22.3 
20.5 
20.2 
20.7 
20.7 
20.9 
22.5 
21.1 
22.7 
11.0 
18.3 
20.5 
19.9 
