45.3 
52.1 
38.4 
54.0 
52.7 
52.8 
53.4 
48.7 
53.7 
42.6 
42.3 
44.8 
49.4 
51.0 
48.1 
49.2 
51.7 
49.4 
46.2 
47.4 
53.4 
44.5 
51.4 
51.7 
47.8 
54.8 
46.7 
52.3 
50.7 
52.1 
51.5 
52.1 
47.3 
53.4 
23.4 
54.2 
52.7 
47.1 
49.3 
47.3 
50.5 
53.3 
46.0 
54.3 
53.1 
53.9 
51.5 
32.3 
50.6 
52.9 
50.9 
51.2 
49.8 
51.0 
46.8 
54.1 
51.1 
46.4 
51.7 
51.3 
52.0 
54.2 
52.4 
53.4 
48.5 
42.3 
53.1 
52.8 
53.3 
42.1 
52.4 
53.6 
49.4 
50.0 
42.2 
51.5 
52.8 
53.2 
52.8 
47.3 
53.5 
49.1 
52.0 
52.8 
51.8 
53.7 
49.4 
49.0 
52.6 
50.1 
53.9 
53.9 
52.2 
52.1 
53.1 
50.3 
52.1 
51.1 
53.9 
51.9 
50.5 
54.2 
51.6 
51.2 
53.3 
47.2 
49.1 
46.6 
51.5 
50.9 
45.8 
47.0 
53.8 
49.3 
54.7 
43.0 
50.0 
52.7 
48.8 
48.6 
43.5 
48.9 
49.8 
53.6 
43.1 
52.4 
43.2 
51.6 
52.2 
50.6 
52.6 
50.2 
52.0 
49.7 
51.5 
45.4 
51.2 
50.4 
34.2 
49.6 
51.9 
53.5 
55.2 
44.8 
51.4 
51.0 
53.3 
48.2 
49.4 
53.1 
47.5 
47.9 
50.1 
45.5 
47.2 
48.9 
53.9 
53.6 
53.8 
50.2 
53.9 
49.9 
43.5 
54.3 
49.5 
47.0 
51.3 
52.1 
40.2 
52.4 
49.5 
50.1 
53.1 
47.3 
52.7 
50.5 
51.6 
50.5 
48.6 
53.0 
52.7 
52.1 
43.1 
53.7 
52.7 
52.0 
53.3 
47.8 
52.2 
49.5 
