33.6 
35.6 
38.5 
33.2 
31.9 
36.2 
27.0 
34.1 
30.6 
37.8 
37.3 
21.0 
37.9 
36.2 
36.9 
35.5 
35.7 
26.7 
37.1 
39.6 
33.9 
37.0 
34.0 
38.5 
35.3 
33.7 
36.9 
32.6 
28.5 
31.7 
35.4 
36.2 
36.8 
36.5 
41.3 
33.2 
34.5 
33.8 
28.5 
39.8 
37.7 
34.2 
36.1 
37.1 
40.8 
29.8 
35.5 
35.4 
39.3 
37.2 
37.6 
28.4 
38.2 
32.4 
30.6 
32.0 
38.3 
36.6 
38.8 
33.3 
33.0 
37.3 
34.0 
34.1 
38.0 
36.8 
38.4 
27.6 
34.6 
29.2 
30.2 
31.6 
32.9 
31.1 
38.4 
35.5 
31.8 
35.3 
36.6 
39.2 
38.3 
37.0 
35.4 
30.6 
37.1 
38.7 
36.4 
36.2 
36.4 
43.3 
32.5 
39.8 
34.8 
35.7 
37.7 
35.4 
34.7 
38.4 
33.7 
35.3 
41.2 
28.8 
31.9 
34.6 
31.8 
33.7 
35.5 
38.1 
37.8 
39.9 
34.4 
33.6 
35.3 
36.1 
33.6 
34.8 
38.0 
25.4 
33.3 
31.6 
40.0 
38.4 
32.6 
38.2 
40.8 
30.6 
28.6 
39.4 
37.9 
30.7 
35.2 
30.4 
35.5 
31.1 
33.1 
26.7 
28.9 
38.3 
32.0 
31.0 
27.8 
34.2 
38.2 
40.6 
34.2 
25.1 
38.2 
30.4 
39.0 
39.2 
27.4 
40.9 
33.7 
34.7 
32.7 
35.4 
30.4 
39.8 
32.4 
22.6 
37.6 
39.9 
32.5 
12.9 
30.9 
34.5 
25.3 
33.7 
31.1 
34.8 
33.5 
35.2 
34.7 
36.5 
34.9 
31.8 
40.7 
33.0 
31.7 
40.5 
35.1 
34.6 
35.5 
20.9 
33.7 
33.3 
37.2 
38.3 
29.6 
40.2 
31.0 
29.4 
34.8 
37.3 
32.2 
28.9 
33.4 
37.3 
32.3 
32.3 
38.0 
35.9 
36.6 
36.4 
35.6 
