45.1 
49.5 
53.8 
49.6 
52.2 
45.0 
51.0 
50.2 
52.8 
54.7 
51.7 
49.3 
54.0 
53.4 
51.0 
44.4 
44.5 
53.4 
47.1 
53.2 
49.9 
52.0 
43.6 
50.4 
48.5 
53.5 
49.5 
52.4 
53.2 
50.2 
45.1 
52.7 
46.9 
47.8 
53.4 
49.0 
53.4 
49.4 
25.8 
50.8 
48.9 
51.8 
49.8 
53.7 
47.2 
50.0 
48.4 
52.7 
45.4 
54.0 
54.5 
43.7 
53.8 
53.5 
50.8 
55.1 
52.0 
50.7 
50.8 
47.9 
46.3 
49.5 
44.4 
49.3 
53.4 
54.0 
49.5 
52.5 
36.3 
51.5 
49.8 
48.4 
50.4 
53.2 
53.9 
53.9 
52.9 
48.8 
54.1 
53.3 
54.4 
49.4 
56.3 
52.1 
42.6 
51.8 
46.0 
50.7 
44.9 
48.5 
47.7 
49.9 
46.8 
56.2 
56.7 
56.0 
56.4 
53.1 
53.0 
53.2 
48.8 
49.5 
52.0 
54.3 
53.2 
55.5 
51.7 
52.0 
50.9 
48.4 
50.5 
52.8 
56.0 
55.3 
44.3 
37.6 
51.1 
52.9 
53.3 
51.9 
46.3 
49.9 
42.7 
46.9 
52.6 
22.7 
50.9 
49.4 
52.0 
52.2 
53.6 
48.7 
48.5 
48.6 
52.7 
51.9 
52.6 
50.7 
53.1 
45.6 
54.4 
46.6 
47.6 
44.8 
50.6 
46.2 
46.0 
50.9 
51.5 
51.8 
51.5 
53.1 
46.0 
52.0 
47.3 
54.0 
52.0 
51.3 
56.3 
51.0 
52.2 
47.9 
47.6 
52.7 
53.1 
50.8 
53.8 
53.4 
46.4 
52.1 
48.6 
46.1 
54.3 
54.1 
51.0 
53.5 
51.9 
50.8 
46.1 
53.1 
53.4 
50.6 
51.4 
51.0 
52.7 
49.4 
49.4 
