43.7 
29.0 
49.0 
34.7 
34.8 
46.0 
23.0 
39.2 
37.8 
45.5 
40.0 
45.4 
42.7 
38.9 
40.8 
42.4 
44.3 
45.4 
40.7 
40.9 
44.1 
45.2 
46.1 
40.8 
47.7 
48.1 
43.8 
47.8 
38.8 
46.2 
47.9 
48.0 
44.2 
43.7 
38.2 
45.0 
42.8 
45.3 
44.7 
46.7 
45.3 
46.0 
43.0 
50.0 
43.9 
47.7 
46.3 
45.6 
44.2 
49.1 
45.9 
40.8 
43.8 
46.5 
42.4 
40.2 
46.5 
45.1 
45.4 
46.8 
49.1 
41.4 
46.4 
46.1 
46.5 
43.5 
45.9 
39.8 
43.6 
41.0 
42.2 
46.8 
49.7 
43.8 
49.1 
46.4 
44.0 
37.0 
44.0 
46.4 
39.4 
36.4 
36.5 
40.2 
46.0 
42.2 
46.8 
44.2 
47.4 
45.8 
47.1 
40.9 
50.1 
49.8 
42.5 
41.8 
44.9 
44.0 
46.3 
42.3 
49.3 
44.9 
43.0 
48.7 
45.1 
46.4 
45.4 
46.4 
44.1 
47.0 
46.4 
41.5 
44.8 
33.6 
44.6 
47.3 
43.5 
47.7 
49.9 
44.0 
37.2 
49.4 
42.5 
46.6 
37.4 
46.7 
39.6 
45.7 
44.7 
41.1 
43.2 
42.0 
46.7 
47.4 
40.7 
44.7 
47.5 
49.1 
43.3 
46.6 
43.6 
47.0 
44.5 
38.3 
39.8 
43.9 
44.8 
47.7 
38.1 
43.5 
44.3 
40.2 
37.8 
46.9 
43.3 
43.7 
43.9 
40.6 
46.8 
45.7 
43.2 
49.7 
45.2 
49.2 
46.4 
46.8 
44.9 
44.7 
46.7 
45.2 
36.8 
37.0 
42.6 
45.7 
41.4 
47.2 
43.6 
46.7 
43.1 
44.9 
49.7 
43.8 
48.3 
46.5 
46.6 
46.6 
48.3 
46.8 
43.2 
48.8 
45.9 
41.5 
44.2 
45.6 
50.7 
48.5 
49.0 
48.0 
45.1 
43.3 
47.2 
42.4 
45.0 
45.8 
46.8 
41.2 
45.2 
43.2 
45.6 
45.0 
43.6 
39.4 
47.7 
46.4 
43.7 
44.3 
45.7 
44.7 
