36.5 
31.2 
40.9 
42.7 
44.7 
44.9 
35.5 
41.4 
44.6 
45.6 
49.0 
44.3 
45.0 
41.3 
37.6 
38.4 
48.2 
49.4 
46.1 
46.1 
45.2 
43.3 
43.9 
43.9 
37.1 
38.4 
41.2 
41.2 
42.2 
37.1 
41.2 
42.9 
44.9 
42.6 
42.0 
44.6 
42.5 
34.3 
35.8 
40.6 
44.0 
44.8 
40.2 
43.2 
43.9 
38.8 
45.2 
46.3 
39.4 
45.1 
49.1 
46.3 
50.1 
43.2 
42.7 
44.9 
45.2 
46.6 
48.2 
39.3 
46.6 
47.1 
41.9 
47.4 
45.2 
37.9 
46.2 
44.3 
46.9 
38.0 
42.4 
46.9 
46.3 
42.0 
46.1 
44.3 
37.5 
44.9 
44.9 
48.7 
46.4 
38.7 
49.5 
45.5 
41.5 
47.0 
44.6 
45.0 
45.3 
45.6 
46.8 
48.0 
47.1 
42.2 
46.9 
49.4 
48.0 
43.5 
47.5 
41.4 
46.4 
35.6 
48.6 
37.7 
46.5 
45.1 
45.8 
49.4 
44.9 
44.1 
38.6 
46.5 
47.5 
47.0 
40.7 
42.3 
49.9 
46.9 
42.8 
42.8 
47.8 
46.4 
47.5 
46.8 
42.9 
47.5 
44.6 
47.4 
44.9 
40.8 
39.6 
44.8 
38.3 
40.7 
47.9 
42.7 
48.5 
40.8 
41.7 
44.7 
49.3 
41.6 
38.8 
43.2 
41.6 
37.9 
43.4 
44.7 
43.1 
45.5 
44.5 
40.6 
47.2 
45.7 
43.4 
43.4 
47.8 
44.1 
48.1 
46.4 
48.5 
45.8 
47.2 
47.2 
41.9 
46.6 
44.2 
39.4 
45.2 
46.4 
38.7 
44.0 
46.3 
46.2 
40.0 
44.4 
43.5 
45.5 
45.4 
44.7 
21.6 
49.3 
44.5 
48.0 
37.2 
41.6 
45.4 
46.9 
39.9 
43.6 
41.3 
45.9 
39.4 
45.0 
40.0 
43.8 
38.7 
44.5 
39.1 
47.6 
44.5 
45.7 
44.6 
45.9 
39.5 
48.2 
