52.8 
48.5 
40.8 
54.8 
53.7 
45.6 
46.8 
45.8 
41.5 
47.7 
52.1 
43.4 
49.4 
43.9 
50.1 
51.9 
50.8 
48.2 
50.6 
51.4 
52.2 
50.2 
48.2 
48.4 
44.5 
40.5 
52.2 
53.7 
43.9 
47.6 
49.2 
54.5 
54.2 
47.9 
53.1 
52.5 
53.8 
50.8 
51.8 
49.9 
53.6 
49.7 
48.5 
50.4 
47.2 
46.0 
53.9 
54.2 
48.0 
50.8 
47.4 
50.5 
50.5 
46.4 
52.7 
51.8 
54.6 
43.2 
49.6 
53.0 
44.5 
49.8 
51.0 
48.1 
47.4 
50.3 
53.6 
46.3 
46.7 
50.5 
47.5 
42.7 
43.2 
44.9 
52.4 
51.6 
52.6 
54.1 
50.9 
54.0 
53.7 
50.0 
46.3 
53.4 
53.5 
53.4 
29.0 
54.0 
54.0 
49.6 
53.5 
47.9 
49.7 
47.1 
51.7 
47.4 
46.2 
48.3 
48.8 
50.5 
55.0 
50.8 
52.0 
53.9 
54.0 
51.1 
45.3 
49.7 
47.6 
49.8 
51.7 
54.1 
46.4 
53.4 
48.2 
48.3 
45.8 
51.2 
50.4 
54.1 
49.1 
49.9 
49.9 
46.7 
53.1 
53.4 
51.5 
54.6 
53.7 
50.6 
46.0 
41.7 
53.9 
46.5 
47.9 
51.8 
49.9 
42.9 
50.1 
54.0 
52.5 
45.3 
51.8 
52.3 
53.8 
54.0 
51.4 
53.0 
49.9 
53.2 
40.8 
45.9 
53.4 
51.6 
45.3 
53.9 
53.7 
47.1 
53.7 
51.7 
48.8 
49.2 
48.7 
55.0 
48.2 
44.0 
53.4 
47.2 
43.4 
52.9 
50.8 
47.8 
51.8 
52.1 
50.8 
47.7 
53.3 
47.3 
49.2 
48.2 
54.4 
49.9 
48.9 
50.6 
41.4 
15.8 
48.3 
53.5 
54.2 
49.8 
46.6 
