45.5 
46.8 
51.8 
49.8 
45.8 
50.8 
45.4 
55.3 
53.8 
48.6 
50.2 
47.9 
51.6 
51.4 
44.2 
42.9 
46.2 
54.2 
46.5 
49.8 
48.4 
49.4 
50.8 
51.7 
54.1 
46.6 
48.4 
42.1 
53.8 
51.6 
48.2 
26.4 
44.2 
47.0 
50.8 
51.2 
44.5 
51.6 
50.2 
53.0 
51.5 
47.7 
53.0 
48.5 
50.6 
45.6 
35.9 
53.9 
51.3 
50.3 
38.3 
45.5 
49.0 
50.1 
44.1 
40.8 
48.6 
48.5 
46.4 
47.9 
52.3 
48.4 
48.9 
45.4 
52.5 
52.2 
46.4 
48.9 
49.7 
50.5 
49.4 
49.7 
48.2 
48.0 
52.3 
50.0 
50.0 
46.5 
47.8 
44.0 
50.5 
50.1 
49.4 
51.4 
41.7 
50.5 
45.0 
46.1 
52.3 
48.5 
48.1 
49.4 
50.5 
47.0 
49.1 
45.8 
49.3 
44.4 
47.0 
42.4 
45.5 
46.5 
48.2 
46.7 
52.6 
50.5 
50.7 
49.6 
51.1 
51.3 
50.0 
50.6 
51.9 
46.6 
52.3 
35.6 
53.3 
42.5 
40.7 
52.3 
45.8 
46.6 
47.9 
46.5 
52.5 
48.8 
52.9 
53.3 
50.8 
53.6 
0.8 
39.4 
52.8 
45.4 
55.0 
48.2 
47.6 
53.8 
50.8 
50.9 
13.5 
52.0 
51.3 
50.1 
51.4 
40.5 
50.7 
48.4 
45.9 
50.7 
53.1 
52.4 
45.3 
52.3 
50.2 
36.6 
36.9 
53.7 
49.5 
52.6 
44.1 
48.5 
54.5 
47.3 
47.6 
40.2 
51.3 
47.5 
49.2 
46.4 
50.8 
51.2 
45.2 
54.0 
52.3 
56.7 
47.7 
53.8 
52.4 
52.1 
53.5 
52.8 
47.3 
43.0 
46.2 
49.6 
53.5 
41.9 
46.3 
45.9 
52.2 
53.1 
49.9 
43.6 
52.3 
44.6 
37.6 
52.2 
52.7 
47.7 
30.8 
49.0 
49.7 
51.9 
54.2 
50.9 
51.0 
51.6 
44.3 
49.2 
