42.6 
49.9 
50.9 
46.3 
40.3 
42.3 
39.0 
43.0 
44.5 
40.3 
48.3 
45.3 
45.9 
44.9 
49.6 
42.3 
45.4 
47.7 
44.5 
40.9 
44.9 
46.4 
46.3 
44.8 
46.0 
41.9 
45.6 
39.5 
41.5 
40.7 
38.3 
46.1 
44.8 
49.6 
49.4 
43.4 
40.1 
45.7 
43.0 
44.8 
48.5 
40.0 
45.9 
47.1 
47.4 
44.7 
44.8 
42.6 
46.2 
49.0 
43.4 
46.8 
45.2 
47.7 
43.6 
35.7 
48.0 
46.3 
42.0 
45.5 
46.2 
47.5 
38.1 
48.1 
40.2 
42.1 
40.2 
39.4 
42.5 
36.7 
41.8 
48.6 
44.0 
48.5 
39.4 
44.4 
49.2 
46.6 
48.3 
43.4 
44.9 
44.9 
37.8 
36.4 
47.3 
42.6 
48.3 
41.8 
42.7 
45.7 
46.3 
43.4 
43.5 
39.4 
48.1 
47.6 
44.8 
45.0 
42.6 
45.8 
47.8 
46.0 
38.8 
42.3 
45.3 
45.1 
46.2 
48.5 
48.6 
46.9 
46.2 
43.1 
44.7 
41.2 
39.0 
50.1 
41.6 
47.9 
41.3 
45.5 
46.2 
46.2 
38.4 
45.2 
39.6 
45.1 
45.3 
40.5 
47.1 
39.0 
46.8 
45.7 
41.3 
44.3 
48.6 
45.5 
49.0 
43.9 
44.8 
45.7 
42.1 
39.8 
39.6 
35.6 
50.0 
49.8 
49.0 
45.1 
44.4 
45.2 
46.0 
49.0 
47.0 
42.3 
48.3 
48.3 
41.2 
48.7 
40.0 
41.7 
43.3 
47.1 
45.2 
46.5 
46.0 
36.1 
41.9 
40.5 
43.6 
43.8 
46.7 
40.2 
42.8 
45.9 
45.6 
39.7 
42.2 
49.2 
45.5 
41.1 
47.4 
42.0 
46.0 
45.7 
40.9 
45.0 
40.1 
47.7 
43.3 
43.7 
41.1 
42.0 
45.1 
44.5 
45.8 
42.9 
38.9 
42.9 
42.1 
42.5 
45.7 
45.0 
41.7 
44.8 
46.2 
44.6 
44.1 
46.6 
47.0 
43.1 
43.1 
44.1 
46.3 
49.5 
45.3 
46.6 
48.8 
45.7 
48.1 
40.4 
44.1 
46.7 
37.5 
48.6 
48.5 
44.1 
37.8 
45.7 
50.2 
47.3 
46.2 
48.0 
40.6 
47.0 
45.5 
38.5 
42.1 
43.3 
41.7 
47.1 
49.0 
42.7 
45.4 
39.3 
43.7 
30.2 
44.2 
45.3 
45.0 
43.3 
42.4 
43.6 
45.0 
46.0 
47.6 
40.6 
48.0 
45.9 
40.8 
44.9 
43.5 
42.0 
46.2 
45.8 
47.0 
45.5 
47.6 
45.8 
47.0 
40.3 
48.9 
38.8 
49.0 
45.0 
41.1 
41.3 
42.1 
49.5 
44.0 
47.3 
46.4 
43.7 
49.0 
44.4 
40.0 
47.8 
43.2 
42.9 
41.3 
45.6 
46.1 
45.4 
45.1 
44.2 
47.5 
41.0 
46.2 
35.8 
43.3 
46.8 
46.9 
48.1 
49.8 
43.3 
49.9 
45.6 
47.0 
42.5 
48.3 
42.0 
44.7 
46.7 
45.9 
47.4 
45.1 

