43.3 
50.2 
52.3 
52.1 
38.5 
52.2 
53.4 
46.9 
50.9 
44.2 
48.3 
48.3 
48.0 
44.1 
48.6 
47.7 
54.5 
38.1 
49.4 
43.1 
53.1 
53.5 
53.6 
50.1 
45.7 
52.0 
54.2 
47.9 
50.1 
51.4 
54.0 
50.2 
48.2 
53.7 
53.8 
51.2 
41.4 
50.7 
50.3 
53.7 
54.0 
53.1 
52.6 
50.8 
48.0 
47.3 
47.6 
47.7 
50.4 
47.4 
50.1 
53.5 
52.7 
51.2 
49.4 
53.1 
46.0 
52.5 
54.4 
53.8 
54.1 
49.4 
50.7 
54.3 
53.5 
53.1 
53.8 
52.6 
48.7 
44.8 
44.3 
52.1 
54.2 
53.9 
49.3 
54.5 
54.4 
52.0 
54.7 
40.5 
51.8 
51.1 
53.1 
41.4 
51.3 
50.8 
52.0 
48.6 
53.3 
53.4 
50.7 
48.7 
53.5 
52.1 
45.5 
50.9 
49.5 
50.1 
49.8 
51.5 
46.3 
52.7 
47.6 
48.6 
54.8 
52.6 
43.1 
49.5 
52.6 
53.6 
53.3 
52.4 
52.5 
49.6 
54.0 
50.8 
54.0 
53.7 
52.7 
48.9 
53.3 
48.5 
53.3 
52.8 
52.1 
52.1 
46.5 
49.2 
42.8 
49.6 
52.2 
53.8 
53.9 
53.0 
52.0 
43.5 
54.3 
52.0 
51.1 
53.0 
51.4 
51.0 
45.7 
47.2 
45.4 
52.9 
48.1 
53.4 
48.8 
46.2 
53.5 
53.2 
53.0 
52.4 
47.0 
54.2 
49.1 
53.0 
50.8 
52.5 
51.5 
48.2 
51.7 
52.6 
53.4 
51.4 
46.1 
52.2 
50.9 
52.5 
52.5 
43.6 
51.7 
51.1 
52.9 
53.7 
49.5 
51.0 
52.6 
53.1 
48.9 
49.2 
53.3 
51.2 
49.9 
52.0 
50.4 
50.6 
54.4 
50.6 
52.8 
53.6 
48.9 
52.6 
46.7 
45.9 
50.9 
48.8 
49.0 
53.4 
45.3 
50.4 
53.6 
49.3 
49.8 
49.5 
48.4 
49.6 
51.2 
52.6 
52.8 
44.1 
50.4 
52.4 
42.1 
53.5 
53.0 
48.9 
50.0 
50.8 
36.8 
44.9 
48.9 
52.5 
52.5 
53.7 
46.4 
53.9 
53.9 
50.9 
50.6 
51.6 
48.5 
51.3 
47.2 
50.6 
47.1 
51.9 
51.6 
48.9 
52.6 
51.8 
54.0 
52.5 
50.1 
53.5 
52.5 
46.6 
42.2 
54.1 
49.6 
51.8 
49.1 
41.2 
53.8 
53.6 
