38.2 
41.4 
49.5 
53.6 
42.9 
43.3 
33.7 
42.9 
41.4 
36.2 
41.4 
32.4 
47.3 
40.3 
40.4 
46.5 
49.2 
43.8 
42.4 
45.2 
47.6 
45.7 
42.3 
32.6 
40.0 
38.9 
47.7 
46.3 
42.1 
47.0 
44.2 
46.9 
40.1 
43.9 
33.2 
39.3 
44.1 
43.9 
39.5 
44.3 
44.9 
45.7 
45.3 
40.6 
46.0 
46.1 
46.8 
45.7 
37.2 
40.7 
42.5 
38.7 
49.5 
46.7 
36.2 
45.8 
45.3 
44.7 
44.7 
40.1 
45.1 
45.4 
38.2 
43.1 
41.8 
47.7 
43.8 
42.9 
41.2 
46.3 
45.0 
45.0 
45.6 
42.8 
42.9 
45.2 
44.3 
41.5 
46.1 
36.0 
44.0 
42.1 
45.3 
47.4 
44.9 
50.4 
39.6 
44.9 
43.6 
46.3 
38.4 
43.8 
47.2 
40.1 
44.7 
47.3 
45.8 
44.9 
44.5 
49.3 
45.9 
42.4 
47.6 
46.5 
45.8 
41.7 
40.3 
42.7 
43.2 
43.0 
40.4 
49.9 
41.0 
40.6 
46.6 
42.4 
46.8 
48.7 
40.9 
45.2 
48.5 
43.4 
45.2 
43.8 
42.8 
45.1 
44.7 
46.1 
45.1 
48.1 
46.6 
49.3 
43.8 
49.4 
45.6 
46.6 
41.7 
41.5 
35.2 
49.5 
39.6 
45.8 
39.9 
47.6 
44.7 
45.4 
35.1 
45.1 
41.8 
43.7 
35.0 
36.3 
46.8 
43.4 
45.6 
47.4 
46.1 
49.5 
43.8 
44.2 
42.6 
43.8 
49.2 
40.1 
39.8 
45.1 
44.9 
45.6 
39.0 
41.5 
36.2 
44.2 
45.9 
36.2 
45.6 
43.3 
42.2 
42.7 
47.2 
41.8 
46.1 
46.1 
48.1 
46.7 
37.7 
41.0 
45.1 
46.4 
49.6 
45.9 
42.5 
41.6 
43.6 
40.3 
44.6 
41.9 
38.8 
42.3 
44.8 
45.1 
44.1 
42.2 
47.8 
43.2 
45.1 
42.2 
44.1 
48.9 
36.8 
46.0 
46.4 
50.2 
47.3 
48.8 
47.1 
40.9 
45.0 
49.2 
45.6 
43.9 
44.1 
43.6 
48.0 
47.8 
42.9 
45.3 
42.6 
45.5 
48.0 
41.7 
44.9 
46.4 
45.4 
50.2 
48.1 
41.3 
45.7 
45.3 
46.7 
42.8 
42.9 
48.1 
42.8 
45.0 
45.1 
40.7 
45.3 
44.1 
48.1 
42.8 
40.2 
44.1 
46.2 
38.9 
42.6 
38.9 
46.8 
44.4 
40.6 
43.7 
41.8 
47.9 
40.7 
38.1 
41.9 
45.1 
48.0 
49.5 
43.7 
42.0 
43.0 
41.7 
38.9 
38.3 
46.0 
46.2 
45.0 
45.6 
45.5 
47.7 
37.9 
47.2 
39.7 
42.7 
46.8 
46.2 
40.9 
45.7 
37.8 
46.0 
49.5 
46.5 
21.0 
43.2 
41.4 
48.2 
41.0 
45.5 
37.4 
43.9 
43.1 
45.3 
