41.6 
43.3 
49.9 
53.3 
45.7 
52.5 
50.8 
42.7 
50.9 
50.5 
51.6 
47.3 
47.4 
45.4 
52.9 
18.1 
54.3 
53.7 
42.0 
49.9 
52.7 
50.1 
53.3 
47.2 
50.8 
50.7 
51.9 
53.7 
53.8 
40.1 
53.3 
51.8 
53.0 
46.5 
48.0 
53.6 
54.7 
49.3 
45.9 
48.4 
49.5 
43.0 
49.9 
44.7 
51.8 
50.0 
49.4 
51.9 
51.0 
49.9 
49.4 
54.0 
49.0 
51.5 
52.7 
50.2 
43.5 
48.4 
51.5 
53.8 
54.1 
50.4 
50.8 
51.5 
45.1 
49.3 
36.8 
51.3 
53.5 
37.7 
50.3 
50.0 
48.3 
48.8 
52.9 
51.9 
47.9 
51.2 
49.3 
51.2 
49.7 
49.5 
50.0 
54.1 
52.8 
49.6 
46.8 
49.5 
53.1 
50.2 
54.1 
51.1 
46.3 
47.1 
53.0 
53.3 
47.6 
49.1 
54.2 
48.8 
49.7 
50.1 
53.9 
51.1 
46.3 
52.8 
53.2 
52.8 
54.1 
51.9 
51.0 
52.7 
54.7 
53.6 
52.8 
46.9 
46.5 
46.2 
45.7 
46.4 
53.9 
54.4 
50.6 
44.4 
52.8 
40.4 
53.2 
51.5 
49.3 
53.0 
45.7 
51.5 
53.4 
53.7 
53.7 
51.3 
48.7 
53.0 
43.5 
49.4 
54.7 
46.6 
51.5 
52.4 
52.2 
50.3 
51.5 
53.9 
51.0 
52.1 
50.0 
41.6 
48.7 
44.6 
50.1 
6.8 
49.7 
46.3 
52.1 
46.5 
52.1 
53.9 
51.6 
42.8 
52.9 
46.9 
52.7 
49.9 
47.5 
48.8 
48.8 
50.4 
50.8 
50.9 
52.8 
50.4 
45.4 
44.6 
50.8 
48.3 
50.2 
51.3 
51.7 
51.8 
52.1 
50.3 
