42.1 
47.8 
44.8 
40.1 
45.1 
43.7 
46.5 
45.5 
44.7 
47.4 
44.5 
28.5 
41.4 
39.7 
45.2 
44.7 
43.5 
42.2 
46.8 
50.4 
41.1 
45.3 
46.1 
50.3 
48.9 
45.4 
49.1 
45.9 
35.9 
45.1 
48.2 
46.7 
45.3 
47.0 
44.1 
48.9 
38.9 
46.2 
50.3 
44.5 
50.2 
47.4 
48.7 
53.0 
48.3 
49.6 
45.5 
47.1 
50.5 
53.1 
41.1 
43.8 
43.9 
43.4 
39.5 
30.7 
53.3 
42.3 
47.2 
51.3 
47.9 
47.1 
53.7 
49.5 
46.6 
42.9 
44.2 
41.7 
41.4 
46.1 
47.3 
49.7 
43.2 
39.0 
50.0 
40.8 
48.3 
46.7 
44.4 
26.7 
45.1 
46.0 
53.0 
41.3 
48.4 
43.9 
50.1 
41.1 
43.6 
50.1 
47.8 
47.9 
43.3 
37.6 
48.1 
46.6 
49.1 
47.8 
40.8 
42.2 
42.8 
46.9 
48.2 
50.0 
42.8 
42.4 
45.4 
42.9 
41.8 
52.6 
45.1 
48.8 
53.0 
47.7 
45.1 
43.1 
50.7 
50.5 
47.1 
40.8 
40.2 
50.0 
47.9 
42.1 
49.4 
34.8 
49.1 
41.7 
49.0 
35.6 
33.7 
48.5 
48.8 
46.7 
39.4 
47.2 
51.3 
46.4 
42.8 
48.4 
45.3 
44.6 
43.3 
47.6 
44.8 
44.5 
47.7 
49.4 
52.9 
43.8 
51.7 
53.5 
45.0 
47.3 
42.5 
40.7 
43.0 
20.1 
41.7 
45.2 
45.6 
47.2 
47.8 
49.6 
43.5 
47.0 
48.0 
48.2 
45.6 
41.8 
50.0 
44.8 
47.1 
47.0 
47.1 
46.0 
43.2 
45.3 
51.7 
46.7 
38.6 
41.7 
48.4 
38.7 
52.0 
40.9 
46.5 
49.0 
49.6 
40.0 
50.1 
42.0 
45.0 
46.1 
47.4 
45.6 
46.8 
47.3 
39.3 
47.5 
45.5 
41.6 
49.1 
48.8 
47.3 
47.7 
45.4 
40.0 
39.6 
44.1 
45.0 
50.9 
47.8 
43.2 
