50.6 
46.9 
49.8 
45.1 
48.8 
41.8 
48.6 
45.5 
47.6 
47.5 
55.1 
49.0 
52.6 
42.8 
54.2 
45.9 
49.7 
51.7 
47.4 
49.8 
53.1 
47.8 
48.2 
46.6 
50.1 
45.2 
50.4 
53.9 
51.0 
44.1 
39.6 
51.8 
51.1 
45.8 
48.6 
53.3 
51.9 
53.7 
51.8 
48.1 
51.7 
49.2 
53.5 
53.0 
53.9 
47.0 
51.2 
51.6 
50.1 
45.3 
51.3 
53.8 
52.0 
53.4 
49.3 
53.9 
50.9 
54.3 
51.2 
53.6 
42.3 
48.7 
47.2 
53.9 
53.9 
51.3 
48.0 
51.9 
50.7 
50.1 
47.1 
52.7 
52.7 
43.6 
53.7 
52.9 
52.1 
50.4 
52.3 
52.6 
51.0 
51.2 
48.2 
50.0 
51.3 
50.0 
53.7 
15.9 
47.8 
53.0 
53.1 
50.3 
51.3 
53.2 
51.2 
49.8 
54.2 
51.1 
52.0 
45.2 
52.2 
47.4 
52.3 
52.5 
52.9 
53.9 
54.0 
52.2 
48.1 
54.6 
51.4 
52.5 
42.7 
51.3 
53.3 
52.3 
42.9 
53.9 
49.7 
49.3 
46.8 
51.3 
51.8 
53.7 
52.8 
54.2 
52.9 
50.0 
49.8 
53.2 
42.2 
53.7 
48.5 
54.1 
49.3 
54.9 
49.2 
49.5 
51.4 
53.8 
52.8 
26.0 
48.5 
52.5 
53.3 
50.2 
49.8 
53.1 
45.3 
49.7 
53.4 
53.5 
48.9 
52.1 
48.6 
49.9 
46.1 
47.5 
40.0 
39.5 
41.5 
45.8 
38.8 
45.6 
48.7 
46.7 
53.8 
49.7 
45.9 
54.3 
53.1 
40.5 
50.4 
53.7 
48.9 
51.4 
46.7 
51.8 
52.8 
43.7 
50.1 
51.2 
49.9 
52.3 
45.4 
51.5 
48.7 
41.5 
45.2 
54.4 
52.2 
53.9 
55.3 
51.9 
53.3 
51.5 
48.6 
53.9 
53.1 
53.0 
48.7 
53.5 
49.6 
44.8 
53.6 
49.6 
41.0 
48.8 
52.7 
51.1 
52.6 
50.2 
52.3 
44.2 
50.1 
43.4 
