47.6 
46.3 
49.5 
46.2 
44.6 
46.8 
47.2 
39.7 
44.7 
45.9 
43.5 
48.1 
41.3 
47.1 
45.7 
44.4 
43.0 
43.8 
47.2 
49.6 
47.3 
46.3 
48.4 
43.5 
47.3 
38.1 
49.1 
49.7 
43.5 
47.0 
44.5 
45.0 
45.6 
43.7 
39.2 
42.9 
45.1 
46.4 
45.8 
41.7 
45.1 
42.6 
45.9 
45.0 
45.4 
45.4 
47.7 
39.6 
42.5 
48.2 
46.5 
40.6 
47.4 
37.6 
39.9 
40.7 
45.9 
45.7 
42.0 
38.0 
41.9 
47.4 
37.1 
41.8 
44.6 
45.1 
49.1 
50.5 
44.8 
47.2 
40.8 
43.7 
44.8 
48.3 
44.4 
46.5 
45.4 
46.1 
46.6 
46.5 
34.0 
43.2 
49.0 
48.0 
42.9 
47.6 
41.9 
45.9 
42.3 
45.2 
41.4 
39.6 
46.4 
41.8 
44.4 
46.7 
37.3 
46.4 
46.3 
46.8 
42.3 
47.0 
48.6 
40.8 
47.2 
48.2 
46.0 
47.6 
45.4 
39.1 
45.5 
47.0 
44.6 
39.7 
46.4 
42.4 
48.4 
45.9 
45.5 
44.9 
38.5 
45.7 
39.5 
48.2 
43.9 
41.2 
45.8 
43.8 
42.3 
49.6 
42.7 
42.9 
44.8 
45.3 
47.4 
46.1 
47.8 
46.4 
41.0 
44.1 
45.5 
46.9 
50.3 
33.2 
44.8 
45.3 
42.2 
46.2 
42.4 
48.7 
50.4 
42.1 
45.2 
47.9 
43.4 
39.8 
46.0 
50.4 
49.0 
46.4 
47.7 
43.8 
45.1 
36.5 
48.5 
41.7 
41.2 
46.3 
43.1 
46.1 
44.4 
43.5 
46.4 
49.2 
45.6 
43.7 
47.7 
45.8 
40.7 
45.0 
43.9 
45.4 
37.9 
45.5 
46.9 
46.8 
46.7 
48.1 
47.2 
45.1 
46.1 
46.3 
40.2 
43.5 
46.3 
46.1 
42.1 
45.4 
47.0 
41.5 
46.0 
46.1 
44.4 
43.0 
47.1 
42.4 
40.8 
50.4 
34.2 
49.1 
42.6 
41.3 
46.7 
43.7 
47.7 
42.8 
47.5 
40.6 
43.8 
43.4 
46.3 
47.0 
47.3 
38.3 
43.5 
45.8 
45.8 
42.7 
43.3 
37.0 
42.5 
45.9 
43.8 
46.7 
46.5 
42.1 
40.0 
45.5 
42.6 
43.9 
43.3 
44.8 
41.5 
46.0 
44.7 
46.7 
49.0 
44.6 
45.9 
42.9 
39.1 
41.1 
30.8 
16.1 
44.4 
47.2 
41.3 
49.8 
40.7 
44.2 
46.0 
44.2 
47.2 
45.6 
43.6 
44.8 
45.2 
43.8 
39.8 
45.8 
48.8 
49.4 
40.8 
46.1 
38.5 
45.9 
37.5 
49.5 
46.8 
46.9 
45.2 
45.3 
47.2 
38.5 
44.7 
38.3 
39.7 
45.7 
44.6 
45.4 
46.0 
46.9 
46.3 
39.7 
44.5 
46.2 
43.0 
34.6 
37.8 
40.6 
39.3 
45.0 
45.9 
41.8 
46.0 
44.3 
45.7 
45.0 
45.7 
38.2 
34.9 
36.8 
44.1 
38.8 
45.5 
45.2 
49.4 
43.0 
45.2 
47.0 
41.1 
38.6 
41.9 
44.6 
46.8 
48.6 
49.1 
46.5 
45.7 
43.8 
48.1 
40.7 
46.6 
44.7 
44.7 
45.2 
49.4 
44.5 
45.3 
44.6 
44.6 
45.9 
38.3 
45.7 
42.4 
