38.2 
37.3 
42.8 
41.5 
28.2 
42.2 
38.9 
43.0 
43.0 
40.3 
44.5 
46.3 
45.9 
44.1 
46.5 
44.5 
42.3 
42.1 
41.8 
42.8 
43.2 
42.4 
41.3 
41.8 
45.6 
43.9 
41.1 
45.1 
42.3 
44.4 
42.1 
35.4 
43.2 
36.7 
37.6 
39.7 
40.7 
42.8 
36.8 
40.8 
43.7 
40.0 
47.5 
42.2 
41.8 
42.5 
41.3 
44.1 
40.8 
46.1 
43.4 
47.2 
42.5 
42.5 
46.2 
14.7 
49.4 
45.5 
43.9 
47.4 
44.5 
50.1 
45.4 
42.4 
38.2 
40.6 
40.2 
45.3 
45.2 
48.0 
47.2 
47.0 
47.1 
42.8 
44.7 
47.9 
43.4 
40.8 
44.5 
41.8 
43.5 
48.6 
33.3 
48.8 
41.9 
48.7 
47.4 
45.4 
45.7 
37.5 
47.8 
45.2 
49.8 
47.3 
49.3 
17.5 
42.0 
38.5 
44.9 
38.7 
50.7 
47.6 
45.9 
38.4 
39.4 
49.5 
49.1 
43.7 
38.9 
47.6 
40.4 
30.0 
45.3 
50.5 
48.8 
47.3 
46.5 
46.8 
44.4 
43.6 
41.2 
33.5 
46.2 
35.8 
43.4 
46.7 
37.3 
23.4 
42.9 
40.4 
12.2 
43.6 
31.8 
44.2 
40.2 
45.7 
37.8 
40.7 
34.1 
37.8 
44.2 
43.4 
41.1 
42.7 
42.2 
41.5 
41.3 
38.0 
41.1 
