37.5 
36.9 
48.4 
42.8 
45.6 
36.5 
44.8 
44.2 
44.8 
43.2 
41.6 
44.7 
43.7 
46.7 
48.8 
44.8 
45.7 
46.1 
47.0 
46.0 
45.1 
49.1 
48.5 
46.1 
43.0 
47.5 
47.0 
39.2 
49.5 
46.6 
41.4 
48.6 
43.7 
40.6 
46.4 
49.8 
38.2 
48.7 
47.0 
48.0 
45.5 
44.3 
44.8 
42.4 
46.4 
40.2 
47.5 
46.2 
50.0 
45.9 
50.0 
43.1 
44.7 
42.2 
48.9 
40.9 
45.1 
41.2 
46.2 
46.4 
45.9 
45.6 
44.9 
42.8 
40.8 
38.4 
50.1 
42.3 
48.5 
47.0 
40.7 
43.5 
45.0 
45.2 
44.6 
46.1 
47.0 
44.5 
46.7 
21.3 
38.5 
38.7 
45.9 
44.0 
45.2 
46.4 
46.4 
48.1 
46.8 
44.8 
43.0 
40.2 
43.3 
45.4 
43.6 
32.1 
46.5 
47.0 
42.6 
46.7 
46.9 
43.0 
48.7 
45.7 
46.8 
47.7 
48.3 
45.1 
49.1 
43.9 
43.3 
39.6 
46.9 
45.7 
46.1 
43.6 
43.4 
44.2 
41.5 
41.1 
43.4 
49.7 
40.9 
43.6 
44.1 
48.8 
47.4 
38.6 
41.3 
40.6 
39.2 
46.5 
47.1 
48.2 
47.9 
40.9 
46.2 
45.5 
40.9 
40.7 
46.7 
44.5 
45.1 
41.7 
38.9 
48.9 
45.6 
41.1 
41.9 
46.1 
47.3 
47.9 
47.7 
46.5 
47.3 
49.7 
43.1 
45.0 
43.0 
43.1 
47.4 
49.4 
46.2 
45.6 
39.4 
