41.5 
44.9 
53.1 
54.1 
46.4 
50.9 
41.2 
53.5 
52.6 
53.5 
54.2 
53.9 
51.0 
52.1 
45.6 
50.2 
51.5 
46.0 
52.2 
47.6 
50.1 
51.5 
51.3 
51.0 
50.6 
54.2 
54.2 
50.8 
50.8 
50.5 
53.9 
45.5 
44.7 
53.7 
54.0 
52.5 
45.6 
49.4 
53.3 
48.6 
46.3 
51.0 
48.7 
50.1 
50.7 
49.8 
53.9 
53.6 
49.9 
53.7 
49.9 
53.9 
51.5 
53.2 
52.9 
48.4 
48.7 
53.3 
50.6 
53.2 
48.2 
52.8 
53.8 
49.3 
55.6 
53.6 
48.5 
47.7 
51.0 
46.7 
52.0 
48.0 
53.1 
45.3 
45.4 
51.4 
45.3 
54.0 
45.8 
50.2 
48.8 
51.6 
50.2 
44.8 
49.7 
51.1 
53.3 
40.1 
51.2 
50.5 
53.2 
52.4 
49.2 
46.9 
45.0 
48.6 
49.7 
48.6 
50.5 
52.4 
53.2 
48.8 
48.4 
53.7 
51.2 
53.5 
54.0 
52.8 
54.9 
52.3 
42.1 
53.3 
47.7 
52.9 
44.0 
51.7 
41.2 
51.7 
47.9 
45.3 
50.7 
54.2 
54.6 
37.7 
47.2 
47.6 
53.6 
49.5 
51.5 
48.9 
45.1 
51.1 
54.0 
50.1 
25.4 
53.3 
48.7 
53.2 
47.5 
53.8 
50.8 
42.2 
49.8 
41.8 
52.9 
52.3 
50.5 
51.1 
52.9 
52.6 
52.7 
50.6 
54.4 
53.5 
51.6 
50.9 
50.7 
48.0 
53.1 
41.2 
53.4 
49.5 
49.7 
52.2 
52.0 
53.1 
51.1 
25.5 
54.0 
51.2 
52.4 
52.1 
50.7 
53.8 
44.2 
46.9 
51.8 
49.6 
49.6 
52.5 
49.9 
53.5 
54.2 
46.5 
53.2 
53.8 
53.7 
53.8 
50.4 
51.8 
52.8 
45.6 
53.1 
53.4 
53.6 
52.6 
53.1 
52.9 
52.4 
40.4 
50.6 
47.8 
53.2 
50.2 
52.4 
51.6 
54.2 
48.4 
46.3 
49.5 
52.1 
51.0 
47.0 
49.8 
51.6 
49.5 
47.4 
49.3 
47.6 
41.2 
50.1 
53.2 
53.1 
53.0 
45.7 
53.7 
42.0 
49.0 
52.0 
51.0 
54.3 
50.1 
51.8 
47.5 
49.1 
51.0 
52.8 
51.0 
48.4 
54.4 
54.0 
49.1 
46.7 
