42.6 
40.9 
43.0 
41.0 
41.9 
37.8 
40.5 
32.4 
37.1 
36.2 
34.3 
35.2 
42.0 
38.5 
40.9 
38.7 
43.4 
43.7 
34.6 
35.7 
40.9 
38.8 
41.5 
39.8 
38.6 
35.1 
43.5 
34.2 
31.2 
34.5 
39.4 
35.4 
39.6 
42.5 
42.2 
37.4 
34.7 
40.4 
40.5 
32.2 
35.9 
36.3 
37.8 
39.7 
40.8 
42.6 
37.4 
38.0 
43.3 
37.0 
32.8 
41.8 
34.1 
43.2 
38.0 
37.8 
39.4 
38.1 
35.1 
44.8 
33.7 
36.3 
37.2 
42.0 
32.9 
41.8 
41.5 
44.6 
36.7 
32.2 
38.4 
34.5 
44.2 
32.6 
40.1 
37.2 
38.9 
40.7 
42.0 
40.9 
37.4 
42.1 
45.0 
40.8 
33.3 
39.9 
35.5 
34.5 
26.2 
43.2 
43.1 
44.0 
43.5 
36.1 
35.3 
41.4 
37.1 
44.5 
39.7 
43.4 
41.1 
43.2 
35.6 
37.9 
38.9 
46.3 
42.8 
41.0 
37.7 
39.3 
40.2 
44.3 
45.2 
42.2 
36.5 
46.3 
36.6 
38.9 
43.6 
42.1 
41.9 
36.4 
44.0 
35.4 
41.6 
44.0 
33.8 
44.7 
46.6 
45.3 
36.1 
37.4 
44.9 
42.2 
44.9 
44.6 
40.2 
39.7 
37.7 
41.0 
41.0 
42.5 
45.8 
37.9 
40.6 
