53.0 
54.4 
54.5 
53.6 
53.5 
53.6 
49.8 
53.9 
56.2 
56.1 
53.6 
53.7 
53.5 
53.5 
53.8 
56.2 
54.0 
53.7 
56.3 
53.6 
53.6 
56.9 
54.5 
54.5 
53.6 
53.5 
53.7 
53.6 
53.4 
54.6 
53.7 
53.6 
53.6 
53.6 
53.7 
53.5 
53.5 
53.9 
53.9 
53.9 
55.9 
53.5 
53.7 
53.6 
53.5 
53.6 
53.6 
54.4 
54.4 
53.8 
56.3 
53.7 
53.6 
53.6 
53.6 
53.5 
53.7 
53.6 
53.6 
53.9 
54.1 
53.9 
54.3 
54.4 
53.7 
53.9 
54.2 
53.6 
53.7 
53.6 
54.5 
53.7 
53.5 
53.6 
54.5 
54.6 
53.6 
53.6 
53.8 
53.6 
53.5 
53.7 
53.7 
57.0 
53.6 
53.7 
53.6 
55.9 
53.5 
54.3 
53.6 
53.7 
55.9 
54.4 
54.4 
53.6 
53.6 
53.6 
55.9 
53.7 
53.6 
53.5 
53.7 
54.4 
53.8 
53.6 
54.3 
56.1 
57.1 
53.6 
53.8 
53.6 
53.4 
53.9 
53.7 
38.3 
48.1 
56.6 
53.7 
53.6 
53.7 
53.6 
53.7 
53.6 
54.2 
53.7 
54.5 
54.0 
56.1 
56.0 
53.5 
56.0 
53.7 
53.6 
53.6 
53.8 
53.7 
53.5 
56.8 
56.8 
54.8 
55.8 
53.6 
53.6 
53.6 
53.8 
53.8 
53.6 
53.7 
56.7 
53.6 
54.4 
53.7 
