46.3 
44.5 
44.9 
47.1 
42.2 
42.7 
45.4 
43.7 
44.9 
45.5 
44.8 
44.0 
44.8 
46.9 
43.5 
46.0 
45.1 
44.9 
44.9 
48.7 
49.6 
44.4 
44.7 
45.1 
44.9 
46.9 
47.7 
42.0 
46.5 
45.2 
44.3 
45.1 
47.7 
44.9 
45.5 
45.1 
44.8 
48.1 
45.6 
43.7 
44.6 
41.9 
49.2 
45.2 
45.1 
45.0 
45.2 
44.1 
45.1 
45.3 
44.9 
44.4 
44.8 
45.6 
45.6 
42.1 
44.9 
41.3 
44.7 
48.3 
47.7 
45.3 
42.0 
45.3 
42.7 
47.8 
45.1 
45.7 
45.1 
45.0 
42.5 
49.3 
44.2 
44.6 
45.3 
49.2 
49.6 
49.5 
48.1 
47.9 
45.6 
48.7 
44.6 
44.8 
43.1 
45.4 
45.2 
45.0 
44.3 
43.6 
43.7 
44.9 
46.4 
48.4 
49.3 
48.6 
45.5 
44.9 
43.5 
48.5 
45.5 
44.7 
43.9 
40.9 
44.5 
41.7 
45.0 
41.4 
48.7 
47.7 
47.1 
45.2 
44.9 
43.3 
33.8 
44.4 
45.2 
48.9 
43.7 
44.8 
49.3 
49.5 
46.5 
46.8 
38.5 
44.9 
45.2 
