53.1 
53.5 
56.2 
53.3 
53.7 
53.6 
53.9 
53.7 
53.6 
54.3 
56.6 
53.5 
53.8 
53.4 
55.1 
56.7 
57.1 
53.6 
50.0 
53.7 
54.1 
53.6 
53.7 
53.5 
53.6 
54.4 
53.6 
53.6 
54.4 
55.8 
53.9 
53.3 
53.7 
56.0 
56.1 
54.6 
53.4 
53.5 
53.8 
53.6 
53.5 
53.8 
53.5 
53.5 
53.6 
56.5 
54.3 
53.6 
54.5 
53.6 
53.9 
53.6 
53.5 
53.3 
54.5 
53.7 
53.9 
53.6 
53.9 
55.9 
53.7 
53.4 
48.1 
53.9 
53.9 
53.9 
53.8 
53.7 
53.8 
53.7 
53.6 
54.2 
53.6 
53.4 
53.5 
55.0 
53.7 
53.7 
53.8 
54.7 
53.6 
54.3 
56.4 
53.4 
53.8 
54.3 
53.7 
54.0 
53.7 
53.4 
53.4 
53.6 
53.8 
53.7 
54.1 
53.7 
53.7 
53.4 
54.6 
53.5 
53.5 
54.4 
51.9 
53.7 
53.8 
53.5 
53.7 
53.6 
53.7 
53.8 
54.0 
53.0 
53.6 
53.4 
53.7 
54.2 
53.9 
53.6 
53.5 
53.5 
53.3 
53.8 
54.6 
52.9 
53.7 
53.5 
55.9 
53.7 
54.3 
53.6 
54.4 
