39.5 
53.7 
46.8 
49.7 
50.3 
46.3 
53.4 
55.8 
53.9 
54.1 
53.6 
53.0 
56.6 
57.3 
54.0 
50.7 
55.2 
53.8 
53.5 
52.0 
53.5 
53.7 
52.5 
48.4 
56.3 
51.1 
54.1 
55.3 
53.5 
48.5 
53.6 
48.4 
53.8 
53.8 
52.3 
53.0 
51.1 
52.6 
51.0 
53.8 
53.7 
53.1 
49.6 
54.1 
53.5 
54.2 
53.7 
52.0 
48.8 
53.1 
53.8 
52.0 
47.1 
43.2 
51.1 
51.7 
54.0 
51.4 
49.1 
49.0 
53.5 
53.3 
50.9 
54.6 
53.5 
51.1 
49.7 
53.6 
52.0 
50.9 
49.8 
52.7 
49.4 
45.6 
49.1 
54.1 
54.5 
53.4 
53.5 
52.2 
53.0 
52.2 
55.0 
48.3 
52.9 
53.5 
49.2 
49.8 
53.3 
50.2 
54.1 
53.8 
52.4 
49.3 
55.0 
54.1 
47.1 
53.3 
49.6 
53.5 
50.4 
49.3 
48.1 
53.3 
52.9 
52.0 
48.6 
53.3 
50.6 
49.5 
53.6 
48.7 
55.5 
53.6 
53.7 
47.8 
52.2 
