49.1 
34.1 
30.0 
26.1 
29.0 
28.7 
28.0 
32.2 
34.0 
26.9 
33.7 
31.5 
28.7 
29.8 
31.8 
28.7 
32.6 
27.8 
22.5 
24.4 
24.7 
30.5 
30.2 
29.7 
28.9 
26.3 
27.8 
28.7 
30.0 
30.9 
31.9 
29.1 
31.5 
26.8 
23.5 
28.6 
29.8 
30.2 
25.0 
22.2 
31.3 
25.6 
27.4 
25.0 
32.5 
29.9 
25.2 
24.0 
23.4 
24.8 
27.4 
30.8 
29.2 
34.1 
33.3 
30.6 
31.5 
31.5 
31.7 
32.7 
25.8 
28.5 
26.3 
30.0 
26.0 
22.2 
30.4 
27.2 
29.4 
26.6 
33.0 
22.8 
26.8 
32.0 
28.4 
28.5 
30.8 
27.1 
30.0 
21.0 
28.8 
29.3 
32.2 
31.4 
30.2 
28.6 
26.9 
27.2 
31.9 
31.7 
28.7 
30.9 
30.6 
30.4 
25.7 
31.3 
33.8 
22.1 
21.2 
23.4 
21.7 
22.7 
27.0 
24.5 
29.3 
27.1 
29.4 
31.5 
28.3 
30.5 
23.1 
31.2 
32.5 
26.8 
25.6 
25.8 
35.1 
30.7 
16.6 
28.5 
32.1 
29.4 
28.3 
27.7 
26.5 
33.7 
28.2 
32.7 
27.3 
30.0 
31.0 
23.6 
23.4 
30.8 
31.2 
22.3 
27.1 
23.7 
28.1 
20.9 
21.2 
25.9 
30.0 
31.4 
28.7 
28.5 
28.4 
28.6 
22.2 
22.1 
