56.5 
59.4 
57.1 
56.9 
57.0 
57.2 
57.3 
57.4 
59.8 
59.2 
60.0 
57.9 
57.3 
59.8 
60.0 
59.4 
59.9 
59.4 
57.1 
57.1 
57.4 
57.0 
57.1 
59.1 
59.3 
60.0 
57.9 
57.4 
57.8 
57.4 
59.1 
57.2 
59.2 
57.1 
57.8 
59.0 
57.1 
57.3 
59.7 
56.9 
57.7 
59.9 
60.0 
60.0 
59.8 
57.1 
57.1 
57.1 
59.0 
59.2 
57.1 
57.1 
57.0 
57.1 
59.2 
59.9 
59.9 
60.0 
59.2 
57.0 
50.7 
58.0 
60.0 
60.0 
60.0 
59.2 
57.7 
60.0 
57.4 
57.7 
55.7 
57.1 
56.9 
59.7 
59.9 
59.9 
60.0 
59.9 
60.0 
57.8 
59.3 
60.0 
59.8 
57.0 
57.1 
57.1 
56.9 
57.1 
57.0 
57.1 
57.3 
57.1 
59.2 
57.7 
59.9 
59.7 
60.0 
60.0 
60.0 
60.0 
60.0 
57.1 
59.8 
59.7 
57.4 
57.2 
59.9 
59.8 
57.7 
57.1 
57.7 
59.4 
60.0 
60.0 
60.0 
57.5 
57.1 
57.3 
59.2 
57.8 
57.8 
59.9 
59.8 
60.0 
59.9 
56.9 
57.3 
56.9 
59.7 
59.3 
57.4 
56.9 
59.9 
60.0 
60.0 
59.8 
59.2 
59.9 
59.8 
58.0 
57.2 
57.0 
57.1 
57.1 
57.1 
57.1 
57.1 
57.0 
57.1 
57.0 
60.0 
59.4 
60.0 
56.9 
57.0 
57.7 
60.0 
59.9 
57.6 
57.2 
57.0 
59.7 
58.0 
59.1 
60.0 
57.4 
57.1 
57.1 
57.1 
57.1 
57.1 
57.1 
56.9 
57.1 
56.9 
59.8 
60.0 
57.9 
57.1 
56.9 
57.1 
59.7 
59.3 
57.3 
59.9 
59.9 
59.8 
57.9 
59.4 
60.0 
59.2 
59.8 
57.4 
57.2 
57.2 
57.9 
57.3 
59.1 
57.4 
57.7 
60.0 
59.9 
59.9 
56.9 
57.1 
59.7 
59.9 
57.8 
59.8 
59.8 
59.2 
60.0 
57.0 
57.1 
57.0 
57.1 
57.1 
57.0 
60.0 
57.1 
58.0 
57.1 
60.0 
60.0 
60.0 
60.0 
59.1 
