54.7 
53.5 
53.6 
56.0 
54.5 
54.6 
56.0 
53.9 
56.0 
56.7 
56.9 
54.4 
52.9 
54.5 
57.1 
57.1 
56.8 
56.1 
54.5 
57.1 
56.1 
56.0 
53.6 
53.6 
55.9 
54.7 
54.4 
53.6 
54.0 
56.0 
56.2 
56.1 
56.1 
53.7 
53.7 
53.6 
56.3 
53.7 
56.3 
53.8 
54.0 
56.0 
57.0 
56.2 
53.6 
53.6 
54.2 
53.6 
53.6 
53.7 
54.7 
53.7 
53.9 
53.6 
53.6 
53.6 
53.7 
54.4 
54.4 
54.4 
53.8 
53.9 
53.4 
53.6 
53.5 
54.3 
53.6 
53.4 
53.7 
56.0 
56.0 
56.0 
55.9 
53.7 
53.6 
53.7 
53.6 
54.0 
54.7 
53.9 
53.6 
56.0 
53.6 
55.9 
54.4 
54.5 
54.3 
53.7 
56.9 
54.5 
53.7 
53.9 
53.5 
53.7 
53.9 
57.0 
54.5 
53.7 
53.6 
53.7 
53.6 
53.8 
56.1 
56.3 
53.9 
53.9 
57.0 
55.9 
54.4 
54.5 
54.6 
56.7 
54.4 
54.5 
54.4 
53.6 
53.6 
56.2 
55.9 
53.5 
53.6 
