53.5 
54.3 
57.1 
40.3 
57.0 
57.0 
54.8 
57.6 
56.9 
57.4 
54.4 
56.2 
56.8 
56.5 
57.3 
57.1 
57.1 
56.8 
57.1 
57.1 
57.1 
57.1 
56.9 
57.0 
57.1 
57.1 
54.4 
57.1 
57.1 
57.0 
57.1 
56.9 
57.0 
56.9 
57.1 
57.1 
54.9 
53.7 
55.8 
57.1 
57.3 
56.8 
57.1 
54.0 
53.6 
53.6 
53.7 
56.0 
53.6 
53.6 
53.4 
54.3 
56.9 
57.0 
57.1 
57.1 
57.1 
57.1 
57.0 
57.0 
56.4 
54.5 
56.6 
57.2 
57.1 
57.2 
57.1 
53.7 
53.6 
53.6 
56.8 
57.4 
57.1 
56.1 
57.1 
57.0 
57.1 
57.0 
57.0 
54.5 
57.0 
57.1 
57.4 
57.1 
57.1 
56.9 
57.1 
57.1 
57.1 
57.2 
