53.2 
53.6 
53.7 
53.6 
53.7 
53.9 
56.2 
55.8 
53.7 
56.8 
54.7 
53.5 
52.2 
55.0 
54.2 
56.2 
53.7 
55.8 
53.7 
53.6 
54.6 
54.5 
54.5 
54.5 
54.0 
57.1 
56.6 
56.2 
53.7 
53.5 
54.4 
53.8 
53.8 
53.2 
56.0 
56.8 
54.5 
54.3 
53.7 
53.6 
54.0 
53.9 
53.9 
53.9 
53.9 
54.0 
53.7 
53.6 
56.0 
56.7 
54.6 
54.3 
53.6 
53.6 
53.9 
53.7 
56.1 
55.9 
55.9 
56.0 
56.1 
54.5 
52.2 
54.5 
54.0 
53.6 
53.8 
56.3 
56.2 
53.6 
54.5 
54.9 
54.0 
53.6 
53.9 
53.8 
54.0 
54.4 
56.0 
54.5 
53.8 
53.5 
54.4 
54.7 
54.6 
52.3 
54.0 
53.8 
53.6 
53.9 
53.6 
54.4 
57.0 
54.4 
57.1 
53.9 
54.0 
53.9 
54.0 
57.0 
55.9 
56.0 
56.1 
53.6 
53.6 
53.7 
53.9 
53.9 
54.0 
53.9 
56.0 
56.0 
56.8 
54.5 
53.4 
53.8 
54.6 
55.9 
56.1 
56.1 
53.9 
54.4 
53.6 
54.4 
54.5 
53.6 
53.7 
55.9 
55.9 
56.1 
53.6 
54.4 
56.8 
53.8 
57.0 
56.5 
53.8 
56.8 
54.8 
54.6 
53.6 
54.4 
54.3 
54.4 
54.4 
54.5 
54.5 
55.9 
55.9 
56.0 
55.9 
53.6 
56.7 
53.7 
54.4 
53.8 
53.9 
53.9 
53.8 
56.5 
53.1 
54.5 
54.5 
55.3 
54.2 
53.7 
55.9 
56.0 
56.0 
54.5 
56.8 
51.4 
54.4 
54.3 
54.7 
53.6 
56.4 
53.6 
53.6 
53.5 
53.6 
54.5 
53.7 
