35.3 
39.2 
33.2 
33.8 
39.8 
41.8 
37.4 
36.7 
33.7 
34.4 
39.1 
32.9 
36.0 
37.5 
37.4 
38.9 
35.2 
36.0 
41.7 
35.4 
33.8 
38.0 
31.3 
38.3 
36.2 
37.6 
41.2 
36.2 
39.2 
41.5 
36.4 
40.3 
37.0 
34.6 
33.5 
36.9 
38.3 
36.5 
31.4 
37.5 
39.3 
40.7 
37.8 
35.5 
41.3 
42.9 
43.7 
39.8 
37.0 
39.4 
39.2 
40.4 
41.2 
40.7 
34.5 
35.0 
39.4 
35.8 
37.8 
37.0 
33.0 
36.5 
40.9 
36.2 
37.8 
37.9 
36.1 
36.9 
36.9 
38.2 
39.8 
39.2 
37.4 
36.0 
39.1 
37.9 
38.0 
35.9 
36.9 
41.4 
36.8 
32.0 
42.3 
41.4 
40.5 
38.9 
36.9 
39.3 
33.1 
34.0 
40.0 
42.2 
38.8 
40.3 
33.2 
37.8 
40.8 
37.8 
36.5 
40.0 
36.5 
41.0 
38.8 
37.1 
36.5 
37.1 
40.2 
30.8 
36.1 
34.1 
33.9 
39.2 
36.2 
40.5 
41.0 
41.2 
41.7 
36.5 
30.3 
34.9 
38.2 
35.0 
41.1 
42.6 
35.3 
41.1 
39.7 
40.3 
39.4 
24.2 
38.3 
39.1 
36.4 
31.4 
40.0 
39.5 
40.2 
40.2 
35.5 
37.8 
40.1 
39.8 
36.3 
37.6 
39.0 
33.3 
38.7 
40.5 
37.5 
37.2 
