46.2 
46.2 
47.1 
47.0 
34.3 
47.3 
45.8 
43.4 
44.1 
46.6 
46.5 
47.7 
42.9 
44.5 
45.0 
45.3 
42.6 
37.2 
45.9 
40.5 
43.8 
47.2 
46.7 
45.6 
46.2 
47.9 
49.2 
48.5 
45.4 
46.6 
47.7 
51.0 
47.7 
49.2 
45.9 
42.1 
42.6 
44.7 
43.5 
47.3 
48.8 
43.8 
46.8 
47.0 
46.3 
44.5 
44.8 
45.3 
45.1 
46.5 
46.6 
47.9 
47.9 
48.0 
43.3 
47.0 
45.4 
49.0 
45.9 
46.0 
48.6 
48.9 
43.8 
47.0 
47.1 
49.7 
46.3 
45.9 
46.6 
47.7 
47.3 
45.0 
50.3 
47.8 
47.3 
42.4 
47.0 
45.8 
44.2 
48.1 
46.2 
44.5 
45.6 
43.2 
38.6 
45.0 
43.3 
46.2 
47.7 
39.9 
44.7 
48.5 
46.2 
44.8 
46.7 
47.9 
44.2 
46.1 
46.4 
47.0 
49.2 
47.6 
43.4 
48.7 
43.7 
43.5 
41.2 
43.5 
44.8 
46.3 
48.0 
47.5 
45.8 
45.4 
47.6 
46.8 
47.6 
47.7 
46.2 
47.5 
47.1 
44.9 
43.0 
45.0 
46.8 
48.6 
45.3 
47.6 
46.6 
47.4 
45.3 
46.4 
44.9 
45.9 
43.7 
44.8 
41.6 
44.4 
47.3 
48.2 
44.9 
42.9 
38.4 
45.2 
41.6 
47.3 
46.7 
46.3 
45.3 
45.3 
44.8 
49.5 
47.1 
45.0 
49.4 
49.3 
