48.7 
55.9 
45.3 
40.9 
45.8 
46.9 
46.9 
43.1 
43.8 
45.4 
46.9 
47.9 
50.5 
49.8 
45.0 
48.7 
48.6 
46.7 
48.8 
47.6 
42.2 
49.4 
45.3 
45.0 
47.4 
47.7 
48.1 
45.5 
45.5 
49.4 
50.3 
49.4 
43.7 
45.7 
47.0 
46.0 
46.6 
49.2 
49.1 
49.7 
47.5 
44.5 
47.5 
48.9 
45.4 
48.2 
47.1 
50.1 
50.1 
46.3 
48.1 
50.2 
49.7 
50.4 
44.1 
45.3 
45.3 
49.3 
49.2 
48.1 
51.4 
48.2 
46.9 
50.1 
49.9 
49.6 
47.3 
38.3 
47.8 
44.6 
48.1 
47.1 
48.2 
44.3 
46.1 
44.6 
36.0 
42.0 
47.1 
50.8 
45.8 
48.8 
47.9 
50.4 
48.1 
49.1 
48.0 
47.8 
49.9 
46.8 
49.6 
48.3 
45.7 
47.3 
46.6 
45.4 
49.3 
49.7 
42.1 
46.0 
42.2 
45.0 
46.7 
48.0 
47.4 
45.8 
43.4 
43.7 
49.7 
50.2 
41.2 
35.9 
48.1 
45.1 
44.2 
49.2 
47.1 
43.4 
45.5 
44.9 
42.4 
49.1 
48.2 
50.4 
50.6 
47.8 
44.0 
46.3 
51.1 
45.9 
46.4 
45.4 
50.0 
49.4 
50.0 
49.2 
46.5 
46.4 
45.5 
49.5 
44.4 
48.0 
46.1 
46.7 
49.7 
46.7 
46.5 
50.2 
49.8 
48.2 
50.5 
49.8 
49.5 
48.0 
45.4 
41.5 
45.4 
49.8 
46.7 
46.3 
48.9 
48.7 
49.0 
50.7 
45.0 
46.7 
50.3 
49.6 
50.5 
