50.6 
52.5 
57.2 
51.3 
47.8 
58.0 
49.5 
51.4 
51.8 
50.7 
53.8 
51.5 
57.0 
56.3 
53.6 
47.9 
54.0 
53.6 
54.0 
56.2 
49.7 
48.4 
55.6 
52.9 
54.2 
54.3 
56.5 
55.0 
44.1 
53.3 
50.2 
46.1 
47.0 
51.6 
47.2 
54.7 
46.3 
50.2 
52.1 
53.5 
52.8 
54.9 
53.9 
53.5 
47.3 
53.3 
53.7 
52.6 
54.0 
43.2 
52.3 
55.7 
53.6 
54.1 
54.0 
53.3 
54.3 
27.1 
51.1 
56.3 
55.1 
56.0 
57.2 
48.1 
56.6 
56.5 
52.4 
56.7 
53.7 
53.2 
52.2 
54.3 
54.3 
49.8 
57.4 
55.7 
53.6 
56.2 
55.6 
54.6 
54.1 
51.9 
49.6 
43.2 
53.1 
54.4 
56.9 
53.7 
53.6 
51.8 
54.0 
53.5 
54.1 
56.2 
54.4 
55.9 
54.8 
54.3 
53.2 
53.1 
54.4 
54.1 
53.2 
53.0 
53.9 
56.6 
51.9 
54.4 
54.5 
37.6 
44.7 
53.3 
45.5 
49.2 
49.9 
49.7 
43.5 
55.0 
42.6 
47.2 
46.8 
52.1 
54.0 
51.1 
56.1 
50.1 
55.9 
10.2 
55.3 
49.9 
53.9 
48.6 
49.5 
51.6 
43.9 
54.9 
56.2 
44.9 
50.2 
53.7 
48.9 
56.9 
55.5 
56.1 
53.8 
55.5 
54.2 
49.4 
54.9 
56.0 
51.7 
53.8 
57.8 
50.9 
54.2 
13.7 
52.0 
52.7 
50.1 
43.7 
49.5 
53.9 
41.4 
51.6 
47.9 
46.1 
51.4 
53.0 
53.2 
55.2 
53.1 
50.0 
47.9 
53.6 
49.5 
50.4 
54.0 
48.9 
53.9 
55.6 
53.0 
49.2 
53.2 
52.1 
39.3 
51.4 
53.3 
55.7 
50.0 
49.4 
52.7 
53.1 
49.7 
45.1 
48.3 
48.9 
48.2 
54.3 
49.9 
52.3 
54.8 
49.9 
51.0 
52.1 
56.6 
52.8 
53.3 
51.7 
53.6 
53.9 
55.5 
51.2 
52.8 
54.4 
47.2 
54.6 
54.1 
24.8 
50.6 
54.2 
53.0 
54.0 
53.5 
48.5 
44.7 
54.4 
53.8 
49.9 
54.2 
42.3 
44.4 
49.2 
54.1 
37.9 
56.8 
56.7 
56.3 
53.1 
49.5 
52.8 
48.8 
54.1 
53.1 
55.0 
55.7 
53.5 
47.6 
55.7 
54.1 
56.6 
54.3 
54.1 
53.1 
57.1 
51.8 
56.5 
52.7 
53.8 
