48.5 
45.9 
42.0 
52.4 
51.7 
53.6 
54.6 
44.7 
53.3 
53.6 
51.1 
51.7 
54.1 
51.9 
53.6 
49.8 
48.3 
51.6 
51.3 
51.6 
51.5 
45.8 
52.9 
53.8 
50.4 
53.9 
55.2 
53.3 
49.8 
54.6 
53.6 
53.1 
53.8 
43.5 
52.0 
53.7 
55.0 
49.0 
52.0 
53.2 
53.5 
52.4 
52.2 
53.4 
53.8 
53.8 
53.7 
53.3 
53.2 
54.3 
53.9 
53.4 
53.6 
53.8 
54.5 
52.9 
54.2 
53.9 
54.2 
52.9 
53.3 
45.9 
49.1 
54.3 
53.9 
53.6 
48.6 
52.3 
53.8 
49.5 
49.7 
52.4 
53.7 
55.1 
53.5 
52.9 
53.9 
53.7 
50.8 
53.8 
48.5 
48.2 
55.0 
45.6 
51.5 
52.9 
49.2 
52.9 
47.0 
54.6 
53.8 
54.0 
54.1 
54.2 
51.1 
53.6 
53.4 
54.6 
53.2 
52.9 
51.4 
53.4 
54.3 
53.3 
53.0 
53.6 
54.2 
53.3 
52.7 
53.8 
50.3 
47.8 
52.6 
48.4 
54.6 
53.3 
48.8 
53.0 
53.6 
53.6 
50.3 
54.1 
54.3 
53.4 
53.5 
53.4 
53.2 
53.9 
48.7 
52.5 
54.4 
0.0 
37.3 
47.8 
53.0 
52.4 
54.0 
54.4 
53.7 
53.1 
25.1 
50.1 
52.3 
53.6 
53.7 
53.5 
50.0 
53.9 
53.4 
53.8 
53.7 
53.3 
54.2 
51.5 
51.1 
53.0 
49.7 
49.1 
53.4 
53.8 
51.3 
53.3 
54.7 
50.1 
53.5 
54.0 
54.0 
5.1 
53.1 
53.0 
53.0 
51.5 
50.2 
52.5 
49.8 
54.0 
51.5 
53.4 
54.6 
52.7 
52.6 
52.6 
53.7 
49.4 
53.9 
53.2 
54.7 
53.4 
53.9 
53.5 
52.9 
54.1 
50.8 
53.7 
53.2 
53.1 
52.9 
48.4 
53.2 
54.2 
50.0 
54.1 
53.5 
49.6 
53.0 
53.7 
54.3 
51.8 
53.3 
52.8 
54.1 
