52.2 
51.3 
53.1 
49.1 
46.3 
51.6 
42.8 
50.6 
48.9 
54.0 
49.4 
51.8 
53.0 
53.1 
53.5 
46.9 
53.0 
53.3 
50.2 
52.6 
53.6 
51.8 
49.8 
52.5 
53.5 
53.5 
53.7 
53.9 
53.2 
52.9 
53.6 
54.4 
51.7 
53.5 
46.5 
49.2 
53.9 
54.3 
53.4 
53.9 
53.1 
54.3 
54.0 
51.3 
53.1 
53.8 
53.5 
54.1 
55.0 
53.7 
52.9 
54.0 
54.1 
49.7 
50.7 
54.2 
53.6 
53.7 
54.5 
51.7 
54.0 
53.9 
54.0 
54.9 
51.7 
54.1 
53.9 
53.5 
45.2 
53.2 
44.5 
53.6 
54.0 
46.7 
50.7 
48.1 
50.5 
52.9 
47.6 
53.6 
54.2 
53.8 
54.0 
50.9 
51.6 
53.9 
51.8 
51.0 
35.5 
52.1 
41.3 
50.6 
48.1 
50.0 
47.9 
52.6 
51.1 
52.5 
54.0 
43.9 
0.0 
41.4 
51.8 
53.3 
54.0 
53.5 
53.6 
54.0 
54.0 
54.5 
53.9 
53.9 
53.6 
54.0 
49.8 
53.5 
54.4 
50.6 
53.1 
54.0 
52.5 
53.4 
54.0 
54.4 
54.0 
53.5 
53.5 
53.5 
49.9 
53.2 
53.3 
54.1 
53.1 
52.8 
54.1 
51.6 
53.9 
50.1 
52.2 
53.9 
51.8 
54.0 
52.6 
53.3 
54.1 
53.4 
53.4 
52.3 
50.8 
53.8 
51.1 
52.8 
53.1 
53.0 
52.6 
52.5 
49.6 
54.6 
47.8 
53.0 
45.4 
54.0 
51.5 
49.2 
54.2 
50.0 
53.2 
53.7 
48.5 
53.5 
53.5 
53.6 
54.7 
54.1 
51.5 
52.6 
53.2 
45.7 
53.5 
53.9 
51.7 
53.3 
51.2 
53.6 
53.8 
51.7 
54.1 
52.4 
53.4 
52.4 
51.8 
49.1 
47.1 
53.7 
54.3 
52.9 
52.9 
53.8 
53.2 
53.9 
54.0 
53.5 
53.7 
53.7 
54.2 
53.3 
53.9 
53.7 
53.4 
47.6 
54.1 
54.5 
53.3 
51.1 
53.8 
54.8 
48.5 
52.9 
51.1 
49.1 
53.7 
48.9 
54.7 
51.3 
54.0 
51.3 
54.5 
54.1 
48.3 
53.7 
53.8 
51.2 
53.7 
48.0 
50.6 
53.6 
48.5 
51.8 
49.4 
53.6 
