38.3 
53.1 
49.4 
46.7 
47.2 
43.9 
32.6 
45.5 
46.5 
40.7 
41.1 
23.7 
50.4 
42.1 
46.4 
44.3 
41.6 
43.8 
48.4 
46.3 
49.9 
44.4 
42.1 
49.8 
48.3 
47.6 
45.7 
49.3 
47.7 
48.9 
50.3 
48.1 
50.5 
47.0 
45.0 
46.9 
49.1 
50.1 
46.0 
49.7 
50.0 
46.3 
46.6 
49.5 
46.6 
50.6 
49.5 
48.2 
47.0 
47.5 
50.0 
48.6 
48.7 
47.5 
49.5 
49.4 
50.4 
50.2 
48.3 
46.3 
46.7 
46.5 
48.2 
43.3 
47.1 
48.5 
48.6 
48.9 
47.2 
41.7 
39.9 
45.9 
43.6 
42.3 
49.9 
46.7 
44.0 
47.1 
50.7 
46.3 
43.1 
48.9 
51.4 
49.4 
47.0 
45.6 
46.4 
48.1 
46.3 
47.4 
46.7 
48.7 
45.6 
47.9 
48.9 
49.3 
46.3 
46.2 
44.6 
45.4 
49.0 
45.2 
46.1 
47.2 
49.8 
43.2 
47.6 
45.6 
45.8 
42.2 
39.5 
45.3 
45.7 
47.7 
45.1 
49.1 
45.9 
45.4 
45.4 
46.0 
44.9 
44.4 
45.8 
45.5 
41.7 
42.2 
48.2 
45.8 
49.3 
35.9 
47.9 
49.0 
48.3 
48.6 
46.2 
46.3 
48.6 
49.0 
44.6 
48.4 
48.7 
42.1 
41.5 
44.8 
43.1 
45.3 
48.6 
48.5 
40.3 
45.2 
47.1 
45.4 
47.7 
46.9 
50.4 
47.4 
