44.5 
54.2 
44.6 
50.8 
54.2 
53.8 
53.4 
53.8 
53.7 
54.1 
53.2 
53.7 
53.5 
51.3 
52.3 
54.5 
53.7 
49.2 
53.3 
54.4 
53.3 
53.1 
51.0 
54.2 
53.0 
56.6 
54.9 
54.9 
54.1 
51.7 
53.4 
53.8 
54.3 
53.9 
54.0 
54.3 
53.6 
54.1 
49.8 
52.2 
54.0 
54.2 
54.6 
51.1 
53.4 
54.7 
53.8 
53.8 
53.1 
53.4 
55.2 
53.1 
52.3 
53.9 
53.5 
52.7 
54.0 
54.2 
54.0 
54.4 
53.5 
53.6 
52.8 
54.2 
50.5 
54.5 
54.3 
47.2 
54.0 
53.8 
48.1 
53.7 
51.8 
53.7 
53.0 
52.4 
54.7 
54.5 
55.7 
53.5 
48.9 
52.7 
52.2 
53.3 
52.7 
53.2 
53.1 
52.1 
51.8 
52.3 
55.6 
54.5 
50.5 
54.0 
53.0 
52.8 
54.2 
54.3 
53.7 
53.9 
52.1 
53.3 
53.7 
50.8 
50.8 
54.4 
54.9 
46.8 
54.0 
54.1 
49.9 
52.7 
53.7 
53.8 
53.3 
52.2 
47.1 
52.9 
52.0 
54.1 
49.0 
53.8 
54.0 
52.6 
52.8 
54.1 
54.4 
53.5 
49.0 
50.8 
53.5 
46.8 
47.9 
53.5 
54.0 
54.4 
53.1 
54.1 
53.9 
52.7 
54.1 
53.5 
53.3 
54.5 
48.9 
51.6 
53.5 
46.3 
52.1 
54.0 
51.3 
48.2 
54.5 
