45.5 
50.1 
52.3 
48.1 
43.0 
50.5 
53.4 
49.4 
45.2 
52.3 
53.4 
52.4 
40.9 
46.6 
46.7 
52.6 
46.2 
52.4 
53.1 
47.3 
45.1 
45.5 
48.0 
51.6 
50.8 
46.6 
47.9 
47.3 
41.9 
49.8 
53.6 
53.3 
45.0 
52.9 
49.5 
51.6 
52.1 
52.8 
49.9 
51.3 
54.6 
54.1 
53.7 
46.7 
53.6 
54.0 
53.0 
49.3 
53.9 
55.3 
54.5 
58.1 
52.7 
54.6 
55.7 
50.1 
54.6 
53.7 
54.2 
49.5 
53.2 
56.5 
52.1 
51.8 
54.2 
46.0 
53.9 
50.6 
53.8 
48.5 
53.2 
44.9 
53.1 
51.7 
55.2 
51.7 
51.7 
53.5 
46.3 
51.9 
52.8 
47.9 
54.4 
53.1 
54.5 
55.7 
53.8 
51.8 
53.4 
49.8 
48.3 
47.5 
47.5 
54.5 
51.4 
53.0 
50.3 
50.4 
52.7 
49.4 
50.8 
42.8 
44.8 
51.3 
54.9 
52.6 
52.7 
50.7 
50.0 
52.7 
53.3 
47.5 
54.6 
49.2 
52.3 
52.5 
48.8 
53.4 
53.7 
53.2 
43.4 
52.6 
50.1 
46.1 
54.2 
52.6 
52.4 
54.8 
50.9 
49.5 
50.8 
49.2 
41.9 
53.0 
50.3 
49.8 
50.2 
51.1 
53.0 
50.5 
49.7 
53.4 
46.7 
50.1 
47.1 
39.1 
44.3 
52.4 
41.1 
50.6 
45.2 
54.1 
54.5 
49.8 
53.9 
52.0 
49.9 
51.4 
50.6 
52.6 
53.2 
51.0 
51.0 
