46.8 
47.5 
48.3 
44.2 
48.8 
45.3 
42.7 
45.4 
34.6 
43.2 
45.2 
44.9 
48.5 
49.4 
45.1 
50.0 
50.2 
43.3 
48.8 
45.8 
44.4 
48.7 
46.9 
49.7 
48.8 
44.9 
47.0 
48.4 
50.4 
50.9 
48.0 
49.6 
48.3 
49.6 
45.8 
44.4 
49.4 
49.5 
46.5 
47.7 
47.3 
48.3 
47.7 
48.6 
45.4 
49.6 
48.0 
49.3 
46.3 
44.8 
48.8 
49.2 
49.3 
47.1 
46.4 
48.9 
46.6 
47.9 
50.5 
48.2 
50.4 
47.6 
48.6 
49.9 
46.4 
44.6 
47.3 
49.6 
46.8 
46.7 
49.5 
46.4 
49.8 
50.7 
45.8 
47.1 
45.0 
46.2 
48.3 
47.8 
46.5 
47.1 
42.3 
44.7 
45.1 
46.9 
48.9 
49.4 
43.5 
47.5 
45.0 
47.5 
45.9 
47.3 
49.2 
46.4 
45.3 
46.8 
46.6 
47.6 
47.3 
49.4 
46.9 
48.9 
44.7 
50.0 
48.4 
49.1 
46.4 
48.3 
48.8 
46.3 
45.3 
46.3 
44.8 
48.8 
50.3 
46.7 
48.3 
49.1 
46.0 
46.7 
50.1 
49.7 
45.3 
49.7 
47.3 
45.7 
49.7 
49.0 
47.1 
49.7 
44.5 
46.0 
49.4 
46.7 
35.4 
41.4 
40.7 
45.8 
44.9 
46.6 
40.7 
44.2 
47.1 
46.4 
49.6 
44.5 
47.9 
50.0 
47.3 
49.5 
50.1 
48.0 
45.7 
46.6 
49.7 
46.9 
47.8 
45.8 
47.8 
39.1 
45.1 
46.7 
48.2 
46.0 
49.4 
47.9 
50.3 
47.1 
45.9 
43.6 
45.5 
46.3 
44.5 
50.5 
47.6 
47.1 
47.6 
46.8 
44.0 
45.6 
47.0 
