43.9 
39.9 
53.1 
49.1 
50.1 
41.0 
39.7 
45.6 
49.4 
45.8 
50.6 
49.9 
49.7 
42.9 
43.7 
44.1 
44.4 
45.3 
51.8 
49.0 
50.0 
44.7 
40.6 
46.4 
44.2 
42.4 
43.4 
49.5 
42.5 
44.9 
40.2 
44.0 
43.7 
40.4 
48.5 
46.8 
47.3 
42.3 
48.0 
43.6 
45.2 
43.4 
48.3 
41.1 
50.0 
46.1 
51.2 
48.8 
43.2 
49.6 
45.4 
47.3 
46.6 
45.0 
49.7 
45.9 
41.1 
50.4 
43.4 
47.5 
48.8 
49.2 
50.2 
48.8 
49.4 
43.7 
47.6 
45.1 
43.3 
47.6 
44.4 
40.6 
49.5 
48.5 
44.8 
45.2 
43.9 
46.8 
47.7 
45.4 
41.9 
45.6 
45.6 
49.2 
50.7 
49.7 
49.6 
41.8 
52.3 
50.1 
47.1 
49.1 
45.6 
38.8 
49.8 
46.3 
48.9 
47.0 
47.7 
41.1 
49.5 
43.4 
46.3 
45.7 
45.8 
46.9 
53.0 
49.7 
46.6 
50.5 
44.4 
49.7 
42.6 
42.6 
46.4 
49.5 
48.4 
47.2 
43.9 
43.3 
49.3 
43.3 
47.9 
51.5 
51.2 
42.0 
50.2 
41.9 
48.4 
47.0 
49.4 
46.4 
48.6 
48.8 
47.0 
47.1 
49.6 
50.5 
44.2 
51.1 
43.7 
44.5 
38.1 
46.8 
47.3 
48.7 
50.6 
47.7 
49.4 
43.8 
49.6 
45.0 
52.0 
50.6 
42.6 
