50.8 
42.2 
52.9 
53.1 
53.6 
50.9 
53.7 
53.9 
51.0 
48.7 
45.5 
53.2 
53.1 
52.4 
53.9 
54.2 
46.5 
51.0 
53.6 
53.1 
53.9 
42.1 
53.6 
53.6 
53.9 
54.1 
53.9 
53.7 
53.5 
50.1 
53.0 
46.8 
50.0 
54.0 
46.1 
53.5 
52.9 
53.7 
52.9 
53.5 
53.3 
54.1 
53.8 
50.0 
50.1 
49.1 
53.2 
51.5 
54.0 
51.4 
53.4 
53.5 
52.6 
52.5 
48.7 
49.5 
53.5 
48.6 
53.2 
52.3 
52.3 
54.0 
48.6 
53.4 
53.3 
51.7 
51.1 
54.0 
53.5 
53.6 
54.3 
49.7 
50.8 
52.6 
53.6 
52.6 
54.2 
50.9 
48.5 
50.8 
53.9 
45.3 
46.5 
53.6 
49.7 
51.3 
50.9 
50.0 
54.1 
50.4 
52.7 
54.3 
53.3 
52.9 
53.1 
42.4 
52.1 
52.5 
52.7 
52.5 
53.9 
51.2 
51.4 
52.0 
51.9 
52.7 
53.5 
53.6 
50.5 
53.9 
53.5 
47.3 
52.7 
51.2 
53.5 
54.1 
52.8 
54.0 
53.4 
54.8 
51.0 
52.6 
54.0 
54.9 
53.4 
43.0 
52.9 
54.1 
49.7 
51.7 
51.8 
55.7 
53.8 
52.4 
53.4 
50.1 
48.9 
49.9 
47.8 
52.2 
51.0 
53.8 
52.6 
53.5 
52.0 
52.4 
53.0 
53.5 
54.5 
54.2 
54.8 
52.9 
53.8 
54.2 
54.2 
51.3 
53.4 
53.8 
53.1 
53.4 
53.7 
52.9 
