36.8 
40.8 
43.7 
40.5 
37.7 
45.3 
43.5 
33.6 
41.3 
46.6 
43.7 
45.8 
44.1 
42.6 
44.0 
42.9 
43.8 
43.5 
39.4 
45.1 
46.8 
46.1 
49.9 
47.7 
46.0 
43.8 
45.3 
45.3 
47.5 
46.5 
45.7 
47.3 
41.8 
46.3 
48.0 
45.5 
49.3 
39.8 
45.6 
39.5 
47.7 
46.8 
41.8 
45.5 
46.4 
41.0 
45.3 
48.5 
45.1 
41.9 
45.8 
45.1 
49.6 
45.3 
44.4 
45.9 
48.3 
43.3 
48.2 
46.4 
43.2 
46.4 
44.9 
44.9 
45.9 
46.2 
47.6 
44.5 
49.2 
46.3 
49.9 
45.7 
46.9 
49.8 
48.8 
45.5 
46.7 
42.2 
47.8 
45.2 
43.4 
45.0 
45.9 
47.4 
42.6 
46.2 
46.6 
44.9 
40.8 
46.0 
42.4 
43.9 
46.7 
45.5 
45.8 
47.1 
41.8 
45.0 
43.7 
39.2 
43.2 
45.9 
39.6 
47.6 
47.2 
46.6 
38.5 
45.7 
45.6 
43.3 
46.1 
38.7 
37.4 
36.0 
45.1 
49.1 
44.9 
44.2 
44.2 
40.6 
36.7 
42.6 
44.4 
43.4 
46.8 
46.3 
42.9 
42.5 
45.9 
41.4 
39.0 
45.9 
45.6 
47.5 
43.2 
45.7 
44.3 
42.1 
40.3 
40.9 
46.0 
39.5 
40.1 
43.4 
39.9 
42.2 
39.7 
