49.5 
50.6 
52.5 
45.6 
49.5 
53.6 
53.4 
50.7 
51.7 
50.0 
54.0 
47.8 
49.3 
51.0 
51.6 
53.2 
53.3 
53.7 
53.1 
53.0 
50.5 
52.0 
50.0 
53.6 
53.8 
53.4 
53.5 
49.3 
52.9 
54.0 
53.1 
54.8 
54.6 
53.2 
46.4 
53.3 
52.2 
53.6 
53.0 
53.5 
54.1 
54.2 
54.1 
54.2 
53.7 
54.0 
53.0 
54.0 
53.1 
53.8 
53.3 
50.8 
53.2 
53.8 
54.0 
53.5 
54.1 
53.9 
52.8 
45.9 
53.7 
53.4 
47.6 
49.4 
44.3 
50.0 
54.0 
49.2 
53.8 
53.1 
54.1 
53.8 
54.0 
52.3 
53.0 
51.7 
41.6 
53.5 
54.0 
52.2 
53.5 
51.7 
51.7 
53.3 
51.4 
52.6 
49.9 
52.0 
52.9 
53.6 
54.0 
52.5 
52.3 
47.9 
51.1 
51.4 
52.7 
53.4 
54.2 
54.0 
51.7 
53.2 
53.0 
50.7 
53.2 
52.6 
53.5 
54.2 
50.8 
50.9 
53.1 
54.1 
46.3 
53.3 
53.2 
52.5 
53.6 
53.5 
53.7 
53.2 
46.9 
53.1 
51.6 
54.9 
53.3 
53.8 
54.3 
54.0 
49.4 
53.3 
53.9 
51.7 
53.8 
39.1 
52.7 
44.4 
50.0 
53.3 
50.9 
53.3 
54.1 
53.6 
54.0 
50.7 
36.9 
52.8 
53.1 
52.8 
51.4 
53.9 
49.4 
53.2 
