39.8 
42.3 
47.0 
43.5 
47.3 
43.4 
48.6 
45.9 
46.0 
46.0 
47.0 
47.7 
45.4 
46.0 
50.8 
48.0 
33.2 
41.6 
39.6 
44.0 
40.2 
46.0 
48.8 
47.5 
47.3 
46.8 
46.5 
49.5 
40.4 
40.8 
43.1 
45.7 
46.5 
46.6 
46.1 
46.1 
42.9 
49.6 
43.3 
45.5 
50.4 
49.8 
46.5 
49.7 
46.9 
45.8 
47.3 
46.4 
48.7 
43.6 
49.3 
46.2 
47.3 
49.9 
49.7 
47.4 
41.1 
48.9 
49.5 
48.6 
46.5 
49.5 
48.8 
36.5 
49.0 
47.7 
46.2 
50.4 
47.5 
46.7 
47.7 
40.2 
46.4 
46.0 
47.7 
45.1 
43.3 
45.7 
44.7 
42.8 
48.1 
48.7 
45.0 
46.4 
48.2 
45.4 
46.7 
45.7 
46.2 
44.8 
46.5 
48.9 
45.6 
44.5 
46.3 
50.2 
46.4 
45.6 
45.8 
47.1 
49.9 
47.9 
41.1 
46.2 
50.7 
42.7 
46.6 
37.2 
42.0 
43.3 
44.7 
44.1 
44.0 
47.0 
48.1 
50.0 
46.2 
49.3 
47.0 
49.5 
48.6 
48.8 
48.3 
50.2 
49.3 
46.3 
45.6 
45.2 
50.1 
46.7 
47.6 
49.4 
47.7 
47.6 
44.4 
41.1 
47.1 
44.0 
48.2 
44.9 
44.6 
46.0 
46.4 
48.3 
44.4 
44.8 
44.5 
31.3 
41.8 
49.1 
48.9 
47.9 
45.3 
47.6 
45.4 
41.8 
46.5 
49.3 
43.1 
46.1 
46.9 
48.8 
47.8 
46.9 
49.7 
41.8 
42.4 
50.2 
42.6 
43.6 
50.2 
48.1 
48.6 
49.3 
46.9 
50.0 
47.8 
46.9 
43.8 
45.0 
48.5 
50.1 
49.3 
46.3 
46.6 
46.7 
39.4 
49.7 
47.5 
50.5 
50.3 
42.5 
50.0 
48.0 
49.5 
49.3 
46.3 
39.6 
50.2 
45.6 
44.7 
44.2 
48.3 
45.3 
47.9 
44.6 
46.3 
49.2 
41.5 
46.4 
46.6 
45.8 
48.5 
49.5 
49.3 
47.9 
48.5 
46.2 
46.2 
45.8 
42.0 
41.4 
45.7 
47.4 
47.6 
47.7 
50.4 
