31.5 
42.3 
41.2 
39.2 
31.6 
34.0 
31.6 
33.7 
36.6 
36.1 
42.2 
34.7 
30.1 
32.0 
39.3 
40.7 
35.0 
41.5 
39.9 
42.5 
37.4 
37.3 
44.2 
41.1 
37.7 
43.3 
42.2 
40.7 
40.0 
42.0 
45.2 
42.5 
40.7 
37.4 
39.2 
40.1 
42.2 
37.6 
38.3 
36.5 
39.0 
33.6 
42.6 
39.7 
40.5 
41.9 
43.6 
39.7 
32.2 
42.5 
40.0 
40.0 
38.9 
37.7 
37.4 
40.6 
41.3 
44.0 
40.6 
41.3 
37.2 
38.9 
41.3 
41.8 
42.6 
42.6 
39.3 
42.9 
38.5 
40.1 
36.7 
39.6 
39.9 
30.8 
38.4 
41.3 
41.3 
40.7 
42.6 
44.2 
42.4 
38.8 
42.6 
39.5 
43.9 
42.7 
41.3 
41.1 
38.9 
38.9 
42.0 
35.2 
35.4 
34.8 
41.8 
42.0 
41.8 
41.5 
38.1 
38.1 
39.7 
40.6 
32.4 
39.4 
34.6 
37.9 
37.4 
38.0 
38.6 
39.3 
34.6 
39.0 
37.5 
36.8 
37.8 
45.1 
42.5 
42.2 
40.9 
40.6 
41.5 
38.8 
46.4 
44.6 
38.4 
42.2 
36.5 
37.4 
35.9 
41.1 
37.4 
40.1 
39.4 
41.4 
36.5 
41.1 
29.0 
42.3 
31.3 
32.2 
41.9 
38.2 
41.3 
39.0 
38.3 
39.2 
40.5 
36.2 
44.2 
41.5 
39.1 
39.8 
40.7 
41.7 
33.5 
33.2 
37.2 
36.9 
34.7 
36.3 
37.0 
41.7 
16.1 
42.9 
39.7 
36.7 
45.0 
35.0 
41.7 
40.8 
40.7 
37.7 
37.4 
42.0 
35.6 
36.5 
40.8 
33.4 
38.3 
39.8 
40.3 
36.8 
35.0 
32.2 
35.0 
