39.7 
48.1 
46.6 
39.8 
45.2 
48.3 
45.8 
46.8 
44.3 
47.9 
45.9 
46.0 
48.2 
47.2 
48.2 
48.0 
48.6 
46.4 
43.2 
48.1 
45.4 
45.3 
44.7 
44.7 
44.9 
45.9 
48.3 
45.7 
46.5 
49.8 
42.4 
46.8 
45.7 
48.4 
42.8 
48.8 
47.9 
45.6 
43.8 
47.8 
45.3 
41.4 
47.9 
50.3 
49.7 
48.9 
47.0 
47.0 
45.7 
44.5 
46.3 
46.7 
45.8 
44.2 
46.0 
44.9 
44.9 
42.3 
46.1 
43.7 
43.4 
43.9 
46.0 
44.5 
46.7 
45.9 
43.0 
45.0 
46.5 
42.0 
43.3 
42.5 
45.8 
50.0 
50.5 
45.7 
48.0 
44.8 
48.5 
46.9 
49.8 
49.4 
49.5 
33.1 
46.1 
44.1 
39.3 
44.9 
35.5 
46.7 
43.6 
48.9 
46.1 
47.0 
48.7 
45.3 
46.2 
45.7 
49.3 
41.7 
48.6 
49.5 
46.8 
46.1 
48.2 
44.6 
48.1 
48.0 
46.9 
46.3 
45.9 
50.1 
45.2 
44.9 
46.2 
47.4 
44.6 
43.9 
40.6 
47.0 
46.6 
50.7 
47.8 
45.6 
47.0 
45.6 
45.1 
45.5 
44.8 
48.3 
43.2 
47.2 
44.1 
48.8 
44.2 
48.8 
44.1 
43.9 
47.6 
43.9 
45.7 
43.6 
44.5 
44.4 
45.6 
46.1 
41.6 
48.2 
45.5 
44.6 
50.2 
46.2 
40.6 
49.0 
47.1 
46.2 
46.7 
48.4 
42.5 
49.2 
47.5 
45.9 
46.4 
49.3 
50.6 
46.0 
47.1 
45.7 
47.5 
49.0 
46.2 
46.2 
49.7 
46.7 
45.7 
49.0 
45.9 
42.8 
24.4 
44.2 
47.7 
42.6 
44.4 
42.9 
46.7 
49.5 
44.4 
46.0 
48.1 
32.3 
40.9 
45.8 
40.7 
48.2 
49.9 
47.9 
47.3 
46.7 
45.0 
42.9 
44.9 
42.0 
38.2 
44.4 
47.0 
44.6 
41.9 
45.5 
47.1 
46.5 
49.7 
49.9 
45.5 
45.8 
48.4 
42.0 
45.7 
46.1 
46.3 
45.4 
46.9 
47.2 
41.9 
