51.3 
48.8 
47.7 
51.5 
50.8 
54.2 
51.9 
52.0 
53.5 
52.9 
49.4 
53.7 
54.4 
53.0 
50.8 
53.6 
53.5 
54.1 
54.5 
54.6 
53.8 
50.7 
49.7 
51.4 
54.2 
51.6 
53.6 
51.4 
46.9 
54.4 
51.7 
53.1 
53.8 
53.6 
53.4 
53.9 
52.9 
52.9 
53.4 
52.2 
53.7 
53.9 
45.7 
50.2 
40.7 
51.5 
49.9 
54.2 
47.6 
53.5 
54.2 
54.0 
51.1 
53.3 
51.8 
51.7 
52.9 
51.9 
52.1 
53.8 
47.3 
47.8 
53.9 
51.1 
53.8 
53.5 
53.5 
52.5 
49.2 
53.3 
50.9 
54.0 
53.0 
54.0 
53.8 
53.9 
52.8 
52.3 
53.2 
46.4 
45.8 
48.2 
51.7 
50.7 
44.9 
52.4 
52.5 
53.5 
51.6 
52.3 
51.1 
50.0 
49.1 
53.2 
42.2 
47.3 
50.4 
53.6 
49.5 
52.4 
54.4 
53.9 
53.1 
50.3 
52.7 
52.2 
51.2 
53.4 
52.6 
53.9 
53.3 
51.5 
52.1 
53.7 
54.0 
50.7 
52.9 
44.7 
51.5 
53.7 
48.7 
53.5 
47.0 
53.3 
52.0 
54.0 
54.5 
53.7 
41.5 
54.0 
54.7 
49.7 
53.8 
48.4 
51.9 
50.4 
51.7 
53.2 
48.9 
50.8 
52.2 
53.0 
53.1 
53.2 
53.8 
53.1 
53.2 
54.0 
53.4 
52.9 
