17.4 
17.7 
21.1 
16.7 
17.8 
16.4 
19.5 
19.7 
17.4 
20.4 
19.5 
21.2 
21.0 
20.8 
17.9 
20.0 
22.4 
20.1 
20.3 
19.6 
18.3 
21.0 
20.5 
20.2 
19.1 
20.3 
20.8 
19.3 
20.1 
20.8 
19.9 
20.4 
19.1 
19.2 
19.3 
18.0 
17.7 
19.8 
21.7 
19.9 
18.9 
21.3 
21.4 
19.8 
22.0 
21.5 
18.7 
22.2 
19.2 
22.0 
21.6 
22.1 
20.0 
19.1 
19.6 
19.5 
22.3 
21.5 
21.3 
21.4 
19.2 
20.2 
19.2 
19.0 
21.6 
20.0 
20.1 
21.5 
19.9 
21.4 
18.4 
21.1 
19.8 
19.2 
20.3 
21.2 
21.2 
20.8 
22.4 
21.8 
22.2 
19.7 
20.8 
19.6 
19.8 
23.9 
21.9 
19.5 
19.8 
20.5 
19.7 
19.7 
19.9 
19.2 
22.2 
21.5 
19.9 
20.3 
22.1 
19.3 
21.8 
19.5 
18.2 
22.3 
19.3 
21.0 
20.3 
20.8 
21.9 
19.6 
20.1 
18.5 
18.2 
19.6 
21.3 
20.5 
22.4 
20.9 
20.6 
20.3 
22.0 
20.8 
20.3 
21.6 
20.2 
21.2 
18.8 
20.2 
20.8 
23.1 
20.7 
22.0 
21.1 
20.2 
21.6 
21.4 
23.1 
19.8 
21.6 
21.8 
19.7 
20.3 
19.3 
20.7 
20.1 
19.6 
18.9 
20.7 
19.0 
20.8 
21.0 
20.5 
21.1 
19.2 
19.1 
19.6 
20.4 
22.8 
19.4 
18.4 
21.1 
22.3 
21.1 
20.2 
