13.6 
12.9 
13.8 
14.9 
12.1 
10.9 
14.2 
14.3 
14.0 
12.7 
14.9 
15.0 
11.3 
14.7 
10.8 
14.2 
13.0 
15.5 
15.0 
15.1 
12.6 
14.4 
13.3 
14.0 
11.5 
13.1 
14.6 
15.3 
11.3 
13.4 
14.8 
13.1 
13.9 
14.2 
13.1 
14.8 
12.9 
14.4 
13.1 
14.0 
16.1 
14.4 
14.3 
13.3 
13.7 
14.4 
14.3 
15.0 
14.2 
14.4 
15.3 
13.4 
12.3 
15.1 
15.1 
15.6 
14.9 
12.2 
15.0 
13.2 
14.3 
13.8 
15.4 
11.2 
13.3 
14.5 
12.7 
14.7 
14.6 
15.2 
14.7 
16.6 
14.3 
15.4 
14.4 
14.3 
14.3 
14.8 
11.9 
10.6 
14.5 
15.0 
14.7 
13.7 
11.7 
14.3 
14.1 
14.4 
13.0 
12.1 
13.2 
14.9 
14.8 
14.7 
15.2 
14.0 
12.8 
15.9 
16.4 
14.5 
14.2 
14.7 
13.5 
12.3 
16.9 
15.7 
15.2 
15.6 
15.1 
14.4 
11.6 
13.7 
13.1 
14.7 
12.9 
13.1 
14.0 
15.0 
16.0 
15.7 
15.7 
15.2 
13.7 
14.8 
16.2 
13.1 
15.9 
13.0 
13.2 
14.8 
11.7 
14.5 
14.4 
11.5 
14.6 
13.7 
14.5 
13.1 
14.2 
14.8 
14.1 
13.7 
14.2 
13.4 
13.7 
13.8 
12.3 
12.0 
12.8 
13.8 
14.3 
11.7 
15.8 
14.1 
14.4 
13.9 
14.7 
14.3 
16.3 
14.0 
11.1 
14.9 
11.9 
12.8 
14.1 
16.7 
15.2 
13.7 
13.2 
15.3 
13.9 
15.4 
15.2 
14.4 
15.3 
15.6 
