10.1 
10.4 
17.0 
18.2 
19.4 
12.7 
18.2 
19.9 
18.4 
21.9 
19.0 
18.3 
17.5 
18.4 
20.6 
18.2 
19.1 
21.0 
20.2 
18.8 
20.8 
20.7 
18.9 
19.5 
18.4 
20.6 
18.9 
18.9 
19.9 
16.5 
20.3 
17.9 
19.2 
22.5 
21.0 
19.8 
19.4 
19.0 
18.9 
19.3 
17.9 
20.7 
20.1 
20.3 
21.4 
21.7 
21.2 
20.7 
19.8 
17.8 
18.7 
22.0 
23.1 
19.3 
18.6 
21.5 
19.9 
19.5 
19.9 
19.3 
22.7 
18.9 
22.0 
20.8 
20.4 
16.6 
19.6 
21.6 
20.8 
21.2 
22.8 
23.5 
19.5 
20.4 
18.2 
21.9 
18.9 
19.9 
18.7 
20.8 
20.7 
19.6 
22.9 
22.0 
19.6 
20.1 
18.1 
20.5 
22.0 
20.1 
20.2 
20.4 
19.8 
19.3 
20.8 
21.2 
20.0 
19.9 
19.7 
20.4 
22.6 
20.2 
19.5 
19.5 
20.2 
19.9 
19.0 
20.8 
19.8 
20.4 
19.7 
24.3 
17.6 
20.4 
19.7 
17.3 
20.3 
21.5 
18.0 
21.2 
20.8 
19.0 
18.9 
22.4 
19.9 
18.4 
18.6 
22.3 
21.2 
19.5 
18.3 
18.4 
18.9 
19.3 
19.8 
19.7 
19.4 
19.1 
19.1 
19.6 
18.9 
22.1 
21.2 
21.1 
20.8 
17.9 
19.9 
21.4 
20.0 
19.2 
18.8 
23.5 
20.2 
20.2 
19.1 
19.4 
