19.1 
21.7 
17.1 
19.2 
21.0 
20.8 
22.2 
19.5 
20.0 
20.9 
19.7 
21.7 
18.6 
20.1 
19.7 
18.5 
18.2 
18.9 
20.0 
20.1 
20.2 
20.0 
20.5 
19.6 
19.8 
20.3 
18.6 
20.8 
20.2 
20.8 
21.2 
21.0 
21.2 
21.5 
19.7 
19.2 
22.1 
20.2 
20.4 
21.1 
21.0 
19.2 
20.9 
21.8 
18.7 
20.4 
20.0 
22.2 
20.6 
23.3 
21.1 
19.8 
22.0 
20.1 
20.6 
19.3 
19.7 
18.9 
20.1 
21.4 
21.6 
20.0 
21.5 
19.9 
19.9 
18.0 
20.6 
20.9 
19.4 
21.6 
19.2 
20.1 
20.4 
20.7 
23.0 
20.3 
19.7 
18.8 
21.8 
20.8 
19.5 
20.4 
17.7 
19.4 
20.1 
21.6 
20.8 
19.0 
19.6 
21.2 
20.2 
19.3 
19.1 
18.6 
18.6 
21.4 
16.8 
19.6 
21.4 
24.0 
22.2 
22.0 
20.3 
21.3 
21.6 
21.9 
20.1 
21.2 
21.0 
21.4 
23.0 
19.5 
19.1 
23.2 
22.1 
21.3 
19.8 
20.7 
19.5 
18.1 
21.6 
19.6 
21.6 
21.3 
19.9 
21.4 
21.4 
21.7 
18.6 
22.0 
19.7 
21.4 
20.6 
21.2 
18.6 
20.2 
18.9 
20.3 
19.8 
20.4 
20.6 
19.5 
20.3 
21.1 
20.6 
23.8 
20.9 
23.4 
20.1 
20.6 
19.9 
19.6 
19.7 
20.8 
19.5 
20.2 
19.8 
19.8 
20.2 
19.4 
19.7 
20.2 
19.8 
22.3 
19.4 
