17.2 
20.2 
14.4 
15.5 
11.2 
9.6 
5.4 
10.9 
10.9 
10.4 
12.5 
13.8 
10.9 
15.0 
14.2 
10.6 
14.0 
12.8 
14.7 
13.5 
13.8 
11.7 
14.8 
15.3 
13.2 
12.4 
14.9 
16.6 
15.0 
11.9 
11.9 
14.4 
14.2 
13.7 
13.6 
12.3 
14.6 
13.1 
14.4 
14.1 
15.2 
14.4 
14.3 
14.3 
14.3 
14.1 
13.7 
15.1 
13.9 
13.0 
14.5 
14.1 
15.0 
14.6 
12.6 
13.4 
13.1 
13.0 
14.7 
14.0 
14.5 
15.2 
15.0 
15.6 
13.6 
15.1 
15.0 
14.1 
11.7 
15.0 
17.2 
15.8 
14.4 
15.6 
15.8 
15.4 
16.4 
15.2 
14.6 
14.1 
12.0 
13.5 
14.1 
15.1 
15.4 
15.7 
12.8 
15.9 
11.7 
14.4 
14.2 
12.5 
14.2 
15.5 
15.4 
15.4 
12.3 
12.6 
14.1 
11.7 
12.1 
14.9 
14.7 
15.1 
11.7 
14.4 
12.4 
16.5 
12.1 
14.0 
14.3 
12.6 
14.6 
14.3 
9.0 
13.3 
11.4 
14.9 
14.5 
14.3 
12.2 
11.5 
16.2 
14.2 
14.6 
13.1 
13.0 
15.3 
15.4 
17.0 
14.1 
15.0 
14.8 
16.1 
13.3 
12.7 
15.3 
15.6 
12.9 
15.2 
15.3 
14.0 
15.1 
14.5 
16.8 
13.9 
12.5 
11.4 
13.5 
13.4 
12.0 
15.4 
14.0 
14.7 
15.4 
14.6 
16.5 
16.3 
14.2 
12.7 
13.3 
14.7 
14.3 
12.6 
14.3 
12.2 
7.8 
13.6 
13.7 
15.4 
11.8 
13.7 
13.5 
13.9 
12.3 
12.7 
14.4 
15.2 
12.2 
15.5 
14.1 
15.9 
13.7 
15.2 
12.4 
13.4 
13.8 
15.0 
10.7 
11.7 
15.7 
16.1 
14.1 
14.0 
14.0 
13.8 
12.0 
13.6 
14.7 
12.7 
14.8 
14.3 
15.2 
13.7 
15.2 
15.8 
11.8 
15.9 
14.2 
15.3 
15.0 
12.2 
13.6 
14.4 
12.1 
11.3 
14.3 
14.3 
8.1 
9.3 
15.0 
13.2 
15.2 
15.9 
12.7 
12.4 
16.3 
16.5 
12.1 
15.3 
14.8 
15.5 
13.8 
14.5 
14.3 
11.8 
14.0 
13.6 
13.3 
11.2 
