12.6 
14.1 
13.6 
11.1 
8.7 
10.2 
14.5 
12.2 
13.0 
13.6 
12.6 
14.3 
16.1 
13.7 
11.7 
13.8 
14.1 
14.3 
15.7 
10.9 
14.5 
14.6 
11.9 
12.6 
14.1 
13.9 
13.5 
14.5 
11.7 
13.5 
15.2 
15.3 
13.9 
12.8 
11.7 
14.3 
12.6 
13.6 
15.9 
12.6 
14.2 
12.5 
13.5 
11.7 
12.7 
15.5 
14.2 
13.5 
15.4 
13.6 
12.4 
14.5 
13.3 
13.8 
15.0 
15.7 
12.2 
13.3 
12.2 
13.9 
13.5 
11.2 
14.8 
16.0 
14.0 
16.4 
15.3 
15.1 
15.4 
11.7 
13.9 
14.4 
12.4 
12.8 
13.8 
14.9 
17.4 
14.5 
14.5 
11.6 
16.5 
16.0 
16.4 
14.4 
13.4 
14.0 
14.8 
16.1 
14.2 
13.5 
14.3 
16.1 
15.0 
13.9 
11.5 
12.2 
13.6 
11.7 
14.1 
13.6 
14.9 
14.2 
13.7 
13.4 
14.3 
13.8 
11.7 
12.1 
15.9 
13.6 
14.1 
15.5 
14.4 
15.2 
14.3 
11.9 
14.2 
13.3 
11.9 
14.3 
14.6 
15.6 
13.5 
13.5 
11.8 
14.5 
14.3 
13.8 
13.6 
15.8 
13.4 
13.3 
11.4 
13.5 
11.6 
13.0 
11.8 
13.3 
13.4 
17.2 
15.1 
12.0 
14.2 
15.3 
13.6 
11.7 
12.2 
14.1 
12.5 
14.2 
11.8 
14.1 
14.4 
11.1 
13.8 
14.2 
13.7 
14.6 
11.9 
13.5 
12.8 
14.0 
16.9 
14.1 
13.8 
15.9 
13.7 
13.4 
15.2 
13.7 
12.7 
14.2 
13.9 
14.3 
10.1 
14.6 
13.9 
15.3 
14.1 
15.7 
13.2 
14.9 
14.3 
13.6 
13.5 
14.5 
14.8 
12.2 
14.1 
14.3 
14.9 
14.3 
8.5 
14.2 
11.7 
11.0 
11.9 
13.2 
9.7 
12.8 
12.1 
11.8 
12.2 
13.1 
13.5 
14.2 
15.1 
13.1 
14.2 
12.1 
15.0 
13.2 
14.8 
9.3 
9.5 
12.8 
11.5 
12.7 
14.6 
14.3 
13.3 
15.1 
15.0 
14.2 
12.2 
14.6 
14.2 
16.2 
15.1 
15.0 
11.5 
13.6 
12.9 
12.2 
15.4 
13.6 
14.2 
14.8 
13.9 
13.9 
13.2 
14.3 
12.0 
15.2 
16.1 
14.7 
14.2 
13.6 
15.5 
13.8 
13.7 
14.2 
13.7 
10.8 
13.1 
14.5 
14.4 
11.9 
10.7 
14.2 
14.9 
14.4 
11.5 
13.6 
12.6 
12.4 
