18.5 
19.2 
17.2 
16.6 
20.1 
19.4 
20.0 
17.4 
18.6 
19.2 
18.7 
18.2 
19.0 
18.0 
19.9 
19.9 
20.0 
20.7 
17.4 
21.1 
18.3 
19.3 
19.8 
20.6 
20.1 
19.8 
18.7 
18.8 
18.3 
18.4 
18.6 
20.8 
19.1 
20.1 
17.8 
19.5 
17.6 
18.1 
19.4 
20.3 
18.1 
17.0 
17.7 
21.1 
22.6 
20.0 
18.5 
19.6 
19.8 
21.9 
19.6 
18.6 
19.0 
20.9 
21.7 
18.9 
19.5 
18.5 
20.3 
21.2 
22.3 
23.6 
19.4 
20.3 
21.2 
20.5 
19.2 
19.5 
17.6 
20.8 
19.0 
19.3 
20.3 
20.4 
19.7 
19.3 
22.9 
17.8 
18.8 
19.7 
19.1 
16.8 
17.8 
21.3 
19.0 
16.6 
21.1 
20.0 
20.2 
19.0 
22.6 
19.1 
19.5 
19.4 
19.2 
20.4 
20.6 
20.8 
19.4 
18.3 
18.0 
20.1 
23.2 
17.0 
20.2 
19.5 
18.7 
16.4 
19.8 
19.8 
20.4 
18.5 
21.2 
20.4 
18.6 
20.5 
19.6 
18.8 
20.7 
20.5 
17.2 
17.8 
18.5 
17.8 
20.0 
20.6 
21.8 
20.2 
18.8 
17.1 
16.8 
19.8 
18.9 
21.0 
20.8 
17.4 
17.7 
19.0 
22.0 
20.3 
19.5 
20.2 
20.3 
18.7 
19.7 
18.7 
21.1 
20.9 
18.4 
17.2 
24.0 
18.6 
17.8 
18.5 
