15.2 
16.3 
18.1 
18.2 
18.6 
18.3 
21.8 
19.3 
20.8 
20.7 
20.2 
20.1 
20.0 
20.8 
16.2 
20.0 
19.2 
20.5 
20.2 
19.6 
21.3 
20.0 
20.8 
20.4 
18.6 
22.6 
21.7 
19.8 
20.8 
19.7 
18.9 
20.5 
20.5 
20.2 
21.2 
20.0 
20.0 
22.3 
18.7 
19.8 
21.8 
18.3 
20.8 
20.0 
20.9 
18.7 
19.0 
19.2 
19.9 
18.4 
21.2 
18.6 
18.7 
21.4 
21.4 
21.0 
20.8 
19.0 
18.8 
18.9 
19.2 
17.6 
19.1 
20.7 
17.5 
21.1 
22.2 
21.9 
19.7 
20.8 
20.7 
21.3 
20.8 
19.9 
20.4 
20.2 
19.1 
20.6 
22.8 
20.9 
17.1 
20.9 
19.9 
20.0 
20.5 
19.1 
20.1 
22.1 
19.7 
21.4 
21.8 
20.8 
21.8 
19.5 
23.0 
22.3 
22.9 
23.0 
23.4 
21.7 
20.0 
20.0 
20.1 
19.9 
19.9 
22.0 
22.5 
23.6 
22.0 
21.0 
22.0 
24.8 
21.8 
22.5 
19.8 
20.4 
20.2 
18.8 
20.2 
22.3 
20.7 
21.9 
23.3 
21.4 
22.8 
18.8 
20.4 
22.3 
20.1 
21.5 
21.5 
19.0 
22.5 
21.1 
21.4 
18.3 
20.9 
20.4 
19.0 
21.3 
23.6 
20.9 
19.8 
21.3 
20.9 
19.8 
20.6 
19.1 
20.3 
18.8 
8.8 
5.8 
4.8 
13.6 
18.2 
23.0 
19.6 
22.3 
20.1 
21.9 
22.0 
20.7 
24.1 
19.4 
23.7 
11.9 
17.1 
19.4 
17.1 
