14.0 
13.6 
14.4 
14.3 
13.6 
14.7 
13.1 
12.2 
11.7 
16.0 
13.6 
15.1 
13.4 
13.9 
11.9 
14.5 
16.9 
14.1 
15.5 
13.8 
15.0 
16.7 
12.3 
15.6 
14.8 
15.1 
15.9 
14.4 
11.3 
15.3 
13.2 
13.7 
13.9 
13.6 
15.4 
13.3 
13.8 
13.8 
14.3 
15.8 
15.1 
13.6 
14.1 
13.7 
14.4 
15.4 
14.1 
15.1 
15.1 
13.7 
12.9 
11.8 
15.7 
14.6 
14.6 
15.9 
13.2 
15.2 
14.7 
13.2 
13.1 
13.6 
14.6 
16.1 
15.8 
14.9 
14.5 
13.8 
14.8 
14.7 
14.5 
12.4 
13.7 
14.0 
15.0 
15.2 
16.1 
15.7 
15.2 
14.0 
13.3 
14.1 
13.6 
15.4 
12.8 
13.2 
14.7 
12.7 
14.6 
14.5 
15.2 
14.6 
14.3 
14.0 
14.4 
17.5 
15.2 
13.7 
15.5 
14.3 
14.0 
14.0 
10.9 
11.3 
14.7 
15.1 
11.9 
13.9 
11.8 
14.6 
16.2 
15.4 
15.7 
14.0 
12.7 
15.6 
14.6 
11.0 
14.3 
13.0 
13.8 
14.3 
15.6 
15.1 
14.8 
11.2 
12.7 
14.0 
14.5 
16.8 
13.7 
16.0 
15.2 
16.1 
15.4 
13.8 
14.7 
15.0 
12.3 
13.7 
11.2 
13.5 
15.5 
13.0 
14.4 
12.1 
15.2 
16.0 
14.5 
13.7 
13.9 
